#
# A fatal error has been detected by the Java Runtime Environment:
#
#  EXCEPTION_ACCESS_VIOLATION (0xc0000005) at pc=0x00007ffcc79ac91c, pid=13164, tid=13088
#
# JRE version: OpenJDK Runtime Environment Corretto-17.0.13.11.1 (17.0.13+11) (build 17.0.13+11-LTS)
# Java VM: OpenJDK 64-Bit Server VM Corretto-17.0.13.11.1 (17.0.13+11-LTS, mixed mode, sharing, tiered, compressed oops, compressed class ptrs, g1 gc, windows-amd64)
# Problematic frame:
# C  [awt.dll+0xdc91c]
#
# No core dump will be written. Minidumps are not enabled by default on client versions of Windows
#
# If you would like to submit a bug report, please visit:
#   https://github.com/corretto/corretto-17/issues/
# The crash happened outside the Java Virtual Machine in native code.
# See problematic frame for where to report the bug.
#

---------------  S U M M A R Y ------------

Command Line: -javaagent:C:\Program Files\JetBrains\IntelliJ IDEA 2024.2.4\lib\idea_rt.jar=59508:C:\Program Files\JetBrains\IntelliJ IDEA 2024.2.4\bin -Dfile.encoding=UTF-8 Client

Host: 13th Gen Intel(R) Core(TM) i5-1340P, 16 cores, 15G,  Windows 11 , 64 bit Build 22621 (10.0.22621.4391)
Time: Thu Dec 12 22:11:38 2024  Windows 11 , 64 bit Build 22621 (10.0.22621.4391) elapsed time: 390.984095 seconds (0d 0h 6m 30s)

---------------  T H R E A D  ---------------

Current thread (0x000001f3fd086360):  JavaThread "AWT-Windows" daemon [_thread_in_native, id=13088, stack(0x00000042bfb00000,0x00000042bfc00000)]

Stack: [0x00000042bfb00000,0x00000042bfc00000],  sp=0x00000042bfbfec60,  free space=1019k
Native frames: (J=compiled Java code, j=interpreted, Vv=VM code, C=native code)
C  [awt.dll+0xdc91c]

Java frames: (J=compiled Java code, j=interpreted, Vv=VM code)
j  sun.awt.windows.WToolkit.eventLoop()V+0 java.desktop@17.0.13
j  sun.awt.windows.WToolkit.run()V+50 java.desktop@17.0.13
j  java.lang.Thread.run()V+11 java.base@17.0.13
v  ~StubRoutines::call_stub

siginfo: EXCEPTION_ACCESS_VIOLATION (0xc0000005), reading address 0x0000000000000004


Registers:
RAX=0x000001f3ff4a4900, RBX=0x000001f3fd6e0190, RCX=0x0000000000000000, RDX=0x0000000000000000
RSP=0x00000042bfbfec60, RBP=0x00000042bfbfed69, RSI=0x000001f3ff875bd0, RDI=0x0000000000000000
R8 =0x0000000000000001, R9 =0x0000000000000000, R10=0x0000000000000000, R11=0x0000000000000246
R12=0x0000000000000000, R13=0x0000000000000310, R14=0x0000000000000000, R15=0x0000000000000000
RIP=0x00007ffcc79ac91c, EFLAGS=0x0000000000010246


Register to memory mapping:

RIP=0x00007ffcc79ac91c awt.dll
RAX=0x000001f3ff4a4900 points into unknown readable memory: 0x005c003f003f005c | 5c 00 3f 00 3f 00 5c 00
RBX=0x000001f3fd6e0190 points into unknown readable memory: 0x000001f3fd2a61f0 | f0 61 2a fd f3 01 00 00
RCX=0x0 is NULL
RDX=0x0 is NULL
RSP=0x00000042bfbfec60 is pointing into the stack for thread: 0x000001f3fd086360
RBP=0x00000042bfbfed69 is pointing into the stack for thread: 0x000001f3fd086360
RSI=0x000001f3ff875bd0 points into unknown readable memory: 0x00007ffcc79dc880 | 80 c8 9d c7 fc 7f 00 00
RDI=0x0 is NULL
R8 =0x0000000000000001 is an unknown value
R9 =0x0 is NULL
R10=0x0 is NULL
R11=0x0000000000000246 is an unknown value
R12=0x0 is NULL
R13=0x0000000000000310 is an unknown value
R14=0x0 is NULL
R15=0x0 is NULL


Top of Stack: (sp=0x00000042bfbfec60)
0x00000042bfbfec60:   00007ffcc7a0c838 0000000000000000
0x00000042bfbfec70:   0000000030011138 0000000000000000
0x00000042bfbfec80:   0000000000000000 00007ffcc79682db
0x00000042bfbfec90:   0000000000000000 000001f3fd6e0190
0x00000042bfbfeca0:   0000000000000000 000001f3ff875bd0
0x00000042bfbfecb0:   000001f3ff875bd0 00007ffcc7968326
0x00000042bfbfecc0:   00007ffcc78d0000 0000000000000000
0x00000042bfbfecd0:   000000000000c258 00007ffcc796885d
0x00000042bfbfece0:   000001f3ff875bd0 00007ffcc7965686
0x00000042bfbfecf0:   000001f3ff875bd0 0000000000000000
0x00000042bfbfed00:   0000000000000001 00007ffd289b6b27
0x00000042bfbfed10:   00000042bfbfedd0 00007ffd26778696
0x00000042bfbfed20:   00007ffcc7968800 0000000000000000
0x00000042bfbfed30:   0000000000000000 00007ffd289b8af3
0x00000042bfbfed40:   0000000000000000 00000042bfbfedd0
0x00000042bfbfed50:   00000042bfbfedd4 000001f3fd086618
0x00000042bfbfed60:   000001f3ff875c70 000000000000c258
0x00000042bfbfed70:   000000000000c258 00008e2ebe335d99
0x00000042bfbfed80:   000001f3fed87200 0000000000000000
0x00000042bfbfed90:   0000000000000000 0000000000000000
0x00000042bfbfeda0:   0000000000000000 0000000000000000
0x00000042bfbfedb0:   0000000000000000 000001f3ff875bd0
0x00000042bfbfedc0:   0000000000000310 00007ffcc79b174b
0x00000042bfbfedd0:   0000000200000002 0000000000000000
0x00000042bfbfede0:   0000d6e4e3b954c6 0000f7ea729bb5b6
0x00000042bfbfedf0:   0000000000000000 000000000000c258
0x00000042bfbfee00:   0000000000000000 0000000000000000
0x00000042bfbfee10:   00000042bfbfefe8 00007ffd26778696
0x00000042bfbfee20:   0000000000000070 00007ffd289b8af3
0x00000042bfbfee30:   ffffffffffffffeb 00007ffd2677acb9
0x00000042bfbfee40:   00007ffd26778696 00008e2ebe335cb9
0x00000042bfbfee50:   0000000000130620 0000000000000000 

Instructions: (pc=0x00007ffcc79ac91c)
0x00007ffcc79ac81c:   2b fe 66 90 8b 04 0f 89 01 48 8d 49 04 48 83 ea
0x00007ffcc79ac82c:   01 75 f1 45 85 ff 7e 11 4d 8b c7 33 d2 49 c1 e0
0x00007ffcc79ac83c:   02 49 8b ce e8 19 0b 01 00 48 8b 03 45 33 c9 4d
0x00007ffcc79ac84c:   8b c6 48 8b d5 48 8b cb ff 90 f8 06 00 00 48 8b
0x00007ffcc79ac85c:   03 45 33 c9 4c 8b c6 49 8b d4 48 8b cb ff 90 f8
0x00007ffcc79ac86c:   06 00 00 4c 8b 05 3a cb 06 00 48 8b cb 48 8b 15
0x00007ffcc79ac87c:   10 cb 06 00 e8 7b f5 fb ff e9 5d ff ff ff 48 8d
0x00007ffcc79ac88c:   15 af 41 03 00 48 8b cb e8 8d f3 00 00 e9 58 ff
0x00007ffcc79ac89c:   ff ff cc cc 48 89 5c 24 08 57 48 83 ec 20 8b f9
0x00007ffcc79ac8ac:   e8 ff bc f4 ff 48 8b d8 48 89 44 24 38 41 b8 01
0x00007ffcc79ac8bc:   00 00 00 8b d7 48 8b c8 e8 67 bc f4 ff 48 8b c8
0x00007ffcc79ac8cc:   e8 8f fd ff ff 90 48 8b cb e8 96 be f4 ff 90 48
0x00007ffcc79ac8dc:   8b 5c 24 30 48 83 c4 20 5f c3 cc cc cc cc cc cc
0x00007ffcc79ac8ec:   cc cc cc cc 48 89 5c 24 08 57 48 83 ec 20 8b f9
0x00007ffcc79ac8fc:   e8 af bc f4 ff 48 8b d8 48 89 44 24 38 41 b8 01
0x00007ffcc79ac90c:   00 00 00 8b d7 48 8b c8 e8 17 bc f4 ff 48 8b 08
0x00007ffcc79ac91c:   83 79 04 08 7e 04 33 ff eb 0b 48 8b 48 08 e8 81
0x00007ffcc79ac92c:   7b fe ff 8b f8 48 8b cb e8 37 be f4 ff 90 8b c7
0x00007ffcc79ac93c:   48 8b 5c 24 30 48 83 c4 20 5f c3 cc cc cc cc cc
0x00007ffcc79ac94c:   cc cc cc cc 48 89 5c 24 08 48 89 74 24 10 48 89
0x00007ffcc79ac95c:   7c 24 18 41 56 48 83 ec 30 41 8b f9 45 8b f0 48
0x00007ffcc79ac96c:   8b f2 48 8b d9 e8 ba 89 00 00 e8 15 ac ff ff 8b
0x00007ffcc79ac97c:   44 24 68 89 44 24 20 44 8b 4c 24 60 44 8b c7 41
0x00007ffcc79ac98c:   8b d6 48 8b cb e8 fa e5 ff ff 48 8b f8 48 85 c0
0x00007ffcc79ac99c:   74 7f 48 8b 03 48 8b d6 48 8b cb ff 90 f8 00 00
0x00007ffcc79ac9ac:   00 48 8b d0 48 8b cb 48 85 c0 75 0e 48 8d 15 09
0x00007ffcc79ac9bc:   42 03 00 e8 62 f2 00 00 eb 57 48 8b 03 4c 8d 0d
0x00007ffcc79ac9cc:   20 42 03 00 4c 8d 05 31 42 03 00 ff 90 08 01 00
0x00007ffcc79ac9dc:   00 48 8b cb 48 85 c0 75 1a 48 8b 03 ff 90 88 00
0x00007ffcc79ac9ec:   00 00 48 8d 15 1b 42 03 00 48 8b cb e8 29 f2 00
0x00007ffcc79ac9fc:   00 eb 1e 4c 8b cf 4c 8b c0 48 8b d6 e8 93 e0 fa
0x00007ffcc79aca0c:   ff 48 8b 03 48 8b d7 48 8b cb ff 90 b8 00 00 00 


Stack slot to memory mapping:
stack at sp + 0 slots: 0x00007ffcc7a0c838 awt.dll
stack at sp + 1 slots: 0x0 is NULL
stack at sp + 2 slots: 0x0000000030011138 is an unknown value
stack at sp + 3 slots: 0x0 is NULL
stack at sp + 4 slots: 0x0 is NULL
stack at sp + 5 slots: 0x00007ffcc79682db awt.dll
stack at sp + 6 slots: 0x0 is NULL
stack at sp + 7 slots: 0x000001f3fd6e0190 points into unknown readable memory: 0x000001f3fd2a61f0 | f0 61 2a fd f3 01 00 00


---------------  P R O C E S S  ---------------

Threads class SMR info:
_java_thread_list=0x000001f3fd010470, length=19, elements={
0x000001f3bb656280, 0x000001f3bb657100, 0x000001f3bb674650, 0x000001f3bb676220,
0x000001f3bb678bf0, 0x000001f3bb6795b0, 0x000001f3bb67aaf0, 0x000001f3bb67d090,
0x000001f3bb68a740, 0x000001f3bb5fb330, 0x000001f3bb84b200, 0x000001f3bb84baf0,
0x000001f3fd075010, 0x000001f3fd080f30, 0x000001f3fd086360, 0x000001f3fd2ef0b0,
0x000001f3fd2efad0, 0x000001f3fd2eeba0, 0x000001f3fd2ee180
}

Java Threads: ( => current thread )
  0x000001f3bb656280 JavaThread "Reference Handler" daemon [_thread_blocked, id=21136, stack(0x00000042be800000,0x00000042be900000)]
  0x000001f3bb657100 JavaThread "Finalizer" daemon [_thread_blocked, id=10528, stack(0x00000042be900000,0x00000042bea00000)]
  0x000001f3bb674650 JavaThread "Signal Dispatcher" daemon [_thread_blocked, id=1848, stack(0x00000042bea00000,0x00000042beb00000)]
  0x000001f3bb676220 JavaThread "Attach Listener" daemon [_thread_blocked, id=12492, stack(0x00000042beb00000,0x00000042bec00000)]
  0x000001f3bb678bf0 JavaThread "Service Thread" daemon [_thread_blocked, id=10248, stack(0x00000042bec00000,0x00000042bed00000)]
  0x000001f3bb6795b0 JavaThread "Monitor Deflation Thread" daemon [_thread_blocked, id=16768, stack(0x00000042bed00000,0x00000042bee00000)]
  0x000001f3bb67aaf0 JavaThread "C2 CompilerThread0" daemon [_thread_blocked, id=4492, stack(0x00000042bee00000,0x00000042bef00000)]
  0x000001f3bb67d090 JavaThread "C1 CompilerThread0" daemon [_thread_blocked, id=15616, stack(0x00000042bef00000,0x00000042bf000000)]
  0x000001f3bb68a740 JavaThread "Sweeper thread" daemon [_thread_blocked, id=27496, stack(0x00000042bf000000,0x00000042bf100000)]
  0x000001f3bb5fb330 JavaThread "Common-Cleaner" daemon [_thread_blocked, id=17384, stack(0x00000042bf100000,0x00000042bf200000)]
  0x000001f3bb84b200 JavaThread "Monitor Ctrl-Break" daemon [_thread_in_native, id=10436, stack(0x00000042bf600000,0x00000042bf700000)]
  0x000001f3bb84baf0 JavaThread "Notification Thread" daemon [_thread_blocked, id=15520, stack(0x00000042bf700000,0x00000042bf800000)]
  0x000001f3fd075010 JavaThread "Java2D Disposer" daemon [_thread_blocked, id=11980, stack(0x00000042bf900000,0x00000042bfa00000)]
  0x000001f3fd080f30 JavaThread "AWT-Shutdown" [_thread_blocked, id=21480, stack(0x00000042bfa00000,0x00000042bfb00000)]
=>0x000001f3fd086360 JavaThread "AWT-Windows" daemon [_thread_in_native, id=13088, stack(0x00000042bfb00000,0x00000042bfc00000)]
  0x000001f3fd2ef0b0 JavaThread "AWT-EventQueue-0" [_thread_in_native, id=3580, stack(0x00000042c0600000,0x00000042c0700000)]
  0x000001f3fd2efad0 JavaThread "DestroyJavaVM" [_thread_blocked, id=24808, stack(0x00000042be100000,0x00000042be200000)]
  0x000001f3fd2eeba0 JavaThread "TimerQueue" daemon [_thread_blocked, id=27160, stack(0x00000042c0a00000,0x00000042c0b00000)]
  0x000001f3fd2ee180 JavaThread "Thread-0" [_thread_in_native, id=25112, stack(0x00000042bf400000,0x00000042bf500000)]

Other Threads:
  0x000001f3bb60afb0 VMThread "VM Thread" [stack: 0x00000042be700000,0x00000042be800000] [id=18084]
  0x000001f3bb8f0c20 WatcherThread [stack: 0x00000042bf800000,0x00000042bf900000] [id=13776]
  0x000001f395d979c0 GCTaskThread "GC Thread#0" [stack: 0x00000042be200000,0x00000042be300000] [id=23872]
  0x000001f3fef63260 GCTaskThread "GC Thread#1" [stack: 0x00000042bfe00000,0x00000042bff00000] [id=1408]
  0x000001f3fef63520 GCTaskThread "GC Thread#2" [stack: 0x00000042bff00000,0x00000042c0000000] [id=1952]
  0x000001f3fd5700b0 GCTaskThread "GC Thread#3" [stack: 0x00000042c0000000,0x00000042c0100000] [id=25920]
  0x000001f3fd570b80 GCTaskThread "GC Thread#4" [stack: 0x00000042c0100000,0x00000042c0200000] [id=27700]
  0x000001f3fd570e40 GCTaskThread "GC Thread#5" [stack: 0x00000042c0200000,0x00000042c0300000] [id=22404]
  0x000001f3fd6f8090 GCTaskThread "GC Thread#6" [stack: 0x00000042c0300000,0x00000042c0400000] [id=20680]
  0x000001f3fd6f8350 GCTaskThread "GC Thread#7" [stack: 0x00000042c0400000,0x00000042c0500000] [id=11348]
  0x000001f3fd6f8610 GCTaskThread "GC Thread#8" [stack: 0x00000042c0500000,0x00000042c0600000] [id=27444]
  0x000001f3bb95b890 GCTaskThread "GC Thread#9" [stack: 0x00000042c0b00000,0x00000042c0c00000] [id=3728]
  0x000001f3bb95a550 GCTaskThread "GC Thread#10" [stack: 0x00000042c0c00000,0x00000042c0d00000] [id=23588]
  0x000001f3bb95b310 GCTaskThread "GC Thread#11" [stack: 0x00000042c0d00000,0x00000042c0e00000] [id=6864]
  0x000001f395da84a0 ConcurrentGCThread "G1 Main Marker" [stack: 0x00000042be300000,0x00000042be400000] [id=25072]
  0x000001f395da8ec0 ConcurrentGCThread "G1 Conc#0" [stack: 0x00000042be400000,0x00000042be500000] [id=15092]
  0x000001f3bb4c4790 ConcurrentGCThread "G1 Refine#0" [stack: 0x00000042be500000,0x00000042be600000] [id=15284]
  0x000001f3bb4c51c0 ConcurrentGCThread "G1 Service" [stack: 0x00000042be600000,0x00000042be700000] [id=15224]

Threads with active compile tasks:

VM state: not at safepoint (normal execution)

VM Mutex/Monitor currently owned by a thread: None

Heap address: 0x0000000704600000, size: 4026 MB, Compressed Oops mode: Zero based, Oop shift amount: 3

CDS archive(s) mapped at: [0x000001f3bc000000-0x000001f3bcbb0000-0x000001f3bcbb0000), size 12255232, SharedBaseAddress: 0x000001f3bc000000, ArchiveRelocationMode: 1.
Compressed class space mapped at: 0x000001f3bd000000-0x000001f3fd000000, reserved size: 1073741824
Narrow klass base: 0x000001f3bc000000, Narrow klass shift: 0, Narrow klass range: 0x100000000

GC Precious Log:
 CPUs: 16 total, 16 available
 Memory: 16098M
 Large Page Support: Disabled
 NUMA Support: Disabled
 Compressed Oops: Enabled (Zero based)
 Heap Region Size: 2M
 Heap Min Capacity: 8M
 Heap Initial Capacity: 252M
 Heap Max Capacity: 4026M
 Pre-touch: Disabled
 Parallel Workers: 13
 Concurrent Workers: 3
 Concurrent Refinement Workers: 13
 Periodic GC: Disabled

Heap:
 garbage-first heap   total 258048K, used 113229K [0x0000000704600000, 0x0000000800000000)
  region size 2048K, 50 young (102400K), 1 survivors (2048K)
 Metaspace       used 13247K, committed 13504K, reserved 1114112K
  class space    used 1405K, committed 1536K, reserved 1048576K

Heap Regions: E=young(eden), S=young(survivor), O=old, HS=humongous(starts), HC=humongous(continues), CS=collection set, F=free, OA=open archive, CA=closed archive, TAMS=top-at-mark-start (previous, next)
|   0|0x0000000704600000, 0x0000000704800000, 0x0000000704800000|100%|HS|  |TAMS 0x0000000704600000, 0x0000000704600000| Complete 
|   1|0x0000000704800000, 0x0000000704a00000, 0x0000000704a00000|100%|HC|  |TAMS 0x0000000704800000, 0x0000000704800000| Complete 
|   2|0x0000000704a00000, 0x0000000704c00000, 0x0000000704c00000|100%| O|  |TAMS 0x0000000704a00000, 0x0000000704a00000| Untracked 
|   3|0x0000000704c00000, 0x0000000704e00000, 0x0000000704e00000|100%|HS|  |TAMS 0x0000000704c00000, 0x0000000704c00000| Complete 
|   4|0x0000000704e00000, 0x0000000705000000, 0x0000000705000000|100%|HC|  |TAMS 0x0000000704e00000, 0x0000000704e00000| Complete 
|   5|0x0000000705000000, 0x0000000705200000, 0x0000000705200000|100%| O|  |TAMS 0x0000000705000000, 0x0000000705000000| Untracked 
|   6|0x0000000705200000, 0x0000000705400000, 0x0000000705400000|100%| O|  |TAMS 0x0000000705200000, 0x0000000705200000| Untracked 
|   7|0x0000000705400000, 0x000000070548fa00, 0x0000000705600000| 28%| O|  |TAMS 0x0000000705400000, 0x0000000705400000| Untracked 
|   8|0x0000000705600000, 0x0000000705600000, 0x0000000705800000|  0%| F|  |TAMS 0x0000000705600000, 0x0000000705600000| Untracked 
|   9|0x0000000705800000, 0x0000000705800000, 0x0000000705a00000|  0%| F|  |TAMS 0x0000000705800000, 0x0000000705800000| Untracked 
|  10|0x0000000705a00000, 0x0000000705a00000, 0x0000000705c00000|  0%| F|  |TAMS 0x0000000705a00000, 0x0000000705a00000| Untracked 
|  11|0x0000000705c00000, 0x0000000705c00000, 0x0000000705e00000|  0%| F|  |TAMS 0x0000000705c00000, 0x0000000705c00000| Untracked 
|  12|0x0000000705e00000, 0x0000000705e00000, 0x0000000706000000|  0%| F|  |TAMS 0x0000000705e00000, 0x0000000705e00000| Untracked 
|  13|0x0000000706000000, 0x0000000706000000, 0x0000000706200000|  0%| F|  |TAMS 0x0000000706000000, 0x0000000706000000| Untracked 
|  14|0x0000000706200000, 0x0000000706200000, 0x0000000706400000|  0%| F|  |TAMS 0x0000000706200000, 0x0000000706200000| Untracked 
|  15|0x0000000706400000, 0x0000000706400000, 0x0000000706600000|  0%| F|  |TAMS 0x0000000706400000, 0x0000000706400000| Untracked 
|  16|0x0000000706600000, 0x0000000706600000, 0x0000000706800000|  0%| F|  |TAMS 0x0000000706600000, 0x0000000706600000| Untracked 
|  17|0x0000000706800000, 0x0000000706800000, 0x0000000706a00000|  0%| F|  |TAMS 0x0000000706800000, 0x0000000706800000| Untracked 
|  18|0x0000000706a00000, 0x0000000706a00000, 0x0000000706c00000|  0%| F|  |TAMS 0x0000000706a00000, 0x0000000706a00000| Untracked 
|  19|0x0000000706c00000, 0x0000000706c00000, 0x0000000706e00000|  0%| F|  |TAMS 0x0000000706c00000, 0x0000000706c00000| Untracked 
|  20|0x0000000706e00000, 0x0000000706e00000, 0x0000000707000000|  0%| F|  |TAMS 0x0000000706e00000, 0x0000000706e00000| Untracked 
|  21|0x0000000707000000, 0x0000000707000000, 0x0000000707200000|  0%| F|  |TAMS 0x0000000707000000, 0x0000000707000000| Untracked 
|  22|0x0000000707200000, 0x0000000707200000, 0x0000000707400000|  0%| F|  |TAMS 0x0000000707200000, 0x0000000707200000| Untracked 
|  23|0x0000000707400000, 0x0000000707400000, 0x0000000707600000|  0%| F|  |TAMS 0x0000000707400000, 0x0000000707400000| Untracked 
|  24|0x0000000707600000, 0x0000000707600000, 0x0000000707800000|  0%| F|  |TAMS 0x0000000707600000, 0x0000000707600000| Untracked 
|  25|0x0000000707800000, 0x0000000707800000, 0x0000000707a00000|  0%| F|  |TAMS 0x0000000707800000, 0x0000000707800000| Untracked 
|  26|0x0000000707a00000, 0x0000000707a00000, 0x0000000707c00000|  0%| F|  |TAMS 0x0000000707a00000, 0x0000000707a00000| Untracked 
|  27|0x0000000707c00000, 0x0000000707c00000, 0x0000000707e00000|  0%| F|  |TAMS 0x0000000707c00000, 0x0000000707c00000| Untracked 
|  28|0x0000000707e00000, 0x0000000707e00000, 0x0000000708000000|  0%| F|  |TAMS 0x0000000707e00000, 0x0000000707e00000| Untracked 
|  29|0x0000000708000000, 0x0000000708000000, 0x0000000708200000|  0%| F|  |TAMS 0x0000000708000000, 0x0000000708000000| Untracked 
|  30|0x0000000708200000, 0x0000000708200000, 0x0000000708400000|  0%| F|  |TAMS 0x0000000708200000, 0x0000000708200000| Untracked 
|  31|0x0000000708400000, 0x0000000708400000, 0x0000000708600000|  0%| F|  |TAMS 0x0000000708400000, 0x0000000708400000| Untracked 
|  32|0x0000000708600000, 0x0000000708600000, 0x0000000708800000|  0%| F|  |TAMS 0x0000000708600000, 0x0000000708600000| Untracked 
|  33|0x0000000708800000, 0x0000000708800000, 0x0000000708a00000|  0%| F|  |TAMS 0x0000000708800000, 0x0000000708800000| Untracked 
|  34|0x0000000708a00000, 0x0000000708a00000, 0x0000000708c00000|  0%| F|  |TAMS 0x0000000708a00000, 0x0000000708a00000| Untracked 
|  35|0x0000000708c00000, 0x0000000708c00000, 0x0000000708e00000|  0%| F|  |TAMS 0x0000000708c00000, 0x0000000708c00000| Untracked 
|  36|0x0000000708e00000, 0x0000000708e00000, 0x0000000709000000|  0%| F|  |TAMS 0x0000000708e00000, 0x0000000708e00000| Untracked 
|  37|0x0000000709000000, 0x0000000709000000, 0x0000000709200000|  0%| F|  |TAMS 0x0000000709000000, 0x0000000709000000| Untracked 
|  38|0x0000000709200000, 0x0000000709200000, 0x0000000709400000|  0%| F|  |TAMS 0x0000000709200000, 0x0000000709200000| Untracked 
|  39|0x0000000709400000, 0x0000000709400000, 0x0000000709600000|  0%| F|  |TAMS 0x0000000709400000, 0x0000000709400000| Untracked 
|  40|0x0000000709600000, 0x0000000709600000, 0x0000000709800000|  0%| F|  |TAMS 0x0000000709600000, 0x0000000709600000| Untracked 
|  41|0x0000000709800000, 0x0000000709800000, 0x0000000709a00000|  0%| F|  |TAMS 0x0000000709800000, 0x0000000709800000| Untracked 
|  42|0x0000000709a00000, 0x0000000709a00000, 0x0000000709c00000|  0%| F|  |TAMS 0x0000000709a00000, 0x0000000709a00000| Untracked 
|  43|0x0000000709c00000, 0x0000000709c00000, 0x0000000709e00000|  0%| F|  |TAMS 0x0000000709c00000, 0x0000000709c00000| Untracked 
|  44|0x0000000709e00000, 0x0000000709e00000, 0x000000070a000000|  0%| F|  |TAMS 0x0000000709e00000, 0x0000000709e00000| Untracked 
|  45|0x000000070a000000, 0x000000070a000000, 0x000000070a200000|  0%| F|  |TAMS 0x000000070a000000, 0x000000070a000000| Untracked 
|  46|0x000000070a200000, 0x000000070a200000, 0x000000070a400000|  0%| F|  |TAMS 0x000000070a200000, 0x000000070a200000| Untracked 
|  47|0x000000070a400000, 0x000000070a400000, 0x000000070a600000|  0%| F|  |TAMS 0x000000070a400000, 0x000000070a400000| Untracked 
|  48|0x000000070a600000, 0x000000070a600000, 0x000000070a800000|  0%| F|  |TAMS 0x000000070a600000, 0x000000070a600000| Untracked 
|  49|0x000000070a800000, 0x000000070a800000, 0x000000070aa00000|  0%| F|  |TAMS 0x000000070a800000, 0x000000070a800000| Untracked 
|  50|0x000000070aa00000, 0x000000070aa00000, 0x000000070ac00000|  0%| F|  |TAMS 0x000000070aa00000, 0x000000070aa00000| Untracked 
|  51|0x000000070ac00000, 0x000000070ac03a10, 0x000000070ae00000|  0%| S|CS|TAMS 0x000000070ac00000, 0x000000070ac00000| Complete 
|  52|0x000000070ae00000, 0x000000070ae00000, 0x000000070b000000|  0%| F|  |TAMS 0x000000070ae00000, 0x000000070ae00000| Untracked 
|  53|0x000000070b000000, 0x000000070b000000, 0x000000070b200000|  0%| F|  |TAMS 0x000000070b000000, 0x000000070b000000| Untracked 
|  54|0x000000070b200000, 0x000000070b200000, 0x000000070b400000|  0%| F|  |TAMS 0x000000070b200000, 0x000000070b200000| Untracked 
|  55|0x000000070b400000, 0x000000070b400000, 0x000000070b600000|  0%| F|  |TAMS 0x000000070b400000, 0x000000070b400000| Untracked 
|  56|0x000000070b600000, 0x000000070b600000, 0x000000070b800000|  0%| F|  |TAMS 0x000000070b600000, 0x000000070b600000| Untracked 
|  57|0x000000070b800000, 0x000000070b800000, 0x000000070ba00000|  0%| F|  |TAMS 0x000000070b800000, 0x000000070b800000| Untracked 
|  58|0x000000070ba00000, 0x000000070ba00000, 0x000000070bc00000|  0%| F|  |TAMS 0x000000070ba00000, 0x000000070ba00000| Untracked 
|  59|0x000000070bc00000, 0x000000070bc00000, 0x000000070be00000|  0%| F|  |TAMS 0x000000070bc00000, 0x000000070bc00000| Untracked 
|  60|0x000000070be00000, 0x000000070be00000, 0x000000070c000000|  0%| F|  |TAMS 0x000000070be00000, 0x000000070be00000| Untracked 
|  61|0x000000070c000000, 0x000000070c000000, 0x000000070c200000|  0%| F|  |TAMS 0x000000070c000000, 0x000000070c000000| Untracked 
|  62|0x000000070c200000, 0x000000070c200000, 0x000000070c400000|  0%| F|  |TAMS 0x000000070c200000, 0x000000070c200000| Untracked 
|  63|0x000000070c400000, 0x000000070c400000, 0x000000070c600000|  0%| F|  |TAMS 0x000000070c400000, 0x000000070c400000| Untracked 
|  64|0x000000070c600000, 0x000000070c600000, 0x000000070c800000|  0%| F|  |TAMS 0x000000070c600000, 0x000000070c600000| Untracked 
|  65|0x000000070c800000, 0x000000070c800000, 0x000000070ca00000|  0%| F|  |TAMS 0x000000070c800000, 0x000000070c800000| Untracked 
|  66|0x000000070ca00000, 0x000000070ca00000, 0x000000070cc00000|  0%| F|  |TAMS 0x000000070ca00000, 0x000000070ca00000| Untracked 
|  67|0x000000070cc00000, 0x000000070cc00000, 0x000000070ce00000|  0%| F|  |TAMS 0x000000070cc00000, 0x000000070cc00000| Untracked 
|  68|0x000000070ce00000, 0x000000070ce00000, 0x000000070d000000|  0%| F|  |TAMS 0x000000070ce00000, 0x000000070ce00000| Untracked 
|  69|0x000000070d000000, 0x000000070d000000, 0x000000070d200000|  0%| F|  |TAMS 0x000000070d000000, 0x000000070d000000| Untracked 
|  70|0x000000070d200000, 0x000000070d200000, 0x000000070d400000|  0%| F|  |TAMS 0x000000070d200000, 0x000000070d200000| Untracked 
|  71|0x000000070d400000, 0x000000070d400000, 0x000000070d600000|  0%| F|  |TAMS 0x000000070d400000, 0x000000070d400000| Untracked 
|  72|0x000000070d600000, 0x000000070d600000, 0x000000070d800000|  0%| F|  |TAMS 0x000000070d600000, 0x000000070d600000| Untracked 
|  73|0x000000070d800000, 0x000000070d800000, 0x000000070da00000|  0%| F|  |TAMS 0x000000070d800000, 0x000000070d800000| Untracked 
|  74|0x000000070da00000, 0x000000070da00000, 0x000000070dc00000|  0%| F|  |TAMS 0x000000070da00000, 0x000000070da00000| Untracked 
|  75|0x000000070dc00000, 0x000000070dc00000, 0x000000070de00000|  0%| F|  |TAMS 0x000000070dc00000, 0x000000070dc00000| Untracked 
|  76|0x000000070de00000, 0x000000070de00000, 0x000000070e000000|  0%| F|  |TAMS 0x000000070de00000, 0x000000070de00000| Untracked 
|  77|0x000000070e000000, 0x000000070e012be8, 0x000000070e200000|  3%| E|  |TAMS 0x000000070e000000, 0x000000070e000000| Complete 
|  78|0x000000070e200000, 0x000000070e400000, 0x000000070e400000|100%| E|CS|TAMS 0x000000070e200000, 0x000000070e200000| Complete 
|  79|0x000000070e400000, 0x000000070e600000, 0x000000070e600000|100%| E|CS|TAMS 0x000000070e400000, 0x000000070e400000| Complete 
|  80|0x000000070e600000, 0x000000070e800000, 0x000000070e800000|100%| E|CS|TAMS 0x000000070e600000, 0x000000070e600000| Complete 
|  81|0x000000070e800000, 0x000000070ea00000, 0x000000070ea00000|100%| E|CS|TAMS 0x000000070e800000, 0x000000070e800000| Complete 
|  82|0x000000070ea00000, 0x000000070ec00000, 0x000000070ec00000|100%| E|CS|TAMS 0x000000070ea00000, 0x000000070ea00000| Complete 
|  83|0x000000070ec00000, 0x000000070ee00000, 0x000000070ee00000|100%| E|CS|TAMS 0x000000070ec00000, 0x000000070ec00000| Complete 
|  84|0x000000070ee00000, 0x000000070f000000, 0x000000070f000000|100%| E|CS|TAMS 0x000000070ee00000, 0x000000070ee00000| Complete 
|  85|0x000000070f000000, 0x000000070f200000, 0x000000070f200000|100%| E|CS|TAMS 0x000000070f000000, 0x000000070f000000| Complete 
|  86|0x000000070f200000, 0x000000070f400000, 0x000000070f400000|100%| E|CS|TAMS 0x000000070f200000, 0x000000070f200000| Complete 
|  87|0x000000070f400000, 0x000000070f600000, 0x000000070f600000|100%| E|CS|TAMS 0x000000070f400000, 0x000000070f400000| Complete 
|  88|0x000000070f600000, 0x000000070f800000, 0x000000070f800000|100%| E|CS|TAMS 0x000000070f600000, 0x000000070f600000| Complete 
|  89|0x000000070f800000, 0x000000070fa00000, 0x000000070fa00000|100%| E|CS|TAMS 0x000000070f800000, 0x000000070f800000| Complete 
|  90|0x000000070fa00000, 0x000000070fc00000, 0x000000070fc00000|100%| E|CS|TAMS 0x000000070fa00000, 0x000000070fa00000| Complete 
|  91|0x000000070fc00000, 0x000000070fe00000, 0x000000070fe00000|100%| E|CS|TAMS 0x000000070fc00000, 0x000000070fc00000| Complete 
|  92|0x000000070fe00000, 0x0000000710000000, 0x0000000710000000|100%| E|CS|TAMS 0x000000070fe00000, 0x000000070fe00000| Complete 
|  93|0x0000000710000000, 0x0000000710200000, 0x0000000710200000|100%| E|CS|TAMS 0x0000000710000000, 0x0000000710000000| Complete 
|  94|0x0000000710200000, 0x0000000710400000, 0x0000000710400000|100%| E|CS|TAMS 0x0000000710200000, 0x0000000710200000| Complete 
|  95|0x0000000710400000, 0x0000000710600000, 0x0000000710600000|100%| E|CS|TAMS 0x0000000710400000, 0x0000000710400000| Complete 
|  96|0x0000000710600000, 0x0000000710800000, 0x0000000710800000|100%| E|CS|TAMS 0x0000000710600000, 0x0000000710600000| Complete 
|  97|0x0000000710800000, 0x0000000710a00000, 0x0000000710a00000|100%| E|CS|TAMS 0x0000000710800000, 0x0000000710800000| Complete 
|  98|0x0000000710a00000, 0x0000000710c00000, 0x0000000710c00000|100%| E|CS|TAMS 0x0000000710a00000, 0x0000000710a00000| Complete 
|  99|0x0000000710c00000, 0x0000000710e00000, 0x0000000710e00000|100%| E|CS|TAMS 0x0000000710c00000, 0x0000000710c00000| Complete 
| 100|0x0000000710e00000, 0x0000000711000000, 0x0000000711000000|100%| E|CS|TAMS 0x0000000710e00000, 0x0000000710e00000| Complete 
| 101|0x0000000711000000, 0x0000000711200000, 0x0000000711200000|100%| E|CS|TAMS 0x0000000711000000, 0x0000000711000000| Complete 
| 102|0x0000000711200000, 0x0000000711400000, 0x0000000711400000|100%| E|CS|TAMS 0x0000000711200000, 0x0000000711200000| Complete 
| 103|0x0000000711400000, 0x0000000711600000, 0x0000000711600000|100%| E|CS|TAMS 0x0000000711400000, 0x0000000711400000| Complete 
| 104|0x0000000711600000, 0x0000000711800000, 0x0000000711800000|100%| E|CS|TAMS 0x0000000711600000, 0x0000000711600000| Complete 
| 105|0x0000000711800000, 0x0000000711a00000, 0x0000000711a00000|100%| E|CS|TAMS 0x0000000711800000, 0x0000000711800000| Complete 
| 106|0x0000000711a00000, 0x0000000711c00000, 0x0000000711c00000|100%| E|CS|TAMS 0x0000000711a00000, 0x0000000711a00000| Complete 
| 107|0x0000000711c00000, 0x0000000711e00000, 0x0000000711e00000|100%| E|CS|TAMS 0x0000000711c00000, 0x0000000711c00000| Complete 
| 108|0x0000000711e00000, 0x0000000712000000, 0x0000000712000000|100%| E|CS|TAMS 0x0000000711e00000, 0x0000000711e00000| Complete 
| 109|0x0000000712000000, 0x0000000712200000, 0x0000000712200000|100%| E|CS|TAMS 0x0000000712000000, 0x0000000712000000| Complete 
| 110|0x0000000712200000, 0x0000000712400000, 0x0000000712400000|100%| E|CS|TAMS 0x0000000712200000, 0x0000000712200000| Complete 
| 111|0x0000000712400000, 0x0000000712600000, 0x0000000712600000|100%| E|CS|TAMS 0x0000000712400000, 0x0000000712400000| Complete 
| 112|0x0000000712600000, 0x0000000712800000, 0x0000000712800000|100%| E|CS|TAMS 0x0000000712600000, 0x0000000712600000| Complete 
| 113|0x0000000712800000, 0x0000000712a00000, 0x0000000712a00000|100%| E|CS|TAMS 0x0000000712800000, 0x0000000712800000| Complete 
| 114|0x0000000712a00000, 0x0000000712c00000, 0x0000000712c00000|100%| E|CS|TAMS 0x0000000712a00000, 0x0000000712a00000| Complete 
| 115|0x0000000712c00000, 0x0000000712e00000, 0x0000000712e00000|100%| E|CS|TAMS 0x0000000712c00000, 0x0000000712c00000| Complete 
| 116|0x0000000712e00000, 0x0000000713000000, 0x0000000713000000|100%| E|CS|TAMS 0x0000000712e00000, 0x0000000712e00000| Complete 
| 117|0x0000000713000000, 0x0000000713200000, 0x0000000713200000|100%| E|CS|TAMS 0x0000000713000000, 0x0000000713000000| Complete 
| 118|0x0000000713200000, 0x0000000713400000, 0x0000000713400000|100%| E|CS|TAMS 0x0000000713200000, 0x0000000713200000| Complete 
| 119|0x0000000713400000, 0x0000000713600000, 0x0000000713600000|100%| E|CS|TAMS 0x0000000713400000, 0x0000000713400000| Complete 
| 120|0x0000000713600000, 0x0000000713800000, 0x0000000713800000|100%| E|CS|TAMS 0x0000000713600000, 0x0000000713600000| Complete 
| 121|0x0000000713800000, 0x0000000713a00000, 0x0000000713a00000|100%| E|CS|TAMS 0x0000000713800000, 0x0000000713800000| Complete 
| 122|0x0000000713a00000, 0x0000000713c00000, 0x0000000713c00000|100%| E|CS|TAMS 0x0000000713a00000, 0x0000000713a00000| Complete 
| 123|0x0000000713c00000, 0x0000000713e00000, 0x0000000713e00000|100%| E|CS|TAMS 0x0000000713c00000, 0x0000000713c00000| Complete 
| 124|0x0000000713e00000, 0x0000000714000000, 0x0000000714000000|100%| E|CS|TAMS 0x0000000713e00000, 0x0000000713e00000| Complete 
| 125|0x0000000714000000, 0x0000000714200000, 0x0000000714200000|100%| E|CS|TAMS 0x0000000714000000, 0x0000000714000000| Complete 

Card table byte_map: [0x000001f3af7d0000,0x000001f3affb0000] _byte_map_base: 0x000001f3abfad000

Marking Bits (Prev, Next): (CMBitMap*) 0x000001f395d97fe0, (CMBitMap*) 0x000001f395d98020
 Prev Bits: [0x000001f3b0790000, 0x000001f3b4678000)
 Next Bits: [0x000001f3b4680000, 0x000001f3b8568000)

Polling page: 0x000001f39f010000

Metaspace:

Usage:
  Non-class:     11.56 MB used.
      Class:      1.37 MB used.
       Both:     12.94 MB used.

Virtual space:
  Non-class space:       64.00 MB reserved,      11.69 MB ( 18%) committed,  1 nodes.
      Class space:        1.00 GB reserved,       1.50 MB ( <1%) committed,  1 nodes.
             Both:        1.06 GB reserved,      13.19 MB (  1%) committed. 

Chunk freelists:
   Non-Class:  4.35 MB
       Class:  14.51 MB
        Both:  18.86 MB

MaxMetaspaceSize: unlimited
CompressedClassSpaceSize: 1.00 GB
Initial GC threshold: 21.00 MB
Current GC threshold: 21.00 MB
CDS: on
MetaspaceReclaimPolicy: balanced
 - commit_granule_bytes: 65536.
 - commit_granule_words: 8192.
 - virtual_space_node_default_size: 8388608.
 - enlarge_chunks_in_place: 1.
 - new_chunks_are_fully_committed: 0.
 - uncommit_free_chunks: 1.
 - use_allocation_guard: 0.
 - handle_deallocations: 1.


Internal statistics:

num_allocs_failed_limit: 0.
num_arena_births: 216.
num_arena_deaths: 0.
num_vsnodes_births: 2.
num_vsnodes_deaths: 0.
num_space_committed: 211.
num_space_uncommitted: 0.
num_chunks_returned_to_freelist: 0.
num_chunks_taken_from_freelist: 318.
num_chunk_merges: 0.
num_chunk_splits: 182.
num_chunks_enlarged: 82.
num_inconsistent_stats: 0.

CodeHeap 'non-profiled nmethods': size=119168Kb used=2128Kb max_used=2776Kb free=117039Kb
 bounds [0x000001f3a6bd0000, 0x000001f3a6e90000, 0x000001f3ae030000]
CodeHeap 'profiled nmethods': size=119104Kb used=4985Kb max_used=6480Kb free=114118Kb
 bounds [0x000001f39f030000, 0x000001f39f6a0000, 0x000001f3a6480000]
CodeHeap 'non-nmethods': size=7488Kb used=1317Kb max_used=3025Kb free=6170Kb
 bounds [0x000001f3a6480000, 0x000001f3a6780000, 0x000001f3a6bd0000]
 total_blobs=3584 nmethods=2930 adapters=564
 compilation: enabled
              stopped_count=0, restarted_count=0
 full_count=0

Compilation events (20 events):
Event: 275.512 Thread 0x000001f3bb67d090 3597       3       ClientManager::lambda$receiveMessage$0 (698 bytes)
Event: 275.535 Thread 0x000001f3bb67d090 nmethod 3597 0x000001f39f684290 code [0x000001f39f685cc0, 0x000001f39f698d38]
Event: 275.535 Thread 0x000001f3bb67d090 3598       3       java.net.Socket$SocketInputStream::read (11 bytes)
Event: 275.535 Thread 0x000001f3bb67d090 nmethod 3598 0x000001f39f538b90 code [0x000001f39f538d40, 0x000001f39f538f28]
Event: 275.535 Thread 0x000001f3bb67d090 3599       3       sun.nio.ch.NioSocketImpl$1::read (11 bytes)
Event: 275.535 Thread 0x000001f3bb67d090 nmethod 3599 0x000001f39f0bf610 code [0x000001f39f0bf7c0, 0x000001f39f0bf908]
Event: 275.535 Thread 0x000001f3bb67d090 3600   !   3       sun.nio.ch.NioSocketImpl::read (96 bytes)
Event: 275.536 Thread 0x000001f3bb67d090 nmethod 3600 0x000001f39f044a90 code [0x000001f39f044d40, 0x000001f39f045cd8]
Event: 275.536 Thread 0x000001f3bb67d090 3601   !   3       sun.nio.ch.NioSocketImpl::implRead (220 bytes)
Event: 275.538 Thread 0x000001f3bb67d090 nmethod 3601 0x000001f39f17f210 code [0x000001f39f17f4e0, 0x000001f39f180288]
Event: 275.538 Thread 0x000001f3bb67d090 3602   !   3       sun.nio.ch.NioSocketImpl::beginRead (30 bytes)
Event: 275.538 Thread 0x000001f3bb67d090 nmethod 3602 0x000001f39f511990 code [0x000001f39f511b40, 0x000001f39f511de8]
Event: 275.538 Thread 0x000001f3bb67d090 3603   !   3       sun.nio.ch.NioSocketImpl::tryRead (87 bytes)
Event: 275.538 Thread 0x000001f3bb67d090 nmethod 3603 0x000001f39f2e6190 code [0x000001f39f2e63a0, 0x000001f39f2e6938]
Event: 275.595 Thread 0x000001f3bb67aaf0 3604  s    4       java.io.BufferedInputStream::read (113 bytes)
Event: 275.632 Thread 0x000001f3bb67aaf0 nmethod 3604 0x000001f3a6d08690 code [0x000001f3a6d088a0, 0x000001f3a6d0a160]
Event: 390.944 Thread 0x000001f3bb67aaf0 3605       4       jdk.internal.misc.Unsafe::allocateUninitializedArray0 (90 bytes)
Event: 390.946 Thread 0x000001f3bb67aaf0 nmethod 3605 0x000001f3a6cee090 code [0x000001f3a6cee220, 0x000001f3a6cee3d8]
Event: 390.965 Thread 0x000001f3bb67d090 3606   !   3       java.util.concurrent.ConcurrentHashMap::putVal (432 bytes)
Event: 390.967 Thread 0x000001f3bb67d090 nmethod 3606 0x000001f39f459c90 code [0x000001f39f45a000, 0x000001f39f45bb48]

GC Heap History (20 events):
Event: 358.176 GC heap before
{Heap before GC invocations=50 (full 0):
 garbage-first heap   total 258048K, used 166476K [0x0000000704600000, 0x0000000800000000)
  region size 2048K, 75 young (153600K), 1 survivors (2048K)
 Metaspace       used 13244K, committed 13504K, reserved 1114112K
  class space    used 1404K, committed 1536K, reserved 1048576K
}
Event: 358.176 GC heap after
{Heap after GC invocations=51 (full 0):
 garbage-first heap   total 258048K, used 14918K [0x0000000704600000, 0x0000000800000000)
  region size 2048K, 1 young (2048K), 1 survivors (2048K)
 Metaspace       used 13244K, committed 13504K, reserved 1114112K
  class space    used 1404K, committed 1536K, reserved 1048576K
}
Event: 360.784 GC heap before
{Heap before GC invocations=51 (full 0):
 garbage-first heap   total 258048K, used 166470K [0x0000000704600000, 0x0000000800000000)
  region size 2048K, 75 young (153600K), 1 survivors (2048K)
 Metaspace       used 13244K, committed 13504K, reserved 1114112K
  class space    used 1404K, committed 1536K, reserved 1048576K
}
Event: 360.785 GC heap after
{Heap after GC invocations=52 (full 0):
 garbage-first heap   total 258048K, used 14923K [0x0000000704600000, 0x0000000800000000)
  region size 2048K, 1 young (2048K), 1 survivors (2048K)
 Metaspace       used 13244K, committed 13504K, reserved 1114112K
  class space    used 1404K, committed 1536K, reserved 1048576K
}
Event: 363.799 GC heap before
{Heap before GC invocations=52 (full 0):
 garbage-first heap   total 258048K, used 166475K [0x0000000704600000, 0x0000000800000000)
  region size 2048K, 75 young (153600K), 1 survivors (2048K)
 Metaspace       used 13244K, committed 13504K, reserved 1114112K
  class space    used 1404K, committed 1536K, reserved 1048576K
}
Event: 363.800 GC heap after
{Heap after GC invocations=53 (full 0):
 garbage-first heap   total 258048K, used 14925K [0x0000000704600000, 0x0000000800000000)
  region size 2048K, 1 young (2048K), 1 survivors (2048K)
 Metaspace       used 13244K, committed 13504K, reserved 1114112K
  class space    used 1404K, committed 1536K, reserved 1048576K
}
Event: 366.728 GC heap before
{Heap before GC invocations=53 (full 0):
 garbage-first heap   total 258048K, used 166477K [0x0000000704600000, 0x0000000800000000)
  region size 2048K, 75 young (153600K), 1 survivors (2048K)
 Metaspace       used 13244K, committed 13504K, reserved 1114112K
  class space    used 1404K, committed 1536K, reserved 1048576K
}
Event: 366.729 GC heap after
{Heap after GC invocations=54 (full 0):
 garbage-first heap   total 258048K, used 14925K [0x0000000704600000, 0x0000000800000000)
  region size 2048K, 1 young (2048K), 1 survivors (2048K)
 Metaspace       used 13244K, committed 13504K, reserved 1114112K
  class space    used 1404K, committed 1536K, reserved 1048576K
}
Event: 370.738 GC heap before
{Heap before GC invocations=54 (full 0):
 garbage-first heap   total 258048K, used 166477K [0x0000000704600000, 0x0000000800000000)
  region size 2048K, 75 young (153600K), 1 survivors (2048K)
 Metaspace       used 13244K, committed 13504K, reserved 1114112K
  class space    used 1404K, committed 1536K, reserved 1048576K
}
Event: 370.739 GC heap after
{Heap after GC invocations=55 (full 0):
 garbage-first heap   total 258048K, used 14923K [0x0000000704600000, 0x0000000800000000)
  region size 2048K, 1 young (2048K), 1 survivors (2048K)
 Metaspace       used 13244K, committed 13504K, reserved 1114112K
  class space    used 1404K, committed 1536K, reserved 1048576K
}
Event: 374.857 GC heap before
{Heap before GC invocations=55 (full 0):
 garbage-first heap   total 258048K, used 166475K [0x0000000704600000, 0x0000000800000000)
  region size 2048K, 75 young (153600K), 1 survivors (2048K)
 Metaspace       used 13244K, committed 13504K, reserved 1114112K
  class space    used 1404K, committed 1536K, reserved 1048576K
}
Event: 374.858 GC heap after
{Heap after GC invocations=56 (full 0):
 garbage-first heap   total 258048K, used 14924K [0x0000000704600000, 0x0000000800000000)
  region size 2048K, 1 young (2048K), 1 survivors (2048K)
 Metaspace       used 13244K, committed 13504K, reserved 1114112K
  class space    used 1404K, committed 1536K, reserved 1048576K
}
Event: 378.767 GC heap before
{Heap before GC invocations=56 (full 0):
 garbage-first heap   total 258048K, used 166476K [0x0000000704600000, 0x0000000800000000)
  region size 2048K, 75 young (153600K), 1 survivors (2048K)
 Metaspace       used 13244K, committed 13504K, reserved 1114112K
  class space    used 1404K, committed 1536K, reserved 1048576K
}
Event: 378.768 GC heap after
{Heap after GC invocations=57 (full 0):
 garbage-first heap   total 258048K, used 14927K [0x0000000704600000, 0x0000000800000000)
  region size 2048K, 1 young (2048K), 1 survivors (2048K)
 Metaspace       used 13244K, committed 13504K, reserved 1114112K
  class space    used 1404K, committed 1536K, reserved 1048576K
}
Event: 382.399 GC heap before
{Heap before GC invocations=57 (full 0):
 garbage-first heap   total 258048K, used 166479K [0x0000000704600000, 0x0000000800000000)
  region size 2048K, 75 young (153600K), 1 survivors (2048K)
 Metaspace       used 13244K, committed 13504K, reserved 1114112K
  class space    used 1404K, committed 1536K, reserved 1048576K
}
Event: 382.400 GC heap after
{Heap after GC invocations=58 (full 0):
 garbage-first heap   total 258048K, used 14925K [0x0000000704600000, 0x0000000800000000)
  region size 2048K, 1 young (2048K), 1 survivors (2048K)
 Metaspace       used 13244K, committed 13504K, reserved 1114112K
  class space    used 1404K, committed 1536K, reserved 1048576K
}
Event: 385.389 GC heap before
{Heap before GC invocations=58 (full 0):
 garbage-first heap   total 258048K, used 166477K [0x0000000704600000, 0x0000000800000000)
  region size 2048K, 75 young (153600K), 1 survivors (2048K)
 Metaspace       used 13244K, committed 13504K, reserved 1114112K
  class space    used 1404K, committed 1536K, reserved 1048576K
}
Event: 385.390 GC heap after
{Heap after GC invocations=59 (full 0):
 garbage-first heap   total 258048K, used 14923K [0x0000000704600000, 0x0000000800000000)
  region size 2048K, 1 young (2048K), 1 survivors (2048K)
 Metaspace       used 13244K, committed 13504K, reserved 1114112K
  class space    used 1404K, committed 1536K, reserved 1048576K
}
Event: 388.461 GC heap before
{Heap before GC invocations=59 (full 0):
 garbage-first heap   total 258048K, used 166475K [0x0000000704600000, 0x0000000800000000)
  region size 2048K, 75 young (153600K), 1 survivors (2048K)
 Metaspace       used 13244K, committed 13504K, reserved 1114112K
  class space    used 1404K, committed 1536K, reserved 1048576K
}
Event: 388.462 GC heap after
{Heap after GC invocations=60 (full 0):
 garbage-first heap   total 258048K, used 14925K [0x0000000704600000, 0x0000000800000000)
  region size 2048K, 1 young (2048K), 1 survivors (2048K)
 Metaspace       used 13244K, committed 13504K, reserved 1114112K
  class space    used 1404K, committed 1536K, reserved 1048576K
}

Dll operation events (13 events):
Event: 0.005 Loaded shared library C:\Users\PC\.jdks\corretto-17.0.13\bin\java.dll
Event: 0.021 Loaded shared library C:\Users\PC\.jdks\corretto-17.0.13\bin\jsvml.dll
Event: 0.059 Loaded shared library C:\Users\PC\.jdks\corretto-17.0.13\bin\zip.dll
Event: 0.063 Loaded shared library C:\Users\PC\.jdks\corretto-17.0.13\bin\instrument.dll
Event: 0.067 Loaded shared library C:\Users\PC\.jdks\corretto-17.0.13\bin\net.dll
Event: 0.068 Loaded shared library C:\Users\PC\.jdks\corretto-17.0.13\bin\nio.dll
Event: 0.070 Loaded shared library C:\Users\PC\.jdks\corretto-17.0.13\bin\zip.dll
Event: 0.074 Loaded shared library C:\Program Files\JetBrains\IntelliJ IDEA 2024.2.4\bin\breakgen64.dll
Event: 0.082 Loaded shared library C:\Users\PC\.jdks\corretto-17.0.13\bin\jimage.dll
Event: 0.083 Loaded shared library C:\Users\PC\.jdks\corretto-17.0.13\bin\extnet.dll
Event: 0.093 Loaded shared library C:\Users\PC\.jdks\corretto-17.0.13\bin\awt.dll
Event: 0.273 Loaded shared library C:\Users\PC\.jdks\corretto-17.0.13\bin\freetype.dll
Event: 0.274 Loaded shared library C:\Users\PC\.jdks\corretto-17.0.13\bin\fontmanager.dll

Deoptimization events (20 events):
Event: 390.945 Thread 0x000001f3fd086360 Uncommon trap: trap_request=0xffffffbe fr.pc=0x000001f3a6def784 relative=0x00000000000010a4
Event: 390.945 Thread 0x000001f3fd086360 Uncommon trap: reason=profile_predicate action=maybe_recompile pc=0x000001f3a6def784 method=jdk.internal.org.objectweb.asm.ByteVector.putUTF8(Ljava/lang/String;)Ljdk/internal/org/objectweb/asm/ByteVector; @ 79 c2
Event: 390.945 Thread 0x000001f3fd086360 DEOPT PACKING pc=0x000001f3a6def784 sp=0x00000042bfbfd6a0
Event: 390.945 Thread 0x000001f3fd086360 DEOPT UNPACKING pc=0x000001f3a64d69a3 sp=0x00000042bfbfd608 mode 2
Event: 390.945 Thread 0x000001f3fd086360 Uncommon trap: trap_request=0xffffffbe fr.pc=0x000001f3a6def784 relative=0x00000000000010a4
Event: 390.945 Thread 0x000001f3fd086360 Uncommon trap: reason=profile_predicate action=maybe_recompile pc=0x000001f3a6def784 method=jdk.internal.org.objectweb.asm.ByteVector.putUTF8(Ljava/lang/String;)Ljdk/internal/org/objectweb/asm/ByteVector; @ 79 c2
Event: 390.945 Thread 0x000001f3fd086360 DEOPT PACKING pc=0x000001f3a6def784 sp=0x00000042bfbfd670
Event: 390.945 Thread 0x000001f3fd086360 DEOPT UNPACKING pc=0x000001f3a64d69a3 sp=0x00000042bfbfd5d8 mode 2
Event: 390.975 Thread 0x000001f3fd2ef0b0 Uncommon trap: trap_request=0xffffff45 fr.pc=0x000001f3a6de1d78 relative=0x0000000000000a38
Event: 390.975 Thread 0x000001f3fd2ef0b0 Uncommon trap: reason=unstable_if action=reinterpret pc=0x000001f3a6de1d78 method=sun.java2d.pipe.DrawImage.tryCopyOrScale(Lsun/java2d/SunGraphics2D;Ljava/awt/Image;IIIILjava/awt/Color;I[D)Z @ 253 c2
Event: 390.975 Thread 0x000001f3fd2ef0b0 DEOPT PACKING pc=0x000001f3a6de1d78 sp=0x00000042c06fe9c0
Event: 390.975 Thread 0x000001f3fd2ef0b0 DEOPT UNPACKING pc=0x000001f3a64d69a3 sp=0x00000042c06fe910 mode 2
Event: 390.975 Thread 0x000001f3fd2ef0b0 Uncommon trap: trap_request=0xffffff45 fr.pc=0x000001f3a6dc1fe4 relative=0x0000000000000c84
Event: 390.975 Thread 0x000001f3fd2ef0b0 Uncommon trap: reason=unstable_if action=reinterpret pc=0x000001f3a6dc1fe4 method=sun.java2d.pipe.DrawImage.transformImage(Lsun/java2d/SunGraphics2D;Ljava/awt/Image;Ljava/awt/geom/AffineTransform;IIIIILjava/awt/Color;)V @ 100 c2
Event: 390.975 Thread 0x000001f3fd2ef0b0 DEOPT PACKING pc=0x000001f3a6dc1fe4 sp=0x00000042c06fea60
Event: 390.975 Thread 0x000001f3fd2ef0b0 DEOPT UNPACKING pc=0x000001f3a64d69a3 sp=0x00000042c06fe888 mode 2
Event: 390.975 Thread 0x000001f3fd2ef0b0 Uncommon trap: trap_request=0xffffff45 fr.pc=0x000001f3a6da1620 relative=0x0000000000000200
Event: 390.975 Thread 0x000001f3fd2ef0b0 Uncommon trap: reason=unstable_if action=reinterpret pc=0x000001f3a6da1620 method=sun.java2d.SunGraphics2D.setDevClip(IIII)V @ 8 c2
Event: 390.975 Thread 0x000001f3fd2ef0b0 DEOPT PACKING pc=0x000001f3a6da1620 sp=0x00000042c06fe9f0
Event: 390.975 Thread 0x000001f3fd2ef0b0 DEOPT UNPACKING pc=0x000001f3a64d69a3 sp=0x00000042c06fe948 mode 2

Classes loaded (20 events):
Event: 35.796 Loading class java/awt/WaitDispatchSupport
Event: 35.796 Loading class java/awt/SecondaryLoop
Event: 35.797 Loading class java/awt/SecondaryLoop done
Event: 35.797 Loading class java/awt/WaitDispatchSupport done
Event: 35.797 Loading class java/awt/WaitDispatchSupport$5
Event: 35.797 Loading class java/awt/WaitDispatchSupport$5 done
Event: 35.797 Loading class java/awt/WaitDispatchSupport$1
Event: 35.797 Loading class java/awt/WaitDispatchSupport$1 done
Event: 35.797 Loading class java/awt/WaitDispatchSupport$2
Event: 35.797 Loading class java/awt/WaitDispatchSupport$2 done
Event: 35.797 Loading class java/awt/WaitDispatchSupport$4
Event: 35.797 Loading class java/awt/WaitDispatchSupport$4 done
Event: 39.023 Loading class java/awt/Window$1DisposeAction
Event: 39.023 Loading class java/awt/Window$1DisposeAction done
Event: 41.774 Loading class jdk/internal/misc/ScopedMemoryAccess$Scope$Handle
Event: 41.774 Loading class jdk/internal/misc/ScopedMemoryAccess$Scope$Handle done
Event: 49.412 Loading class java/util/Formatter$FixedString
Event: 49.412 Loading class java/util/Formatter$FixedString done
Event: 49.418 Loading class java/lang/NumberFormatException
Event: 49.418 Loading class java/lang/NumberFormatException done

Classes unloaded (0 events):
No events

Classes redefined (0 events):
No events

Internal exceptions (20 events):
Event: 0.585 Thread 0x000001f395d2b700 Implicit null exception at 0x000001f3a6c461da to 0x000001f3a6c49f78
Event: 0.684 Thread 0x000001f3fd086360 Exception <a 'java/lang/NoSuchMethodError'{0x00000007138d8e58}: 'void java.lang.invoke.DirectMethodHandle$Holder.invokeVirtual(java.lang.Object, java.lang.Object)'> (0x00000007138d8e58) 
thrown [s\src\hotspot\share\interpreter\linkResolver.cpp, line 759]
Event: 0.696 Thread 0x000001f395d2b700 Exception <a 'java/lang/NoSuchMethodError'{0x00000007138aff00}: 'void java.lang.invoke.DirectMethodHandle$Holder.invokeStaticInit(java.lang.Object)'> (0x00000007138aff00) 
thrown [s\src\hotspot\share\interpreter\linkResolver.cpp, line 759]
Event: 3.836 Thread 0x000001f3fd2ef0b0 Implicit null exception at 0x000001f3a6c3a0dd to 0x000001f3a6c3a16c
Event: 6.306 Thread 0x000001f3fd2ee180 Exception <a 'java/lang/NoSuchMethodError'{0x00000007136f8248}: static LRoom;.<clinit>()V> (0x00000007136f8248) 
thrown [s\src\hotspot\share\prims\jni.cpp, line 1112]
Event: 6.316 Thread 0x000001f3fd2ef0b0 Exception <a 'java/lang/NoSuchMethodError'{0x00000007132c5790}: 'java.lang.Object java.lang.invoke.DirectMethodHandle$Holder.invokeSpecial(java.lang.Object, java.lang.Object, int, java.lang.Object, java.lang.Object)'> (0x00000007132c5790) 
thrown [s\src\hotspot\share\interpreter\linkResolver.cpp, line 759]
Event: 6.316 Thread 0x000001f3fd2ef0b0 Exception <a 'java/lang/NoSuchMethodError'{0x00000007132c9358}: 'java.lang.Object java.lang.invoke.Invokers$Holder.linkToTargetMethod(int, java.lang.Object, java.lang.Object, java.lang.Object)'> (0x00000007132c9358) 
thrown [s\src\hotspot\share\interpreter\linkResolver.cpp, line 759]
Event: 6.330 Thread 0x000001f3fd2ef0b0 Implicit null exception at 0x000001f3a6c8e15b to 0x000001f3a6c8e428
Event: 11.046 Thread 0x000001f3fd2ef0b0 Implicit null exception at 0x000001f3a6d79688 to 0x000001f3a6d79854
Event: 11.046 Thread 0x000001f3fd2ef0b0 Implicit null exception at 0x000001f3a6d79c88 to 0x000001f3a6d79e54
Event: 11.046 Thread 0x000001f3fd2ef0b0 Implicit null exception at 0x000001f3a6d7adf8 to 0x000001f3a6d7afb8
Event: 11.046 Thread 0x000001f3fd2ef0b0 Implicit null exception at 0x000001f3a6d7a278 to 0x000001f3a6d7a438
Event: 11.051 Thread 0x000001f3fd2ef0b0 Implicit null exception at 0x000001f3a6d62cf9 to 0x000001f3a6d62f2c
Event: 11.052 Thread 0x000001f3fd2ef0b0 Implicit null exception at 0x000001f3a6d715f5 to 0x000001f3a6d739f8
Event: 11.053 Thread 0x000001f3fd2ef0b0 Implicit null exception at 0x000001f3a6d64932 to 0x000001f3a6d65284
Event: 33.937 Thread 0x000001f3fd2ef0b0 Exception <a 'java/lang/NoSuchMethodError'{0x000000070f2db3a0}: static [Ljava/lang/Object;.<clinit>()V> (0x000000070f2db3a0) 
thrown [s\src\hotspot\share\prims\jni.cpp, line 1112]
Event: 35.795 Thread 0x000001f3fd2ef0b0 Exception <a 'java/lang/NoSuchMethodError'{0x000000070e43bcb0}: 'int java.lang.invoke.DirectMethodHandle$Holder.invokeStatic(java.lang.Object)'> (0x000000070e43bcb0) 
thrown [s\src\hotspot\share\interpreter\linkResolver.cpp, line 759]
Event: 390.974 Thread 0x000001f3fd2ef0b0 Exception <a 'sun/java2d/InvalidPipeException'{0x000000070e3a94f8}: GDIWindowSurfaceData: bounds changed> (0x000000070e3a94f8) 
thrown [s\src\hotspot\share\prims\jni.cpp, line 535]
Event: 390.975 Thread 0x000001f3fd2ef0b0 Exception <a 'sun/java2d/InvalidPipeException'{0x000000070e3a9ac0}: GDIWindowSurfaceData: bounds changed> (0x000000070e3a9ac0) 
thrown [s\src\hotspot\share\prims\jni.cpp, line 535]
Event: 390.975 Thread 0x000001f3fd2ef0b0 Exception <a 'sun/java2d/InvalidPipeException'{0x000000070e3aa1c0}: GDIWindowSurfaceData: bounds changed> (0x000000070e3aa1c0) 
thrown [s\src\hotspot\share\prims\jni.cpp, line 535]

VM Operations (20 events):
Event: 360.784 Executing VM operation: G1CollectForAllocation
Event: 360.785 Executing VM operation: G1CollectForAllocation done
Event: 363.799 Executing VM operation: G1CollectForAllocation
Event: 363.800 Executing VM operation: G1CollectForAllocation done
Event: 365.815 Executing VM operation: Cleanup
Event: 365.815 Executing VM operation: Cleanup done
Event: 366.728 Executing VM operation: G1CollectForAllocation
Event: 366.729 Executing VM operation: G1CollectForAllocation done
Event: 370.738 Executing VM operation: G1CollectForAllocation
Event: 370.739 Executing VM operation: G1CollectForAllocation done
Event: 374.857 Executing VM operation: G1CollectForAllocation
Event: 374.858 Executing VM operation: G1CollectForAllocation done
Event: 378.767 Executing VM operation: G1CollectForAllocation
Event: 378.768 Executing VM operation: G1CollectForAllocation done
Event: 382.399 Executing VM operation: G1CollectForAllocation
Event: 382.400 Executing VM operation: G1CollectForAllocation done
Event: 385.389 Executing VM operation: G1CollectForAllocation
Event: 385.390 Executing VM operation: G1CollectForAllocation done
Event: 388.461 Executing VM operation: G1CollectForAllocation
Event: 388.462 Executing VM operation: G1CollectForAllocation done

Memory protections (0 events):
No events

Nmethod flushes (20 events):
Event: 45.932 Thread 0x000001f3bb68a740 flushing  nmethod 0x000001f39f602310
Event: 45.932 Thread 0x000001f3bb68a740 flushing  nmethod 0x000001f39f60df10
Event: 45.932 Thread 0x000001f3bb68a740 flushing  nmethod 0x000001f39f611790
Event: 45.932 Thread 0x000001f3bb68a740 flushing  nmethod 0x000001f39f611e90
Event: 45.932 Thread 0x000001f3bb68a740 flushing  nmethod 0x000001f39f613690
Event: 45.932 Thread 0x000001f3bb68a740 flushing  nmethod 0x000001f39f62fc10
Event: 45.932 Thread 0x000001f3bb68a740 flushing  nmethod 0x000001f39f633a90
Event: 45.932 Thread 0x000001f3bb68a740 flushing  nmethod 0x000001f39f635c90
Event: 45.932 Thread 0x000001f3bb68a740 flushing  nmethod 0x000001f39f636290
Event: 45.932 Thread 0x000001f3bb68a740 flushing  nmethod 0x000001f39f636810
Event: 45.932 Thread 0x000001f3bb68a740 flushing  nmethod 0x000001f39f637e90
Event: 45.932 Thread 0x000001f3bb68a740 flushing  nmethod 0x000001f39f639910
Event: 45.932 Thread 0x000001f3bb68a740 flushing  nmethod 0x000001f39f63c210
Event: 45.932 Thread 0x000001f3bb68a740 flushing  nmethod 0x000001f39f63c690
Event: 45.932 Thread 0x000001f3bb68a740 flushing  nmethod 0x000001f39f63d410
Event: 45.932 Thread 0x000001f3bb68a740 flushing  nmethod 0x000001f39f643390
Event: 45.932 Thread 0x000001f3bb68a740 flushing  nmethod 0x000001f39f644690
Event: 45.932 Thread 0x000001f3bb68a740 flushing  nmethod 0x000001f39f648190
Event: 45.932 Thread 0x000001f3bb68a740 flushing  nmethod 0x000001f39f649190
Event: 45.932 Thread 0x000001f3bb68a740 flushing  nmethod 0x000001f39f64ab90

Events (20 events):
Event: 8.236 Thread 0x000001f3fd42db70 Thread exited: 0x000001f3fd42db70
Event: 8.252 Thread 0x000001f3fd42f600 Thread added: 0x000001f3fd42cb80
Event: 11.044 Thread 0x000001f3fd42cb80 Thread exited: 0x000001f3fd42cb80
Event: 11.044 Thread 0x000001f3fd42f600 Thread exited: 0x000001f3fd42f600
Event: 18.034 Thread 0x000001f3bb67d090 Thread added: 0x000001f3fd42f0b0
Event: 18.034 Thread 0x000001f3bb67d090 Thread added: 0x000001f3fd42db70
Event: 18.144 Thread 0x000001f3fd42db70 Thread exited: 0x000001f3fd42db70
Event: 18.714 Thread 0x000001f3fd42f0b0 Thread exited: 0x000001f3fd42f0b0
Event: 35.836 Thread 0x000001f3bb67aaf0 Thread added: 0x000001f3fd42fb50
Event: 36.308 Thread 0x000001f3fd42fb50 Thread exited: 0x000001f3fd42fb50
Event: 37.150 Thread 0x000001f3bb67aaf0 Thread added: 0x000001f3fd42eb60
Event: 38.543 Thread 0x000001f3fd42eb60 Thread exited: 0x000001f3fd42eb60
Event: 39.047 Thread 0x000001f3bb67d090 Thread added: 0x000001f3fd42cb80
Event: 39.047 Thread 0x000001f3bb67d090 Thread added: 0x000001f3fd42f0b0
Event: 39.197 Thread 0x000001f3fd42f0b0 Thread exited: 0x000001f3fd42f0b0
Event: 39.401 Thread 0x000001f3fd42cb80 Thread exited: 0x000001f3fd42cb80
Event: 43.788 Thread 0x000001f3bb67d090 Thread added: 0x000001f3fd42e0c0
Event: 45.803 Thread 0x000001f3fd42e0c0 Thread exited: 0x000001f3fd42e0c0
Event: 49.418 Thread 0x000001f3bb67d090 Thread added: 0x000001f3fd42d0d0
Event: 49.776 Thread 0x000001f3fd42d0d0 Thread exited: 0x000001f3fd42d0d0


Dynamic libraries:
0x00007ff7df7e0000 - 0x00007ff7df7ee000 	C:\Users\PC\.jdks\corretto-17.0.13\bin\java.exe
0x00007ffd28990000 - 0x00007ffd28ba7000 	C:\Windows\SYSTEM32\ntdll.dll
0x00007ffd27f30000 - 0x00007ffd27ff4000 	C:\Windows\System32\KERNEL32.DLL
0x00007ffd25c90000 - 0x00007ffd26049000 	C:\Windows\System32\KERNELBASE.dll
0x00007ffd263f0000 - 0x00007ffd26501000 	C:\Windows\System32\ucrtbase.dll
0x00007ffd18960000 - 0x00007ffd1897b000 	C:\Users\PC\.jdks\corretto-17.0.13\bin\VCRUNTIME140.dll
0x00007ffd1e790000 - 0x00007ffd1e7a7000 	C:\Users\PC\.jdks\corretto-17.0.13\bin\jli.dll
0x00007ffd26760000 - 0x00007ffd2690e000 	C:\Windows\System32\USER32.dll
0x00007ffd26110000 - 0x00007ffd26136000 	C:\Windows\System32\win32u.dll
0x00007ffd282c0000 - 0x00007ffd282e9000 	C:\Windows\System32\GDI32.dll
0x00007ffd26510000 - 0x00007ffd2662b000 	C:\Windows\System32\gdi32full.dll
0x00007ffd26350000 - 0x00007ffd263ea000 	C:\Windows\System32\msvcp_win.dll
0x00007ffcef090000 - 0x00007ffcef322000 	C:\Windows\WinSxS\amd64_microsoft.windows.common-controls_6595b64144ccf1df_6.0.22621.4391_none_2715d37f73803e96\COMCTL32.dll
0x00007ffd266b0000 - 0x00007ffd26757000 	C:\Windows\System32\msvcrt.dll
0x00007ffd27d90000 - 0x00007ffd27dc1000 	C:\Windows\System32\IMM32.DLL
0x00007ffd1e200000 - 0x00007ffd1e20c000 	C:\Users\PC\.jdks\corretto-17.0.13\bin\vcruntime140_1.dll
0x00007ffd188d0000 - 0x00007ffd1895d000 	C:\Users\PC\.jdks\corretto-17.0.13\bin\msvcp140.dll
0x00007ffcc7a60000 - 0x00007ffcc86cc000 	C:\Users\PC\.jdks\corretto-17.0.13\bin\server\jvm.dll
0x00007ffd27cd0000 - 0x00007ffd27d82000 	C:\Windows\System32\ADVAPI32.dll
0x00007ffd288a0000 - 0x00007ffd28947000 	C:\Windows\System32\sechost.dll
0x00007ffd262b0000 - 0x00007ffd262d8000 	C:\Windows\System32\bcrypt.dll
0x00007ffd26fe0000 - 0x00007ffd270f4000 	C:\Windows\System32\RPCRT4.dll
0x00007ffd28820000 - 0x00007ffd28891000 	C:\Windows\System32\WS2_32.dll
0x00007ffd259b0000 - 0x00007ffd259fd000 	C:\Windows\SYSTEM32\POWRPROF.dll
0x00007ffd18ae0000 - 0x00007ffd18b14000 	C:\Windows\SYSTEM32\WINMM.dll
0x00007ffd15040000 - 0x00007ffd1504a000 	C:\Windows\SYSTEM32\VERSION.dll
0x00007ffd25990000 - 0x00007ffd259a3000 	C:\Windows\SYSTEM32\UMPDC.dll
0x00007ffd24c90000 - 0x00007ffd24ca8000 	C:\Windows\SYSTEM32\kernel.appcore.dll
0x00007ffd1ce00000 - 0x00007ffd1ce0a000 	C:\Users\PC\.jdks\corretto-17.0.13\bin\jimage.dll
0x00007ffd23540000 - 0x00007ffd23772000 	C:\Windows\SYSTEM32\DBGHELP.DLL
0x00007ffd28400000 - 0x00007ffd2878f000 	C:\Windows\System32\combase.dll
0x00007ffd27100000 - 0x00007ffd271d7000 	C:\Windows\System32\OLEAUT32.dll
0x00007ffd00140000 - 0x00007ffd00172000 	C:\Windows\SYSTEM32\dbgcore.DLL
0x00007ffd26630000 - 0x00007ffd266ab000 	C:\Windows\System32\bcryptPrimitives.dll
0x00007ffd1ccd0000 - 0x00007ffd1ccde000 	C:\Users\PC\.jdks\corretto-17.0.13\bin\instrument.dll
0x00007ffd188a0000 - 0x00007ffd188c5000 	C:\Users\PC\.jdks\corretto-17.0.13\bin\java.dll
0x00007ffcc9180000 - 0x00007ffcc9257000 	C:\Users\PC\.jdks\corretto-17.0.13\bin\jsvml.dll
0x00007ffd272e0000 - 0x00007ffd27b56000 	C:\Windows\System32\SHELL32.dll
0x00007ffd23b80000 - 0x00007ffd24483000 	C:\Windows\SYSTEM32\windows.storage.dll
0x00007ffd23a40000 - 0x00007ffd23b7f000 	C:\Windows\SYSTEM32\wintypes.dll
0x00007ffd27b60000 - 0x00007ffd27c59000 	C:\Windows\System32\SHCORE.dll
0x00007ffd282f0000 - 0x00007ffd2834e000 	C:\Windows\System32\shlwapi.dll
0x00007ffd25bc0000 - 0x00007ffd25beb000 	C:\Windows\SYSTEM32\profapi.dll
0x00007ffcfb6d0000 - 0x00007ffcfb6e8000 	C:\Users\PC\.jdks\corretto-17.0.13\bin\zip.dll
0x00007ffd18880000 - 0x00007ffd18899000 	C:\Users\PC\.jdks\corretto-17.0.13\bin\net.dll
0x00007ffd22250000 - 0x00007ffd22386000 	C:\Windows\SYSTEM32\WINHTTP.dll
0x00007ffd25100000 - 0x00007ffd25169000 	C:\Windows\system32\mswsock.dll
0x00007ffcfb710000 - 0x00007ffcfb726000 	C:\Users\PC\.jdks\corretto-17.0.13\bin\nio.dll
0x00007ffcf9300000 - 0x00007ffcf931a000 	C:\Program Files\JetBrains\IntelliJ IDEA 2024.2.4\bin\breakgen64.dll
0x00007ffcfd570000 - 0x00007ffcfd579000 	C:\Users\PC\.jdks\corretto-17.0.13\bin\extnet.dll
0x00007ffcc78d0000 - 0x00007ffcc7a60000 	C:\Users\PC\.jdks\corretto-17.0.13\bin\awt.dll
0x00007ffd1ecd0000 - 0x00007ffd1ed67000 	C:\Windows\SYSTEM32\apphelp.dll
0x00007ffd22d50000 - 0x00007ffd22d7b000 	C:\Windows\system32\DWMAPI.DLL
0x00007ffd22b00000 - 0x00007ffd22bb1000 	C:\Windows\system32\uxtheme.dll
0x00007ffd0f6a0000 - 0x00007ffd0f7a0000 	C:\Windows\system32\opengl32.dll
0x00007ffd002f0000 - 0x00007ffd0031d000 	C:\Windows\SYSTEM32\GLU32.dll
0x00007ffd22d80000 - 0x00007ffd22db7000 	C:\Windows\SYSTEM32\dxcore.dll
0x00007ffd27dd0000 - 0x00007ffd27f30000 	C:\Windows\System32\MSCTF.dll
0x00007ffd28110000 - 0x00007ffd282b5000 	C:\Windows\System32\ole32.dll
0x00007ffce88c0000 - 0x00007ffce8947000 	C:\Users\PC\.jdks\corretto-17.0.13\bin\freetype.dll
0x00007ffcc77f0000 - 0x00007ffcc78ca000 	C:\Users\PC\.jdks\corretto-17.0.13\bin\fontmanager.dll
0x00007ffd28350000 - 0x00007ffd28400000 	C:\Windows\System32\clbcatq.dll
0x00007ffd228a0000 - 0x00007ffd22a50000 	C:\Windows\SYSTEM32\WindowsCodecs.dll
0x00007ffcf8e70000 - 0x00007ffcf8ece000 	C:\Windows\system32\dataexchange.dll
0x00007ffd1a6c0000 - 0x00007ffd1a964000 	C:\Windows\system32\twinapi.appcore.dll
0x00007ffd1afd0000 - 0x00007ffd1b115000 	C:\Windows\SYSTEM32\textinputframework.dll
0x00007ffd00050000 - 0x00007ffd0009b000 	C:\Windows\system32\ApplicationTargetedFeatureDatabase.dll
0x00007ffd1e630000 - 0x00007ffd1e763000 	C:\Windows\SYSTEM32\CoreMessaging.dll
0x00007ffd1c430000 - 0x00007ffd1c79d000 	C:\Windows\SYSTEM32\CoreUIComponents.dll
0x00007ffd25430000 - 0x00007ffd2543c000 	C:\Windows\SYSTEM32\CRYPTBASE.DLL
0x00007ffce7e10000 - 0x00007ffce7edc000 	C:\Windows\HancomIME\x64\HCHangulIME.dll
0x00007ffd1d650000 - 0x00007ffd1d8c3000 	C:\Windows\SYSTEM32\DWrite.dll
0x00007ffd1d980000 - 0x00007ffd1df6e000 	C:\Windows\SYSTEM32\d2d1.dll
0x00007ffd0e300000 - 0x00007ffd0e7fe000 	C:\Windows\SYSTEM32\WININET.dll
0x00007ffd24710000 - 0x00007ffd24812000 	C:\Windows\SYSTEM32\DNSAPI.dll
0x00007ffd246e0000 - 0x00007ffd2470d000 	C:\Windows\SYSTEM32\IPHLPAPI.DLL
0x00007ffd26920000 - 0x00007ffd26929000 	C:\Windows\System32\NSI.dll
0x00007ffd1ef50000 - 0x00007ffd1ef5a000 	C:\Windows\System32\rasadhlp.dll
0x00007ffd1e860000 - 0x00007ffd1e8e3000 	C:\Windows\System32\fwpuclnt.dll

dbghelp: loaded successfully - version: 4.0.5 - missing functions: none
symbol engine: initialized successfully - sym options: 0x614 - pdb path: .;C:\Users\PC\.jdks\corretto-17.0.13\bin;C:\Windows\SYSTEM32;C:\Windows\WinSxS\amd64_microsoft.windows.common-controls_6595b64144ccf1df_6.0.22621.4391_none_2715d37f73803e96;C:\Users\PC\.jdks\corretto-17.0.13\bin\server;C:\Program Files\JetBrains\IntelliJ IDEA 2024.2.4\bin;C:\Windows\HancomIME\x64

VM Arguments:
jvm_args: -javaagent:C:\Program Files\JetBrains\IntelliJ IDEA 2024.2.4\lib\idea_rt.jar=59508:C:\Program Files\JetBrains\IntelliJ IDEA 2024.2.4\bin -Dfile.encoding=UTF-8 
java_command: Client
java_class_path (initial): D:\KTstudy\CatchLiar\out\production\CatchLiar
Launcher Type: SUN_STANDARD

[Global flags]
     intx CICompilerCount                          = 12                                        {product} {ergonomic}
     uint ConcGCThreads                            = 3                                         {product} {ergonomic}
     uint G1ConcRefinementThreads                  = 13                                        {product} {ergonomic}
   size_t G1HeapRegionSize                         = 2097152                                   {product} {ergonomic}
    uintx GCDrainStackTargetSize                   = 64                                        {product} {ergonomic}
   size_t InitialHeapSize                          = 264241152                                 {product} {ergonomic}
   size_t MarkStackSize                            = 4194304                                   {product} {ergonomic}
   size_t MaxHeapSize                              = 4221566976                                {product} {ergonomic}
   size_t MaxNewSize                               = 2531262464                                {product} {ergonomic}
   size_t MinHeapDeltaBytes                        = 2097152                                   {product} {ergonomic}
   size_t MinHeapSize                              = 8388608                                   {product} {ergonomic}
    uintx NonNMethodCodeHeapSize                   = 7602480                                {pd product} {ergonomic}
    uintx NonProfiledCodeHeapSize                  = 122027880                              {pd product} {ergonomic}
    uintx ProfiledCodeHeapSize                     = 122027880                              {pd product} {ergonomic}
    uintx ReservedCodeCacheSize                    = 251658240                              {pd product} {ergonomic}
     bool SegmentedCodeCache                       = true                                      {product} {ergonomic}
   size_t SoftMaxHeapSize                          = 4221566976                             {manageable} {ergonomic}
     bool UseCompressedClassPointers               = true                           {product lp64_product} {ergonomic}
     bool UseCompressedOops                        = true                           {product lp64_product} {ergonomic}
     bool UseG1GC                                  = true                                      {product} {ergonomic}
     bool UseLargePagesIndividualAllocation        = false                                  {pd product} {ergonomic}

Logging:
Log output configuration:
 #0: stdout all=warning uptime,level,tags
 #1: stderr all=off uptime,level,tags

Environment Variables:
JAVA_HOME=C:\Program Files\Java\jdk-1.8\bin
PATH=C:\Program Files\Common Files\Oracle\Java\javapath;C:\Python312\Scripts\;C:\Python312\;C:\app\PC\product\21c\dbhomeXE\bin;"C:\Program Files\Java\jdk-1.8\bin;C:\Program Files (x86)\Common Files\Oracle\Java\javapath";C:\Windows\system32;C:\Windows;C:\Windows\System32\Wbem;C:\Windows\System32\WindowsPowerShell\v1.0\;C:\Windows\System32\OpenSSH\;C:\Program Files\Microsoft SQL Server\150\Tools\Binn\;C:\Program Files\Microsoft SQL Server\Client SDK\ODBC\170\Tools\Binn\;C:\Program Files\Git\cmd;C:\Program Files\Bandizip\;C:\Program Files\Go\bin;C:\Program Files\Common Files\Autodesk Shared\;C:\Program Files\Microsoft SQL Server\120\Tools\Binn\;C:\Users\PC\platform-tools-latest-windows\platform-tools;C:\ProgramData\chocolatey\bin;C:\Program Files\dotnet\;C:\Program Files (x86)\Windows Kits\10\Windows Performance Toolkit\;C:\Program Files\nodejs\;C:\Program Files\ffmpeg-7.1-full_build-shared\bin;C:\Program Files\MySQL\MySQL Shell 8.0\bin\;C:\Users\PC\AppData\Local\Programs\Python\Python37\Scripts\;C:\Users\PC\AppData\Local\Programs\Python\Python37\;C:\Users\PC\AppData\Local\Programs\Python\Python310\Scripts\;C:\Users\PC\AppData\Local\Programs\Python\Python310\;C:\Users\PC\AppData\Local\Microsoft\WindowsApps;C:\Users\PC\.dotnet\tools;C:\Users\PC\AppData\Local\Programs\Microsoft VS Code\bin;C:\Users\PC\go\bin;C:\Program Files\Java\jdk-1.8\bin;C:\Users\PC\AppData\Local\JetBrains\Toolbox\scripts;C:\Users\PC\.dotnet\tools;C:\Users\PC\AppData\Local\GitHubDesktop\bin;C:\Program Files\JetBrains\IntelliJ IDEA 2024.2.4\bin;;C:\Users\PC\AppData\Roaming\npm
USERNAME=PC
OS=Windows_NT
PROCESSOR_IDENTIFIER=Intel64 Family 6 Model 186 Stepping 2, GenuineIntel
TMP=C:\Users\PC\AppData\Local\Temp
TEMP=C:\Users\PC\AppData\Local\Temp



Periodic native trim disabled


---------------  S Y S T E M  ---------------

OS:
 Windows 11 , 64 bit Build 22621 (10.0.22621.4391)
OS uptime: 1 days 14:42 hours
Hyper-V role detected

CPU: total 16 (initial active 16) (8 cores per cpu, 2 threads per core) family 6 model 186 stepping 2 microcode 0x410e, cx8, cmov, fxsr, ht, mmx, 3dnowpref, sse, sse2, sse3, ssse3, sse4.1, sse4.2, popcnt, lzcnt, tsc, tscinvbit, avx, avx2, aes, erms, clmul, bmi1, bmi2, adx, sha, fma, vzeroupper, clflush, clflushopt, clwb, hv
Processor Information for processor 0
  Max Mhz: 1900, Current Mhz: 1900, Mhz Limit: 1900
Processor Information for processor 1
  Max Mhz: 1900, Current Mhz: 1900, Mhz Limit: 1900
Processor Information for processor 2
  Max Mhz: 1900, Current Mhz: 1900, Mhz Limit: 1900
Processor Information for processor 3
  Max Mhz: 1900, Current Mhz: 1900, Mhz Limit: 1900
Processor Information for processor 4
  Max Mhz: 1900, Current Mhz: 1900, Mhz Limit: 1900
Processor Information for processor 5
  Max Mhz: 1900, Current Mhz: 1900, Mhz Limit: 1900
Processor Information for processor 6
  Max Mhz: 1900, Current Mhz: 1900, Mhz Limit: 1900
Processor Information for processor 7
  Max Mhz: 1900, Current Mhz: 1900, Mhz Limit: 1900
Processor Information for processor 8
  Max Mhz: 1900, Current Mhz: 1400, Mhz Limit: 1387
Processor Information for processor 9
  Max Mhz: 1900, Current Mhz: 1400, Mhz Limit: 1387
Processor Information for processor 10
  Max Mhz: 1900, Current Mhz: 1400, Mhz Limit: 1387
Processor Information for processor 11
  Max Mhz: 1900, Current Mhz: 1400, Mhz Limit: 1387
Processor Information for processor 12
  Max Mhz: 1900, Current Mhz: 1400, Mhz Limit: 1387
Processor Information for processor 13
  Max Mhz: 1900, Current Mhz: 1400, Mhz Limit: 1387
Processor Information for processor 14
  Max Mhz: 1900, Current Mhz: 1400, Mhz Limit: 1387
Processor Information for processor 15
  Max Mhz: 1900, Current Mhz: 1400, Mhz Limit: 1387

Memory: 4k page, system-wide physical 16098M (3364M free)
TotalPageFile size 32482M (AvailPageFile size 15717M)
current process WorkingSet (physical memory assigned to process): 248M, peak: 267M
current process commit charge ("private bytes"): 382M, peak: 417M

vm_info: OpenJDK 64-Bit Server VM (17.0.13+11-LTS) for windows-amd64 JRE (17.0.13+11-LTS), built on Oct 10 2024 19:51:30 by "Administrator" with MS VC++ 16.10 / 16.11 (VS2019)

END.
