#
# A fatal error has been detected by the Java Runtime Environment:
#
#  EXCEPTION_ACCESS_VIOLATION (0xc0000005) at pc=0x00007ffcc79ac91c, pid=28260, tid=22984
#
# JRE version: OpenJDK Runtime Environment Corretto-17.0.13.11.1 (17.0.13+11) (build 17.0.13+11-LTS)
# Java VM: OpenJDK 64-Bit Server VM Corretto-17.0.13.11.1 (17.0.13+11-LTS, mixed mode, sharing, tiered, compressed oops, compressed class ptrs, g1 gc, windows-amd64)
# Problematic frame:
# C  [awt.dll+0xdc91c]
#
# No core dump will be written. Minidumps are not enabled by default on client versions of Windows
#
# If you would like to submit a bug report, please visit:
#   https://github.com/corretto/corretto-17/issues/
# The crash happened outside the Java Virtual Machine in native code.
# See problematic frame for where to report the bug.
#

---------------  S U M M A R Y ------------

Command Line: -javaagent:C:\Program Files\JetBrains\IntelliJ IDEA 2024.2.4\lib\idea_rt.jar=59512:C:\Program Files\JetBrains\IntelliJ IDEA 2024.2.4\bin -Dfile.encoding=UTF-8 Client

Host: 13th Gen Intel(R) Core(TM) i5-1340P, 16 cores, 15G,  Windows 11 , 64 bit Build 22621 (10.0.22621.4391)
Time: Thu Dec 12 22:11:38 2024  Windows 11 , 64 bit Build 22621 (10.0.22621.4391) elapsed time: 382.227731 seconds (0d 0h 6m 22s)

---------------  T H R E A D  ---------------

Current thread (0x000001f1d6d8dbe0):  JavaThread "AWT-Windows" daemon [_thread_in_native, id=22984, stack(0x00000039c7d00000,0x00000039c7e00000)]

Stack: [0x00000039c7d00000,0x00000039c7e00000],  sp=0x00000039c7dfecc0,  free space=1019k
Native frames: (J=compiled Java code, j=interpreted, Vv=VM code, C=native code)
C  [awt.dll+0xdc91c]

Java frames: (J=compiled Java code, j=interpreted, Vv=VM code)
j  sun.awt.windows.WToolkit.eventLoop()V+0 java.desktop@17.0.13
j  sun.awt.windows.WToolkit.run()V+50 java.desktop@17.0.13
j  java.lang.Thread.run()V+11 java.base@17.0.13
v  ~StubRoutines::call_stub

siginfo: EXCEPTION_ACCESS_VIOLATION (0xc0000005), reading address 0x0000000000000004


Registers:
RAX=0x000001f21c7050c0, RBX=0x000001f21c1cbed0, RCX=0x0000000000000000, RDX=0x0000000000000000
RSP=0x00000039c7dfecc0, RBP=0x00000039c7dfedc9, RSI=0x000001f21e581630, RDI=0x0000000000000000
R8 =0x0000000000000001, R9 =0x0000000000000000, R10=0x0000000000000000, R11=0x0000000000000246
R12=0x0000000000000000, R13=0x0000000000000310, R14=0x0000000000000000, R15=0x0000000000000000
RIP=0x00007ffcc79ac91c, EFLAGS=0x0000000000010246


Register to memory mapping:

RIP=0x00007ffcc79ac91c awt.dll
RAX=0x000001f21c7050c0 points into unknown readable memory: 0x0000000000000000 | 00 00 00 00 00 00 00 00
RBX=0x000001f21c1cbed0 points into unknown readable memory: 0x000001f21df2f950 | 50 f9 f2 1d f2 01 00 00
RCX=0x0 is NULL
RDX=0x0 is NULL
RSP=0x00000039c7dfecc0 is pointing into the stack for thread: 0x000001f1d6d8dbe0
RBP=0x00000039c7dfedc9 is pointing into the stack for thread: 0x000001f1d6d8dbe0
RSI=0x000001f21e581630 points into unknown readable memory: 0x00007ffcc79dc880 | 80 c8 9d c7 fc 7f 00 00
RDI=0x0 is NULL
R8 =0x0000000000000001 is an unknown value
R9 =0x0 is NULL
R10=0x0 is NULL
R11=0x0000000000000246 is an unknown value
R12=0x0 is NULL
R13=0x0000000000000310 is an unknown value
R14=0x0 is NULL
R15=0x0 is NULL


Top of Stack: (sp=0x00000039c7dfecc0)
0x00000039c7dfecc0:   00007ffcc7a0c838 0000000000000000
0x00000039c7dfecd0:   fffffffff00111c1 0000000000000000
0x00000039c7dfece0:   0000000000000000 00007ffcc79682db
0x00000039c7dfecf0:   0000000000000000 000001f21c1cbed0
0x00000039c7dfed00:   0000000000000000 000001f21e581630
0x00000039c7dfed10:   000001f21e581630 00007ffcc7968326
0x00000039c7dfed20:   00007ffcc78d0000 0000000000000000
0x00000039c7dfed30:   000000000000c258 00007ffcc796885d
0x00000039c7dfed40:   000001f21e581630 00007ffcc7965686
0x00000039c7dfed50:   000001f21e581630 0000000000000000
0x00000039c7dfed60:   0000000000000001 00007ffd289b6b27
0x00000039c7dfed70:   00000039c7dfee30 00007ffd26778696
0x00000039c7dfed80:   00007ffcc7968800 0000000000000000
0x00000039c7dfed90:   0000000000000000 00007ffd289b8af3
0x00000039c7dfeda0:   0000000000000000 00000039c7dfee30
0x00000039c7dfedb0:   00000039c7dfee34 000001f1d6d8de98
0x00000039c7dfedc0:   000001f21e5816d0 000000000000c258
0x00000039c7dfedd0:   000000000000c258 0000ab01a7dd4204
0x00000039c7dfede0:   000001f21e21a6f0 0000000000000000
0x00000039c7dfedf0:   0000000000000000 0000000000000000
0x00000039c7dfee00:   0000000000000000 0000000000000000
0x00000039c7dfee10:   0000000000000000 000001f21e581630
0x00000039c7dfee20:   0000000000000310 00007ffcc79b174b
0x00000039c7dfee30:   0000000200000002 0000000000000000
0x00000039c7dfee40:   00003ca896fd7946 000053e6387ad009
0x00000039c7dfee50:   0000000000000000 000000000000c258
0x00000039c7dfee60:   0000000000000000 0000000000000000
0x00000039c7dfee70:   00000039c7dff048 00007ffd26778696
0x00000039c7dfee80:   0000000000000070 00007ffd289b8af3
0x00000039c7dfee90:   ffffffffffffffeb 00007ffd2677acb9
0x00000039c7dfeea0:   00007ffd26778696 0000ab01a7dd4164
0x00000039c7dfeeb0:   0000000000080794 0000000000000000 

Instructions: (pc=0x00007ffcc79ac91c)
0x00007ffcc79ac81c:   2b fe 66 90 8b 04 0f 89 01 48 8d 49 04 48 83 ea
0x00007ffcc79ac82c:   01 75 f1 45 85 ff 7e 11 4d 8b c7 33 d2 49 c1 e0
0x00007ffcc79ac83c:   02 49 8b ce e8 19 0b 01 00 48 8b 03 45 33 c9 4d
0x00007ffcc79ac84c:   8b c6 48 8b d5 48 8b cb ff 90 f8 06 00 00 48 8b
0x00007ffcc79ac85c:   03 45 33 c9 4c 8b c6 49 8b d4 48 8b cb ff 90 f8
0x00007ffcc79ac86c:   06 00 00 4c 8b 05 3a cb 06 00 48 8b cb 48 8b 15
0x00007ffcc79ac87c:   10 cb 06 00 e8 7b f5 fb ff e9 5d ff ff ff 48 8d
0x00007ffcc79ac88c:   15 af 41 03 00 48 8b cb e8 8d f3 00 00 e9 58 ff
0x00007ffcc79ac89c:   ff ff cc cc 48 89 5c 24 08 57 48 83 ec 20 8b f9
0x00007ffcc79ac8ac:   e8 ff bc f4 ff 48 8b d8 48 89 44 24 38 41 b8 01
0x00007ffcc79ac8bc:   00 00 00 8b d7 48 8b c8 e8 67 bc f4 ff 48 8b c8
0x00007ffcc79ac8cc:   e8 8f fd ff ff 90 48 8b cb e8 96 be f4 ff 90 48
0x00007ffcc79ac8dc:   8b 5c 24 30 48 83 c4 20 5f c3 cc cc cc cc cc cc
0x00007ffcc79ac8ec:   cc cc cc cc 48 89 5c 24 08 57 48 83 ec 20 8b f9
0x00007ffcc79ac8fc:   e8 af bc f4 ff 48 8b d8 48 89 44 24 38 41 b8 01
0x00007ffcc79ac90c:   00 00 00 8b d7 48 8b c8 e8 17 bc f4 ff 48 8b 08
0x00007ffcc79ac91c:   83 79 04 08 7e 04 33 ff eb 0b 48 8b 48 08 e8 81
0x00007ffcc79ac92c:   7b fe ff 8b f8 48 8b cb e8 37 be f4 ff 90 8b c7
0x00007ffcc79ac93c:   48 8b 5c 24 30 48 83 c4 20 5f c3 cc cc cc cc cc
0x00007ffcc79ac94c:   cc cc cc cc 48 89 5c 24 08 48 89 74 24 10 48 89
0x00007ffcc79ac95c:   7c 24 18 41 56 48 83 ec 30 41 8b f9 45 8b f0 48
0x00007ffcc79ac96c:   8b f2 48 8b d9 e8 ba 89 00 00 e8 15 ac ff ff 8b
0x00007ffcc79ac97c:   44 24 68 89 44 24 20 44 8b 4c 24 60 44 8b c7 41
0x00007ffcc79ac98c:   8b d6 48 8b cb e8 fa e5 ff ff 48 8b f8 48 85 c0
0x00007ffcc79ac99c:   74 7f 48 8b 03 48 8b d6 48 8b cb ff 90 f8 00 00
0x00007ffcc79ac9ac:   00 48 8b d0 48 8b cb 48 85 c0 75 0e 48 8d 15 09
0x00007ffcc79ac9bc:   42 03 00 e8 62 f2 00 00 eb 57 48 8b 03 4c 8d 0d
0x00007ffcc79ac9cc:   20 42 03 00 4c 8d 05 31 42 03 00 ff 90 08 01 00
0x00007ffcc79ac9dc:   00 48 8b cb 48 85 c0 75 1a 48 8b 03 ff 90 88 00
0x00007ffcc79ac9ec:   00 00 48 8d 15 1b 42 03 00 48 8b cb e8 29 f2 00
0x00007ffcc79ac9fc:   00 eb 1e 4c 8b cf 4c 8b c0 48 8b d6 e8 93 e0 fa
0x00007ffcc79aca0c:   ff 48 8b 03 48 8b d7 48 8b cb ff 90 b8 00 00 00 


Stack slot to memory mapping:
stack at sp + 0 slots: 0x00007ffcc7a0c838 awt.dll
stack at sp + 1 slots: 0x0 is NULL
stack at sp + 2 slots: 0xfffffffff00111c1 is an unknown value
stack at sp + 3 slots: 0x0 is NULL
stack at sp + 4 slots: 0x0 is NULL
stack at sp + 5 slots: 0x00007ffcc79682db awt.dll
stack at sp + 6 slots: 0x0 is NULL
stack at sp + 7 slots: 0x000001f21c1cbed0 points into unknown readable memory: 0x000001f21df2f950 | 50 f9 f2 1d f2 01 00 00


---------------  P R O C E S S  ---------------

Threads class SMR info:
_java_thread_list=0x000001f21c354b80, length=19, elements={
0x000001f1d699b240, 0x000001f1d699c0c0, 0x000001f1d69b7c10, 0x000001f1d69b97e0,
0x000001f1d69bc1b0, 0x000001f1d69bcf80, 0x000001f1d69bf090, 0x000001f1d69bfb40,
0x000001f1d69c3b70, 0x000001f1d6abe200, 0x000001f1d6b97f50, 0x000001f1d6b98430,
0x000001f21c00c4e0, 0x000001f1d6d8d700, 0x000001f1d6d8dbe0, 0x000001f21c290290,
0x000001f21c2920f0, 0x000001f21c2916d0, 0x000001f21c290cb0
}

Java Threads: ( => current thread )
  0x000001f1d699b240 JavaThread "Reference Handler" daemon [_thread_blocked, id=18368, stack(0x00000039c6b00000,0x00000039c6c00000)]
  0x000001f1d699c0c0 JavaThread "Finalizer" daemon [_thread_blocked, id=22256, stack(0x00000039c6c00000,0x00000039c6d00000)]
  0x000001f1d69b7c10 JavaThread "Signal Dispatcher" daemon [_thread_blocked, id=9292, stack(0x00000039c6d00000,0x00000039c6e00000)]
  0x000001f1d69b97e0 JavaThread "Attach Listener" daemon [_thread_blocked, id=12412, stack(0x00000039c6e00000,0x00000039c6f00000)]
  0x000001f1d69bc1b0 JavaThread "Service Thread" daemon [_thread_blocked, id=16144, stack(0x00000039c6f00000,0x00000039c7000000)]
  0x000001f1d69bcf80 JavaThread "Monitor Deflation Thread" daemon [_thread_blocked, id=16968, stack(0x00000039c7000000,0x00000039c7100000)]
  0x000001f1d69bf090 JavaThread "C2 CompilerThread0" daemon [_thread_blocked, id=27916, stack(0x00000039c7100000,0x00000039c7200000)]
  0x000001f1d69bfb40 JavaThread "C1 CompilerThread0" daemon [_thread_blocked, id=21336, stack(0x00000039c7200000,0x00000039c7300000)]
  0x000001f1d69c3b70 JavaThread "Sweeper thread" daemon [_thread_blocked, id=23276, stack(0x00000039c7300000,0x00000039c7400000)]
  0x000001f1d6abe200 JavaThread "Common-Cleaner" daemon [_thread_blocked, id=10156, stack(0x00000039c7400000,0x00000039c7500000)]
  0x000001f1d6b97f50 JavaThread "Monitor Ctrl-Break" daemon [_thread_in_native, id=12400, stack(0x00000039c7800000,0x00000039c7900000)]
  0x000001f1d6b98430 JavaThread "Notification Thread" daemon [_thread_blocked, id=2828, stack(0x00000039c7900000,0x00000039c7a00000)]
  0x000001f21c00c4e0 JavaThread "Java2D Disposer" daemon [_thread_blocked, id=16204, stack(0x00000039c7b00000,0x00000039c7c00000)]
  0x000001f1d6d8d700 JavaThread "AWT-Shutdown" [_thread_blocked, id=28228, stack(0x00000039c7c00000,0x00000039c7d00000)]
=>0x000001f1d6d8dbe0 JavaThread "AWT-Windows" daemon [_thread_in_native, id=22984, stack(0x00000039c7d00000,0x00000039c7e00000)]
  0x000001f21c290290 JavaThread "AWT-EventQueue-0" [_thread_in_native, id=26904, stack(0x00000039c8900000,0x00000039c8a00000)]
  0x000001f21c2920f0 JavaThread "DestroyJavaVM" [_thread_blocked, id=10384, stack(0x00000039c6400000,0x00000039c6500000)]
  0x000001f21c2916d0 JavaThread "TimerQueue" daemon [_thread_blocked, id=24900, stack(0x00000039c7f00000,0x00000039c8000000)]
  0x000001f21c290cb0 JavaThread "Thread-0" [_thread_in_native, id=2892, stack(0x00000039c8d00000,0x00000039c8e00000)]

Other Threads:
  0x000001f1d6996ba0 VMThread "VM Thread" [stack: 0x00000039c6a00000,0x00000039c6b00000] [id=25036]
  0x000001f1d6be7350 WatcherThread [stack: 0x00000039c7a00000,0x00000039c7b00000] [id=17524]
  0x000001f1b2ffb4c0 GCTaskThread "GC Thread#0" [stack: 0x00000039c6500000,0x00000039c6600000] [id=2320]
  0x000001f21c183000 GCTaskThread "GC Thread#1" [stack: 0x00000039c8000000,0x00000039c8100000] [id=1004]
  0x000001f21c1827c0 GCTaskThread "GC Thread#2" [stack: 0x00000039c8100000,0x00000039c8200000] [id=17784]
  0x000001f21c1832c0 GCTaskThread "GC Thread#3" [stack: 0x00000039c8200000,0x00000039c8300000] [id=8444]
  0x000001f21c181f80 GCTaskThread "GC Thread#4" [stack: 0x00000039c8300000,0x00000039c8400000] [id=22212]
  0x000001f21c182a80 GCTaskThread "GC Thread#5" [stack: 0x00000039c8400000,0x00000039c8500000] [id=26640]
  0x000001f21c182d40 GCTaskThread "GC Thread#6" [stack: 0x00000039c8500000,0x00000039c8600000] [id=20140]
  0x000001f21c183580 GCTaskThread "GC Thread#7" [stack: 0x00000039c8600000,0x00000039c8700000] [id=27564]
  0x000001f21c183840 GCTaskThread "GC Thread#8" [stack: 0x00000039c8700000,0x00000039c8800000] [id=11576]
  0x000001f21e4d70a0 GCTaskThread "GC Thread#9" [stack: 0x00000039c7500000,0x00000039c7600000] [id=13992]
  0x000001f21e4d8c20 GCTaskThread "GC Thread#10" [stack: 0x00000039c7600000,0x00000039c7700000] [id=24420]
  0x000001f21e4d9ca0 GCTaskThread "GC Thread#11" [stack: 0x00000039c7700000,0x00000039c7800000] [id=24724]
  0x000001f1b300bfa0 ConcurrentGCThread "G1 Main Marker" [stack: 0x00000039c6600000,0x00000039c6700000] [id=2296]
  0x000001f1b300d160 ConcurrentGCThread "G1 Conc#0" [stack: 0x00000039c6700000,0x00000039c6800000] [id=5236]
  0x000001f1d6738bd0 ConcurrentGCThread "G1 Refine#0" [stack: 0x00000039c6800000,0x00000039c6900000] [id=20684]
  0x000001f1d6739600 ConcurrentGCThread "G1 Service" [stack: 0x00000039c6900000,0x00000039c6a00000] [id=22780]

Threads with active compile tasks:

VM state: not at safepoint (normal execution)

VM Mutex/Monitor currently owned by a thread: None

Heap address: 0x0000000704600000, size: 4026 MB, Compressed Oops mode: Zero based, Oop shift amount: 3

CDS archive(s) mapped at: [0x000001f1d7000000-0x000001f1d7bb0000-0x000001f1d7bb0000), size 12255232, SharedBaseAddress: 0x000001f1d7000000, ArchiveRelocationMode: 1.
Compressed class space mapped at: 0x000001f1d8000000-0x000001f218000000, reserved size: 1073741824
Narrow klass base: 0x000001f1d7000000, Narrow klass shift: 0, Narrow klass range: 0x100000000

GC Precious Log:
 CPUs: 16 total, 16 available
 Memory: 16098M
 Large Page Support: Disabled
 NUMA Support: Disabled
 Compressed Oops: Enabled (Zero based)
 Heap Region Size: 2M
 Heap Min Capacity: 8M
 Heap Initial Capacity: 252M
 Heap Max Capacity: 4026M
 Pre-touch: Disabled
 Parallel Workers: 13
 Concurrent Workers: 3
 Concurrent Refinement Workers: 13
 Periodic GC: Disabled

Heap:
 garbage-first heap   total 258048K, used 19048K [0x0000000704600000, 0x0000000800000000)
  region size 2048K, 4 young (8192K), 1 survivors (2048K)
 Metaspace       used 13286K, committed 13568K, reserved 1114112K
  class space    used 1396K, committed 1536K, reserved 1048576K

Heap Regions: E=young(eden), S=young(survivor), O=old, HS=humongous(starts), HC=humongous(continues), CS=collection set, F=free, OA=open archive, CA=closed archive, TAMS=top-at-mark-start (previous, next)
|   0|0x0000000704600000, 0x0000000704800000, 0x0000000704800000|100%|HS|  |TAMS 0x0000000704600000, 0x0000000704600000| Complete 
|   1|0x0000000704800000, 0x0000000704a00000, 0x0000000704a00000|100%|HC|  |TAMS 0x0000000704800000, 0x0000000704800000| Complete 
|   2|0x0000000704a00000, 0x0000000704c00000, 0x0000000704c00000|100%| O|  |TAMS 0x0000000704a00000, 0x0000000704a00000| Untracked 
|   3|0x0000000704c00000, 0x0000000704e00000, 0x0000000704e00000|100%|HS|  |TAMS 0x0000000704c00000, 0x0000000704c00000| Complete 
|   4|0x0000000704e00000, 0x0000000705000000, 0x0000000705000000|100%|HC|  |TAMS 0x0000000704e00000, 0x0000000704e00000| Complete 
|   5|0x0000000705000000, 0x0000000705200000, 0x0000000705200000|100%| O|  |TAMS 0x0000000705000000, 0x0000000705000000| Untracked 
|   6|0x0000000705200000, 0x0000000705400000, 0x0000000705400000|100%| O|  |TAMS 0x0000000705200000, 0x0000000705200000| Untracked 
|   7|0x0000000705400000, 0x0000000705497000, 0x0000000705600000| 29%| O|  |TAMS 0x0000000705400000, 0x0000000705400000| Untracked 
|   8|0x0000000705600000, 0x0000000705600000, 0x0000000705800000|  0%| F|  |TAMS 0x0000000705600000, 0x0000000705600000| Untracked 
|   9|0x0000000705800000, 0x0000000705800000, 0x0000000705a00000|  0%| F|  |TAMS 0x0000000705800000, 0x0000000705800000| Untracked 
|  10|0x0000000705a00000, 0x0000000705a00000, 0x0000000705c00000|  0%| F|  |TAMS 0x0000000705a00000, 0x0000000705a00000| Untracked 
|  11|0x0000000705c00000, 0x0000000705c00000, 0x0000000705e00000|  0%| F|  |TAMS 0x0000000705c00000, 0x0000000705c00000| Untracked 
|  12|0x0000000705e00000, 0x0000000705e00000, 0x0000000706000000|  0%| F|  |TAMS 0x0000000705e00000, 0x0000000705e00000| Untracked 
|  13|0x0000000706000000, 0x0000000706000000, 0x0000000706200000|  0%| F|  |TAMS 0x0000000706000000, 0x0000000706000000| Untracked 
|  14|0x0000000706200000, 0x0000000706200000, 0x0000000706400000|  0%| F|  |TAMS 0x0000000706200000, 0x0000000706200000| Untracked 
|  15|0x0000000706400000, 0x0000000706400000, 0x0000000706600000|  0%| F|  |TAMS 0x0000000706400000, 0x0000000706400000| Untracked 
|  16|0x0000000706600000, 0x0000000706600000, 0x0000000706800000|  0%| F|  |TAMS 0x0000000706600000, 0x0000000706600000| Untracked 
|  17|0x0000000706800000, 0x0000000706800000, 0x0000000706a00000|  0%| F|  |TAMS 0x0000000706800000, 0x0000000706800000| Untracked 
|  18|0x0000000706a00000, 0x0000000706a00000, 0x0000000706c00000|  0%| F|  |TAMS 0x0000000706a00000, 0x0000000706a00000| Untracked 
|  19|0x0000000706c00000, 0x0000000706c00000, 0x0000000706e00000|  0%| F|  |TAMS 0x0000000706c00000, 0x0000000706c00000| Untracked 
|  20|0x0000000706e00000, 0x0000000706e00000, 0x0000000707000000|  0%| F|  |TAMS 0x0000000706e00000, 0x0000000706e00000| Untracked 
|  21|0x0000000707000000, 0x0000000707000000, 0x0000000707200000|  0%| F|  |TAMS 0x0000000707000000, 0x0000000707000000| Untracked 
|  22|0x0000000707200000, 0x0000000707200000, 0x0000000707400000|  0%| F|  |TAMS 0x0000000707200000, 0x0000000707200000| Untracked 
|  23|0x0000000707400000, 0x0000000707400000, 0x0000000707600000|  0%| F|  |TAMS 0x0000000707400000, 0x0000000707400000| Untracked 
|  24|0x0000000707600000, 0x0000000707600000, 0x0000000707800000|  0%| F|  |TAMS 0x0000000707600000, 0x0000000707600000| Untracked 
|  25|0x0000000707800000, 0x0000000707800000, 0x0000000707a00000|  0%| F|  |TAMS 0x0000000707800000, 0x0000000707800000| Untracked 
|  26|0x0000000707a00000, 0x0000000707a00000, 0x0000000707c00000|  0%| F|  |TAMS 0x0000000707a00000, 0x0000000707a00000| Untracked 
|  27|0x0000000707c00000, 0x0000000707c00000, 0x0000000707e00000|  0%| F|  |TAMS 0x0000000707c00000, 0x0000000707c00000| Untracked 
|  28|0x0000000707e00000, 0x0000000707e00000, 0x0000000708000000|  0%| F|  |TAMS 0x0000000707e00000, 0x0000000707e00000| Untracked 
|  29|0x0000000708000000, 0x0000000708000000, 0x0000000708200000|  0%| F|  |TAMS 0x0000000708000000, 0x0000000708000000| Untracked 
|  30|0x0000000708200000, 0x0000000708200000, 0x0000000708400000|  0%| F|  |TAMS 0x0000000708200000, 0x0000000708200000| Untracked 
|  31|0x0000000708400000, 0x0000000708400000, 0x0000000708600000|  0%| F|  |TAMS 0x0000000708400000, 0x0000000708400000| Untracked 
|  32|0x0000000708600000, 0x0000000708600000, 0x0000000708800000|  0%| F|  |TAMS 0x0000000708600000, 0x0000000708600000| Untracked 
|  33|0x0000000708800000, 0x0000000708800000, 0x0000000708a00000|  0%| F|  |TAMS 0x0000000708800000, 0x0000000708800000| Untracked 
|  34|0x0000000708a00000, 0x0000000708a00000, 0x0000000708c00000|  0%| F|  |TAMS 0x0000000708a00000, 0x0000000708a00000| Untracked 
|  35|0x0000000708c00000, 0x0000000708c00000, 0x0000000708e00000|  0%| F|  |TAMS 0x0000000708c00000, 0x0000000708c00000| Untracked 
|  36|0x0000000708e00000, 0x0000000708e00000, 0x0000000709000000|  0%| F|  |TAMS 0x0000000708e00000, 0x0000000708e00000| Untracked 
|  37|0x0000000709000000, 0x0000000709000000, 0x0000000709200000|  0%| F|  |TAMS 0x0000000709000000, 0x0000000709000000| Untracked 
|  38|0x0000000709200000, 0x0000000709200000, 0x0000000709400000|  0%| F|  |TAMS 0x0000000709200000, 0x0000000709200000| Untracked 
|  39|0x0000000709400000, 0x0000000709400000, 0x0000000709600000|  0%| F|  |TAMS 0x0000000709400000, 0x0000000709400000| Untracked 
|  40|0x0000000709600000, 0x0000000709600000, 0x0000000709800000|  0%| F|  |TAMS 0x0000000709600000, 0x0000000709600000| Untracked 
|  41|0x0000000709800000, 0x0000000709800000, 0x0000000709a00000|  0%| F|  |TAMS 0x0000000709800000, 0x0000000709800000| Untracked 
|  42|0x0000000709a00000, 0x0000000709a00000, 0x0000000709c00000|  0%| F|  |TAMS 0x0000000709a00000, 0x0000000709a00000| Untracked 
|  43|0x0000000709c00000, 0x0000000709c00000, 0x0000000709e00000|  0%| F|  |TAMS 0x0000000709c00000, 0x0000000709c00000| Untracked 
|  44|0x0000000709e00000, 0x0000000709e00000, 0x000000070a000000|  0%| F|  |TAMS 0x0000000709e00000, 0x0000000709e00000| Untracked 
|  45|0x000000070a000000, 0x000000070a000000, 0x000000070a200000|  0%| F|  |TAMS 0x000000070a000000, 0x000000070a000000| Untracked 
|  46|0x000000070a200000, 0x000000070a200000, 0x000000070a400000|  0%| F|  |TAMS 0x000000070a200000, 0x000000070a200000| Untracked 
|  47|0x000000070a400000, 0x000000070a400000, 0x000000070a600000|  0%| F|  |TAMS 0x000000070a400000, 0x000000070a400000| Untracked 
|  48|0x000000070a600000, 0x000000070a600000, 0x000000070a800000|  0%| F|  |TAMS 0x000000070a600000, 0x000000070a600000| Untracked 
|  49|0x000000070a800000, 0x000000070a800000, 0x000000070aa00000|  0%| F|  |TAMS 0x000000070a800000, 0x000000070a800000| Untracked 
|  50|0x000000070aa00000, 0x000000070aa00000, 0x000000070ac00000|  0%| F|  |TAMS 0x000000070aa00000, 0x000000070aa00000| Untracked 
|  51|0x000000070ac00000, 0x000000070ac03200, 0x000000070ae00000|  0%| S|CS|TAMS 0x000000070ac00000, 0x000000070ac00000| Complete 
|  52|0x000000070ae00000, 0x000000070ae00000, 0x000000070b000000|  0%| F|  |TAMS 0x000000070ae00000, 0x000000070ae00000| Untracked 
|  53|0x000000070b000000, 0x000000070b000000, 0x000000070b200000|  0%| F|  |TAMS 0x000000070b000000, 0x000000070b000000| Untracked 
|  54|0x000000070b200000, 0x000000070b200000, 0x000000070b400000|  0%| F|  |TAMS 0x000000070b200000, 0x000000070b200000| Untracked 
|  55|0x000000070b400000, 0x000000070b400000, 0x000000070b600000|  0%| F|  |TAMS 0x000000070b400000, 0x000000070b400000| Untracked 
|  56|0x000000070b600000, 0x000000070b600000, 0x000000070b800000|  0%| F|  |TAMS 0x000000070b600000, 0x000000070b600000| Untracked 
|  57|0x000000070b800000, 0x000000070b800000, 0x000000070ba00000|  0%| F|  |TAMS 0x000000070b800000, 0x000000070b800000| Untracked 
|  58|0x000000070ba00000, 0x000000070ba00000, 0x000000070bc00000|  0%| F|  |TAMS 0x000000070ba00000, 0x000000070ba00000| Untracked 
|  59|0x000000070bc00000, 0x000000070bc00000, 0x000000070be00000|  0%| F|  |TAMS 0x000000070bc00000, 0x000000070bc00000| Untracked 
|  60|0x000000070be00000, 0x000000070be00000, 0x000000070c000000|  0%| F|  |TAMS 0x000000070be00000, 0x000000070be00000| Untracked 
|  61|0x000000070c000000, 0x000000070c000000, 0x000000070c200000|  0%| F|  |TAMS 0x000000070c000000, 0x000000070c000000| Untracked 
|  62|0x000000070c200000, 0x000000070c200000, 0x000000070c400000|  0%| F|  |TAMS 0x000000070c200000, 0x000000070c200000| Untracked 
|  63|0x000000070c400000, 0x000000070c400000, 0x000000070c600000|  0%| F|  |TAMS 0x000000070c400000, 0x000000070c400000| Untracked 
|  64|0x000000070c600000, 0x000000070c600000, 0x000000070c800000|  0%| F|  |TAMS 0x000000070c600000, 0x000000070c600000| Untracked 
|  65|0x000000070c800000, 0x000000070c800000, 0x000000070ca00000|  0%| F|  |TAMS 0x000000070c800000, 0x000000070c800000| Untracked 
|  66|0x000000070ca00000, 0x000000070ca00000, 0x000000070cc00000|  0%| F|  |TAMS 0x000000070ca00000, 0x000000070ca00000| Untracked 
|  67|0x000000070cc00000, 0x000000070cc00000, 0x000000070ce00000|  0%| F|  |TAMS 0x000000070cc00000, 0x000000070cc00000| Untracked 
|  68|0x000000070ce00000, 0x000000070ce00000, 0x000000070d000000|  0%| F|  |TAMS 0x000000070ce00000, 0x000000070ce00000| Untracked 
|  69|0x000000070d000000, 0x000000070d000000, 0x000000070d200000|  0%| F|  |TAMS 0x000000070d000000, 0x000000070d000000| Untracked 
|  70|0x000000070d200000, 0x000000070d200000, 0x000000070d400000|  0%| F|  |TAMS 0x000000070d200000, 0x000000070d200000| Untracked 
|  71|0x000000070d400000, 0x000000070d400000, 0x000000070d600000|  0%| F|  |TAMS 0x000000070d400000, 0x000000070d400000| Untracked 
|  72|0x000000070d600000, 0x000000070d600000, 0x000000070d800000|  0%| F|  |TAMS 0x000000070d600000, 0x000000070d600000| Untracked 
|  73|0x000000070d800000, 0x000000070d800000, 0x000000070da00000|  0%| F|  |TAMS 0x000000070d800000, 0x000000070d800000| Untracked 
|  74|0x000000070da00000, 0x000000070da00000, 0x000000070dc00000|  0%| F|  |TAMS 0x000000070da00000, 0x000000070da00000| Untracked 
|  75|0x000000070dc00000, 0x000000070dc00000, 0x000000070de00000|  0%| F|  |TAMS 0x000000070dc00000, 0x000000070dc00000| Untracked 
|  76|0x000000070de00000, 0x000000070de00000, 0x000000070e000000|  0%| F|  |TAMS 0x000000070de00000, 0x000000070de00000| Untracked 
|  77|0x000000070e000000, 0x000000070e000000, 0x000000070e200000|  0%| F|  |TAMS 0x000000070e000000, 0x000000070e000000| Untracked 
|  78|0x000000070e200000, 0x000000070e200000, 0x000000070e400000|  0%| F|  |TAMS 0x000000070e200000, 0x000000070e200000| Untracked 
|  79|0x000000070e400000, 0x000000070e400000, 0x000000070e600000|  0%| F|  |TAMS 0x000000070e400000, 0x000000070e400000| Untracked 
|  80|0x000000070e600000, 0x000000070e600000, 0x000000070e800000|  0%| F|  |TAMS 0x000000070e600000, 0x000000070e600000| Untracked 
|  81|0x000000070e800000, 0x000000070e800000, 0x000000070ea00000|  0%| F|  |TAMS 0x000000070e800000, 0x000000070e800000| Untracked 
|  82|0x000000070ea00000, 0x000000070ea00000, 0x000000070ec00000|  0%| F|  |TAMS 0x000000070ea00000, 0x000000070ea00000| Untracked 
|  83|0x000000070ec00000, 0x000000070ec00000, 0x000000070ee00000|  0%| F|  |TAMS 0x000000070ec00000, 0x000000070ec00000| Untracked 
|  84|0x000000070ee00000, 0x000000070ee00000, 0x000000070f000000|  0%| F|  |TAMS 0x000000070ee00000, 0x000000070ee00000| Untracked 
|  85|0x000000070f000000, 0x000000070f000000, 0x000000070f200000|  0%| F|  |TAMS 0x000000070f000000, 0x000000070f000000| Untracked 
|  86|0x000000070f200000, 0x000000070f200000, 0x000000070f400000|  0%| F|  |TAMS 0x000000070f200000, 0x000000070f200000| Untracked 
|  87|0x000000070f400000, 0x000000070f400000, 0x000000070f600000|  0%| F|  |TAMS 0x000000070f400000, 0x000000070f400000| Untracked 
|  88|0x000000070f600000, 0x000000070f600000, 0x000000070f800000|  0%| F|  |TAMS 0x000000070f600000, 0x000000070f600000| Untracked 
|  89|0x000000070f800000, 0x000000070f800000, 0x000000070fa00000|  0%| F|  |TAMS 0x000000070f800000, 0x000000070f800000| Untracked 
|  90|0x000000070fa00000, 0x000000070fa00000, 0x000000070fc00000|  0%| F|  |TAMS 0x000000070fa00000, 0x000000070fa00000| Untracked 
|  91|0x000000070fc00000, 0x000000070fc00000, 0x000000070fe00000|  0%| F|  |TAMS 0x000000070fc00000, 0x000000070fc00000| Untracked 
|  92|0x000000070fe00000, 0x000000070fe00000, 0x0000000710000000|  0%| F|  |TAMS 0x000000070fe00000, 0x000000070fe00000| Untracked 
|  93|0x0000000710000000, 0x0000000710000000, 0x0000000710200000|  0%| F|  |TAMS 0x0000000710000000, 0x0000000710000000| Untracked 
|  94|0x0000000710200000, 0x0000000710200000, 0x0000000710400000|  0%| F|  |TAMS 0x0000000710200000, 0x0000000710200000| Untracked 
|  95|0x0000000710400000, 0x0000000710400000, 0x0000000710600000|  0%| F|  |TAMS 0x0000000710400000, 0x0000000710400000| Untracked 
|  96|0x0000000710600000, 0x0000000710600000, 0x0000000710800000|  0%| F|  |TAMS 0x0000000710600000, 0x0000000710600000| Untracked 
|  97|0x0000000710800000, 0x0000000710800000, 0x0000000710a00000|  0%| F|  |TAMS 0x0000000710800000, 0x0000000710800000| Untracked 
|  98|0x0000000710a00000, 0x0000000710a00000, 0x0000000710c00000|  0%| F|  |TAMS 0x0000000710a00000, 0x0000000710a00000| Untracked 
|  99|0x0000000710c00000, 0x0000000710c00000, 0x0000000710e00000|  0%| F|  |TAMS 0x0000000710c00000, 0x0000000710c00000| Untracked 
| 100|0x0000000710e00000, 0x0000000710e00000, 0x0000000711000000|  0%| F|  |TAMS 0x0000000710e00000, 0x0000000710e00000| Untracked 
| 101|0x0000000711000000, 0x0000000711000000, 0x0000000711200000|  0%| F|  |TAMS 0x0000000711000000, 0x0000000711000000| Untracked 
| 102|0x0000000711200000, 0x0000000711200000, 0x0000000711400000|  0%| F|  |TAMS 0x0000000711200000, 0x0000000711200000| Untracked 
| 103|0x0000000711400000, 0x0000000711400000, 0x0000000711600000|  0%| F|  |TAMS 0x0000000711400000, 0x0000000711400000| Untracked 
| 104|0x0000000711600000, 0x0000000711600000, 0x0000000711800000|  0%| F|  |TAMS 0x0000000711600000, 0x0000000711600000| Untracked 
| 105|0x0000000711800000, 0x0000000711800000, 0x0000000711a00000|  0%| F|  |TAMS 0x0000000711800000, 0x0000000711800000| Untracked 
| 106|0x0000000711a00000, 0x0000000711a00000, 0x0000000711c00000|  0%| F|  |TAMS 0x0000000711a00000, 0x0000000711a00000| Untracked 
| 107|0x0000000711c00000, 0x0000000711c00000, 0x0000000711e00000|  0%| F|  |TAMS 0x0000000711c00000, 0x0000000711c00000| Untracked 
| 108|0x0000000711e00000, 0x0000000711e00000, 0x0000000712000000|  0%| F|  |TAMS 0x0000000711e00000, 0x0000000711e00000| Untracked 
| 109|0x0000000712000000, 0x0000000712000000, 0x0000000712200000|  0%| F|  |TAMS 0x0000000712000000, 0x0000000712000000| Untracked 
| 110|0x0000000712200000, 0x0000000712200000, 0x0000000712400000|  0%| F|  |TAMS 0x0000000712200000, 0x0000000712200000| Untracked 
| 111|0x0000000712400000, 0x0000000712400000, 0x0000000712600000|  0%| F|  |TAMS 0x0000000712400000, 0x0000000712400000| Untracked 
| 112|0x0000000712600000, 0x0000000712600000, 0x0000000712800000|  0%| F|  |TAMS 0x0000000712600000, 0x0000000712600000| Untracked 
| 113|0x0000000712800000, 0x0000000712800000, 0x0000000712a00000|  0%| F|  |TAMS 0x0000000712800000, 0x0000000712800000| Untracked 
| 114|0x0000000712a00000, 0x0000000712a00000, 0x0000000712c00000|  0%| F|  |TAMS 0x0000000712a00000, 0x0000000712a00000| Untracked 
| 115|0x0000000712c00000, 0x0000000712c00000, 0x0000000712e00000|  0%| F|  |TAMS 0x0000000712c00000, 0x0000000712c00000| Untracked 
| 116|0x0000000712e00000, 0x0000000712e00000, 0x0000000713000000|  0%| F|  |TAMS 0x0000000712e00000, 0x0000000712e00000| Untracked 
| 117|0x0000000713000000, 0x0000000713000000, 0x0000000713200000|  0%| F|  |TAMS 0x0000000713000000, 0x0000000713000000| Untracked 
| 118|0x0000000713200000, 0x0000000713200000, 0x0000000713400000|  0%| F|  |TAMS 0x0000000713200000, 0x0000000713200000| Untracked 
| 119|0x0000000713400000, 0x0000000713400000, 0x0000000713600000|  0%| F|  |TAMS 0x0000000713400000, 0x0000000713400000| Untracked 
| 120|0x0000000713600000, 0x0000000713600000, 0x0000000713800000|  0%| F|  |TAMS 0x0000000713600000, 0x0000000713600000| Untracked 
| 121|0x0000000713800000, 0x0000000713800000, 0x0000000713a00000|  0%| F|  |TAMS 0x0000000713800000, 0x0000000713800000| Untracked 
| 122|0x0000000713a00000, 0x0000000713a00000, 0x0000000713c00000|  0%| F|  |TAMS 0x0000000713a00000, 0x0000000713a00000| Untracked 
| 123|0x0000000713c00000, 0x0000000713d2c320, 0x0000000713e00000| 58%| E|  |TAMS 0x0000000713c00000, 0x0000000713c00000| Complete 
| 124|0x0000000713e00000, 0x0000000714000000, 0x0000000714000000|100%| E|CS|TAMS 0x0000000713e00000, 0x0000000713e00000| Complete 
| 125|0x0000000714000000, 0x0000000714200000, 0x0000000714200000|100%| E|CS|TAMS 0x0000000714000000, 0x0000000714000000| Complete 

Card table byte_map: [0x000001f1cab20000,0x000001f1cb300000] _byte_map_base: 0x000001f1c72fd000

Marking Bits (Prev, Next): (CMBitMap*) 0x000001f1b2ffbae0, (CMBitMap*) 0x000001f1b2ffbb20
 Prev Bits: [0x000001f1cbae0000, 0x000001f1cf9c8000)
 Next Bits: [0x000001f1cf9d0000, 0x000001f1d38b8000)

Polling page: 0x000001f1b0ee0000

Metaspace:

Usage:
  Non-class:     11.61 MB used.
      Class:      1.36 MB used.
       Both:     12.98 MB used.

Virtual space:
  Non-class space:       64.00 MB reserved,      11.75 MB ( 18%) committed,  1 nodes.
      Class space:        1.00 GB reserved,       1.50 MB ( <1%) committed,  1 nodes.
             Both:        1.06 GB reserved,      13.25 MB (  1%) committed. 

Chunk freelists:
   Non-Class:  4.16 MB
       Class:  14.52 MB
        Both:  18.69 MB

MaxMetaspaceSize: unlimited
CompressedClassSpaceSize: 1.00 GB
Initial GC threshold: 21.00 MB
Current GC threshold: 21.00 MB
CDS: on
MetaspaceReclaimPolicy: balanced
 - commit_granule_bytes: 65536.
 - commit_granule_words: 8192.
 - virtual_space_node_default_size: 8388608.
 - enlarge_chunks_in_place: 1.
 - new_chunks_are_fully_committed: 0.
 - uncommit_free_chunks: 1.
 - use_allocation_guard: 0.
 - handle_deallocations: 1.


Internal statistics:

num_allocs_failed_limit: 0.
num_arena_births: 190.
num_arena_deaths: 0.
num_vsnodes_births: 2.
num_vsnodes_deaths: 0.
num_space_committed: 212.
num_space_uncommitted: 0.
num_chunks_returned_to_freelist: 0.
num_chunks_taken_from_freelist: 295.
num_chunk_merges: 0.
num_chunk_splits: 159.
num_chunks_enlarged: 58.
num_inconsistent_stats: 0.

CodeHeap 'non-profiled nmethods': size=119168Kb used=2099Kb max_used=3046Kb free=117068Kb
 bounds [0x000001f1c2660000, 0x000001f1c2960000, 0x000001f1c9ac0000]
CodeHeap 'profiled nmethods': size=119104Kb used=5258Kb max_used=6894Kb free=113845Kb
 bounds [0x000001f1baac0000, 0x000001f1bb1a0000, 0x000001f1c1f10000]
CodeHeap 'non-nmethods': size=7488Kb used=1314Kb max_used=3104Kb free=6173Kb
 bounds [0x000001f1c1f10000, 0x000001f1c2220000, 0x000001f1c2660000]
 total_blobs=3691 nmethods=3041 adapters=560
 compilation: enabled
              stopped_count=0, restarted_count=0
 full_count=0

Compilation events (20 events):
Event: 266.770 Thread 0x000001f1d69bfb40 3736   !   3       sun.nio.ch.NioSocketImpl::tryRead (87 bytes)
Event: 266.771 Thread 0x000001f1d69bfb40 nmethod 3736 0x000001f1bac8bf90 code [0x000001f1bac8c1a0, 0x000001f1bac8c738]
Event: 266.771 Thread 0x000001f1d69bfb40 3737       3       sun.nio.ch.SocketDispatcher::read (8 bytes)
Event: 266.771 Thread 0x000001f1d69bfb40 nmethod 3737 0x000001f1bab15190 code [0x000001f1bab15320, 0x000001f1bab15468]
Event: 266.771 Thread 0x000001f1d69bfb40 3738   !   3       sun.nio.ch.NioSocketImpl::endRead (58 bytes)
Event: 266.771 Thread 0x000001f1d69bfb40 nmethod 3738 0x000001f1bab53c10 code [0x000001f1bab53de0, 0x000001f1bab541d8]
Event: 266.774 Thread 0x000001f1d69bfb40 3739   !   3       sun.nio.ch.NioSocketImpl::implRead (220 bytes)
Event: 266.775 Thread 0x000001f1d69bfb40 nmethod 3739 0x000001f1bac11f90 code [0x000001f1bac12260, 0x000001f1bac13008]
Event: 382.190 Thread 0x000001f1d69bfb40 3740       3       java.lang.invoke.MethodType::changeReturnType (20 bytes)
Event: 382.190 Thread 0x000001f1d69bfb40 nmethod 3740 0x000001f1bac47190 code [0x000001f1bac47340, 0x000001f1bac47508]
Event: 382.190 Thread 0x000001f1d69bfb40 3741       3       jdk.internal.org.objectweb.asm.ClassWriter::<init> (7 bytes)
Event: 382.190 Thread 0x000001f1d69bfb40 nmethod 3741 0x000001f1bab25b10 code [0x000001f1bab25cc0, 0x000001f1bab25e08]
Event: 382.190 Thread 0x000001f1d69bfb40 3742       3       jdk.internal.org.objectweb.asm.ClassWriter::<init> (68 bytes)
Event: 382.191 Thread 0x000001f1d69bfb40 nmethod 3742 0x000001f1baba4f90 code [0x000001f1baba5160, 0x000001f1baba55e8]
Event: 382.191 Thread 0x000001f1d69bfb40 3743       3       jdk.internal.org.objectweb.asm.ClassVisitor::<init> (7 bytes)
Event: 382.191 Thread 0x000001f1d69bfb40 nmethod 3743 0x000001f1bac3bb90 code [0x000001f1bac3bd40, 0x000001f1bac3be88]
Event: 382.191 Thread 0x000001f1d69bfb40 3744       3       jdk.internal.org.objectweb.asm.ClassVisitor::<init> (88 bytes)
Event: 382.192 Thread 0x000001f1d69bfb40 nmethod 3744 0x000001f1baac0010 code [0x000001f1baac0260, 0x000001f1baac0b28]
Event: 382.192 Thread 0x000001f1d69bfb40 3745       3       jdk.internal.org.objectweb.asm.SymbolTable::<init> (41 bytes)
Event: 382.192 Thread 0x000001f1d69bfb40 nmethod 3745 0x000001f1bac91910 code [0x000001f1bac91ae0, 0x000001f1bac92078]

GC Heap History (20 events):
Event: 345.640 GC heap before
{Heap before GC invocations=40 (full 0):
 garbage-first heap   total 258048K, used 166502K [0x0000000704600000, 0x0000000800000000)
  region size 2048K, 75 young (153600K), 1 survivors (2048K)
 Metaspace       used 13278K, committed 13568K, reserved 1114112K
  class space    used 1395K, committed 1536K, reserved 1048576K
}
Event: 345.641 GC heap after
{Heap after GC invocations=41 (full 0):
 garbage-first heap   total 258048K, used 14950K [0x0000000704600000, 0x0000000800000000)
  region size 2048K, 1 young (2048K), 1 survivors (2048K)
 Metaspace       used 13278K, committed 13568K, reserved 1114112K
  class space    used 1395K, committed 1536K, reserved 1048576K
}
Event: 349.015 GC heap before
{Heap before GC invocations=41 (full 0):
 garbage-first heap   total 258048K, used 166502K [0x0000000704600000, 0x0000000800000000)
  region size 2048K, 75 young (153600K), 1 survivors (2048K)
 Metaspace       used 13278K, committed 13568K, reserved 1114112K
  class space    used 1395K, committed 1536K, reserved 1048576K
}
Event: 349.016 GC heap after
{Heap after GC invocations=42 (full 0):
 garbage-first heap   total 258048K, used 14948K [0x0000000704600000, 0x0000000800000000)
  region size 2048K, 1 young (2048K), 1 survivors (2048K)
 Metaspace       used 13278K, committed 13568K, reserved 1114112K
  class space    used 1395K, committed 1536K, reserved 1048576K
}
Event: 352.159 GC heap before
{Heap before GC invocations=42 (full 0):
 garbage-first heap   total 258048K, used 166500K [0x0000000704600000, 0x0000000800000000)
  region size 2048K, 75 young (153600K), 1 survivors (2048K)
 Metaspace       used 13278K, committed 13568K, reserved 1114112K
  class space    used 1395K, committed 1536K, reserved 1048576K
}
Event: 352.160 GC heap after
{Heap after GC invocations=43 (full 0):
 garbage-first heap   total 258048K, used 14950K [0x0000000704600000, 0x0000000800000000)
  region size 2048K, 1 young (2048K), 1 survivors (2048K)
 Metaspace       used 13278K, committed 13568K, reserved 1114112K
  class space    used 1395K, committed 1536K, reserved 1048576K
}
Event: 355.752 GC heap before
{Heap before GC invocations=43 (full 0):
 garbage-first heap   total 258048K, used 166502K [0x0000000704600000, 0x0000000800000000)
  region size 2048K, 75 young (153600K), 1 survivors (2048K)
 Metaspace       used 13278K, committed 13568K, reserved 1114112K
  class space    used 1395K, committed 1536K, reserved 1048576K
}
Event: 355.753 GC heap after
{Heap after GC invocations=44 (full 0):
 garbage-first heap   total 258048K, used 14954K [0x0000000704600000, 0x0000000800000000)
  region size 2048K, 1 young (2048K), 1 survivors (2048K)
 Metaspace       used 13278K, committed 13568K, reserved 1114112K
  class space    used 1395K, committed 1536K, reserved 1048576K
}
Event: 360.083 GC heap before
{Heap before GC invocations=44 (full 0):
 garbage-first heap   total 258048K, used 166506K [0x0000000704600000, 0x0000000800000000)
  region size 2048K, 75 young (153600K), 1 survivors (2048K)
 Metaspace       used 13278K, committed 13568K, reserved 1114112K
  class space    used 1395K, committed 1536K, reserved 1048576K
}
Event: 360.084 GC heap after
{Heap after GC invocations=45 (full 0):
 garbage-first heap   total 258048K, used 14956K [0x0000000704600000, 0x0000000800000000)
  region size 2048K, 1 young (2048K), 1 survivors (2048K)
 Metaspace       used 13278K, committed 13568K, reserved 1114112K
  class space    used 1395K, committed 1536K, reserved 1048576K
}
Event: 365.103 GC heap before
{Heap before GC invocations=45 (full 0):
 garbage-first heap   total 258048K, used 166508K [0x0000000704600000, 0x0000000800000000)
  region size 2048K, 75 young (153600K), 1 survivors (2048K)
 Metaspace       used 13278K, committed 13568K, reserved 1114112K
  class space    used 1395K, committed 1536K, reserved 1048576K
}
Event: 365.104 GC heap after
{Heap after GC invocations=46 (full 0):
 garbage-first heap   total 258048K, used 14952K [0x0000000704600000, 0x0000000800000000)
  region size 2048K, 1 young (2048K), 1 survivors (2048K)
 Metaspace       used 13278K, committed 13568K, reserved 1114112K
  class space    used 1395K, committed 1536K, reserved 1048576K
}
Event: 370.011 GC heap before
{Heap before GC invocations=46 (full 0):
 garbage-first heap   total 258048K, used 166504K [0x0000000704600000, 0x0000000800000000)
  region size 2048K, 75 young (153600K), 1 survivors (2048K)
 Metaspace       used 13278K, committed 13568K, reserved 1114112K
  class space    used 1395K, committed 1536K, reserved 1048576K
}
Event: 370.012 GC heap after
{Heap after GC invocations=47 (full 0):
 garbage-first heap   total 258048K, used 14954K [0x0000000704600000, 0x0000000800000000)
  region size 2048K, 1 young (2048K), 1 survivors (2048K)
 Metaspace       used 13278K, committed 13568K, reserved 1114112K
  class space    used 1395K, committed 1536K, reserved 1048576K
}
Event: 374.306 GC heap before
{Heap before GC invocations=47 (full 0):
 garbage-first heap   total 258048K, used 166506K [0x0000000704600000, 0x0000000800000000)
  region size 2048K, 75 young (153600K), 1 survivors (2048K)
 Metaspace       used 13278K, committed 13568K, reserved 1114112K
  class space    used 1395K, committed 1536K, reserved 1048576K
}
Event: 374.306 GC heap after
{Heap after GC invocations=48 (full 0):
 garbage-first heap   total 258048K, used 14946K [0x0000000704600000, 0x0000000800000000)
  region size 2048K, 1 young (2048K), 1 survivors (2048K)
 Metaspace       used 13278K, committed 13568K, reserved 1114112K
  class space    used 1395K, committed 1536K, reserved 1048576K
}
Event: 377.884 GC heap before
{Heap before GC invocations=48 (full 0):
 garbage-first heap   total 258048K, used 166498K [0x0000000704600000, 0x0000000800000000)
  region size 2048K, 75 young (153600K), 1 survivors (2048K)
 Metaspace       used 13278K, committed 13568K, reserved 1114112K
  class space    used 1395K, committed 1536K, reserved 1048576K
}
Event: 377.885 GC heap after
{Heap after GC invocations=49 (full 0):
 garbage-first heap   total 258048K, used 14954K [0x0000000704600000, 0x0000000800000000)
  region size 2048K, 1 young (2048K), 1 survivors (2048K)
 Metaspace       used 13278K, committed 13568K, reserved 1114112K
  class space    used 1395K, committed 1536K, reserved 1048576K
}
Event: 381.773 GC heap before
{Heap before GC invocations=49 (full 0):
 garbage-first heap   total 258048K, used 166506K [0x0000000704600000, 0x0000000800000000)
  region size 2048K, 75 young (153600K), 1 survivors (2048K)
 Metaspace       used 13278K, committed 13568K, reserved 1114112K
  class space    used 1395K, committed 1536K, reserved 1048576K
}
Event: 381.774 GC heap after
{Heap after GC invocations=50 (full 0):
 garbage-first heap   total 258048K, used 14952K [0x0000000704600000, 0x0000000800000000)
  region size 2048K, 1 young (2048K), 1 survivors (2048K)
 Metaspace       used 13278K, committed 13568K, reserved 1114112K
  class space    used 1395K, committed 1536K, reserved 1048576K
}

Dll operation events (13 events):
Event: 0.007 Loaded shared library C:\Users\PC\.jdks\corretto-17.0.13\bin\java.dll
Event: 0.023 Loaded shared library C:\Users\PC\.jdks\corretto-17.0.13\bin\jsvml.dll
Event: 0.067 Loaded shared library C:\Users\PC\.jdks\corretto-17.0.13\bin\zip.dll
Event: 0.071 Loaded shared library C:\Users\PC\.jdks\corretto-17.0.13\bin\instrument.dll
Event: 0.079 Loaded shared library C:\Users\PC\.jdks\corretto-17.0.13\bin\net.dll
Event: 0.080 Loaded shared library C:\Users\PC\.jdks\corretto-17.0.13\bin\nio.dll
Event: 0.084 Loaded shared library C:\Users\PC\.jdks\corretto-17.0.13\bin\zip.dll
Event: 0.088 Loaded shared library C:\Program Files\JetBrains\IntelliJ IDEA 2024.2.4\bin\breakgen64.dll
Event: 0.100 Loaded shared library C:\Users\PC\.jdks\corretto-17.0.13\bin\extnet.dll
Event: 0.101 Loaded shared library C:\Users\PC\.jdks\corretto-17.0.13\bin\jimage.dll
Event: 0.117 Loaded shared library C:\Users\PC\.jdks\corretto-17.0.13\bin\awt.dll
Event: 0.363 Loaded shared library C:\Users\PC\.jdks\corretto-17.0.13\bin\freetype.dll
Event: 0.364 Loaded shared library C:\Users\PC\.jdks\corretto-17.0.13\bin\fontmanager.dll

Deoptimization events (20 events):
Event: 37.072 Thread 0x000001f21c290290 DEOPT PACKING pc=0x000001f1c291da7c sp=0x00000039c89fec80
Event: 37.072 Thread 0x000001f21c290290 DEOPT UNPACKING pc=0x000001f1c1f669a3 sp=0x00000039c89fec00 mode 2
Event: 38.090 Thread 0x000001f21c290290 Uncommon trap: trap_request=0xffffff45 fr.pc=0x000001f1c28f5708 relative=0x00000000000015a8
Event: 38.090 Thread 0x000001f21c290290 Uncommon trap: reason=unstable_if action=reinterpret pc=0x000001f1c28f5708 method=sun.awt.GlobalCursorManager._updateCursor(Z)V @ 135 c2
Event: 38.090 Thread 0x000001f21c290290 DEOPT PACKING pc=0x000001f1c28f5708 sp=0x00000039c89fee00
Event: 38.090 Thread 0x000001f21c290290 DEOPT UNPACKING pc=0x000001f1c1f669a3 sp=0x00000039c89fec70 mode 2
Event: 40.677 Thread 0x000001f21c290290 Uncommon trap: trap_request=0xffffff45 fr.pc=0x000001f1c28118b4 relative=0x0000000000001eb4
Event: 40.677 Thread 0x000001f21c290290 Uncommon trap: reason=unstable_if action=reinterpret pc=0x000001f1c28118b4 method=GamePanel.paintComponent(Ljava/awt/Graphics;)V @ 46 c2
Event: 40.677 Thread 0x000001f21c290290 DEOPT PACKING pc=0x000001f1c28118b4 sp=0x00000039c89feae0
Event: 40.677 Thread 0x000001f21c290290 DEOPT UNPACKING pc=0x000001f1c1f669a3 sp=0x00000039c89fe9c0 mode 2
Event: 48.927 Thread 0x000001f21c290290 DEOPT PACKING pc=0x000001f1bb136f00 sp=0x00000039c89ff110
Event: 48.927 Thread 0x000001f21c290290 DEOPT UNPACKING pc=0x000001f1c1f67143 sp=0x00000039c89fe628 mode 0
Event: 382.219 Thread 0x000001f21c290290 Uncommon trap: trap_request=0xffffff45 fr.pc=0x000001f1c282e4ac relative=0x000000000000212c
Event: 382.219 Thread 0x000001f21c290290 Uncommon trap: reason=unstable_if action=reinterpret pc=0x000001f1c282e4ac method=sun.java2d.pipe.DrawImage.tryCopyOrScale(Lsun/java2d/SunGraphics2D;Ljava/awt/Image;IIIILjava/awt/Color;I[D)Z @ 253 c2
Event: 382.219 Thread 0x000001f21c290290 DEOPT PACKING pc=0x000001f1c282e4ac sp=0x00000039c89fe910
Event: 382.219 Thread 0x000001f21c290290 DEOPT UNPACKING pc=0x000001f1c1f669a3 sp=0x00000039c89fe850 mode 2
Event: 382.220 Thread 0x000001f21c290290 Uncommon trap: trap_request=0xffffff45 fr.pc=0x000001f1c27f5bc4 relative=0x00000000000003a4
Event: 382.220 Thread 0x000001f21c290290 Uncommon trap: reason=unstable_if action=reinterpret pc=0x000001f1c27f5bc4 method=sun.java2d.loops.RenderCache$Entry.matches(Lsun/java2d/loops/SurfaceType;Lsun/java2d/loops/CompositeType;Lsun/java2d/loops/SurfaceType;)Z @ 5 c2
Event: 382.220 Thread 0x000001f21c290290 DEOPT PACKING pc=0x000001f1c27f5bc4 sp=0x00000039c89fe6d0
Event: 382.220 Thread 0x000001f21c290290 DEOPT UNPACKING pc=0x000001f1c1f669a3 sp=0x00000039c89fe628 mode 2

Classes loaded (20 events):
Event: 27.040 Loading class sun/awt/ModalityEvent
Event: 27.040 Loading class sun/awt/ModalityEvent done
Event: 27.043 Loading class java/awt/WaitDispatchSupport
Event: 27.043 Loading class java/awt/SecondaryLoop
Event: 27.043 Loading class java/awt/SecondaryLoop done
Event: 27.043 Loading class java/awt/WaitDispatchSupport done
Event: 27.043 Loading class java/awt/WaitDispatchSupport$5
Event: 27.043 Loading class java/awt/WaitDispatchSupport$5 done
Event: 27.043 Loading class java/awt/WaitDispatchSupport$1
Event: 27.043 Loading class java/awt/WaitDispatchSupport$1 done
Event: 27.043 Loading class java/awt/WaitDispatchSupport$2
Event: 27.043 Loading class java/awt/WaitDispatchSupport$2 done
Event: 27.044 Loading class java/awt/WaitDispatchSupport$4
Event: 27.044 Loading class java/awt/WaitDispatchSupport$4 done
Event: 32.082 Loading class java/awt/Window$1DisposeAction
Event: 32.082 Loading class java/awt/Window$1DisposeAction done
Event: 37.052 Loading class jdk/internal/misc/ScopedMemoryAccess$Scope$Handle
Event: 37.052 Loading class jdk/internal/misc/ScopedMemoryAccess$Scope$Handle done
Event: 40.672 Loading class java/lang/NumberFormatException
Event: 40.672 Loading class java/lang/NumberFormatException done

Classes unloaded (0 events):
No events

Classes redefined (0 events):
No events

Internal exceptions (20 events):
Event: 0.239 Thread 0x000001f1b2f8c5d0 Exception <a 'java/lang/ClassNotFoundException'{0x0000000713aa68f0}: com/sun/swing/internal/plaf/basic/resources/spi/basicProvider> (0x0000000713aa68f0) 
thrown [s\src\hotspot\share\classfile\systemDictionary.cpp, line 256]
Event: 0.296 Thread 0x000001f21c047970 Exception <a 'java/lang/NoSuchMethodError'{0x000000071386f1c8}: 'java.lang.Object java.lang.invoke.DirectMethodHandle$Holder.newInvokeSpecial(java.lang.Object, java.lang.Object, java.lang.Object, int, int, int, int, int)'> (0x000000071386f1c8) 
thrown [s\src\hotspot\share\interpreter\linkResolver.cpp, line 759]
Event: 0.368 Thread 0x000001f1b2f8c5d0 Exception <a 'java/io/FileNotFoundException'{0x0000000713489328}> (0x0000000713489328) 
thrown [s\src\hotspot\share\prims\jni.cpp, line 516]
Event: 0.824 Thread 0x000001f1b2f8c5d0 Implicit null exception at 0x000001f1c26d67da to 0x000001f1c26da578
Event: 0.969 Thread 0x000001f1d6d8dbe0 Exception <a 'java/lang/NoSuchMethodError'{0x00000007138d9038}: 'void java.lang.invoke.DirectMethodHandle$Holder.invokeVirtual(java.lang.Object, java.lang.Object)'> (0x00000007138d9038) 
thrown [s\src\hotspot\share\interpreter\linkResolver.cpp, line 759]
Event: 0.990 Thread 0x000001f1b2f8c5d0 Exception <a 'java/lang/NoSuchMethodError'{0x00000007138a8f50}: 'void java.lang.invoke.DirectMethodHandle$Holder.invokeStaticInit(java.lang.Object)'> (0x00000007138a8f50) 
thrown [s\src\hotspot\share\interpreter\linkResolver.cpp, line 759]
Event: 1.903 Thread 0x000001f21c290290 Implicit null exception at 0x000001f1c26c9b5d to 0x000001f1c26c9bec
Event: 2.289 Thread 0x000001f21c290cb0 Exception <a 'java/lang/NoSuchMethodError'{0x00000007136c2de8}: static LRoom;.<clinit>()V> (0x00000007136c2de8) 
thrown [s\src\hotspot\share\prims\jni.cpp, line 1112]
Event: 2.304 Thread 0x000001f21c290290 Exception <a 'java/lang/NoSuchMethodError'{0x000000071348f330}: 'java.lang.Object java.lang.invoke.DirectMethodHandle$Holder.invokeSpecial(java.lang.Object, java.lang.Object, int, java.lang.Object, java.lang.Object)'> (0x000000071348f330) 
thrown [s\src\hotspot\share\interpreter\linkResolver.cpp, line 759]
Event: 2.304 Thread 0x000001f21c290290 Exception <a 'java/lang/NoSuchMethodError'{0x0000000713492ef8}: 'java.lang.Object java.lang.invoke.Invokers$Holder.linkToTargetMethod(int, java.lang.Object, java.lang.Object, java.lang.Object)'> (0x0000000713492ef8) 
thrown [s\src\hotspot\share\interpreter\linkResolver.cpp, line 759]
Event: 2.326 Thread 0x000001f21c290290 Implicit null exception at 0x000001f1c271eb5b to 0x000001f1c271ee28
Event: 26.155 Thread 0x000001f21c290290 Exception <a 'java/lang/NoSuchMethodError'{0x000000070b3707a0}: static [Ljava/lang/Object;.<clinit>()V> (0x000000070b3707a0) 
thrown [s\src\hotspot\share\prims\jni.cpp, line 1112]
Event: 27.041 Thread 0x000001f21c290290 Exception <a 'java/lang/NoSuchMethodError'{0x000000070acc5850}: 'int java.lang.invoke.DirectMethodHandle$Holder.invokeStatic(java.lang.Object)'> (0x000000070acc5850) 
thrown [s\src\hotspot\share\interpreter\linkResolver.cpp, line 759]
Event: 38.090 Thread 0x000001f21c290290 Implicit null exception at 0x000001f1c28f4ed5 to 0x000001f1c28f56e8
Event: 382.219 Thread 0x000001f21c290290 Exception <a 'sun/java2d/InvalidPipeException'{0x0000000713c82c20}: GDIWindowSurfaceData: bounds changed> (0x0000000713c82c20) 
thrown [s\src\hotspot\share\prims\jni.cpp, line 535]
Event: 382.219 Thread 0x000001f21c290290 Exception <a 'sun/java2d/InvalidPipeException'{0x0000000713c831e8}: GDIWindowSurfaceData: bounds changed> (0x0000000713c831e8) 
thrown [s\src\hotspot\share\prims\jni.cpp, line 535]
Event: 382.220 Thread 0x000001f21c290290 Exception <a 'sun/java2d/InvalidPipeException'{0x0000000713c838c8}: GDIWindowSurfaceData: bounds changed> (0x0000000713c838c8) 
thrown [s\src\hotspot\share\prims\jni.cpp, line 535]
Event: 382.220 Thread 0x000001f21c290290 Exception <a 'sun/java2d/InvalidPipeException'{0x0000000713c83f60}: GDIWindowSurfaceData: bounds changed> (0x0000000713c83f60) 
thrown [s\src\hotspot\share\prims\jni.cpp, line 535]
Event: 382.220 Thread 0x000001f21c290290 Exception <a 'sun/java2d/InvalidPipeException'{0x0000000713c84528}: GDIWindowSurfaceData: bounds changed> (0x0000000713c84528) 
thrown [s\src\hotspot\share\prims\jni.cpp, line 535]
Event: 382.220 Thread 0x000001f21c290290 Exception <a 'sun/java2d/InvalidPipeException'{0x0000000713c84bc8}: GDIWindowSurfaceData: bounds changed> (0x0000000713c84bc8) 
thrown [s\src\hotspot\share\prims\jni.cpp, line 535]

VM Operations (20 events):
Event: 345.640 Executing VM operation: G1CollectForAllocation
Event: 345.641 Executing VM operation: G1CollectForAllocation done
Event: 349.015 Executing VM operation: G1CollectForAllocation
Event: 349.016 Executing VM operation: G1CollectForAllocation done
Event: 352.159 Executing VM operation: G1CollectForAllocation
Event: 352.160 Executing VM operation: G1CollectForAllocation done
Event: 355.752 Executing VM operation: G1CollectForAllocation
Event: 355.753 Executing VM operation: G1CollectForAllocation done
Event: 360.083 Executing VM operation: G1CollectForAllocation
Event: 360.084 Executing VM operation: G1CollectForAllocation done
Event: 365.103 Executing VM operation: G1CollectForAllocation
Event: 365.104 Executing VM operation: G1CollectForAllocation done
Event: 370.011 Executing VM operation: G1CollectForAllocation
Event: 370.012 Executing VM operation: G1CollectForAllocation done
Event: 374.306 Executing VM operation: G1CollectForAllocation
Event: 374.306 Executing VM operation: G1CollectForAllocation done
Event: 377.884 Executing VM operation: G1CollectForAllocation
Event: 377.885 Executing VM operation: G1CollectForAllocation done
Event: 381.773 Executing VM operation: G1CollectForAllocation
Event: 381.774 Executing VM operation: G1CollectForAllocation done

Memory protections (0 events):
No events

Nmethod flushes (20 events):
Event: 46.034 Thread 0x000001f1d69c3b70 flushing  nmethod 0x000001f1bb117690
Event: 46.034 Thread 0x000001f1d69c3b70 flushing  nmethod 0x000001f1bb118790
Event: 46.034 Thread 0x000001f1d69c3b70 flushing osr nmethod 0x000001f1bb119f90
Event: 46.034 Thread 0x000001f1d69c3b70 flushing  nmethod 0x000001f1bb122890
Event: 46.034 Thread 0x000001f1d69c3b70 flushing  nmethod 0x000001f1bb129590
Event: 46.034 Thread 0x000001f1d69c3b70 flushing  nmethod 0x000001f1bb12b790
Event: 46.034 Thread 0x000001f1d69c3b70 flushing  nmethod 0x000001f1bb12c890
Event: 46.034 Thread 0x000001f1d69c3b70 flushing  nmethod 0x000001f1bb12db90
Event: 46.034 Thread 0x000001f1d69c3b70 flushing  nmethod 0x000001f1bb12f610
Event: 46.034 Thread 0x000001f1d69c3b70 flushing  nmethod 0x000001f1bb131590
Event: 46.034 Thread 0x000001f1d69c3b70 flushing  nmethod 0x000001f1bb133610
Event: 46.034 Thread 0x000001f1d69c3b70 flushing  nmethod 0x000001f1bb134310
Event: 46.034 Thread 0x000001f1d69c3b70 flushing  nmethod 0x000001f1bb135890
Event: 46.034 Thread 0x000001f1d69c3b70 flushing  nmethod 0x000001f1bb13a690
Event: 46.034 Thread 0x000001f1d69c3b70 flushing  nmethod 0x000001f1bb13fb10
Event: 46.034 Thread 0x000001f1d69c3b70 flushing  nmethod 0x000001f1bb15ae90
Event: 46.034 Thread 0x000001f1d69c3b70 flushing  nmethod 0x000001f1bb15cf90
Event: 46.034 Thread 0x000001f1d69c3b70 flushing  nmethod 0x000001f1bb15dd10
Event: 46.034 Thread 0x000001f1d69c3b70 flushing  nmethod 0x000001f1bb16b690
Event: 46.034 Thread 0x000001f1d69c3b70 flushing  nmethod 0x000001f1bb16e010

Events (20 events):
Event: 4.646 Thread 0x000001f21e5c8370 Thread exited: 0x000001f21e5c8370
Event: 5.447 Thread 0x000001f21c047970 Thread exited: 0x000001f21c047970
Event: 8.350 Thread 0x000001f1d69bf090 Thread added: 0x000001f21c4c02e0
Event: 8.350 Thread 0x000001f1d69bf090 Thread added: 0x000001f21c2551d0
Event: 8.894 Thread 0x000001f21c2551d0 Thread exited: 0x000001f21c2551d0
Event: 9.278 Thread 0x000001f21c4c02e0 Thread exited: 0x000001f21c4c02e0
Event: 22.615 Thread 0x000001f1d69bfb40 Thread added: 0x000001f21e7e6000
Event: 22.626 Thread 0x000001f1d69bfb40 Thread added: 0x000001f1d6d3ade0
Event: 22.626 Thread 0x000001f1d69bfb40 Thread added: 0x000001f21dd27a90
Event: 24.722 Thread 0x000001f21dd27a90 Thread exited: 0x000001f21dd27a90
Event: 24.722 Thread 0x000001f1d6d3ade0 Thread exited: 0x000001f1d6d3ade0
Event: 26.751 Thread 0x000001f21e7e6000 Thread exited: 0x000001f21e7e6000
Event: 27.119 Thread 0x000001f1d69bfb40 Thread added: 0x000001f21dc976c0
Event: 27.137 Thread 0x000001f1d69bfb40 Thread added: 0x000001f220caeff0
Event: 27.442 Thread 0x000001f220caeff0 Thread exited: 0x000001f220caeff0
Event: 27.442 Thread 0x000001f21dc976c0 Thread exited: 0x000001f21dc976c0
Event: 32.110 Thread 0x000001f1d69bfb40 Thread added: 0x000001f21dc98180
Event: 32.110 Thread 0x000001f1d69bfb40 Thread added: 0x000001f21e50d480
Event: 32.265 Thread 0x000001f21e50d480 Thread exited: 0x000001f21e50d480
Event: 32.715 Thread 0x000001f21dc98180 Thread exited: 0x000001f21dc98180


Dynamic libraries:
0x00007ff7df7e0000 - 0x00007ff7df7ee000 	C:\Users\PC\.jdks\corretto-17.0.13\bin\java.exe
0x00007ffd28990000 - 0x00007ffd28ba7000 	C:\Windows\SYSTEM32\ntdll.dll
0x00007ffd27f30000 - 0x00007ffd27ff4000 	C:\Windows\System32\KERNEL32.DLL
0x00007ffd25c90000 - 0x00007ffd26049000 	C:\Windows\System32\KERNELBASE.dll
0x00007ffd263f0000 - 0x00007ffd26501000 	C:\Windows\System32\ucrtbase.dll
0x00007ffd1e790000 - 0x00007ffd1e7a7000 	C:\Users\PC\.jdks\corretto-17.0.13\bin\jli.dll
0x00007ffd18960000 - 0x00007ffd1897b000 	C:\Users\PC\.jdks\corretto-17.0.13\bin\VCRUNTIME140.dll
0x00007ffd26760000 - 0x00007ffd2690e000 	C:\Windows\System32\USER32.dll
0x00007ffd26110000 - 0x00007ffd26136000 	C:\Windows\System32\win32u.dll
0x00007ffd282c0000 - 0x00007ffd282e9000 	C:\Windows\System32\GDI32.dll
0x00007ffd26510000 - 0x00007ffd2662b000 	C:\Windows\System32\gdi32full.dll
0x00007ffcef090000 - 0x00007ffcef322000 	C:\Windows\WinSxS\amd64_microsoft.windows.common-controls_6595b64144ccf1df_6.0.22621.4391_none_2715d37f73803e96\COMCTL32.dll
0x00007ffd26350000 - 0x00007ffd263ea000 	C:\Windows\System32\msvcp_win.dll
0x00007ffd266b0000 - 0x00007ffd26757000 	C:\Windows\System32\msvcrt.dll
0x00007ffd27d90000 - 0x00007ffd27dc1000 	C:\Windows\System32\IMM32.DLL
0x00007ffd1e200000 - 0x00007ffd1e20c000 	C:\Users\PC\.jdks\corretto-17.0.13\bin\vcruntime140_1.dll
0x00007ffd188d0000 - 0x00007ffd1895d000 	C:\Users\PC\.jdks\corretto-17.0.13\bin\msvcp140.dll
0x00007ffcc7a60000 - 0x00007ffcc86cc000 	C:\Users\PC\.jdks\corretto-17.0.13\bin\server\jvm.dll
0x00007ffd27cd0000 - 0x00007ffd27d82000 	C:\Windows\System32\ADVAPI32.dll
0x00007ffd288a0000 - 0x00007ffd28947000 	C:\Windows\System32\sechost.dll
0x00007ffd262b0000 - 0x00007ffd262d8000 	C:\Windows\System32\bcrypt.dll
0x00007ffd26fe0000 - 0x00007ffd270f4000 	C:\Windows\System32\RPCRT4.dll
0x00007ffd28820000 - 0x00007ffd28891000 	C:\Windows\System32\WS2_32.dll
0x00007ffd15040000 - 0x00007ffd1504a000 	C:\Windows\SYSTEM32\VERSION.dll
0x00007ffd259b0000 - 0x00007ffd259fd000 	C:\Windows\SYSTEM32\POWRPROF.dll
0x00007ffd18ae0000 - 0x00007ffd18b14000 	C:\Windows\SYSTEM32\WINMM.dll
0x00007ffd25990000 - 0x00007ffd259a3000 	C:\Windows\SYSTEM32\UMPDC.dll
0x00007ffd24c90000 - 0x00007ffd24ca8000 	C:\Windows\SYSTEM32\kernel.appcore.dll
0x00007ffd1ce00000 - 0x00007ffd1ce0a000 	C:\Users\PC\.jdks\corretto-17.0.13\bin\jimage.dll
0x00007ffd23540000 - 0x00007ffd23772000 	C:\Windows\SYSTEM32\DBGHELP.DLL
0x00007ffd28400000 - 0x00007ffd2878f000 	C:\Windows\System32\combase.dll
0x00007ffd27100000 - 0x00007ffd271d7000 	C:\Windows\System32\OLEAUT32.dll
0x00007ffd00140000 - 0x00007ffd00172000 	C:\Windows\SYSTEM32\dbgcore.DLL
0x00007ffd26630000 - 0x00007ffd266ab000 	C:\Windows\System32\bcryptPrimitives.dll
0x00007ffd1ccd0000 - 0x00007ffd1ccde000 	C:\Users\PC\.jdks\corretto-17.0.13\bin\instrument.dll
0x00007ffd188a0000 - 0x00007ffd188c5000 	C:\Users\PC\.jdks\corretto-17.0.13\bin\java.dll
0x00007ffcc9180000 - 0x00007ffcc9257000 	C:\Users\PC\.jdks\corretto-17.0.13\bin\jsvml.dll
0x00007ffd272e0000 - 0x00007ffd27b56000 	C:\Windows\System32\SHELL32.dll
0x00007ffd23b80000 - 0x00007ffd24483000 	C:\Windows\SYSTEM32\windows.storage.dll
0x00007ffd23a40000 - 0x00007ffd23b7f000 	C:\Windows\SYSTEM32\wintypes.dll
0x00007ffd27b60000 - 0x00007ffd27c59000 	C:\Windows\System32\SHCORE.dll
0x00007ffd282f0000 - 0x00007ffd2834e000 	C:\Windows\System32\shlwapi.dll
0x00007ffd25bc0000 - 0x00007ffd25beb000 	C:\Windows\SYSTEM32\profapi.dll
0x00007ffcfb6d0000 - 0x00007ffcfb6e8000 	C:\Users\PC\.jdks\corretto-17.0.13\bin\zip.dll
0x00007ffd18880000 - 0x00007ffd18899000 	C:\Users\PC\.jdks\corretto-17.0.13\bin\net.dll
0x00007ffd22250000 - 0x00007ffd22386000 	C:\Windows\SYSTEM32\WINHTTP.dll
0x00007ffd25100000 - 0x00007ffd25169000 	C:\Windows\system32\mswsock.dll
0x00007ffcfb710000 - 0x00007ffcfb726000 	C:\Users\PC\.jdks\corretto-17.0.13\bin\nio.dll
0x00007ffcf9300000 - 0x00007ffcf931a000 	C:\Program Files\JetBrains\IntelliJ IDEA 2024.2.4\bin\breakgen64.dll
0x00007ffcfd570000 - 0x00007ffcfd579000 	C:\Users\PC\.jdks\corretto-17.0.13\bin\extnet.dll
0x00007ffcc78d0000 - 0x00007ffcc7a60000 	C:\Users\PC\.jdks\corretto-17.0.13\bin\awt.dll
0x00007ffd1ecd0000 - 0x00007ffd1ed67000 	C:\Windows\SYSTEM32\apphelp.dll
0x00007ffd22d50000 - 0x00007ffd22d7b000 	C:\Windows\system32\DWMAPI.DLL
0x00007ffd22b00000 - 0x00007ffd22bb1000 	C:\Windows\system32\uxtheme.dll
0x00007ffd0f6a0000 - 0x00007ffd0f7a0000 	C:\Windows\system32\opengl32.dll
0x00007ffd002f0000 - 0x00007ffd0031d000 	C:\Windows\SYSTEM32\GLU32.dll
0x00007ffd22d80000 - 0x00007ffd22db7000 	C:\Windows\SYSTEM32\dxcore.dll
0x00007ffd27dd0000 - 0x00007ffd27f30000 	C:\Windows\System32\MSCTF.dll
0x00007ffd28110000 - 0x00007ffd282b5000 	C:\Windows\System32\ole32.dll
0x00007ffce88c0000 - 0x00007ffce8947000 	C:\Users\PC\.jdks\corretto-17.0.13\bin\freetype.dll
0x00007ffcc77f0000 - 0x00007ffcc78ca000 	C:\Users\PC\.jdks\corretto-17.0.13\bin\fontmanager.dll
0x00007ffd28350000 - 0x00007ffd28400000 	C:\Windows\System32\clbcatq.dll
0x00007ffd228a0000 - 0x00007ffd22a50000 	C:\Windows\SYSTEM32\WindowsCodecs.dll
0x00007ffcf8e70000 - 0x00007ffcf8ece000 	C:\Windows\system32\dataexchange.dll
0x00007ffd1a6c0000 - 0x00007ffd1a964000 	C:\Windows\system32\twinapi.appcore.dll
0x00007ffd1afd0000 - 0x00007ffd1b115000 	C:\Windows\SYSTEM32\textinputframework.dll
0x00007ffd00050000 - 0x00007ffd0009b000 	C:\Windows\system32\ApplicationTargetedFeatureDatabase.dll
0x00007ffd1e630000 - 0x00007ffd1e763000 	C:\Windows\SYSTEM32\CoreMessaging.dll
0x00007ffd1c430000 - 0x00007ffd1c79d000 	C:\Windows\SYSTEM32\CoreUIComponents.dll
0x00007ffd25430000 - 0x00007ffd2543c000 	C:\Windows\SYSTEM32\CRYPTBASE.DLL
0x00007ffce7e10000 - 0x00007ffce7edc000 	C:\Windows\HancomIME\x64\HCHangulIME.dll
0x00007ffd1d650000 - 0x00007ffd1d8c3000 	C:\Windows\SYSTEM32\DWrite.dll
0x00007ffd1d980000 - 0x00007ffd1df6e000 	C:\Windows\SYSTEM32\d2d1.dll
0x00007ffd0e300000 - 0x00007ffd0e7fe000 	C:\Windows\SYSTEM32\WININET.dll
0x00007ffd24710000 - 0x00007ffd24812000 	C:\Windows\SYSTEM32\DNSAPI.dll
0x00007ffd246e0000 - 0x00007ffd2470d000 	C:\Windows\SYSTEM32\IPHLPAPI.DLL
0x00007ffd26920000 - 0x00007ffd26929000 	C:\Windows\System32\NSI.dll
0x00007ffd1ef50000 - 0x00007ffd1ef5a000 	C:\Windows\System32\rasadhlp.dll
0x00007ffd1e860000 - 0x00007ffd1e8e3000 	C:\Windows\System32\fwpuclnt.dll

dbghelp: loaded successfully - version: 4.0.5 - missing functions: none
symbol engine: initialized successfully - sym options: 0x614 - pdb path: .;C:\Users\PC\.jdks\corretto-17.0.13\bin;C:\Windows\SYSTEM32;C:\Windows\WinSxS\amd64_microsoft.windows.common-controls_6595b64144ccf1df_6.0.22621.4391_none_2715d37f73803e96;C:\Users\PC\.jdks\corretto-17.0.13\bin\server;C:\Program Files\JetBrains\IntelliJ IDEA 2024.2.4\bin;C:\Windows\HancomIME\x64

VM Arguments:
jvm_args: -javaagent:C:\Program Files\JetBrains\IntelliJ IDEA 2024.2.4\lib\idea_rt.jar=59512:C:\Program Files\JetBrains\IntelliJ IDEA 2024.2.4\bin -Dfile.encoding=UTF-8 
java_command: Client
java_class_path (initial): D:\KTstudy\CatchLiar\out\production\CatchLiar
Launcher Type: SUN_STANDARD

[Global flags]
     intx CICompilerCount                          = 12                                        {product} {ergonomic}
     uint ConcGCThreads                            = 3                                         {product} {ergonomic}
     uint G1ConcRefinementThreads                  = 13                                        {product} {ergonomic}
   size_t G1HeapRegionSize                         = 2097152                                   {product} {ergonomic}
    uintx GCDrainStackTargetSize                   = 64                                        {product} {ergonomic}
   size_t InitialHeapSize                          = 264241152                                 {product} {ergonomic}
   size_t MarkStackSize                            = 4194304                                   {product} {ergonomic}
   size_t MaxHeapSize                              = 4221566976                                {product} {ergonomic}
   size_t MaxNewSize                               = 2531262464                                {product} {ergonomic}
   size_t MinHeapDeltaBytes                        = 2097152                                   {product} {ergonomic}
   size_t MinHeapSize                              = 8388608                                   {product} {ergonomic}
    uintx NonNMethodCodeHeapSize                   = 7602480                                {pd product} {ergonomic}
    uintx NonProfiledCodeHeapSize                  = 122027880                              {pd product} {ergonomic}
    uintx ProfiledCodeHeapSize                     = 122027880                              {pd product} {ergonomic}
    uintx ReservedCodeCacheSize                    = 251658240                              {pd product} {ergonomic}
     bool SegmentedCodeCache                       = true                                      {product} {ergonomic}
   size_t SoftMaxHeapSize                          = 4221566976                             {manageable} {ergonomic}
     bool UseCompressedClassPointers               = true                           {product lp64_product} {ergonomic}
     bool UseCompressedOops                        = true                           {product lp64_product} {ergonomic}
     bool UseG1GC                                  = true                                      {product} {ergonomic}
     bool UseLargePagesIndividualAllocation        = false                                  {pd product} {ergonomic}

Logging:
Log output configuration:
 #0: stdout all=warning uptime,level,tags
 #1: stderr all=off uptime,level,tags

Environment Variables:
JAVA_HOME=C:\Program Files\Java\jdk-1.8\bin
PATH=C:\Program Files\Common Files\Oracle\Java\javapath;C:\Python312\Scripts\;C:\Python312\;C:\app\PC\product\21c\dbhomeXE\bin;"C:\Program Files\Java\jdk-1.8\bin;C:\Program Files (x86)\Common Files\Oracle\Java\javapath";C:\Windows\system32;C:\Windows;C:\Windows\System32\Wbem;C:\Windows\System32\WindowsPowerShell\v1.0\;C:\Windows\System32\OpenSSH\;C:\Program Files\Microsoft SQL Server\150\Tools\Binn\;C:\Program Files\Microsoft SQL Server\Client SDK\ODBC\170\Tools\Binn\;C:\Program Files\Git\cmd;C:\Program Files\Bandizip\;C:\Program Files\Go\bin;C:\Program Files\Common Files\Autodesk Shared\;C:\Program Files\Microsoft SQL Server\120\Tools\Binn\;C:\Users\PC\platform-tools-latest-windows\platform-tools;C:\ProgramData\chocolatey\bin;C:\Program Files\dotnet\;C:\Program Files (x86)\Windows Kits\10\Windows Performance Toolkit\;C:\Program Files\nodejs\;C:\Program Files\ffmpeg-7.1-full_build-shared\bin;C:\Program Files\MySQL\MySQL Shell 8.0\bin\;C:\Users\PC\AppData\Local\Programs\Python\Python37\Scripts\;C:\Users\PC\AppData\Local\Programs\Python\Python37\;C:\Users\PC\AppData\Local\Programs\Python\Python310\Scripts\;C:\Users\PC\AppData\Local\Programs\Python\Python310\;C:\Users\PC\AppData\Local\Microsoft\WindowsApps;C:\Users\PC\.dotnet\tools;C:\Users\PC\AppData\Local\Programs\Microsoft VS Code\bin;C:\Users\PC\go\bin;C:\Program Files\Java\jdk-1.8\bin;C:\Users\PC\AppData\Local\JetBrains\Toolbox\scripts;C:\Users\PC\.dotnet\tools;C:\Users\PC\AppData\Local\GitHubDesktop\bin;C:\Program Files\JetBrains\IntelliJ IDEA 2024.2.4\bin;;C:\Users\PC\AppData\Roaming\npm
USERNAME=PC
OS=Windows_NT
PROCESSOR_IDENTIFIER=Intel64 Family 6 Model 186 Stepping 2, GenuineIntel
TMP=C:\Users\PC\AppData\Local\Temp
TEMP=C:\Users\PC\AppData\Local\Temp



Periodic native trim disabled


---------------  S Y S T E M  ---------------

OS:
 Windows 11 , 64 bit Build 22621 (10.0.22621.4391)
OS uptime: 1 days 14:42 hours
Hyper-V role detected

CPU: total 16 (initial active 16) (8 cores per cpu, 2 threads per core) family 6 model 186 stepping 2 microcode 0x410e, cx8, cmov, fxsr, ht, mmx, 3dnowpref, sse, sse2, sse3, ssse3, sse4.1, sse4.2, popcnt, lzcnt, tsc, tscinvbit, avx, avx2, aes, erms, clmul, bmi1, bmi2, adx, sha, fma, vzeroupper, clflush, clflushopt, clwb, hv
Processor Information for processor 0
  Max Mhz: 1900, Current Mhz: 1900, Mhz Limit: 1900
Processor Information for processor 1
  Max Mhz: 1900, Current Mhz: 1900, Mhz Limit: 1900
Processor Information for processor 2
  Max Mhz: 1900, Current Mhz: 1900, Mhz Limit: 1900
Processor Information for processor 3
  Max Mhz: 1900, Current Mhz: 1900, Mhz Limit: 1900
Processor Information for processor 4
  Max Mhz: 1900, Current Mhz: 1900, Mhz Limit: 1900
Processor Information for processor 5
  Max Mhz: 1900, Current Mhz: 1900, Mhz Limit: 1900
Processor Information for processor 6
  Max Mhz: 1900, Current Mhz: 1900, Mhz Limit: 1900
Processor Information for processor 7
  Max Mhz: 1900, Current Mhz: 1900, Mhz Limit: 1900
Processor Information for processor 8
  Max Mhz: 1900, Current Mhz: 1400, Mhz Limit: 1387
Processor Information for processor 9
  Max Mhz: 1900, Current Mhz: 1400, Mhz Limit: 1387
Processor Information for processor 10
  Max Mhz: 1900, Current Mhz: 1400, Mhz Limit: 1387
Processor Information for processor 11
  Max Mhz: 1900, Current Mhz: 1400, Mhz Limit: 1387
Processor Information for processor 12
  Max Mhz: 1900, Current Mhz: 1400, Mhz Limit: 1387
Processor Information for processor 13
  Max Mhz: 1900, Current Mhz: 1400, Mhz Limit: 1387
Processor Information for processor 14
  Max Mhz: 1900, Current Mhz: 1400, Mhz Limit: 1387
Processor Information for processor 15
  Max Mhz: 1900, Current Mhz: 1400, Mhz Limit: 1387

Memory: 4k page, system-wide physical 16098M (3361M free)
TotalPageFile size 32482M (AvailPageFile size 15715M)
current process WorkingSet (physical memory assigned to process): 249M, peak: 256M
current process commit charge ("private bytes"): 383M, peak: 423M

vm_info: OpenJDK 64-Bit Server VM (17.0.13+11-LTS) for windows-amd64 JRE (17.0.13+11-LTS), built on Oct 10 2024 19:51:30 by "Administrator" with MS VC++ 16.10 / 16.11 (VS2019)

END.
