#
# A fatal error has been detected by the Java Runtime Environment:
#
#  EXCEPTION_ACCESS_VIOLATION (0xc0000005) at pc=0x00007ffcc79ac91c, pid=22676, tid=28668
#
# JRE version: OpenJDK Runtime Environment Corretto-17.0.13.11.1 (17.0.13+11) (build 17.0.13+11-LTS)
# Java VM: OpenJDK 64-Bit Server VM Corretto-17.0.13.11.1 (17.0.13+11-LTS, mixed mode, sharing, tiered, compressed oops, compressed class ptrs, g1 gc, windows-amd64)
# Problematic frame:
# C  [awt.dll+0xdc91c]
#
# No core dump will be written. Minidumps are not enabled by default on client versions of Windows
#
# If you would like to submit a bug report, please visit:
#   https://github.com/corretto/corretto-17/issues/
# The crash happened outside the Java Virtual Machine in native code.
# See problematic frame for where to report the bug.
#

---------------  S U M M A R Y ------------

Command Line: -javaagent:C:\Program Files\JetBrains\IntelliJ IDEA 2024.2.4\lib\idea_rt.jar=59539:C:\Program Files\JetBrains\IntelliJ IDEA 2024.2.4\bin -Dfile.encoding=UTF-8 Client

Host: 13th Gen Intel(R) Core(TM) i5-1340P, 16 cores, 15G,  Windows 11 , 64 bit Build 22621 (10.0.22621.4391)
Time: Thu Dec 12 22:11:38 2024  Windows 11 , 64 bit Build 22621 (10.0.22621.4391) elapsed time: 376.247149 seconds (0d 0h 6m 16s)

---------------  T H R E A D  ---------------

Current thread (0x000002421b3fc910):  JavaThread "AWT-Windows" daemon [_thread_in_native, id=28668, stack(0x000000e3a5500000,0x000000e3a5600000)]

Stack: [0x000000e3a5500000,0x000000e3a5600000],  sp=0x000000e3a55fe780,  free space=1017k
Native frames: (J=compiled Java code, j=interpreted, Vv=VM code, C=native code)
C  [awt.dll+0xdc91c]

Java frames: (J=compiled Java code, j=interpreted, Vv=VM code)
j  sun.awt.windows.WToolkit.eventLoop()V+0 java.desktop@17.0.13
j  sun.awt.windows.WToolkit.run()V+50 java.desktop@17.0.13
j  java.lang.Thread.run()V+11 java.base@17.0.13
v  ~StubRoutines::call_stub

siginfo: EXCEPTION_ACCESS_VIOLATION (0xc0000005), reading address 0x0000000000000004


Registers:
RAX=0x00000241b2225610, RBX=0x000002421b9101f0, RCX=0x0000000000000000, RDX=0x0000000000000000
RSP=0x000000e3a55fe780, RBP=0x000000e3a55fe889, RSI=0x000002421d983000, RDI=0x0000000000000000
R8 =0x0000000000000001, R9 =0x0000000000000000, R10=0x0000000000000000, R11=0x0000000000000246
R12=0x0000000000000000, R13=0x0000000000000310, R14=0x0000000000000000, R15=0x0000000000000000
RIP=0x00007ffcc79ac91c, EFLAGS=0x0000000000010246


Register to memory mapping:

RIP=0x00007ffcc79ac91c awt.dll
RAX=0x00000241b2225610 points into unknown readable memory: 0x0000000000000000 | 00 00 00 00 00 00 00 00
RBX=0x000002421b9101f0 points into unknown readable memory: 0x000002421b22ee40 | 40 ee 22 1b 42 02 00 00
RCX=0x0 is NULL
RDX=0x0 is NULL
RSP=0x000000e3a55fe780 is pointing into the stack for thread: 0x000002421b3fc910
RBP=0x000000e3a55fe889 is pointing into the stack for thread: 0x000002421b3fc910
RSI=0x000002421d983000 points into unknown readable memory: 0x00007ffcc79dc880 | 80 c8 9d c7 fc 7f 00 00
RDI=0x0 is NULL
R8 =0x0000000000000001 is an unknown value
R9 =0x0 is NULL
R10=0x0 is NULL
R11=0x0000000000000246 is an unknown value
R12=0x0 is NULL
R13=0x0000000000000310 is an unknown value
R14=0x0 is NULL
R15=0x0 is NULL


Top of Stack: (sp=0x000000e3a55fe780)
0x000000e3a55fe780:   00007ffcc7a0c838 0000000000000000
0x000000e3a55fe790:   000000004e01139c 0000000000000000
0x000000e3a55fe7a0:   0000000000000000 00007ffcc79682db
0x000000e3a55fe7b0:   0000000000000000 000002421b9101f0
0x000000e3a55fe7c0:   0000000000000000 000002421d983000
0x000000e3a55fe7d0:   000002421d983000 00007ffcc7968326
0x000000e3a55fe7e0:   00007ffcc78d0000 0000000000000000
0x000000e3a55fe7f0:   000000000000c258 00007ffcc796885d
0x000000e3a55fe800:   000002421d983000 00007ffcc7965686
0x000000e3a55fe810:   000002421d983000 0000000000000000
0x000000e3a55fe820:   0000000000000001 00007ffd289b6b27
0x000000e3a55fe830:   000000e3a55fe8f0 00007ffd26778696
0x000000e3a55fe840:   00007ffcc7968800 0000000000000000
0x000000e3a55fe850:   0000000000000000 00007ffd289b8af3
0x000000e3a55fe860:   0000000000000000 000000e3a55fe8f0
0x000000e3a55fe870:   000000e3a55fe8f4 000002421b3fcbc8
0x000000e3a55fe880:   000002421d9830a0 000000000000c258
0x000000e3a55fe890:   000000000000c258 0000011d78b2caf7
0x000000e3a55fe8a0:   000002421b80fa80 0000000000000000
0x000000e3a55fe8b0:   0000000000000000 0000000000000000
0x000000e3a55fe8c0:   0000000000000000 0000000000000000
0x000000e3a55fe8d0:   0000000000000000 000002421d983000
0x000000e3a55fe8e0:   0000000000000310 00007ffcc79b174b
0x000000e3a55fe8f0:   0000000200000002 0000000000000000
0x000000e3a55fe900:   0000b5bf64436f7e 000013f24196d0cb
0x000000e3a55fe910:   0000000000000000 000000000000c258
0x000000e3a55fe920:   0000000000000000 0000000000000000
0x000000e3a55fe930:   000000e3a55feb08 00007ffd26778696
0x000000e3a55fe940:   0000000000000070 00007ffd289b8af3
0x000000e3a55fe950:   ffffffffffffffeb 00007ffd2677acb9
0x000000e3a55fe960:   00007ffd26778696 0000011d78b2ca17
0x000000e3a55fe970:   00000000000501f6 0000000000000000 

Instructions: (pc=0x00007ffcc79ac91c)
0x00007ffcc79ac81c:   2b fe 66 90 8b 04 0f 89 01 48 8d 49 04 48 83 ea
0x00007ffcc79ac82c:   01 75 f1 45 85 ff 7e 11 4d 8b c7 33 d2 49 c1 e0
0x00007ffcc79ac83c:   02 49 8b ce e8 19 0b 01 00 48 8b 03 45 33 c9 4d
0x00007ffcc79ac84c:   8b c6 48 8b d5 48 8b cb ff 90 f8 06 00 00 48 8b
0x00007ffcc79ac85c:   03 45 33 c9 4c 8b c6 49 8b d4 48 8b cb ff 90 f8
0x00007ffcc79ac86c:   06 00 00 4c 8b 05 3a cb 06 00 48 8b cb 48 8b 15
0x00007ffcc79ac87c:   10 cb 06 00 e8 7b f5 fb ff e9 5d ff ff ff 48 8d
0x00007ffcc79ac88c:   15 af 41 03 00 48 8b cb e8 8d f3 00 00 e9 58 ff
0x00007ffcc79ac89c:   ff ff cc cc 48 89 5c 24 08 57 48 83 ec 20 8b f9
0x00007ffcc79ac8ac:   e8 ff bc f4 ff 48 8b d8 48 89 44 24 38 41 b8 01
0x00007ffcc79ac8bc:   00 00 00 8b d7 48 8b c8 e8 67 bc f4 ff 48 8b c8
0x00007ffcc79ac8cc:   e8 8f fd ff ff 90 48 8b cb e8 96 be f4 ff 90 48
0x00007ffcc79ac8dc:   8b 5c 24 30 48 83 c4 20 5f c3 cc cc cc cc cc cc
0x00007ffcc79ac8ec:   cc cc cc cc 48 89 5c 24 08 57 48 83 ec 20 8b f9
0x00007ffcc79ac8fc:   e8 af bc f4 ff 48 8b d8 48 89 44 24 38 41 b8 01
0x00007ffcc79ac90c:   00 00 00 8b d7 48 8b c8 e8 17 bc f4 ff 48 8b 08
0x00007ffcc79ac91c:   83 79 04 08 7e 04 33 ff eb 0b 48 8b 48 08 e8 81
0x00007ffcc79ac92c:   7b fe ff 8b f8 48 8b cb e8 37 be f4 ff 90 8b c7
0x00007ffcc79ac93c:   48 8b 5c 24 30 48 83 c4 20 5f c3 cc cc cc cc cc
0x00007ffcc79ac94c:   cc cc cc cc 48 89 5c 24 08 48 89 74 24 10 48 89
0x00007ffcc79ac95c:   7c 24 18 41 56 48 83 ec 30 41 8b f9 45 8b f0 48
0x00007ffcc79ac96c:   8b f2 48 8b d9 e8 ba 89 00 00 e8 15 ac ff ff 8b
0x00007ffcc79ac97c:   44 24 68 89 44 24 20 44 8b 4c 24 60 44 8b c7 41
0x00007ffcc79ac98c:   8b d6 48 8b cb e8 fa e5 ff ff 48 8b f8 48 85 c0
0x00007ffcc79ac99c:   74 7f 48 8b 03 48 8b d6 48 8b cb ff 90 f8 00 00
0x00007ffcc79ac9ac:   00 48 8b d0 48 8b cb 48 85 c0 75 0e 48 8d 15 09
0x00007ffcc79ac9bc:   42 03 00 e8 62 f2 00 00 eb 57 48 8b 03 4c 8d 0d
0x00007ffcc79ac9cc:   20 42 03 00 4c 8d 05 31 42 03 00 ff 90 08 01 00
0x00007ffcc79ac9dc:   00 48 8b cb 48 85 c0 75 1a 48 8b 03 ff 90 88 00
0x00007ffcc79ac9ec:   00 00 48 8d 15 1b 42 03 00 48 8b cb e8 29 f2 00
0x00007ffcc79ac9fc:   00 eb 1e 4c 8b cf 4c 8b c0 48 8b d6 e8 93 e0 fa
0x00007ffcc79aca0c:   ff 48 8b 03 48 8b d7 48 8b cb ff 90 b8 00 00 00 


Stack slot to memory mapping:
stack at sp + 0 slots: 0x00007ffcc7a0c838 awt.dll
stack at sp + 1 slots: 0x0 is NULL
stack at sp + 2 slots: 0x000000004e01139c is an unknown value
stack at sp + 3 slots: 0x0 is NULL
stack at sp + 4 slots: 0x0 is NULL
stack at sp + 5 slots: 0x00007ffcc79682db awt.dll
stack at sp + 6 slots: 0x0 is NULL
stack at sp + 7 slots: 0x000002421b9101f0 points into unknown readable memory: 0x000002421b22ee40 | 40 ee 22 1b 42 02 00 00


---------------  P R O C E S S  ---------------

Threads class SMR info:
_java_thread_list=0x000002421b2ce920, length=19, elements={
0x000002421b006b50, 0x000002421b0075e0, 0x000002421b01fad0, 0x000002421b025810,
0x000002421b0281e0, 0x000002421b028ba0, 0x000002421b029940, 0x000002421b02a3f0,
0x000002421b02be00, 0x000002421b1591b0, 0x000002421b298660, 0x000002421b298b40,
0x000002421b3eace0, 0x000002421b3eb910, 0x000002421b3fc910, 0x000002421b6f5c30,
0x000002421b6f4d00, 0x000002421b6f7580, 0x000002421b6f6650
}

Java Threads: ( => current thread )
  0x000002421b006b50 JavaThread "Reference Handler" daemon [_thread_blocked, id=27980, stack(0x000000e3a4400000,0x000000e3a4500000)]
  0x000002421b0075e0 JavaThread "Finalizer" daemon [_thread_blocked, id=2020, stack(0x000000e3a4500000,0x000000e3a4600000)]
  0x000002421b01fad0 JavaThread "Signal Dispatcher" daemon [_thread_blocked, id=2552, stack(0x000000e3a4600000,0x000000e3a4700000)]
  0x000002421b025810 JavaThread "Attach Listener" daemon [_thread_blocked, id=15620, stack(0x000000e3a4700000,0x000000e3a4800000)]
  0x000002421b0281e0 JavaThread "Service Thread" daemon [_thread_blocked, id=18120, stack(0x000000e3a4800000,0x000000e3a4900000)]
  0x000002421b028ba0 JavaThread "Monitor Deflation Thread" daemon [_thread_blocked, id=7212, stack(0x000000e3a4900000,0x000000e3a4a00000)]
  0x000002421b029940 JavaThread "C2 CompilerThread0" daemon [_thread_blocked, id=12316, stack(0x000000e3a4a00000,0x000000e3a4b00000)]
  0x000002421b02a3f0 JavaThread "C1 CompilerThread0" daemon [_thread_blocked, id=6100, stack(0x000000e3a4b00000,0x000000e3a4c00000)]
  0x000002421b02be00 JavaThread "Sweeper thread" daemon [_thread_blocked, id=10340, stack(0x000000e3a4c00000,0x000000e3a4d00000)]
  0x000002421b1591b0 JavaThread "Common-Cleaner" daemon [_thread_blocked, id=10864, stack(0x000000e3a4e00000,0x000000e3a4f00000)]
  0x000002421b298660 JavaThread "Monitor Ctrl-Break" daemon [_thread_in_native, id=9728, stack(0x000000e3a5000000,0x000000e3a5100000)]
  0x000002421b298b40 JavaThread "Notification Thread" daemon [_thread_blocked, id=9280, stack(0x000000e3a5100000,0x000000e3a5200000)]
  0x000002421b3eace0 JavaThread "Java2D Disposer" daemon [_thread_blocked, id=16256, stack(0x000000e3a5300000,0x000000e3a5400000)]
  0x000002421b3eb910 JavaThread "AWT-Shutdown" [_thread_blocked, id=16016, stack(0x000000e3a5400000,0x000000e3a5500000)]
=>0x000002421b3fc910 JavaThread "AWT-Windows" daemon [_thread_in_native, id=28668, stack(0x000000e3a5500000,0x000000e3a5600000)]
  0x000002421b6f5c30 JavaThread "AWT-EventQueue-0" [_thread_in_native, id=25912, stack(0x000000e3a6200000,0x000000e3a6300000)]
  0x000002421b6f4d00 JavaThread "DestroyJavaVM" [_thread_blocked, id=13764, stack(0x000000e3a3d00000,0x000000e3a3e00000)]
  0x000002421b6f7580 JavaThread "TimerQueue" daemon [_thread_blocked, id=27124, stack(0x000000e3a4f00000,0x000000e3a5000000)]
  0x000002421b6f6650 JavaThread "Thread-0" [_thread_in_native, id=26532, stack(0x000000e3a5900000,0x000000e3a5a00000)]

Other Threads:
  0x00000241d5b0dff0 VMThread "VM Thread" [stack: 0x000000e3a4300000,0x000000e3a4400000] [id=7604]
  0x000002421b299830 WatcherThread [stack: 0x000000e3a5200000,0x000000e3a5300000] [id=24992]
  0x00000241b2287bf0 GCTaskThread "GC Thread#0" [stack: 0x000000e3a3e00000,0x000000e3a3f00000] [id=3028]
  0x000002421cfaacb0 GCTaskThread "GC Thread#1" [stack: 0x000000e3a5a00000,0x000000e3a5b00000] [id=8084]
  0x000002421cfaaf70 GCTaskThread "GC Thread#2" [stack: 0x000000e3a5b00000,0x000000e3a5c00000] [id=16976]
  0x000002421b762e90 GCTaskThread "GC Thread#3" [stack: 0x000000e3a5c00000,0x000000e3a5d00000] [id=21984]
  0x000002421b763150 GCTaskThread "GC Thread#4" [stack: 0x000000e3a5d00000,0x000000e3a5e00000] [id=28072]
  0x000002421b763410 GCTaskThread "GC Thread#5" [stack: 0x000000e3a5e00000,0x000000e3a5f00000] [id=19536]
  0x000002421b90f8e0 GCTaskThread "GC Thread#6" [stack: 0x000000e3a5f00000,0x000000e3a6000000] [id=3100]
  0x000002421b90fba0 GCTaskThread "GC Thread#7" [stack: 0x000000e3a6000000,0x000000e3a6100000] [id=16452]
  0x000002421b90fe60 GCTaskThread "GC Thread#8" [stack: 0x000000e3a6100000,0x000000e3a6200000] [id=15948]
  0x000002421ba58190 GCTaskThread "GC Thread#9" [stack: 0x000000e3a4d00000,0x000000e3a4e00000] [id=5104]
  0x000002421d7bf340 GCTaskThread "GC Thread#10" [stack: 0x000000e3a5600000,0x000000e3a5700000] [id=23092]
  0x000002421d7be2c0 GCTaskThread "GC Thread#11" [stack: 0x000000e3a5700000,0x000000e3a5800000] [id=27804]
  0x00000241b22986d0 ConcurrentGCThread "G1 Main Marker" [stack: 0x000000e3a3f00000,0x000000e3a4000000] [id=14980]
  0x00000241b22990f0 ConcurrentGCThread "G1 Conc#0" [stack: 0x000000e3a4000000,0x000000e3a4100000] [id=18012]
  0x00000241b22ce910 ConcurrentGCThread "G1 Refine#0" [stack: 0x000000e3a4100000,0x000000e3a4200000] [id=25720]
  0x00000241d59c90a0 ConcurrentGCThread "G1 Service" [stack: 0x000000e3a4200000,0x000000e3a4300000] [id=9252]

Threads with active compile tasks:

VM state: not at safepoint (normal execution)

VM Mutex/Monitor currently owned by a thread: None

Heap address: 0x0000000704600000, size: 4026 MB, Compressed Oops mode: Zero based, Oop shift amount: 3

CDS archive(s) mapped at: [0x00000241d6000000-0x00000241d6bb0000-0x00000241d6bb0000), size 12255232, SharedBaseAddress: 0x00000241d6000000, ArchiveRelocationMode: 1.
Compressed class space mapped at: 0x00000241d7000000-0x0000024217000000, reserved size: 1073741824
Narrow klass base: 0x00000241d6000000, Narrow klass shift: 0, Narrow klass range: 0x100000000

GC Precious Log:
 CPUs: 16 total, 16 available
 Memory: 16098M
 Large Page Support: Disabled
 NUMA Support: Disabled
 Compressed Oops: Enabled (Zero based)
 Heap Region Size: 2M
 Heap Min Capacity: 8M
 Heap Initial Capacity: 252M
 Heap Max Capacity: 4026M
 Pre-touch: Disabled
 Parallel Workers: 13
 Concurrent Workers: 3
 Concurrent Refinement Workers: 13
 Periodic GC: Disabled

Heap:
 garbage-first heap   total 258048K, used 160225K [0x0000000704600000, 0x0000000800000000)
  region size 2048K, 73 young (149504K), 1 survivors (2048K)
 Metaspace       used 13109K, committed 13376K, reserved 1114112K
  class space    used 1395K, committed 1536K, reserved 1048576K

Heap Regions: E=young(eden), S=young(survivor), O=old, HS=humongous(starts), HC=humongous(continues), CS=collection set, F=free, OA=open archive, CA=closed archive, TAMS=top-at-mark-start (previous, next)
|   0|0x0000000704600000, 0x0000000704800000, 0x0000000704800000|100%|HS|  |TAMS 0x0000000704600000, 0x0000000704600000| Complete 
|   1|0x0000000704800000, 0x0000000704a00000, 0x0000000704a00000|100%|HC|  |TAMS 0x0000000704800000, 0x0000000704800000| Complete 
|   2|0x0000000704a00000, 0x0000000704c00000, 0x0000000704c00000|100%| O|  |TAMS 0x0000000704a00000, 0x0000000704a00000| Untracked 
|   3|0x0000000704c00000, 0x0000000704e00000, 0x0000000704e00000|100%|HS|  |TAMS 0x0000000704c00000, 0x0000000704c00000| Complete 
|   4|0x0000000704e00000, 0x0000000705000000, 0x0000000705000000|100%|HC|  |TAMS 0x0000000704e00000, 0x0000000704e00000| Complete 
|   5|0x0000000705000000, 0x0000000705200000, 0x0000000705200000|100%| O|  |TAMS 0x0000000705000000, 0x0000000705000000| Untracked 
|   6|0x0000000705200000, 0x0000000705400000, 0x0000000705400000|100%| O|  |TAMS 0x0000000705200000, 0x0000000705200000| Untracked 
|   7|0x0000000705400000, 0x0000000705471a00, 0x0000000705600000| 22%| O|  |TAMS 0x0000000705400000, 0x0000000705400000| Untracked 
|   8|0x0000000705600000, 0x0000000705600000, 0x0000000705800000|  0%| F|  |TAMS 0x0000000705600000, 0x0000000705600000| Untracked 
|   9|0x0000000705800000, 0x0000000705800000, 0x0000000705a00000|  0%| F|  |TAMS 0x0000000705800000, 0x0000000705800000| Untracked 
|  10|0x0000000705a00000, 0x0000000705a00000, 0x0000000705c00000|  0%| F|  |TAMS 0x0000000705a00000, 0x0000000705a00000| Untracked 
|  11|0x0000000705c00000, 0x0000000705c00000, 0x0000000705e00000|  0%| F|  |TAMS 0x0000000705c00000, 0x0000000705c00000| Untracked 
|  12|0x0000000705e00000, 0x0000000705e00000, 0x0000000706000000|  0%| F|  |TAMS 0x0000000705e00000, 0x0000000705e00000| Untracked 
|  13|0x0000000706000000, 0x0000000706000000, 0x0000000706200000|  0%| F|  |TAMS 0x0000000706000000, 0x0000000706000000| Untracked 
|  14|0x0000000706200000, 0x0000000706200000, 0x0000000706400000|  0%| F|  |TAMS 0x0000000706200000, 0x0000000706200000| Untracked 
|  15|0x0000000706400000, 0x0000000706400000, 0x0000000706600000|  0%| F|  |TAMS 0x0000000706400000, 0x0000000706400000| Untracked 
|  16|0x0000000706600000, 0x0000000706600000, 0x0000000706800000|  0%| F|  |TAMS 0x0000000706600000, 0x0000000706600000| Untracked 
|  17|0x0000000706800000, 0x0000000706800000, 0x0000000706a00000|  0%| F|  |TAMS 0x0000000706800000, 0x0000000706800000| Untracked 
|  18|0x0000000706a00000, 0x0000000706a00000, 0x0000000706c00000|  0%| F|  |TAMS 0x0000000706a00000, 0x0000000706a00000| Untracked 
|  19|0x0000000706c00000, 0x0000000706c00000, 0x0000000706e00000|  0%| F|  |TAMS 0x0000000706c00000, 0x0000000706c00000| Untracked 
|  20|0x0000000706e00000, 0x0000000706e00000, 0x0000000707000000|  0%| F|  |TAMS 0x0000000706e00000, 0x0000000706e00000| Untracked 
|  21|0x0000000707000000, 0x0000000707000000, 0x0000000707200000|  0%| F|  |TAMS 0x0000000707000000, 0x0000000707000000| Untracked 
|  22|0x0000000707200000, 0x0000000707200000, 0x0000000707400000|  0%| F|  |TAMS 0x0000000707200000, 0x0000000707200000| Untracked 
|  23|0x0000000707400000, 0x0000000707400000, 0x0000000707600000|  0%| F|  |TAMS 0x0000000707400000, 0x0000000707400000| Untracked 
|  24|0x0000000707600000, 0x0000000707600000, 0x0000000707800000|  0%| F|  |TAMS 0x0000000707600000, 0x0000000707600000| Untracked 
|  25|0x0000000707800000, 0x0000000707800000, 0x0000000707a00000|  0%| F|  |TAMS 0x0000000707800000, 0x0000000707800000| Untracked 
|  26|0x0000000707a00000, 0x0000000707a00000, 0x0000000707c00000|  0%| F|  |TAMS 0x0000000707a00000, 0x0000000707a00000| Untracked 
|  27|0x0000000707c00000, 0x0000000707c00000, 0x0000000707e00000|  0%| F|  |TAMS 0x0000000707c00000, 0x0000000707c00000| Untracked 
|  28|0x0000000707e00000, 0x0000000707e00000, 0x0000000708000000|  0%| F|  |TAMS 0x0000000707e00000, 0x0000000707e00000| Untracked 
|  29|0x0000000708000000, 0x0000000708000000, 0x0000000708200000|  0%| F|  |TAMS 0x0000000708000000, 0x0000000708000000| Untracked 
|  30|0x0000000708200000, 0x0000000708200000, 0x0000000708400000|  0%| F|  |TAMS 0x0000000708200000, 0x0000000708200000| Untracked 
|  31|0x0000000708400000, 0x0000000708400000, 0x0000000708600000|  0%| F|  |TAMS 0x0000000708400000, 0x0000000708400000| Untracked 
|  32|0x0000000708600000, 0x0000000708600000, 0x0000000708800000|  0%| F|  |TAMS 0x0000000708600000, 0x0000000708600000| Untracked 
|  33|0x0000000708800000, 0x0000000708800000, 0x0000000708a00000|  0%| F|  |TAMS 0x0000000708800000, 0x0000000708800000| Untracked 
|  34|0x0000000708a00000, 0x0000000708a00000, 0x0000000708c00000|  0%| F|  |TAMS 0x0000000708a00000, 0x0000000708a00000| Untracked 
|  35|0x0000000708c00000, 0x0000000708c00000, 0x0000000708e00000|  0%| F|  |TAMS 0x0000000708c00000, 0x0000000708c00000| Untracked 
|  36|0x0000000708e00000, 0x0000000708e00000, 0x0000000709000000|  0%| F|  |TAMS 0x0000000708e00000, 0x0000000708e00000| Untracked 
|  37|0x0000000709000000, 0x0000000709000000, 0x0000000709200000|  0%| F|  |TAMS 0x0000000709000000, 0x0000000709000000| Untracked 
|  38|0x0000000709200000, 0x0000000709200000, 0x0000000709400000|  0%| F|  |TAMS 0x0000000709200000, 0x0000000709200000| Untracked 
|  39|0x0000000709400000, 0x0000000709400000, 0x0000000709600000|  0%| F|  |TAMS 0x0000000709400000, 0x0000000709400000| Untracked 
|  40|0x0000000709600000, 0x0000000709600000, 0x0000000709800000|  0%| F|  |TAMS 0x0000000709600000, 0x0000000709600000| Untracked 
|  41|0x0000000709800000, 0x0000000709800000, 0x0000000709a00000|  0%| F|  |TAMS 0x0000000709800000, 0x0000000709800000| Untracked 
|  42|0x0000000709a00000, 0x0000000709a00000, 0x0000000709c00000|  0%| F|  |TAMS 0x0000000709a00000, 0x0000000709a00000| Untracked 
|  43|0x0000000709c00000, 0x0000000709c00000, 0x0000000709e00000|  0%| F|  |TAMS 0x0000000709c00000, 0x0000000709c00000| Untracked 
|  44|0x0000000709e00000, 0x0000000709e00000, 0x000000070a000000|  0%| F|  |TAMS 0x0000000709e00000, 0x0000000709e00000| Untracked 
|  45|0x000000070a000000, 0x000000070a000000, 0x000000070a200000|  0%| F|  |TAMS 0x000000070a000000, 0x000000070a000000| Untracked 
|  46|0x000000070a200000, 0x000000070a200000, 0x000000070a400000|  0%| F|  |TAMS 0x000000070a200000, 0x000000070a200000| Untracked 
|  47|0x000000070a400000, 0x000000070a400000, 0x000000070a600000|  0%| F|  |TAMS 0x000000070a400000, 0x000000070a400000| Untracked 
|  48|0x000000070a600000, 0x000000070a600000, 0x000000070a800000|  0%| F|  |TAMS 0x000000070a600000, 0x000000070a600000| Untracked 
|  49|0x000000070a800000, 0x000000070a800000, 0x000000070aa00000|  0%| F|  |TAMS 0x000000070a800000, 0x000000070a800000| Untracked 
|  50|0x000000070aa00000, 0x000000070aa00000, 0x000000070ac00000|  0%| F|  |TAMS 0x000000070aa00000, 0x000000070aa00000| Untracked 
|  51|0x000000070ac00000, 0x000000070ac06d80, 0x000000070ae00000|  1%| S|CS|TAMS 0x000000070ac00000, 0x000000070ac00000| Complete 
|  52|0x000000070ae00000, 0x000000070ae00000, 0x000000070b000000|  0%| F|  |TAMS 0x000000070ae00000, 0x000000070ae00000| Untracked 
|  53|0x000000070b000000, 0x000000070b000000, 0x000000070b200000|  0%| F|  |TAMS 0x000000070b000000, 0x000000070b000000| Untracked 
|  54|0x000000070b200000, 0x000000070b21cbf0, 0x000000070b400000|  5%| E|  |TAMS 0x000000070b200000, 0x000000070b200000| Complete 
|  55|0x000000070b400000, 0x000000070b600000, 0x000000070b600000|100%| E|CS|TAMS 0x000000070b400000, 0x000000070b400000| Complete 
|  56|0x000000070b600000, 0x000000070b800000, 0x000000070b800000|100%| E|CS|TAMS 0x000000070b600000, 0x000000070b600000| Complete 
|  57|0x000000070b800000, 0x000000070ba00000, 0x000000070ba00000|100%| E|CS|TAMS 0x000000070b800000, 0x000000070b800000| Complete 
|  58|0x000000070ba00000, 0x000000070bc00000, 0x000000070bc00000|100%| E|CS|TAMS 0x000000070ba00000, 0x000000070ba00000| Complete 
|  59|0x000000070bc00000, 0x000000070be00000, 0x000000070be00000|100%| E|CS|TAMS 0x000000070bc00000, 0x000000070bc00000| Complete 
|  60|0x000000070be00000, 0x000000070c000000, 0x000000070c000000|100%| E|CS|TAMS 0x000000070be00000, 0x000000070be00000| Complete 
|  61|0x000000070c000000, 0x000000070c200000, 0x000000070c200000|100%| E|CS|TAMS 0x000000070c000000, 0x000000070c000000| Complete 
|  62|0x000000070c200000, 0x000000070c400000, 0x000000070c400000|100%| E|CS|TAMS 0x000000070c200000, 0x000000070c200000| Complete 
|  63|0x000000070c400000, 0x000000070c600000, 0x000000070c600000|100%| E|CS|TAMS 0x000000070c400000, 0x000000070c400000| Complete 
|  64|0x000000070c600000, 0x000000070c800000, 0x000000070c800000|100%| E|CS|TAMS 0x000000070c600000, 0x000000070c600000| Complete 
|  65|0x000000070c800000, 0x000000070ca00000, 0x000000070ca00000|100%| E|CS|TAMS 0x000000070c800000, 0x000000070c800000| Complete 
|  66|0x000000070ca00000, 0x000000070cc00000, 0x000000070cc00000|100%| E|CS|TAMS 0x000000070ca00000, 0x000000070ca00000| Complete 
|  67|0x000000070cc00000, 0x000000070ce00000, 0x000000070ce00000|100%| E|CS|TAMS 0x000000070cc00000, 0x000000070cc00000| Complete 
|  68|0x000000070ce00000, 0x000000070d000000, 0x000000070d000000|100%| E|CS|TAMS 0x000000070ce00000, 0x000000070ce00000| Complete 
|  69|0x000000070d000000, 0x000000070d200000, 0x000000070d200000|100%| E|CS|TAMS 0x000000070d000000, 0x000000070d000000| Complete 
|  70|0x000000070d200000, 0x000000070d400000, 0x000000070d400000|100%| E|CS|TAMS 0x000000070d200000, 0x000000070d200000| Complete 
|  71|0x000000070d400000, 0x000000070d600000, 0x000000070d600000|100%| E|CS|TAMS 0x000000070d400000, 0x000000070d400000| Complete 
|  72|0x000000070d600000, 0x000000070d800000, 0x000000070d800000|100%| E|CS|TAMS 0x000000070d600000, 0x000000070d600000| Complete 
|  73|0x000000070d800000, 0x000000070da00000, 0x000000070da00000|100%| E|CS|TAMS 0x000000070d800000, 0x000000070d800000| Complete 
|  74|0x000000070da00000, 0x000000070dc00000, 0x000000070dc00000|100%| E|CS|TAMS 0x000000070da00000, 0x000000070da00000| Complete 
|  75|0x000000070dc00000, 0x000000070de00000, 0x000000070de00000|100%| E|CS|TAMS 0x000000070dc00000, 0x000000070dc00000| Complete 
|  76|0x000000070de00000, 0x000000070e000000, 0x000000070e000000|100%| E|CS|TAMS 0x000000070de00000, 0x000000070de00000| Complete 
|  77|0x000000070e000000, 0x000000070e200000, 0x000000070e200000|100%| E|CS|TAMS 0x000000070e000000, 0x000000070e000000| Complete 
|  78|0x000000070e200000, 0x000000070e400000, 0x000000070e400000|100%| E|CS|TAMS 0x000000070e200000, 0x000000070e200000| Complete 
|  79|0x000000070e400000, 0x000000070e600000, 0x000000070e600000|100%| E|CS|TAMS 0x000000070e400000, 0x000000070e400000| Complete 
|  80|0x000000070e600000, 0x000000070e800000, 0x000000070e800000|100%| E|CS|TAMS 0x000000070e600000, 0x000000070e600000| Complete 
|  81|0x000000070e800000, 0x000000070ea00000, 0x000000070ea00000|100%| E|CS|TAMS 0x000000070e800000, 0x000000070e800000| Complete 
|  82|0x000000070ea00000, 0x000000070ec00000, 0x000000070ec00000|100%| E|CS|TAMS 0x000000070ea00000, 0x000000070ea00000| Complete 
|  83|0x000000070ec00000, 0x000000070ee00000, 0x000000070ee00000|100%| E|CS|TAMS 0x000000070ec00000, 0x000000070ec00000| Complete 
|  84|0x000000070ee00000, 0x000000070f000000, 0x000000070f000000|100%| E|CS|TAMS 0x000000070ee00000, 0x000000070ee00000| Complete 
|  85|0x000000070f000000, 0x000000070f200000, 0x000000070f200000|100%| E|CS|TAMS 0x000000070f000000, 0x000000070f000000| Complete 
|  86|0x000000070f200000, 0x000000070f400000, 0x000000070f400000|100%| E|CS|TAMS 0x000000070f200000, 0x000000070f200000| Complete 
|  87|0x000000070f400000, 0x000000070f600000, 0x000000070f600000|100%| E|CS|TAMS 0x000000070f400000, 0x000000070f400000| Complete 
|  88|0x000000070f600000, 0x000000070f800000, 0x000000070f800000|100%| E|CS|TAMS 0x000000070f600000, 0x000000070f600000| Complete 
|  89|0x000000070f800000, 0x000000070fa00000, 0x000000070fa00000|100%| E|CS|TAMS 0x000000070f800000, 0x000000070f800000| Complete 
|  90|0x000000070fa00000, 0x000000070fc00000, 0x000000070fc00000|100%| E|CS|TAMS 0x000000070fa00000, 0x000000070fa00000| Complete 
|  91|0x000000070fc00000, 0x000000070fe00000, 0x000000070fe00000|100%| E|CS|TAMS 0x000000070fc00000, 0x000000070fc00000| Complete 
|  92|0x000000070fe00000, 0x0000000710000000, 0x0000000710000000|100%| E|CS|TAMS 0x000000070fe00000, 0x000000070fe00000| Complete 
|  93|0x0000000710000000, 0x0000000710200000, 0x0000000710200000|100%| E|CS|TAMS 0x0000000710000000, 0x0000000710000000| Complete 
|  94|0x0000000710200000, 0x0000000710400000, 0x0000000710400000|100%| E|CS|TAMS 0x0000000710200000, 0x0000000710200000| Complete 
|  95|0x0000000710400000, 0x0000000710600000, 0x0000000710600000|100%| E|CS|TAMS 0x0000000710400000, 0x0000000710400000| Complete 
|  96|0x0000000710600000, 0x0000000710800000, 0x0000000710800000|100%| E|CS|TAMS 0x0000000710600000, 0x0000000710600000| Complete 
|  97|0x0000000710800000, 0x0000000710a00000, 0x0000000710a00000|100%| E|CS|TAMS 0x0000000710800000, 0x0000000710800000| Complete 
|  98|0x0000000710a00000, 0x0000000710c00000, 0x0000000710c00000|100%| E|CS|TAMS 0x0000000710a00000, 0x0000000710a00000| Complete 
|  99|0x0000000710c00000, 0x0000000710e00000, 0x0000000710e00000|100%| E|CS|TAMS 0x0000000710c00000, 0x0000000710c00000| Complete 
| 100|0x0000000710e00000, 0x0000000711000000, 0x0000000711000000|100%| E|CS|TAMS 0x0000000710e00000, 0x0000000710e00000| Complete 
| 101|0x0000000711000000, 0x0000000711200000, 0x0000000711200000|100%| E|CS|TAMS 0x0000000711000000, 0x0000000711000000| Complete 
| 102|0x0000000711200000, 0x0000000711400000, 0x0000000711400000|100%| E|CS|TAMS 0x0000000711200000, 0x0000000711200000| Complete 
| 103|0x0000000711400000, 0x0000000711600000, 0x0000000711600000|100%| E|CS|TAMS 0x0000000711400000, 0x0000000711400000| Complete 
| 104|0x0000000711600000, 0x0000000711800000, 0x0000000711800000|100%| E|CS|TAMS 0x0000000711600000, 0x0000000711600000| Complete 
| 105|0x0000000711800000, 0x0000000711a00000, 0x0000000711a00000|100%| E|CS|TAMS 0x0000000711800000, 0x0000000711800000| Complete 
| 106|0x0000000711a00000, 0x0000000711c00000, 0x0000000711c00000|100%| E|CS|TAMS 0x0000000711a00000, 0x0000000711a00000| Complete 
| 107|0x0000000711c00000, 0x0000000711e00000, 0x0000000711e00000|100%| E|CS|TAMS 0x0000000711c00000, 0x0000000711c00000| Complete 
| 108|0x0000000711e00000, 0x0000000712000000, 0x0000000712000000|100%| E|CS|TAMS 0x0000000711e00000, 0x0000000711e00000| Complete 
| 109|0x0000000712000000, 0x0000000712200000, 0x0000000712200000|100%| E|CS|TAMS 0x0000000712000000, 0x0000000712000000| Complete 
| 110|0x0000000712200000, 0x0000000712400000, 0x0000000712400000|100%| E|CS|TAMS 0x0000000712200000, 0x0000000712200000| Complete 
| 111|0x0000000712400000, 0x0000000712600000, 0x0000000712600000|100%| E|CS|TAMS 0x0000000712400000, 0x0000000712400000| Complete 
| 112|0x0000000712600000, 0x0000000712800000, 0x0000000712800000|100%| E|CS|TAMS 0x0000000712600000, 0x0000000712600000| Complete 
| 113|0x0000000712800000, 0x0000000712a00000, 0x0000000712a00000|100%| E|CS|TAMS 0x0000000712800000, 0x0000000712800000| Complete 
| 114|0x0000000712a00000, 0x0000000712c00000, 0x0000000712c00000|100%| E|CS|TAMS 0x0000000712a00000, 0x0000000712a00000| Complete 
| 115|0x0000000712c00000, 0x0000000712e00000, 0x0000000712e00000|100%| E|CS|TAMS 0x0000000712c00000, 0x0000000712c00000| Complete 
| 116|0x0000000712e00000, 0x0000000713000000, 0x0000000713000000|100%| E|CS|TAMS 0x0000000712e00000, 0x0000000712e00000| Complete 
| 117|0x0000000713000000, 0x0000000713200000, 0x0000000713200000|100%| E|CS|TAMS 0x0000000713000000, 0x0000000713000000| Complete 
| 118|0x0000000713200000, 0x0000000713400000, 0x0000000713400000|100%| E|CS|TAMS 0x0000000713200000, 0x0000000713200000| Complete 
| 119|0x0000000713400000, 0x0000000713600000, 0x0000000713600000|100%| E|CS|TAMS 0x0000000713400000, 0x0000000713400000| Complete 
| 120|0x0000000713600000, 0x0000000713800000, 0x0000000713800000|100%| E|CS|TAMS 0x0000000713600000, 0x0000000713600000| Complete 
| 121|0x0000000713800000, 0x0000000713a00000, 0x0000000713a00000|100%| E|CS|TAMS 0x0000000713800000, 0x0000000713800000| Complete 
| 122|0x0000000713a00000, 0x0000000713c00000, 0x0000000713c00000|100%| E|CS|TAMS 0x0000000713a00000, 0x0000000713a00000| Complete 
| 123|0x0000000713c00000, 0x0000000713e00000, 0x0000000713e00000|100%| E|CS|TAMS 0x0000000713c00000, 0x0000000713c00000| Complete 
| 124|0x0000000713e00000, 0x0000000714000000, 0x0000000714000000|100%| E|CS|TAMS 0x0000000713e00000, 0x0000000713e00000| Complete 
| 125|0x0000000714000000, 0x0000000714200000, 0x0000000714200000|100%| E|CS|TAMS 0x0000000714000000, 0x0000000714000000| Complete 

Card table byte_map: [0x00000241c9dd0000,0x00000241ca5b0000] _byte_map_base: 0x00000241c65ad000

Marking Bits (Prev, Next): (CMBitMap*) 0x00000241b2288210, (CMBitMap*) 0x00000241b2288250
 Prev Bits: [0x00000241cad90000, 0x00000241cec78000)
 Next Bits: [0x00000241cec80000, 0x00000241d2b68000)

Polling page: 0x00000241b01f0000

Metaspace:

Usage:
  Non-class:     11.44 MB used.
      Class:      1.36 MB used.
       Both:     12.80 MB used.

Virtual space:
  Non-class space:       64.00 MB reserved,      11.56 MB ( 18%) committed,  1 nodes.
      Class space:        1.00 GB reserved,       1.50 MB ( <1%) committed,  1 nodes.
             Both:        1.06 GB reserved,      13.06 MB (  1%) committed. 

Chunk freelists:
   Non-Class:  4.42 MB
       Class:  14.52 MB
        Both:  18.94 MB

MaxMetaspaceSize: unlimited
CompressedClassSpaceSize: 1.00 GB
Initial GC threshold: 21.00 MB
Current GC threshold: 21.00 MB
CDS: on
MetaspaceReclaimPolicy: balanced
 - commit_granule_bytes: 65536.
 - commit_granule_words: 8192.
 - virtual_space_node_default_size: 8388608.
 - enlarge_chunks_in_place: 1.
 - new_chunks_are_fully_committed: 0.
 - uncommit_free_chunks: 1.
 - use_allocation_guard: 0.
 - handle_deallocations: 1.


Internal statistics:

num_allocs_failed_limit: 0.
num_arena_births: 190.
num_arena_deaths: 0.
num_vsnodes_births: 2.
num_vsnodes_deaths: 0.
num_space_committed: 209.
num_space_uncommitted: 0.
num_chunks_returned_to_freelist: 0.
num_chunks_taken_from_freelist: 292.
num_chunk_merges: 0.
num_chunk_splits: 163.
num_chunks_enlarged: 59.
num_inconsistent_stats: 0.

CodeHeap 'non-profiled nmethods': size=119168Kb used=2984Kb max_used=2984Kb free=116183Kb
 bounds [0x00000241c18f0000, 0x00000241c1be0000, 0x00000241c8d50000]
CodeHeap 'profiled nmethods': size=119104Kb used=6576Kb max_used=6576Kb free=112527Kb
 bounds [0x00000241b9d50000, 0x00000241ba3c0000, 0x00000241c11a0000]
CodeHeap 'non-nmethods': size=7488Kb used=1318Kb max_used=3022Kb free=6169Kb
 bounds [0x00000241c11a0000, 0x00000241c14a0000, 0x00000241c18f0000]
 total_blobs=4119 nmethods=3469 adapters=560
 compilation: enabled
              stopped_count=0, restarted_count=0
 full_count=0

Compilation events (20 events):
Event: 348.539 Thread 0x000002421b029940 nmethod 3459 0x00000241c1bd3810 code [0x00000241c1bd39c0, 0x00000241c1bd40e8]
Event: 348.539 Thread 0x000002421b029940 3460   !   4       java.awt.Container::findComponentAt (42 bytes)
Event: 348.553 Thread 0x000002421b029940 nmethod 3460 0x00000241c1bd4490 code [0x00000241c1bd46a0, 0x00000241c1bd59c8]
Event: 348.553 Thread 0x000002421b029940 3461       4       sun.awt.windows.WObjectPeer::getPeerForTarget (10 bytes)
Event: 348.557 Thread 0x000002421b029940 nmethod 3461 0x00000241c1bd6b10 code [0x00000241c1bd6cc0, 0x00000241c1bd7428]
Event: 348.572 Thread 0x000002421b029940 3462       4       java.awt.Container::getMouseEventTarget (50 bytes)
Event: 348.583 Thread 0x000002421b029940 nmethod 3462 0x00000241c1bd7890 code [0x00000241c1bd7ae0, 0x00000241c1bd9088]
Event: 376.203 Thread 0x000002421b02a3f0 3463       3       java.lang.invoke.MethodType::changeReturnType (20 bytes)
Event: 376.203 Thread 0x000002421b02a3f0 nmethod 3463 0x00000241ba3b9810 code [0x00000241ba3b99c0, 0x00000241ba3b9b88]
Event: 376.203 Thread 0x000002421b02a3f0 3464       3       jdk.internal.org.objectweb.asm.ClassWriter::<init> (7 bytes)
Event: 376.203 Thread 0x000002421b02a3f0 nmethod 3464 0x00000241ba3b9c10 code [0x00000241ba3b9dc0, 0x00000241ba3b9f08]
Event: 376.203 Thread 0x000002421b02a3f0 3465       3       jdk.internal.org.objectweb.asm.ClassWriter::<init> (68 bytes)
Event: 376.204 Thread 0x000002421b02a3f0 nmethod 3465 0x00000241ba3b9f90 code [0x00000241ba3ba160, 0x00000241ba3ba5e8]
Event: 376.204 Thread 0x000002421b02a3f0 3466       3       jdk.internal.org.objectweb.asm.ClassVisitor::<init> (7 bytes)
Event: 376.204 Thread 0x000002421b02a3f0 nmethod 3466 0x00000241ba3ba790 code [0x00000241ba3ba940, 0x00000241ba3baa88]
Event: 376.204 Thread 0x000002421b02a3f0 3467       3       jdk.internal.org.objectweb.asm.ClassVisitor::<init> (88 bytes)
Event: 376.204 Thread 0x000002421b02a3f0 nmethod 3467 0x00000241ba3bab10 code [0x00000241ba3bad60, 0x00000241ba3bb628]
Event: 376.204 Thread 0x000002421b02a3f0 3468       3       jdk.internal.org.objectweb.asm.SymbolTable::<init> (41 bytes)
Event: 376.205 Thread 0x000002421b02a3f0 nmethod 3468 0x00000241ba3bb910 code [0x00000241ba3bbae0, 0x00000241ba3bc078]
Event: 376.235 Thread 0x000002421b029940 3469       4       java.lang.Math::floor (5 bytes)

GC Heap History (20 events):
Event: 338.041 GC heap before
{Heap before GC invocations=42 (full 0):
 garbage-first heap   total 258048K, used 166355K [0x0000000704600000, 0x0000000800000000)
  region size 2048K, 75 young (153600K), 1 survivors (2048K)
 Metaspace       used 13102K, committed 13376K, reserved 1114112K
  class space    used 1395K, committed 1536K, reserved 1048576K
}
Event: 338.042 GC heap after
{Heap after GC invocations=43 (full 0):
 garbage-first heap   total 258048K, used 14800K [0x0000000704600000, 0x0000000800000000)
  region size 2048K, 1 young (2048K), 1 survivors (2048K)
 Metaspace       used 13102K, committed 13376K, reserved 1114112K
  class space    used 1395K, committed 1536K, reserved 1048576K
}
Event: 341.084 GC heap before
{Heap before GC invocations=43 (full 0):
 garbage-first heap   total 258048K, used 166352K [0x0000000704600000, 0x0000000800000000)
  region size 2048K, 75 young (153600K), 1 survivors (2048K)
 Metaspace       used 13102K, committed 13376K, reserved 1114112K
  class space    used 1395K, committed 1536K, reserved 1048576K
}
Event: 341.085 GC heap after
{Heap after GC invocations=44 (full 0):
 garbage-first heap   total 258048K, used 14803K [0x0000000704600000, 0x0000000800000000)
  region size 2048K, 1 young (2048K), 1 survivors (2048K)
 Metaspace       used 13102K, committed 13376K, reserved 1114112K
  class space    used 1395K, committed 1536K, reserved 1048576K
}
Event: 344.244 GC heap before
{Heap before GC invocations=44 (full 0):
 garbage-first heap   total 258048K, used 166355K [0x0000000704600000, 0x0000000800000000)
  region size 2048K, 75 young (153600K), 1 survivors (2048K)
 Metaspace       used 13102K, committed 13376K, reserved 1114112K
  class space    used 1395K, committed 1536K, reserved 1048576K
}
Event: 344.245 GC heap after
{Heap after GC invocations=45 (full 0):
 garbage-first heap   total 258048K, used 14800K [0x0000000704600000, 0x0000000800000000)
  region size 2048K, 1 young (2048K), 1 survivors (2048K)
 Metaspace       used 13102K, committed 13376K, reserved 1114112K
  class space    used 1395K, committed 1536K, reserved 1048576K
}
Event: 347.328 GC heap before
{Heap before GC invocations=45 (full 0):
 garbage-first heap   total 258048K, used 166352K [0x0000000704600000, 0x0000000800000000)
  region size 2048K, 75 young (153600K), 1 survivors (2048K)
 Metaspace       used 13102K, committed 13376K, reserved 1114112K
  class space    used 1395K, committed 1536K, reserved 1048576K
}
Event: 347.329 GC heap after
{Heap after GC invocations=46 (full 0):
 garbage-first heap   total 258048K, used 14798K [0x0000000704600000, 0x0000000800000000)
  region size 2048K, 1 young (2048K), 1 survivors (2048K)
 Metaspace       used 13102K, committed 13376K, reserved 1114112K
  class space    used 1395K, committed 1536K, reserved 1048576K
}
Event: 351.335 GC heap before
{Heap before GC invocations=46 (full 0):
 garbage-first heap   total 258048K, used 166350K [0x0000000704600000, 0x0000000800000000)
  region size 2048K, 75 young (153600K), 1 survivors (2048K)
 Metaspace       used 13102K, committed 13376K, reserved 1114112K
  class space    used 1395K, committed 1536K, reserved 1048576K
}
Event: 351.335 GC heap after
{Heap after GC invocations=47 (full 0):
 garbage-first heap   total 258048K, used 14821K [0x0000000704600000, 0x0000000800000000)
  region size 2048K, 1 young (2048K), 1 survivors (2048K)
 Metaspace       used 13102K, committed 13376K, reserved 1114112K
  class space    used 1395K, committed 1536K, reserved 1048576K
}
Event: 355.830 GC heap before
{Heap before GC invocations=47 (full 0):
 garbage-first heap   total 258048K, used 166373K [0x0000000704600000, 0x0000000800000000)
  region size 2048K, 75 young (153600K), 1 survivors (2048K)
 Metaspace       used 13102K, committed 13376K, reserved 1114112K
  class space    used 1395K, committed 1536K, reserved 1048576K
}
Event: 355.831 GC heap after
{Heap after GC invocations=48 (full 0):
 garbage-first heap   total 258048K, used 14821K [0x0000000704600000, 0x0000000800000000)
  region size 2048K, 1 young (2048K), 1 survivors (2048K)
 Metaspace       used 13102K, committed 13376K, reserved 1114112K
  class space    used 1395K, committed 1536K, reserved 1048576K
}
Event: 360.600 GC heap before
{Heap before GC invocations=48 (full 0):
 garbage-first heap   total 258048K, used 166373K [0x0000000704600000, 0x0000000800000000)
  region size 2048K, 75 young (153600K), 1 survivors (2048K)
 Metaspace       used 13102K, committed 13376K, reserved 1114112K
  class space    used 1395K, committed 1536K, reserved 1048576K
}
Event: 360.601 GC heap after
{Heap after GC invocations=49 (full 0):
 garbage-first heap   total 258048K, used 14819K [0x0000000704600000, 0x0000000800000000)
  region size 2048K, 1 young (2048K), 1 survivors (2048K)
 Metaspace       used 13102K, committed 13376K, reserved 1114112K
  class space    used 1395K, committed 1536K, reserved 1048576K
}
Event: 364.960 GC heap before
{Heap before GC invocations=49 (full 0):
 garbage-first heap   total 258048K, used 166371K [0x0000000704600000, 0x0000000800000000)
  region size 2048K, 75 young (153600K), 1 survivors (2048K)
 Metaspace       used 13102K, committed 13376K, reserved 1114112K
  class space    used 1395K, committed 1536K, reserved 1048576K
}
Event: 364.961 GC heap after
{Heap after GC invocations=50 (full 0):
 garbage-first heap   total 258048K, used 14821K [0x0000000704600000, 0x0000000800000000)
  region size 2048K, 1 young (2048K), 1 survivors (2048K)
 Metaspace       used 13102K, committed 13376K, reserved 1114112K
  class space    used 1395K, committed 1536K, reserved 1048576K
}
Event: 368.900 GC heap before
{Heap before GC invocations=50 (full 0):
 garbage-first heap   total 258048K, used 166373K [0x0000000704600000, 0x0000000800000000)
  region size 2048K, 75 young (153600K), 1 survivors (2048K)
 Metaspace       used 13102K, committed 13376K, reserved 1114112K
  class space    used 1395K, committed 1536K, reserved 1048576K
}
Event: 368.901 GC heap after
{Heap after GC invocations=51 (full 0):
 garbage-first heap   total 258048K, used 14815K [0x0000000704600000, 0x0000000800000000)
  region size 2048K, 1 young (2048K), 1 survivors (2048K)
 Metaspace       used 13102K, committed 13376K, reserved 1114112K
  class space    used 1395K, committed 1536K, reserved 1048576K
}
Event: 372.312 GC heap before
{Heap before GC invocations=51 (full 0):
 garbage-first heap   total 258048K, used 166367K [0x0000000704600000, 0x0000000800000000)
  region size 2048K, 75 young (153600K), 1 survivors (2048K)
 Metaspace       used 13102K, committed 13376K, reserved 1114112K
  class space    used 1395K, committed 1536K, reserved 1048576K
}
Event: 372.312 GC heap after
{Heap after GC invocations=52 (full 0):
 garbage-first heap   total 258048K, used 14817K [0x0000000704600000, 0x0000000800000000)
  region size 2048K, 1 young (2048K), 1 survivors (2048K)
 Metaspace       used 13102K, committed 13376K, reserved 1114112K
  class space    used 1395K, committed 1536K, reserved 1048576K
}

Dll operation events (13 events):
Event: 0.007 Loaded shared library C:\Users\PC\.jdks\corretto-17.0.13\bin\java.dll
Event: 0.023 Loaded shared library C:\Users\PC\.jdks\corretto-17.0.13\bin\jsvml.dll
Event: 0.066 Loaded shared library C:\Users\PC\.jdks\corretto-17.0.13\bin\zip.dll
Event: 0.072 Loaded shared library C:\Users\PC\.jdks\corretto-17.0.13\bin\instrument.dll
Event: 0.076 Loaded shared library C:\Users\PC\.jdks\corretto-17.0.13\bin\net.dll
Event: 0.078 Loaded shared library C:\Users\PC\.jdks\corretto-17.0.13\bin\nio.dll
Event: 0.081 Loaded shared library C:\Users\PC\.jdks\corretto-17.0.13\bin\zip.dll
Event: 0.085 Loaded shared library C:\Program Files\JetBrains\IntelliJ IDEA 2024.2.4\bin\breakgen64.dll
Event: 0.102 Loaded shared library C:\Users\PC\.jdks\corretto-17.0.13\bin\jimage.dll
Event: 0.106 Loaded shared library C:\Users\PC\.jdks\corretto-17.0.13\bin\extnet.dll
Event: 0.123 Loaded shared library C:\Users\PC\.jdks\corretto-17.0.13\bin\awt.dll
Event: 0.433 Loaded shared library C:\Users\PC\.jdks\corretto-17.0.13\bin\freetype.dll
Event: 0.434 Loaded shared library C:\Users\PC\.jdks\corretto-17.0.13\bin\fontmanager.dll

Deoptimization events (20 events):
Event: 61.314 Thread 0x000002421b6f5c30 Uncommon trap: trap_request=0xffffffde fr.pc=0x00000241c1bc9f34 relative=0x0000000000000114
Event: 61.314 Thread 0x000002421b6f5c30 Uncommon trap: reason=class_check action=maybe_recompile pc=0x00000241c1bc9f34 method=jdk.internal.misc.Unsafe.allocateUninitializedArray(Ljava/lang/Class;I)Ljava/lang/Object; @ 51 c2
Event: 61.314 Thread 0x000002421b6f5c30 DEOPT PACKING pc=0x00000241c1bc9f34 sp=0x000000e3a62feb60
Event: 61.314 Thread 0x000002421b6f5c30 DEOPT UNPACKING pc=0x00000241c11f69a3 sp=0x000000e3a62feae8 mode 2
Event: 347.880 Thread 0x000002421b6f5c30 Uncommon trap: trap_request=0xffffff45 fr.pc=0x00000241c1b49bb4 relative=0x0000000000000b34
Event: 347.880 Thread 0x000002421b6f5c30 Uncommon trap: reason=unstable_if action=reinterpret pc=0x00000241c1b49bb4 method=java.awt.Container.findComponentAtImpl(IIZ)Ljava/awt/Component; @ 131 c2
Event: 347.880 Thread 0x000002421b6f5c30 DEOPT PACKING pc=0x00000241c1b49bb4 sp=0x000000e3a62fead0
Event: 347.880 Thread 0x000002421b6f5c30 DEOPT UNPACKING pc=0x00000241c11f69a3 sp=0x000000e3a62fe8f8 mode 2
Event: 376.235 Thread 0x000002421b6f5c30 Uncommon trap: trap_request=0xffffff45 fr.pc=0x00000241c1af981c relative=0x000000000000311c
Event: 376.235 Thread 0x000002421b6f5c30 Uncommon trap: reason=unstable_if action=reinterpret pc=0x00000241c1af981c method=sun.java2d.pipe.DrawImage.tryCopyOrScale(Lsun/java2d/SunGraphics2D;Ljava/awt/Image;IIIILjava/awt/Color;I[D)Z @ 253 c2
Event: 376.235 Thread 0x000002421b6f5c30 DEOPT PACKING pc=0x00000241c1af981c sp=0x000000e3a62fe9c0
Event: 376.235 Thread 0x000002421b6f5c30 DEOPT UNPACKING pc=0x00000241c11f69a3 sp=0x000000e3a62fe780 mode 2
Event: 376.235 Thread 0x000002421b6f5c30 Uncommon trap: trap_request=0xffffff45 fr.pc=0x00000241c1ae0eb4 relative=0x0000000000000394
Event: 376.235 Thread 0x000002421b6f5c30 Uncommon trap: reason=unstable_if action=reinterpret pc=0x00000241c1ae0eb4 method=sun.java2d.loops.RenderCache$Entry.matches(Lsun/java2d/loops/SurfaceType;Lsun/java2d/loops/CompositeType;Lsun/java2d/loops/SurfaceType;)Z @ 5 c2
Event: 376.235 Thread 0x000002421b6f5c30 DEOPT PACKING pc=0x00000241c1ae0eb4 sp=0x000000e3a62fe600
Event: 376.235 Thread 0x000002421b6f5c30 DEOPT UNPACKING pc=0x00000241c11f69a3 sp=0x000000e3a62fe558 mode 2
Event: 376.236 Thread 0x000002421b6f5c30 Uncommon trap: trap_request=0xffffff45 fr.pc=0x00000241c1b6f320 relative=0x00000000000006c0
Event: 376.236 Thread 0x000002421b6f5c30 Uncommon trap: reason=unstable_if action=reinterpret pc=0x00000241c1b6f320 method=sun.java2d.SunGraphics2D.setDevClip(IIII)V @ 8 c2
Event: 376.236 Thread 0x000002421b6f5c30 DEOPT PACKING pc=0x00000241c1b6f320 sp=0x000000e3a62fe9f0
Event: 376.236 Thread 0x000002421b6f5c30 DEOPT UNPACKING pc=0x00000241c11f69a3 sp=0x000000e3a62fe958 mode 2

Classes loaded (20 events):
Event: 21.033 Loading class java/awt/SecondaryLoop done
Event: 21.033 Loading class java/awt/WaitDispatchSupport done
Event: 21.033 Loading class java/awt/WaitDispatchSupport$5
Event: 21.033 Loading class java/awt/WaitDispatchSupport$5 done
Event: 21.033 Loading class java/awt/WaitDispatchSupport$1
Event: 21.033 Loading class java/awt/WaitDispatchSupport$1 done
Event: 21.033 Loading class java/awt/WaitDispatchSupport$2
Event: 21.033 Loading class java/awt/WaitDispatchSupport$2 done
Event: 21.033 Loading class java/awt/WaitDispatchSupport$4
Event: 21.033 Loading class java/awt/WaitDispatchSupport$4 done
Event: 25.189 Loading class java/awt/Window$1DisposeAction
Event: 25.190 Loading class java/awt/Window$1DisposeAction done
Event: 28.012 Loading class java/awt/Canvas
Event: 28.012 Loading class java/awt/Canvas done
Event: 28.012 Loading class java/awt/Scrollbar
Event: 28.012 Loading class java/awt/Scrollbar done
Event: 31.067 Loading class jdk/internal/misc/ScopedMemoryAccess$Scope$Handle
Event: 31.067 Loading class jdk/internal/misc/ScopedMemoryAccess$Scope$Handle done
Event: 34.687 Loading class java/lang/NumberFormatException
Event: 34.687 Loading class java/lang/NumberFormatException done

Classes unloaded (0 events):
No events

Classes redefined (0 events):
No events

Internal exceptions (20 events):
Event: 0.298 Thread 0x00000241b221a920 Exception <a 'java/lang/ClassNotFoundException'{0x0000000713dc3080}: com/sun/swing/internal/plaf/metal/resources/spi/metalProvider> (0x0000000713dc3080) 
thrown [s\src\hotspot\share\classfile\systemDictionary.cpp, line 256]
Event: 0.299 Thread 0x00000241b221a920 Exception <a 'java/lang/ClassNotFoundException'{0x0000000713dc7a78}: com/sun/swing/internal/plaf/basic/resources/spi/basicProvider> (0x0000000713dc7a78) 
thrown [s\src\hotspot\share\classfile\systemDictionary.cpp, line 256]
Event: 0.361 Thread 0x000002421b458400 Exception <a 'java/lang/NoSuchMethodError'{0x0000000713bfe858}: 'java.lang.Object java.lang.invoke.DirectMethodHandle$Holder.newInvokeSpecial(java.lang.Object, java.lang.Object, java.lang.Object, int, int, int, int, int)'> (0x0000000713bfe858) 
thrown [s\src\hotspot\share\interpreter\linkResolver.cpp, line 759]
Event: 0.438 Thread 0x00000241b221a920 Exception <a 'java/io/FileNotFoundException'{0x000000071348b6a8}> (0x000000071348b6a8) 
thrown [s\src\hotspot\share\prims\jni.cpp, line 516]
Event: 0.897 Thread 0x00000241b221a920 Implicit null exception at 0x00000241c196945a to 0x00000241c196d1f8
Event: 1.038 Thread 0x000002421b3fc910 Exception <a 'java/lang/NoSuchMethodError'{0x00000007138d8e28}: 'void java.lang.invoke.DirectMethodHandle$Holder.invokeVirtual(java.lang.Object, java.lang.Object)'> (0x00000007138d8e28) 
thrown [s\src\hotspot\share\interpreter\linkResolver.cpp, line 759]
Event: 1.059 Thread 0x00000241b221a920 Exception <a 'java/lang/NoSuchMethodError'{0x00000007138b0590}: 'void java.lang.invoke.DirectMethodHandle$Holder.invokeStaticInit(java.lang.Object)'> (0x00000007138b0590) 
thrown [s\src\hotspot\share\interpreter\linkResolver.cpp, line 759]
Event: 2.759 Thread 0x000002421b6f5c30 Implicit null exception at 0x00000241c1959edd to 0x00000241c1959f6c
Event: 3.291 Thread 0x000002421b6f6650 Exception <a 'java/lang/NoSuchMethodError'{0x00000007136dd810}: static LRoom;.<clinit>()V> (0x00000007136dd810) 
thrown [s\src\hotspot\share\prims\jni.cpp, line 1112]
Event: 3.305 Thread 0x000002421b6f5c30 Exception <a 'java/lang/NoSuchMethodError'{0x000000071351cc70}: 'java.lang.Object java.lang.invoke.DirectMethodHandle$Holder.invokeSpecial(java.lang.Object, java.lang.Object, int, java.lang.Object, java.lang.Object)'> (0x000000071351cc70) 
thrown [s\src\hotspot\share\interpreter\linkResolver.cpp, line 759]
Event: 3.306 Thread 0x000002421b6f5c30 Exception <a 'java/lang/NoSuchMethodError'{0x0000000713520838}: 'java.lang.Object java.lang.invoke.Invokers$Holder.linkToTargetMethod(int, java.lang.Object, java.lang.Object, java.lang.Object)'> (0x0000000713520838) 
thrown [s\src\hotspot\share\interpreter\linkResolver.cpp, line 759]
Event: 3.327 Thread 0x000002421b6f5c30 Implicit null exception at 0x00000241c19b1fdb to 0x00000241c19b22a8
Event: 20.967 Thread 0x000002421b6f5c30 Exception <a 'java/lang/NoSuchMethodError'{0x000000070e3cf760}: static [Ljava/lang/Object;.<clinit>()V> (0x000000070e3cf760) 
thrown [s\src\hotspot\share\prims\jni.cpp, line 1112]
Event: 21.032 Thread 0x000002421b6f5c30 Exception <a 'java/lang/NoSuchMethodError'{0x000000070e005808}: 'int java.lang.invoke.DirectMethodHandle$Holder.invokeStatic(java.lang.Object)'> (0x000000070e005808) 
thrown [s\src\hotspot\share\interpreter\linkResolver.cpp, line 759]
Event: 376.235 Thread 0x000002421b6f5c30 Exception <a 'sun/java2d/InvalidPipeException'{0x000000070b51a110}: GDIWindowSurfaceData: bounds changed> (0x000000070b51a110) 
thrown [s\src\hotspot\share\prims\jni.cpp, line 535]
Event: 376.235 Thread 0x000002421b6f5c30 Exception <a 'sun/java2d/InvalidPipeException'{0x000000070b51a6d8}: GDIWindowSurfaceData: bounds changed> (0x000000070b51a6d8) 
thrown [s\src\hotspot\share\prims\jni.cpp, line 535]
Event: 376.235 Thread 0x000002421b6f5c30 Exception <a 'sun/java2d/InvalidPipeException'{0x000000070b51add8}: GDIWindowSurfaceData: bounds changed> (0x000000070b51add8) 
thrown [s\src\hotspot\share\prims\jni.cpp, line 535]
Event: 376.236 Thread 0x000002421b6f5c30 Exception <a 'sun/java2d/InvalidPipeException'{0x000000070b51b448}: GDIWindowSurfaceData: bounds changed> (0x000000070b51b448) 
thrown [s\src\hotspot\share\prims\jni.cpp, line 535]
Event: 376.236 Thread 0x000002421b6f5c30 Exception <a 'sun/java2d/InvalidPipeException'{0x000000070b51ba10}: GDIWindowSurfaceData: bounds changed> (0x000000070b51ba10) 
thrown [s\src\hotspot\share\prims\jni.cpp, line 535]
Event: 376.236 Thread 0x000002421b6f5c30 Exception <a 'sun/java2d/InvalidPipeException'{0x000000070b51c0b0}: GDIWindowSurfaceData: bounds changed> (0x000000070b51c0b0) 
thrown [s\src\hotspot\share\prims\jni.cpp, line 535]

VM Operations (20 events):
Event: 341.084 Executing VM operation: G1CollectForAllocation
Event: 341.085 Executing VM operation: G1CollectForAllocation done
Event: 344.244 Executing VM operation: G1CollectForAllocation
Event: 344.245 Executing VM operation: G1CollectForAllocation done
Event: 347.328 Executing VM operation: G1CollectForAllocation
Event: 347.329 Executing VM operation: G1CollectForAllocation done
Event: 349.340 Executing VM operation: Cleanup
Event: 349.341 Executing VM operation: Cleanup done
Event: 351.335 Executing VM operation: G1CollectForAllocation
Event: 351.335 Executing VM operation: G1CollectForAllocation done
Event: 355.830 Executing VM operation: G1CollectForAllocation
Event: 355.831 Executing VM operation: G1CollectForAllocation done
Event: 360.600 Executing VM operation: G1CollectForAllocation
Event: 360.601 Executing VM operation: G1CollectForAllocation done
Event: 364.960 Executing VM operation: G1CollectForAllocation
Event: 364.961 Executing VM operation: G1CollectForAllocation done
Event: 368.900 Executing VM operation: G1CollectForAllocation
Event: 368.901 Executing VM operation: G1CollectForAllocation done
Event: 372.312 Executing VM operation: G1CollectForAllocation
Event: 372.312 Executing VM operation: G1CollectForAllocation done

Memory protections (0 events):
No events

Nmethod flushes (0 events):
No events

Events (20 events):
Event: 3.535 Thread 0x000002421d227220 Thread exited: 0x000002421d227220
Event: 4.535 Thread 0x000002421b4c4c50 Thread exited: 0x000002421b4c4c50
Event: 4.535 Thread 0x000002421b0ef640 Thread exited: 0x000002421b0ef640
Event: 5.522 Thread 0x000002421b458400 Thread exited: 0x000002421b458400
Event: 6.564 Thread 0x000002421b02a3f0 Thread added: 0x000002421b4bc7b0
Event: 6.579 Thread 0x000002421b02a3f0 Thread added: 0x000002421de73940
Event: 7.697 Thread 0x000002421de73940 Thread exited: 0x000002421de73940
Event: 8.930 Thread 0x000002421b4bc7b0 Thread exited: 0x000002421b4bc7b0
Event: 10.742 Thread 0x000002421b029940 Thread added: 0x000002421fcd4a10
Event: 10.742 Thread 0x000002421b029940 Thread added: 0x000002421d9160a0
Event: 10.912 Thread 0x000002421d9160a0 Thread exited: 0x000002421d9160a0
Event: 11.330 Thread 0x000002421fcd4a10 Thread exited: 0x000002421fcd4a10
Event: 21.389 Thread 0x000002421b029940 Thread added: 0x000002421b7d4630
Event: 21.738 Thread 0x000002421b7d4630 Thread exited: 0x000002421b7d4630
Event: 22.300 Thread 0x000002421b029940 Thread added: 0x000002421b7d8030
Event: 22.630 Thread 0x000002421b7d8030 Thread exited: 0x000002421b7d8030
Event: 25.208 Thread 0x000002421b02a3f0 Thread added: 0x000002421b344fa0
Event: 26.047 Thread 0x000002421b344fa0 Thread exited: 0x000002421b344fa0
Event: 31.175 Thread 0x000002421b029940 Thread added: 0x00000241b2225d90
Event: 31.782 Thread 0x00000241b2225d90 Thread exited: 0x00000241b2225d90


Dynamic libraries:
0x00007ff7df7e0000 - 0x00007ff7df7ee000 	C:\Users\PC\.jdks\corretto-17.0.13\bin\java.exe
0x00007ffd28990000 - 0x00007ffd28ba7000 	C:\Windows\SYSTEM32\ntdll.dll
0x00007ffd27f30000 - 0x00007ffd27ff4000 	C:\Windows\System32\KERNEL32.DLL
0x00007ffd25c90000 - 0x00007ffd26049000 	C:\Windows\System32\KERNELBASE.dll
0x00007ffd263f0000 - 0x00007ffd26501000 	C:\Windows\System32\ucrtbase.dll
0x00007ffd1e790000 - 0x00007ffd1e7a7000 	C:\Users\PC\.jdks\corretto-17.0.13\bin\jli.dll
0x00007ffd18960000 - 0x00007ffd1897b000 	C:\Users\PC\.jdks\corretto-17.0.13\bin\VCRUNTIME140.dll
0x00007ffd26760000 - 0x00007ffd2690e000 	C:\Windows\System32\USER32.dll
0x00007ffd26110000 - 0x00007ffd26136000 	C:\Windows\System32\win32u.dll
0x00007ffcef090000 - 0x00007ffcef322000 	C:\Windows\WinSxS\amd64_microsoft.windows.common-controls_6595b64144ccf1df_6.0.22621.4391_none_2715d37f73803e96\COMCTL32.dll
0x00007ffd282c0000 - 0x00007ffd282e9000 	C:\Windows\System32\GDI32.dll
0x00007ffd266b0000 - 0x00007ffd26757000 	C:\Windows\System32\msvcrt.dll
0x00007ffd26510000 - 0x00007ffd2662b000 	C:\Windows\System32\gdi32full.dll
0x00007ffd26350000 - 0x00007ffd263ea000 	C:\Windows\System32\msvcp_win.dll
0x00007ffd27d90000 - 0x00007ffd27dc1000 	C:\Windows\System32\IMM32.DLL
0x00007ffd1e200000 - 0x00007ffd1e20c000 	C:\Users\PC\.jdks\corretto-17.0.13\bin\vcruntime140_1.dll
0x00007ffd188d0000 - 0x00007ffd1895d000 	C:\Users\PC\.jdks\corretto-17.0.13\bin\msvcp140.dll
0x00007ffcc7a60000 - 0x00007ffcc86cc000 	C:\Users\PC\.jdks\corretto-17.0.13\bin\server\jvm.dll
0x00007ffd27cd0000 - 0x00007ffd27d82000 	C:\Windows\System32\ADVAPI32.dll
0x00007ffd288a0000 - 0x00007ffd28947000 	C:\Windows\System32\sechost.dll
0x00007ffd262b0000 - 0x00007ffd262d8000 	C:\Windows\System32\bcrypt.dll
0x00007ffd26fe0000 - 0x00007ffd270f4000 	C:\Windows\System32\RPCRT4.dll
0x00007ffd28820000 - 0x00007ffd28891000 	C:\Windows\System32\WS2_32.dll
0x00007ffd259b0000 - 0x00007ffd259fd000 	C:\Windows\SYSTEM32\POWRPROF.dll
0x00007ffd18ae0000 - 0x00007ffd18b14000 	C:\Windows\SYSTEM32\WINMM.dll
0x00007ffd15040000 - 0x00007ffd1504a000 	C:\Windows\SYSTEM32\VERSION.dll
0x00007ffd25990000 - 0x00007ffd259a3000 	C:\Windows\SYSTEM32\UMPDC.dll
0x00007ffd24c90000 - 0x00007ffd24ca8000 	C:\Windows\SYSTEM32\kernel.appcore.dll
0x00007ffd1ce00000 - 0x00007ffd1ce0a000 	C:\Users\PC\.jdks\corretto-17.0.13\bin\jimage.dll
0x00007ffd23540000 - 0x00007ffd23772000 	C:\Windows\SYSTEM32\DBGHELP.DLL
0x00007ffd28400000 - 0x00007ffd2878f000 	C:\Windows\System32\combase.dll
0x00007ffd27100000 - 0x00007ffd271d7000 	C:\Windows\System32\OLEAUT32.dll
0x00007ffd00140000 - 0x00007ffd00172000 	C:\Windows\SYSTEM32\dbgcore.DLL
0x00007ffd26630000 - 0x00007ffd266ab000 	C:\Windows\System32\bcryptPrimitives.dll
0x00007ffd1ccd0000 - 0x00007ffd1ccde000 	C:\Users\PC\.jdks\corretto-17.0.13\bin\instrument.dll
0x00007ffd188a0000 - 0x00007ffd188c5000 	C:\Users\PC\.jdks\corretto-17.0.13\bin\java.dll
0x00007ffcc9180000 - 0x00007ffcc9257000 	C:\Users\PC\.jdks\corretto-17.0.13\bin\jsvml.dll
0x00007ffd272e0000 - 0x00007ffd27b56000 	C:\Windows\System32\SHELL32.dll
0x00007ffd23b80000 - 0x00007ffd24483000 	C:\Windows\SYSTEM32\windows.storage.dll
0x00007ffd23a40000 - 0x00007ffd23b7f000 	C:\Windows\SYSTEM32\wintypes.dll
0x00007ffd27b60000 - 0x00007ffd27c59000 	C:\Windows\System32\SHCORE.dll
0x00007ffd282f0000 - 0x00007ffd2834e000 	C:\Windows\System32\shlwapi.dll
0x00007ffd25bc0000 - 0x00007ffd25beb000 	C:\Windows\SYSTEM32\profapi.dll
0x00007ffcfb6d0000 - 0x00007ffcfb6e8000 	C:\Users\PC\.jdks\corretto-17.0.13\bin\zip.dll
0x00007ffd18880000 - 0x00007ffd18899000 	C:\Users\PC\.jdks\corretto-17.0.13\bin\net.dll
0x00007ffd22250000 - 0x00007ffd22386000 	C:\Windows\SYSTEM32\WINHTTP.dll
0x00007ffd25100000 - 0x00007ffd25169000 	C:\Windows\system32\mswsock.dll
0x00007ffcfb710000 - 0x00007ffcfb726000 	C:\Users\PC\.jdks\corretto-17.0.13\bin\nio.dll
0x00007ffcf9300000 - 0x00007ffcf931a000 	C:\Program Files\JetBrains\IntelliJ IDEA 2024.2.4\bin\breakgen64.dll
0x00007ffcfd570000 - 0x00007ffcfd579000 	C:\Users\PC\.jdks\corretto-17.0.13\bin\extnet.dll
0x00007ffcc78d0000 - 0x00007ffcc7a60000 	C:\Users\PC\.jdks\corretto-17.0.13\bin\awt.dll
0x00007ffd1ecd0000 - 0x00007ffd1ed67000 	C:\Windows\SYSTEM32\apphelp.dll
0x00007ffd22d50000 - 0x00007ffd22d7b000 	C:\Windows\system32\DWMAPI.DLL
0x00007ffd22b00000 - 0x00007ffd22bb1000 	C:\Windows\system32\uxtheme.dll
0x00007ffd0f6a0000 - 0x00007ffd0f7a0000 	C:\Windows\system32\opengl32.dll
0x00007ffd002f0000 - 0x00007ffd0031d000 	C:\Windows\SYSTEM32\GLU32.dll
0x00007ffd22d80000 - 0x00007ffd22db7000 	C:\Windows\SYSTEM32\dxcore.dll
0x00007ffd27dd0000 - 0x00007ffd27f30000 	C:\Windows\System32\MSCTF.dll
0x00007ffd28110000 - 0x00007ffd282b5000 	C:\Windows\System32\ole32.dll
0x00007ffce88c0000 - 0x00007ffce8947000 	C:\Users\PC\.jdks\corretto-17.0.13\bin\freetype.dll
0x00007ffcc77f0000 - 0x00007ffcc78ca000 	C:\Users\PC\.jdks\corretto-17.0.13\bin\fontmanager.dll
0x00007ffd28350000 - 0x00007ffd28400000 	C:\Windows\System32\clbcatq.dll
0x00007ffd228a0000 - 0x00007ffd22a50000 	C:\Windows\SYSTEM32\WindowsCodecs.dll
0x00007ffcf8e70000 - 0x00007ffcf8ece000 	C:\Windows\system32\dataexchange.dll
0x00007ffd1a6c0000 - 0x00007ffd1a964000 	C:\Windows\system32\twinapi.appcore.dll
0x00007ffd1afd0000 - 0x00007ffd1b115000 	C:\Windows\SYSTEM32\textinputframework.dll
0x00007ffd00050000 - 0x00007ffd0009b000 	C:\Windows\system32\ApplicationTargetedFeatureDatabase.dll
0x00007ffd1e630000 - 0x00007ffd1e763000 	C:\Windows\SYSTEM32\CoreMessaging.dll
0x00007ffd1c430000 - 0x00007ffd1c79d000 	C:\Windows\SYSTEM32\CoreUIComponents.dll
0x00007ffd25430000 - 0x00007ffd2543c000 	C:\Windows\SYSTEM32\CRYPTBASE.DLL
0x00007ffce7e10000 - 0x00007ffce7edc000 	C:\Windows\HancomIME\x64\HCHangulIME.dll
0x00007ffd0e300000 - 0x00007ffd0e7fe000 	C:\Windows\SYSTEM32\WININET.dll
0x00007ffd1d980000 - 0x00007ffd1df6e000 	C:\Windows\SYSTEM32\d2d1.dll
0x00007ffd1d650000 - 0x00007ffd1d8c3000 	C:\Windows\SYSTEM32\DWrite.dll
0x00007ffd24710000 - 0x00007ffd24812000 	C:\Windows\SYSTEM32\DNSAPI.dll
0x00007ffd246e0000 - 0x00007ffd2470d000 	C:\Windows\SYSTEM32\IPHLPAPI.DLL
0x00007ffd26920000 - 0x00007ffd26929000 	C:\Windows\System32\NSI.dll
0x00007ffd1ef50000 - 0x00007ffd1ef5a000 	C:\Windows\System32\rasadhlp.dll
0x00007ffd1e860000 - 0x00007ffd1e8e3000 	C:\Windows\System32\fwpuclnt.dll

dbghelp: loaded successfully - version: 4.0.5 - missing functions: none
symbol engine: initialized successfully - sym options: 0x614 - pdb path: .;C:\Users\PC\.jdks\corretto-17.0.13\bin;C:\Windows\SYSTEM32;C:\Windows\WinSxS\amd64_microsoft.windows.common-controls_6595b64144ccf1df_6.0.22621.4391_none_2715d37f73803e96;C:\Users\PC\.jdks\corretto-17.0.13\bin\server;C:\Program Files\JetBrains\IntelliJ IDEA 2024.2.4\bin;C:\Windows\HancomIME\x64

VM Arguments:
jvm_args: -javaagent:C:\Program Files\JetBrains\IntelliJ IDEA 2024.2.4\lib\idea_rt.jar=59539:C:\Program Files\JetBrains\IntelliJ IDEA 2024.2.4\bin -Dfile.encoding=UTF-8 
java_command: Client
java_class_path (initial): D:\KTstudy\CatchLiar\out\production\CatchLiar
Launcher Type: SUN_STANDARD

[Global flags]
     intx CICompilerCount                          = 12                                        {product} {ergonomic}
     uint ConcGCThreads                            = 3                                         {product} {ergonomic}
     uint G1ConcRefinementThreads                  = 13                                        {product} {ergonomic}
   size_t G1HeapRegionSize                         = 2097152                                   {product} {ergonomic}
    uintx GCDrainStackTargetSize                   = 64                                        {product} {ergonomic}
   size_t InitialHeapSize                          = 264241152                                 {product} {ergonomic}
   size_t MarkStackSize                            = 4194304                                   {product} {ergonomic}
   size_t MaxHeapSize                              = 4221566976                                {product} {ergonomic}
   size_t MaxNewSize                               = 2531262464                                {product} {ergonomic}
   size_t MinHeapDeltaBytes                        = 2097152                                   {product} {ergonomic}
   size_t MinHeapSize                              = 8388608                                   {product} {ergonomic}
    uintx NonNMethodCodeHeapSize                   = 7602480                                {pd product} {ergonomic}
    uintx NonProfiledCodeHeapSize                  = 122027880                              {pd product} {ergonomic}
    uintx ProfiledCodeHeapSize                     = 122027880                              {pd product} {ergonomic}
    uintx ReservedCodeCacheSize                    = 251658240                              {pd product} {ergonomic}
     bool SegmentedCodeCache                       = true                                      {product} {ergonomic}
   size_t SoftMaxHeapSize                          = 4221566976                             {manageable} {ergonomic}
     bool UseCompressedClassPointers               = true                           {product lp64_product} {ergonomic}
     bool UseCompressedOops                        = true                           {product lp64_product} {ergonomic}
     bool UseG1GC                                  = true                                      {product} {ergonomic}
     bool UseLargePagesIndividualAllocation        = false                                  {pd product} {ergonomic}

Logging:
Log output configuration:
 #0: stdout all=warning uptime,level,tags
 #1: stderr all=off uptime,level,tags

Environment Variables:
JAVA_HOME=C:\Program Files\Java\jdk-1.8\bin
PATH=C:\Program Files\Common Files\Oracle\Java\javapath;C:\Python312\Scripts\;C:\Python312\;C:\app\PC\product\21c\dbhomeXE\bin;"C:\Program Files\Java\jdk-1.8\bin;C:\Program Files (x86)\Common Files\Oracle\Java\javapath";C:\Windows\system32;C:\Windows;C:\Windows\System32\Wbem;C:\Windows\System32\WindowsPowerShell\v1.0\;C:\Windows\System32\OpenSSH\;C:\Program Files\Microsoft SQL Server\150\Tools\Binn\;C:\Program Files\Microsoft SQL Server\Client SDK\ODBC\170\Tools\Binn\;C:\Program Files\Git\cmd;C:\Program Files\Bandizip\;C:\Program Files\Go\bin;C:\Program Files\Common Files\Autodesk Shared\;C:\Program Files\Microsoft SQL Server\120\Tools\Binn\;C:\Users\PC\platform-tools-latest-windows\platform-tools;C:\ProgramData\chocolatey\bin;C:\Program Files\dotnet\;C:\Program Files (x86)\Windows Kits\10\Windows Performance Toolkit\;C:\Program Files\nodejs\;C:\Program Files\ffmpeg-7.1-full_build-shared\bin;C:\Program Files\MySQL\MySQL Shell 8.0\bin\;C:\Users\PC\AppData\Local\Programs\Python\Python37\Scripts\;C:\Users\PC\AppData\Local\Programs\Python\Python37\;C:\Users\PC\AppData\Local\Programs\Python\Python310\Scripts\;C:\Users\PC\AppData\Local\Programs\Python\Python310\;C:\Users\PC\AppData\Local\Microsoft\WindowsApps;C:\Users\PC\.dotnet\tools;C:\Users\PC\AppData\Local\Programs\Microsoft VS Code\bin;C:\Users\PC\go\bin;C:\Program Files\Java\jdk-1.8\bin;C:\Users\PC\AppData\Local\JetBrains\Toolbox\scripts;C:\Users\PC\.dotnet\tools;C:\Users\PC\AppData\Local\GitHubDesktop\bin;C:\Program Files\JetBrains\IntelliJ IDEA 2024.2.4\bin;;C:\Users\PC\AppData\Roaming\npm
USERNAME=PC
OS=Windows_NT
PROCESSOR_IDENTIFIER=Intel64 Family 6 Model 186 Stepping 2, GenuineIntel
TMP=C:\Users\PC\AppData\Local\Temp
TEMP=C:\Users\PC\AppData\Local\Temp



Periodic native trim disabled


---------------  S Y S T E M  ---------------

OS:
 Windows 11 , 64 bit Build 22621 (10.0.22621.4391)
OS uptime: 1 days 14:42 hours
Hyper-V role detected

CPU: total 16 (initial active 16) (8 cores per cpu, 2 threads per core) family 6 model 186 stepping 2 microcode 0x410e, cx8, cmov, fxsr, ht, mmx, 3dnowpref, sse, sse2, sse3, ssse3, sse4.1, sse4.2, popcnt, lzcnt, tsc, tscinvbit, avx, avx2, aes, erms, clmul, bmi1, bmi2, adx, sha, fma, vzeroupper, clflush, clflushopt, clwb, hv
Processor Information for processor 0
  Max Mhz: 1900, Current Mhz: 1900, Mhz Limit: 1900
Processor Information for processor 1
  Max Mhz: 1900, Current Mhz: 1900, Mhz Limit: 1900
Processor Information for processor 2
  Max Mhz: 1900, Current Mhz: 1900, Mhz Limit: 1900
Processor Information for processor 3
  Max Mhz: 1900, Current Mhz: 1900, Mhz Limit: 1900
Processor Information for processor 4
  Max Mhz: 1900, Current Mhz: 1900, Mhz Limit: 1900
Processor Information for processor 5
  Max Mhz: 1900, Current Mhz: 1900, Mhz Limit: 1900
Processor Information for processor 6
  Max Mhz: 1900, Current Mhz: 1900, Mhz Limit: 1900
Processor Information for processor 7
  Max Mhz: 1900, Current Mhz: 1900, Mhz Limit: 1900
Processor Information for processor 8
  Max Mhz: 1900, Current Mhz: 1400, Mhz Limit: 1387
Processor Information for processor 9
  Max Mhz: 1900, Current Mhz: 1400, Mhz Limit: 1387
Processor Information for processor 10
  Max Mhz: 1900, Current Mhz: 1400, Mhz Limit: 1387
Processor Information for processor 11
  Max Mhz: 1900, Current Mhz: 1400, Mhz Limit: 1387
Processor Information for processor 12
  Max Mhz: 1900, Current Mhz: 1400, Mhz Limit: 1387
Processor Information for processor 13
  Max Mhz: 1900, Current Mhz: 1400, Mhz Limit: 1387
Processor Information for processor 14
  Max Mhz: 1900, Current Mhz: 1400, Mhz Limit: 1387
Processor Information for processor 15
  Max Mhz: 1900, Current Mhz: 1400, Mhz Limit: 1387

Memory: 4k page, system-wide physical 16098M (3361M free)
TotalPageFile size 32482M (AvailPageFile size 15715M)
current process WorkingSet (physical memory assigned to process): 248M, peak: 253M
current process commit charge ("private bytes"): 381M, peak: 419M

vm_info: OpenJDK 64-Bit Server VM (17.0.13+11-LTS) for windows-amd64 JRE (17.0.13+11-LTS), built on Oct 10 2024 19:51:30 by "Administrator" with MS VC++ 16.10 / 16.11 (VS2019)

END.
