#
# A fatal error has been detected by the Java Runtime Environment:
#
#  EXCEPTION_ACCESS_VIOLATION (0xc0000005) at pc=0x00007ffcc79ac611, pid=21528, tid=7496
#
# JRE version: OpenJDK Runtime Environment Corretto-17.0.13.11.1 (17.0.13+11) (build 17.0.13+11-LTS)
# Java VM: OpenJDK 64-Bit Server VM Corretto-17.0.13.11.1 (17.0.13+11-LTS, mixed mode, sharing, tiered, compressed oops, compressed class ptrs, g1 gc, windows-amd64)
# Problematic frame:
# C  [awt.dll+0xdc611]
#
# No core dump will be written. Minidumps are not enabled by default on client versions of Windows
#
# If you would like to submit a bug report, please visit:
#   https://github.com/corretto/corretto-17/issues/
# The crash happened outside the Java Virtual Machine in native code.
# See problematic frame for where to report the bug.
#

---------------  S U M M A R Y ------------

Command Line: -javaagent:C:\Program Files\JetBrains\IntelliJ IDEA 2024.2.4\lib\idea_rt.jar=59501:C:\Program Files\JetBrains\IntelliJ IDEA 2024.2.4\bin -Dfile.encoding=UTF-8 Server

Host: 13th Gen Intel(R) Core(TM) i5-1340P, 16 cores, 15G,  Windows 11 , 64 bit Build 22621 (10.0.22621.4391)
Time: Thu Dec 12 22:11:38 2024  Windows 11 , 64 bit Build 22621 (10.0.22621.4391) elapsed time: 411.173722 seconds (0d 0h 6m 51s)

---------------  T H R E A D  ---------------

Current thread (0x0000021f7f2c6110):  JavaThread "AWT-Windows" daemon [_thread_in_native, id=7496, stack(0x0000007433d00000,0x0000007433e00000)]

Stack: [0x0000007433d00000,0x0000007433e00000],  sp=0x0000007433dfec20,  free space=1019k
Native frames: (J=compiled Java code, j=interpreted, Vv=VM code, C=native code)
C  [awt.dll+0xdc611]

Java frames: (J=compiled Java code, j=interpreted, Vv=VM code)
j  sun.awt.windows.WToolkit.eventLoop()V+0 java.desktop@17.0.13
j  sun.awt.windows.WToolkit.run()V+50 java.desktop@17.0.13
j  java.lang.Thread.run()V+11 java.base@17.0.13
v  ~StubRoutines::call_stub

siginfo: EXCEPTION_ACCESS_VIOLATION (0xc0000005), reading address 0x0000000000000008


Registers:
RAX=0x0000000000000000, RBX=0x0000021f7f6426a0, RCX=0x0000000000000000, RDX=0x0000000000000000
RSP=0x0000007433dfec20, RBP=0x0000007433dfed29, RSI=0x000000000201147e, RDI=0x0000000000000000
R8 =0x0000000000000001, R9 =0x0000000000000000, R10=0x0000000000000000, R11=0x0000000000000246
R12=0x0000000000000000, R13=0x0000000000000310, R14=0x0000000000000000, R15=0x0000000000000000
RIP=0x00007ffcc79ac611, EFLAGS=0x0000000000010246


Register to memory mapping:

RIP=0x00007ffcc79ac611 awt.dll
RAX=0x0 is NULL
RBX=0x0000021f7f6426a0 points into unknown readable memory: 0x0000021f7eeb9e10 | 10 9e eb 7e 1f 02 00 00
RCX=0x0 is NULL
RDX=0x0 is NULL
RSP=0x0000007433dfec20 is pointing into the stack for thread: 0x0000021f7f2c6110
RBP=0x0000007433dfed29 is pointing into the stack for thread: 0x0000021f7f2c6110
RSI=0x000000000201147e is an unknown value
RDI=0x0 is NULL
R8 =0x0000000000000001 is an unknown value
R9 =0x0 is NULL
R10=0x0 is NULL
R11=0x0000000000000246 is an unknown value
R12=0x0 is NULL
R13=0x0000000000000310 is an unknown value
R14=0x0 is NULL
R15=0x0 is NULL


Top of Stack: (sp=0x0000007433dfec20)
0x0000007433dfec20:   00007ffcc7a0c838 000000000201147e
0x0000007433dfec30:   0000f939a8b9de2b 00007ffcc7968800
0x0000007433dfec40:   0000000000000000 00007ffcc796827c
0x0000007433dfec50:   000000000201147e 0000021f7f3942f0
0x0000007433dfec60:   0000021f7f6426a0 0000021f7f3942f0
0x0000007433dfec70:   0000021f7f3942f0 00007ffcc7968326
0x0000007433dfec80:   00007ffcc78d0000 0000000000000000
0x0000007433dfec90:   000000000000c258 00007ffd289b8af3
0x0000007433dfeca0:   0000021f7f3942f0 00007ffcc7965686
0x0000007433dfecb0:   0000021f7f3942f0 0000000000000000
0x0000007433dfecc0:   0000000000000001 00007ffd289b6b27
0x0000007433dfecd0:   0000007433dfed90 0000021f7f3942f0
0x0000007433dfece0:   00007ffcc7968800 0000000000000000
0x0000007433dfecf0:   0000000000000000 00007ffd289b8af3
0x0000007433dfed00:   0000000000000000 0000007433dfed90
0x0000007433dfed10:   0000007433dfed94 0000021f7f2c63c8
0x0000007433dfed20:   0000021f7f394390 000000000000c258
0x0000007433dfed30:   000000000000c258 0000f939a8b9d9bb
0x0000007433dfed40:   0000021f7f0dc6a0 0000000000000000
0x0000007433dfed50:   0000000000000000 0000000000000000
0x0000007433dfed60:   0000000000000000 0000000000000000
0x0000007433dfed70:   0000000000000000 0000021f7f3942f0
0x0000007433dfed80:   0000000000000310 00007ffcc79b174b
0x0000007433dfed90:   0000000200000002 0000000000000000
0x0000007433dfeda0:   0000608515322118 0000e60380185147
0x0000007433dfedb0:   0000000000000000 000000000000c258
0x0000007433dfedc0:   0000000000000000 0000000000000000
0x0000007433dfedd0:   0000007433dfefa8 00007ffd26778696
0x0000007433dfede0:   0000000000000000 00007ffd289b8af3
0x0000007433dfedf0:   ffffffffffffffeb 00007ffd2677acb9
0x0000007433dfee00:   0000066934faf27e 0000f939a8b9d89b
0x0000007433dfee10:   00000000000803ac 0000000000000000 

Instructions: (pc=0x00007ffcc79ac611)
0x00007ffcc79ac511:   83 ec 28 66 0f 6e c2 0f 5b c0 f3 0f 59 41 48 0f
0x00007ffcc79ac521:   5a c8 f2 0f 10 05 15 47 03 00 f2 0f 5c 0d b5 46
0x00007ffcc79ac531:   01 00 66 0f 2f c1 76 0a b8 00 00 00 80 48 83 c4
0x00007ffcc79ac541:   28 c3 66 0f 2f 0d f5 8f 02 00 76 0a b8 ff ff ff
0x00007ffcc79ac551:   7f 48 83 c4 28 c3 0f 28 c1 e8 77 0e 01 00 f2 0f
0x00007ffcc79ac561:   2c c0 48 83 c4 28 c3 cc cc cc cc cc cc cc cc 48
0x00007ffcc79ac571:   83 ec 28 66 0f 6e c2 0f 5b c0 f3 0f 59 41 4c 0f
0x00007ffcc79ac581:   5a c8 f2 0f 10 05 b5 46 03 00 f2 0f 5c 0d 55 46
0x00007ffcc79ac591:   01 00 66 0f 2f c1 76 0a b8 00 00 00 80 48 83 c4
0x00007ffcc79ac5a1:   28 c3 66 0f 2f 0d 95 8f 02 00 76 0a b8 ff ff ff
0x00007ffcc79ac5b1:   7f 48 83 c4 28 c3 0f 28 c1 e8 17 0e 01 00 f2 0f
0x00007ffcc79ac5c1:   2c c0 48 83 c4 28 c3 cc cc cc cc cc cc cc cc 48
0x00007ffcc79ac5d1:   8b 49 08 48 85 c9 0f 85 b3 7e fe ff 33 c0 c3 48
0x00007ffcc79ac5e1:   89 5c 24 08 48 89 74 24 10 57 48 83 ec 20 8b fa
0x00007ffcc79ac5f1:   48 8b f1 e8 b7 bf f4 ff 48 8b d8 48 89 44 24 40
0x00007ffcc79ac601:   41 b8 01 00 00 00 8b d7 48 8b c8 e8 1f bf f4 ff
0x00007ffcc79ac611:   48 8b 48 08 48 85 c9 74 0d 48 8b d6 e8 6e 7e fe
0x00007ffcc79ac621:   ff 48 8b f8 eb 02 33 ff 48 8b cb e8 3f c1 f4 ff
0x00007ffcc79ac631:   90 48 8b c7 48 8b 5c 24 30 48 8b 74 24 38 48 83
0x00007ffcc79ac641:   c4 20 5f c3 cc cc cc cc cc cc cc cc cc cc cc 48
0x00007ffcc79ac651:   8b 01 89 10 c3 cc cc cc cc cc cc cc cc cc cc 40
0x00007ffcc79ac661:   57 48 83 ec 40 48 83 79 38 00 48 8b f9 0f 84 96
0x00007ffcc79ac671:   01 00 00 48 8b 0d dd c7 06 00 ba 02 00 01 00 48
0x00007ffcc79ac681:   89 5c 24 58 48 89 74 24 68 e8 91 f5 00 00 4c 8b
0x00007ffcc79ac691:   05 02 cd 06 00 48 8b c8 48 8b 57 38 48 8b d8 4c
0x00007ffcc79ac6a1:   8b 08 41 ff 91 f8 02 00 00 48 8b f0 48 85 c0 0f
0x00007ffcc79ac6b1:   84 4a 01 00 00 4c 8b 0b 48 8b d0 4c 8b 05 c5 cc
0x00007ffcc79ac6c1:   06 00 48 8b cb 41 ff 91 00 01 00 00 84 c0 0f 84
0x00007ffcc79ac6d1:   2b 01 00 00 48 8b 7f 08 48 8b d6 48 8b 03 48 8b
0x00007ffcc79ac6e1:   cb 4c 8b 05 b7 cc 06 00 48 81 c7 00 04 00 00 48
0x00007ffcc79ac6f1:   89 6c 24 60 4c 89 64 24 38 ff 90 f8 02 00 00 4c
0x00007ffcc79ac701:   8b 0b 48 8b d6 4c 8b 05 9b cc 06 00 48 8b cb 4c 


Stack slot to memory mapping:
stack at sp + 0 slots: 0x00007ffcc7a0c838 awt.dll
stack at sp + 1 slots: 0x000000000201147e is an unknown value
stack at sp + 2 slots: 0x0000f939a8b9de2b is an unknown value
stack at sp + 3 slots: 0x00007ffcc7968800 awt.dll
stack at sp + 4 slots: 0x0 is NULL
stack at sp + 5 slots: 0x00007ffcc796827c awt.dll
stack at sp + 6 slots: 0x000000000201147e is an unknown value
stack at sp + 7 slots: 0x0000021f7f3942f0 points into unknown readable memory: 0x00007ffcc79dc880 | 80 c8 9d c7 fc 7f 00 00


---------------  P R O C E S S  ---------------

Threads class SMR info:
_java_thread_list=0x0000021f47fd2500, length=23, elements={
0x0000021f7ece6b40, 0x0000021f7ece7670, 0x0000021f7ed021e0, 0x0000021f7ed02da0,
0x0000021f7ed05770, 0x0000021f7ed06130, 0x0000021f7ed06ed0, 0x0000021f7ed0f990,
0x0000021f7ed133b0, 0x0000021f7ebbdd80, 0x0000021f7ef8a230, 0x0000021f7ef8a710,
0x0000021f7f2b68b0, 0x0000021f7f2bace0, 0x0000021f7f2c6110, 0x0000021f7f37aab0,
0x0000021f7f43d0c0, 0x0000021f7f43f940, 0x0000021f7f43dae0, 0x0000021f7f43fe50,
0x0000021f7f43e500, 0x0000021f7f440360, 0x0000021f7f43d5d0
}

Java Threads: ( => current thread )
  0x0000021f7ece6b40 JavaThread "Reference Handler" daemon [_thread_blocked, id=1876, stack(0x0000007432900000,0x0000007432a00000)]
  0x0000021f7ece7670 JavaThread "Finalizer" daemon [_thread_blocked, id=23108, stack(0x0000007432a00000,0x0000007432b00000)]
  0x0000021f7ed021e0 JavaThread "Signal Dispatcher" daemon [_thread_blocked, id=2452, stack(0x0000007432b00000,0x0000007432c00000)]
  0x0000021f7ed02da0 JavaThread "Attach Listener" daemon [_thread_blocked, id=7984, stack(0x0000007432c00000,0x0000007432d00000)]
  0x0000021f7ed05770 JavaThread "Service Thread" daemon [_thread_blocked, id=21868, stack(0x0000007432d00000,0x0000007432e00000)]
  0x0000021f7ed06130 JavaThread "Monitor Deflation Thread" daemon [_thread_blocked, id=26644, stack(0x0000007432e00000,0x0000007432f00000)]
  0x0000021f7ed06ed0 JavaThread "C2 CompilerThread0" daemon [_thread_blocked, id=7484, stack(0x0000007432f00000,0x0000007433000000)]
  0x0000021f7ed0f990 JavaThread "C1 CompilerThread0" daemon [_thread_blocked, id=7884, stack(0x0000007433000000,0x0000007433100000)]
  0x0000021f7ed133b0 JavaThread "Sweeper thread" daemon [_thread_blocked, id=26960, stack(0x0000007433100000,0x0000007433200000)]
  0x0000021f7ebbdd80 JavaThread "Common-Cleaner" daemon [_thread_blocked, id=24652, stack(0x0000007433200000,0x0000007433300000)]
  0x0000021f7ef8a230 JavaThread "Monitor Ctrl-Break" daemon [_thread_in_native, id=17212, stack(0x0000007433800000,0x0000007433900000)]
  0x0000021f7ef8a710 JavaThread "Notification Thread" daemon [_thread_blocked, id=16448, stack(0x0000007433900000,0x0000007433a00000)]
  0x0000021f7f2b68b0 JavaThread "Java2D Disposer" daemon [_thread_blocked, id=22164, stack(0x0000007433b00000,0x0000007433c00000)]
  0x0000021f7f2bace0 JavaThread "AWT-Shutdown" [_thread_blocked, id=3796, stack(0x0000007433c00000,0x0000007433d00000)]
=>0x0000021f7f2c6110 JavaThread "AWT-Windows" daemon [_thread_in_native, id=7496, stack(0x0000007433d00000,0x0000007433e00000)]
  0x0000021f7f37aab0 JavaThread "AWT-EventQueue-0" [_thread_in_native, id=28172, stack(0x0000007433e00000,0x0000007433f00000)]
  0x0000021f7f43d0c0 JavaThread "DestroyJavaVM" [_thread_blocked, id=21244, stack(0x0000007432200000,0x0000007432300000)]
  0x0000021f7f43f940 JavaThread "TimerQueue" daemon [_thread_blocked, id=24792, stack(0x0000007433600000,0x0000007433700000)]
  0x0000021f7f43dae0 JavaThread "Thread-0" [_thread_in_native, id=19680, stack(0x0000007433700000,0x0000007433800000)]
  0x0000021f7f43fe50 JavaThread "Thread-1" [_thread_in_native, id=20960, stack(0x0000007434900000,0x0000007434a00000)]
  0x0000021f7f43e500 JavaThread "Thread-2" [_thread_in_native, id=24648, stack(0x0000007433300000,0x0000007433400000)]
  0x0000021f7f440360 JavaThread "Thread-3" [_thread_in_native, id=19404, stack(0x0000007433400000,0x0000007433500000)]
  0x0000021f7f43d5d0 JavaThread "Thread-4" [_thread_in_native, id=17568, stack(0x0000007433500000,0x0000007433600000)]

Other Threads:
  0x0000021f7ebcc010 VMThread "VM Thread" [stack: 0x0000007432800000,0x0000007432900000] [id=22232]
  0x0000021f593dc6e0 WatcherThread [stack: 0x0000007433a00000,0x0000007433b00000] [id=24764]
  0x0000021f594487b0 GCTaskThread "GC Thread#0" [stack: 0x0000007432300000,0x0000007432400000] [id=12432]
  0x0000021f7fa4ff20 GCTaskThread "GC Thread#1" [stack: 0x0000007434200000,0x0000007434300000] [id=22660]
  0x0000021f7fa501e0 GCTaskThread "GC Thread#2" [stack: 0x0000007434300000,0x0000007434400000] [id=16324]
  0x0000021f7fa533e0 GCTaskThread "GC Thread#3" [stack: 0x0000007434400000,0x0000007434500000] [id=15380]
  0x0000021f7fa53ac0 GCTaskThread "GC Thread#4" [stack: 0x0000007434500000,0x0000007434600000] [id=11336]
  0x0000021f7fa54590 GCTaskThread "GC Thread#5" [stack: 0x0000007434600000,0x0000007434700000] [id=9360]
  0x0000021f7fa56860 GCTaskThread "GC Thread#6" [stack: 0x0000007434700000,0x0000007434800000] [id=5864]
  0x0000021f7fa31c00 GCTaskThread "GC Thread#7" [stack: 0x0000007434800000,0x0000007434900000] [id=24932]
  0x0000021f59459290 ConcurrentGCThread "G1 Main Marker" [stack: 0x0000007432400000,0x0000007432500000] [id=14592]
  0x0000021f59459cb0 ConcurrentGCThread "G1 Conc#0" [stack: 0x0000007432500000,0x0000007432600000] [id=1564]
  0x0000021f7ea8a3e0 ConcurrentGCThread "G1 Refine#0" [stack: 0x0000007432600000,0x0000007432700000] [id=26552]
  0x0000021f7ea8ac20 ConcurrentGCThread "G1 Service" [stack: 0x0000007432700000,0x0000007432800000] [id=8612]

Threads with active compile tasks:

VM state: not at safepoint (normal execution)

VM Mutex/Monitor currently owned by a thread: None

Heap address: 0x0000000704600000, size: 4026 MB, Compressed Oops mode: Zero based, Oop shift amount: 3

CDS archive(s) mapped at: [0x0000021f00000000-0x0000021f00bb0000-0x0000021f00bb0000), size 12255232, SharedBaseAddress: 0x0000021f00000000, ArchiveRelocationMode: 1.
Compressed class space mapped at: 0x0000021f01000000-0x0000021f41000000, reserved size: 1073741824
Narrow klass base: 0x0000021f00000000, Narrow klass shift: 0, Narrow klass range: 0x100000000

GC Precious Log:
 CPUs: 16 total, 16 available
 Memory: 16098M
 Large Page Support: Disabled
 NUMA Support: Disabled
 Compressed Oops: Enabled (Zero based)
 Heap Region Size: 2M
 Heap Min Capacity: 8M
 Heap Initial Capacity: 252M
 Heap Max Capacity: 4026M
 Pre-touch: Disabled
 Parallel Workers: 13
 Concurrent Workers: 3
 Concurrent Refinement Workers: 13
 Periodic GC: Disabled

Heap:
 garbage-first heap   total 258048K, used 16881K [0x0000000704600000, 0x0000000800000000)
  region size 2048K, 9 young (18432K), 2 survivors (4096K)
 Metaspace       used 10456K, committed 10688K, reserved 1114112K
  class space    used 1075K, committed 1216K, reserved 1048576K

Heap Regions: E=young(eden), S=young(survivor), O=old, HS=humongous(starts), HC=humongous(continues), CS=collection set, F=free, OA=open archive, CA=closed archive, TAMS=top-at-mark-start (previous, next)
|   0|0x0000000704600000, 0x0000000704800000, 0x0000000704800000|100%|HS|  |TAMS 0x0000000704600000, 0x0000000704600000| Complete 
|   1|0x0000000704800000, 0x0000000704800000, 0x0000000704a00000|  0%| F|  |TAMS 0x0000000704800000, 0x0000000704800000| Untracked 
|   2|0x0000000704a00000, 0x0000000704a00000, 0x0000000704c00000|  0%| F|  |TAMS 0x0000000704a00000, 0x0000000704a00000| Untracked 
|   3|0x0000000704c00000, 0x0000000704c00000, 0x0000000704e00000|  0%| F|  |TAMS 0x0000000704c00000, 0x0000000704c00000| Untracked 
|   4|0x0000000704e00000, 0x0000000704e00000, 0x0000000705000000|  0%| F|  |TAMS 0x0000000704e00000, 0x0000000704e00000| Untracked 
|   5|0x0000000705000000, 0x0000000705000000, 0x0000000705200000|  0%| F|  |TAMS 0x0000000705000000, 0x0000000705000000| Untracked 
|   6|0x0000000705200000, 0x0000000705200000, 0x0000000705400000|  0%| F|  |TAMS 0x0000000705200000, 0x0000000705200000| Untracked 
|   7|0x0000000705400000, 0x0000000705400000, 0x0000000705600000|  0%| F|  |TAMS 0x0000000705400000, 0x0000000705400000| Untracked 
|   8|0x0000000705600000, 0x0000000705600000, 0x0000000705800000|  0%| F|  |TAMS 0x0000000705600000, 0x0000000705600000| Untracked 
|   9|0x0000000705800000, 0x0000000705800000, 0x0000000705a00000|  0%| F|  |TAMS 0x0000000705800000, 0x0000000705800000| Untracked 
|  10|0x0000000705a00000, 0x0000000705a00000, 0x0000000705c00000|  0%| F|  |TAMS 0x0000000705a00000, 0x0000000705a00000| Untracked 
|  11|0x0000000705c00000, 0x0000000705c00000, 0x0000000705e00000|  0%| F|  |TAMS 0x0000000705c00000, 0x0000000705c00000| Untracked 
|  12|0x0000000705e00000, 0x0000000705e00000, 0x0000000706000000|  0%| F|  |TAMS 0x0000000705e00000, 0x0000000705e00000| Untracked 
|  13|0x0000000706000000, 0x0000000706000000, 0x0000000706200000|  0%| F|  |TAMS 0x0000000706000000, 0x0000000706000000| Untracked 
|  14|0x0000000706200000, 0x0000000706200000, 0x0000000706400000|  0%| F|  |TAMS 0x0000000706200000, 0x0000000706200000| Untracked 
|  15|0x0000000706400000, 0x0000000706400000, 0x0000000706600000|  0%| F|  |TAMS 0x0000000706400000, 0x0000000706400000| Untracked 
|  16|0x0000000706600000, 0x0000000706600000, 0x0000000706800000|  0%| F|  |TAMS 0x0000000706600000, 0x0000000706600000| Untracked 
|  17|0x0000000706800000, 0x0000000706800000, 0x0000000706a00000|  0%| F|  |TAMS 0x0000000706800000, 0x0000000706800000| Untracked 
|  18|0x0000000706a00000, 0x0000000706a00000, 0x0000000706c00000|  0%| F|  |TAMS 0x0000000706a00000, 0x0000000706a00000| Untracked 
|  19|0x0000000706c00000, 0x0000000706c00000, 0x0000000706e00000|  0%| F|  |TAMS 0x0000000706c00000, 0x0000000706c00000| Untracked 
|  20|0x0000000706e00000, 0x0000000706e00000, 0x0000000707000000|  0%| F|  |TAMS 0x0000000706e00000, 0x0000000706e00000| Untracked 
|  21|0x0000000707000000, 0x0000000707000000, 0x0000000707200000|  0%| F|  |TAMS 0x0000000707000000, 0x0000000707000000| Untracked 
|  22|0x0000000707200000, 0x0000000707200000, 0x0000000707400000|  0%| F|  |TAMS 0x0000000707200000, 0x0000000707200000| Untracked 
|  23|0x0000000707400000, 0x0000000707400000, 0x0000000707600000|  0%| F|  |TAMS 0x0000000707400000, 0x0000000707400000| Untracked 
|  24|0x0000000707600000, 0x0000000707600000, 0x0000000707800000|  0%| F|  |TAMS 0x0000000707600000, 0x0000000707600000| Untracked 
|  25|0x0000000707800000, 0x0000000707800000, 0x0000000707a00000|  0%| F|  |TAMS 0x0000000707800000, 0x0000000707800000| Untracked 
|  26|0x0000000707a00000, 0x0000000707a00000, 0x0000000707c00000|  0%| F|  |TAMS 0x0000000707a00000, 0x0000000707a00000| Untracked 
|  27|0x0000000707c00000, 0x0000000707c00000, 0x0000000707e00000|  0%| F|  |TAMS 0x0000000707c00000, 0x0000000707c00000| Untracked 
|  28|0x0000000707e00000, 0x0000000707e00000, 0x0000000708000000|  0%| F|  |TAMS 0x0000000707e00000, 0x0000000707e00000| Untracked 
|  29|0x0000000708000000, 0x0000000708000000, 0x0000000708200000|  0%| F|  |TAMS 0x0000000708000000, 0x0000000708000000| Untracked 
|  30|0x0000000708200000, 0x0000000708200000, 0x0000000708400000|  0%| F|  |TAMS 0x0000000708200000, 0x0000000708200000| Untracked 
|  31|0x0000000708400000, 0x0000000708400000, 0x0000000708600000|  0%| F|  |TAMS 0x0000000708400000, 0x0000000708400000| Untracked 
|  32|0x0000000708600000, 0x0000000708600000, 0x0000000708800000|  0%| F|  |TAMS 0x0000000708600000, 0x0000000708600000| Untracked 
|  33|0x0000000708800000, 0x0000000708800000, 0x0000000708a00000|  0%| F|  |TAMS 0x0000000708800000, 0x0000000708800000| Untracked 
|  34|0x0000000708a00000, 0x0000000708a00000, 0x0000000708c00000|  0%| F|  |TAMS 0x0000000708a00000, 0x0000000708a00000| Untracked 
|  35|0x0000000708c00000, 0x0000000708c00000, 0x0000000708e00000|  0%| F|  |TAMS 0x0000000708c00000, 0x0000000708c00000| Untracked 
|  36|0x0000000708e00000, 0x0000000708e00000, 0x0000000709000000|  0%| F|  |TAMS 0x0000000708e00000, 0x0000000708e00000| Untracked 
|  37|0x0000000709000000, 0x0000000709000000, 0x0000000709200000|  0%| F|  |TAMS 0x0000000709000000, 0x0000000709000000| Untracked 
|  38|0x0000000709200000, 0x0000000709200000, 0x0000000709400000|  0%| F|  |TAMS 0x0000000709200000, 0x0000000709200000| Untracked 
|  39|0x0000000709400000, 0x0000000709400000, 0x0000000709600000|  0%| F|  |TAMS 0x0000000709400000, 0x0000000709400000| Untracked 
|  40|0x0000000709600000, 0x0000000709600000, 0x0000000709800000|  0%| F|  |TAMS 0x0000000709600000, 0x0000000709600000| Untracked 
|  41|0x0000000709800000, 0x0000000709800000, 0x0000000709a00000|  0%| F|  |TAMS 0x0000000709800000, 0x0000000709800000| Untracked 
|  42|0x0000000709a00000, 0x0000000709a00000, 0x0000000709c00000|  0%| F|  |TAMS 0x0000000709a00000, 0x0000000709a00000| Untracked 
|  43|0x0000000709c00000, 0x0000000709c00000, 0x0000000709e00000|  0%| F|  |TAMS 0x0000000709c00000, 0x0000000709c00000| Untracked 
|  44|0x0000000709e00000, 0x0000000709e00000, 0x000000070a000000|  0%| F|  |TAMS 0x0000000709e00000, 0x0000000709e00000| Untracked 
|  45|0x000000070a000000, 0x000000070a000000, 0x000000070a200000|  0%| F|  |TAMS 0x000000070a000000, 0x000000070a000000| Untracked 
|  46|0x000000070a200000, 0x000000070a200000, 0x000000070a400000|  0%| F|  |TAMS 0x000000070a200000, 0x000000070a200000| Untracked 
|  47|0x000000070a400000, 0x000000070a400000, 0x000000070a600000|  0%| F|  |TAMS 0x000000070a400000, 0x000000070a400000| Untracked 
|  48|0x000000070a600000, 0x000000070a600000, 0x000000070a800000|  0%| F|  |TAMS 0x000000070a600000, 0x000000070a600000| Untracked 
|  49|0x000000070a800000, 0x000000070a800000, 0x000000070aa00000|  0%| F|  |TAMS 0x000000070a800000, 0x000000070a800000| Untracked 
|  50|0x000000070aa00000, 0x000000070aa00000, 0x000000070ac00000|  0%| F|  |TAMS 0x000000070aa00000, 0x000000070aa00000| Untracked 
|  51|0x000000070ac00000, 0x000000070ac00000, 0x000000070ae00000|  0%| F|  |TAMS 0x000000070ac00000, 0x000000070ac00000| Untracked 
|  52|0x000000070ae00000, 0x000000070ae00000, 0x000000070b000000|  0%| F|  |TAMS 0x000000070ae00000, 0x000000070ae00000| Untracked 
|  53|0x000000070b000000, 0x000000070b000000, 0x000000070b200000|  0%| F|  |TAMS 0x000000070b000000, 0x000000070b000000| Untracked 
|  54|0x000000070b200000, 0x000000070b200000, 0x000000070b400000|  0%| F|  |TAMS 0x000000070b200000, 0x000000070b200000| Untracked 
|  55|0x000000070b400000, 0x000000070b400000, 0x000000070b600000|  0%| F|  |TAMS 0x000000070b400000, 0x000000070b400000| Untracked 
|  56|0x000000070b600000, 0x000000070b600000, 0x000000070b800000|  0%| F|  |TAMS 0x000000070b600000, 0x000000070b600000| Untracked 
|  57|0x000000070b800000, 0x000000070b800000, 0x000000070ba00000|  0%| F|  |TAMS 0x000000070b800000, 0x000000070b800000| Untracked 
|  58|0x000000070ba00000, 0x000000070ba00000, 0x000000070bc00000|  0%| F|  |TAMS 0x000000070ba00000, 0x000000070ba00000| Untracked 
|  59|0x000000070bc00000, 0x000000070bc00000, 0x000000070be00000|  0%| F|  |TAMS 0x000000070bc00000, 0x000000070bc00000| Untracked 
|  60|0x000000070be00000, 0x000000070be00000, 0x000000070c000000|  0%| F|  |TAMS 0x000000070be00000, 0x000000070be00000| Untracked 
|  61|0x000000070c000000, 0x000000070c000000, 0x000000070c200000|  0%| F|  |TAMS 0x000000070c000000, 0x000000070c000000| Untracked 
|  62|0x000000070c200000, 0x000000070c200000, 0x000000070c400000|  0%| F|  |TAMS 0x000000070c200000, 0x000000070c200000| Untracked 
|  63|0x000000070c400000, 0x000000070c400000, 0x000000070c600000|  0%| F|  |TAMS 0x000000070c400000, 0x000000070c400000| Untracked 
|  64|0x000000070c600000, 0x000000070c600000, 0x000000070c800000|  0%| F|  |TAMS 0x000000070c600000, 0x000000070c600000| Untracked 
|  65|0x000000070c800000, 0x000000070c800000, 0x000000070ca00000|  0%| F|  |TAMS 0x000000070c800000, 0x000000070c800000| Untracked 
|  66|0x000000070ca00000, 0x000000070ca00000, 0x000000070cc00000|  0%| F|  |TAMS 0x000000070ca00000, 0x000000070ca00000| Untracked 
|  67|0x000000070cc00000, 0x000000070cc00000, 0x000000070ce00000|  0%| F|  |TAMS 0x000000070cc00000, 0x000000070cc00000| Untracked 
|  68|0x000000070ce00000, 0x000000070ce00000, 0x000000070d000000|  0%| F|  |TAMS 0x000000070ce00000, 0x000000070ce00000| Untracked 
|  69|0x000000070d000000, 0x000000070d000000, 0x000000070d200000|  0%| F|  |TAMS 0x000000070d000000, 0x000000070d000000| Untracked 
|  70|0x000000070d200000, 0x000000070d200000, 0x000000070d400000|  0%| F|  |TAMS 0x000000070d200000, 0x000000070d200000| Untracked 
|  71|0x000000070d400000, 0x000000070d400000, 0x000000070d600000|  0%| F|  |TAMS 0x000000070d400000, 0x000000070d400000| Untracked 
|  72|0x000000070d600000, 0x000000070d600000, 0x000000070d800000|  0%| F|  |TAMS 0x000000070d600000, 0x000000070d600000| Untracked 
|  73|0x000000070d800000, 0x000000070d800000, 0x000000070da00000|  0%| F|  |TAMS 0x000000070d800000, 0x000000070d800000| Untracked 
|  74|0x000000070da00000, 0x000000070da00000, 0x000000070dc00000|  0%| F|  |TAMS 0x000000070da00000, 0x000000070da00000| Untracked 
|  75|0x000000070dc00000, 0x000000070dc00000, 0x000000070de00000|  0%| F|  |TAMS 0x000000070dc00000, 0x000000070dc00000| Untracked 
|  76|0x000000070de00000, 0x000000070de00000, 0x000000070e000000|  0%| F|  |TAMS 0x000000070de00000, 0x000000070de00000| Untracked 
|  77|0x000000070e000000, 0x000000070e000000, 0x000000070e200000|  0%| F|  |TAMS 0x000000070e000000, 0x000000070e000000| Untracked 
|  78|0x000000070e200000, 0x000000070e200000, 0x000000070e400000|  0%| F|  |TAMS 0x000000070e200000, 0x000000070e200000| Untracked 
|  79|0x000000070e400000, 0x000000070e400000, 0x000000070e600000|  0%| F|  |TAMS 0x000000070e400000, 0x000000070e400000| Untracked 
|  80|0x000000070e600000, 0x000000070e600000, 0x000000070e800000|  0%| F|  |TAMS 0x000000070e600000, 0x000000070e600000| Untracked 
|  81|0x000000070e800000, 0x000000070e800000, 0x000000070ea00000|  0%| F|  |TAMS 0x000000070e800000, 0x000000070e800000| Untracked 
|  82|0x000000070ea00000, 0x000000070ea00000, 0x000000070ec00000|  0%| F|  |TAMS 0x000000070ea00000, 0x000000070ea00000| Untracked 
|  83|0x000000070ec00000, 0x000000070ec00000, 0x000000070ee00000|  0%| F|  |TAMS 0x000000070ec00000, 0x000000070ec00000| Untracked 
|  84|0x000000070ee00000, 0x000000070ee00000, 0x000000070f000000|  0%| F|  |TAMS 0x000000070ee00000, 0x000000070ee00000| Untracked 
|  85|0x000000070f000000, 0x000000070f000000, 0x000000070f200000|  0%| F|  |TAMS 0x000000070f000000, 0x000000070f000000| Untracked 
|  86|0x000000070f200000, 0x000000070f200000, 0x000000070f400000|  0%| F|  |TAMS 0x000000070f200000, 0x000000070f200000| Untracked 
|  87|0x000000070f400000, 0x000000070f400000, 0x000000070f600000|  0%| F|  |TAMS 0x000000070f400000, 0x000000070f400000| Untracked 
|  88|0x000000070f600000, 0x000000070f600000, 0x000000070f800000|  0%| F|  |TAMS 0x000000070f600000, 0x000000070f600000| Untracked 
|  89|0x000000070f800000, 0x000000070f800000, 0x000000070fa00000|  0%| F|  |TAMS 0x000000070f800000, 0x000000070f800000| Untracked 
|  90|0x000000070fa00000, 0x000000070fa00000, 0x000000070fc00000|  0%| F|  |TAMS 0x000000070fa00000, 0x000000070fa00000| Untracked 
|  91|0x000000070fc00000, 0x000000070fc00000, 0x000000070fe00000|  0%| F|  |TAMS 0x000000070fc00000, 0x000000070fc00000| Untracked 
|  92|0x000000070fe00000, 0x000000070fe00000, 0x0000000710000000|  0%| F|  |TAMS 0x000000070fe00000, 0x000000070fe00000| Untracked 
|  93|0x0000000710000000, 0x0000000710000000, 0x0000000710200000|  0%| F|  |TAMS 0x0000000710000000, 0x0000000710000000| Untracked 
|  94|0x0000000710200000, 0x0000000710200000, 0x0000000710400000|  0%| F|  |TAMS 0x0000000710200000, 0x0000000710200000| Untracked 
|  95|0x0000000710400000, 0x0000000710400000, 0x0000000710600000|  0%| F|  |TAMS 0x0000000710400000, 0x0000000710400000| Untracked 
|  96|0x0000000710600000, 0x0000000710600000, 0x0000000710800000|  0%| F|  |TAMS 0x0000000710600000, 0x0000000710600000| Untracked 
|  97|0x0000000710800000, 0x0000000710800000, 0x0000000710a00000|  0%| F|  |TAMS 0x0000000710800000, 0x0000000710800000| Untracked 
|  98|0x0000000710a00000, 0x0000000710a00000, 0x0000000710c00000|  0%| F|  |TAMS 0x0000000710a00000, 0x0000000710a00000| Untracked 
|  99|0x0000000710c00000, 0x0000000710c00000, 0x0000000710e00000|  0%| F|  |TAMS 0x0000000710c00000, 0x0000000710c00000| Untracked 
| 100|0x0000000710e00000, 0x0000000710e00000, 0x0000000711000000|  0%| F|  |TAMS 0x0000000710e00000, 0x0000000710e00000| Untracked 
| 101|0x0000000711000000, 0x0000000711000000, 0x0000000711200000|  0%| F|  |TAMS 0x0000000711000000, 0x0000000711000000| Untracked 
| 102|0x0000000711200000, 0x0000000711200000, 0x0000000711400000|  0%| F|  |TAMS 0x0000000711200000, 0x0000000711200000| Untracked 
| 103|0x0000000711400000, 0x0000000711400000, 0x0000000711600000|  0%| F|  |TAMS 0x0000000711400000, 0x0000000711400000| Untracked 
| 104|0x0000000711600000, 0x0000000711600000, 0x0000000711800000|  0%| F|  |TAMS 0x0000000711600000, 0x0000000711600000| Untracked 
| 105|0x0000000711800000, 0x0000000711800000, 0x0000000711a00000|  0%| F|  |TAMS 0x0000000711800000, 0x0000000711800000| Untracked 
| 106|0x0000000711a00000, 0x0000000711a00000, 0x0000000711c00000|  0%| F|  |TAMS 0x0000000711a00000, 0x0000000711a00000| Untracked 
| 107|0x0000000711c00000, 0x0000000711c00000, 0x0000000711e00000|  0%| F|  |TAMS 0x0000000711c00000, 0x0000000711c00000| Untracked 
| 108|0x0000000711e00000, 0x0000000711e00000, 0x0000000712000000|  0%| F|  |TAMS 0x0000000711e00000, 0x0000000711e00000| Untracked 
| 109|0x0000000712000000, 0x0000000712000000, 0x0000000712200000|  0%| F|  |TAMS 0x0000000712000000, 0x0000000712000000| Untracked 
| 110|0x0000000712200000, 0x0000000712200000, 0x0000000712400000|  0%| F|  |TAMS 0x0000000712200000, 0x0000000712200000| Untracked 
| 111|0x0000000712400000, 0x0000000712400000, 0x0000000712600000|  0%| F|  |TAMS 0x0000000712400000, 0x0000000712400000| Untracked 
| 112|0x0000000712600000, 0x0000000712600000, 0x0000000712800000|  0%| F|  |TAMS 0x0000000712600000, 0x0000000712600000| Untracked 
| 113|0x0000000712800000, 0x000000071287c620, 0x0000000712a00000| 24%| S|CS|TAMS 0x0000000712800000, 0x0000000712800000| Complete 
| 114|0x0000000712a00000, 0x0000000712c00000, 0x0000000712c00000|100%| S|CS|TAMS 0x0000000712a00000, 0x0000000712a00000| Complete 
| 115|0x0000000712c00000, 0x0000000712c00000, 0x0000000712e00000|  0%| F|  |TAMS 0x0000000712c00000, 0x0000000712c00000| Untracked 
| 116|0x0000000712e00000, 0x0000000712e00000, 0x0000000713000000|  0%| F|  |TAMS 0x0000000712e00000, 0x0000000712e00000| Untracked 
| 117|0x0000000713000000, 0x0000000713000000, 0x0000000713200000|  0%| F|  |TAMS 0x0000000713000000, 0x0000000713000000| Untracked 
| 118|0x0000000713200000, 0x0000000713200000, 0x0000000713400000|  0%| F|  |TAMS 0x0000000713200000, 0x0000000713200000| Untracked 
| 119|0x0000000713400000, 0x000000071341eba0, 0x0000000713600000|  6%| E|  |TAMS 0x0000000713400000, 0x0000000713400000| Complete 
| 120|0x0000000713600000, 0x0000000713800000, 0x0000000713800000|100%| E|CS|TAMS 0x0000000713600000, 0x0000000713600000| Complete 
| 121|0x0000000713800000, 0x0000000713a00000, 0x0000000713a00000|100%| E|CS|TAMS 0x0000000713800000, 0x0000000713800000| Complete 
| 122|0x0000000713a00000, 0x0000000713c00000, 0x0000000713c00000|100%| E|CS|TAMS 0x0000000713a00000, 0x0000000713a00000| Complete 
| 123|0x0000000713c00000, 0x0000000713e00000, 0x0000000713e00000|100%| E|CS|TAMS 0x0000000713c00000, 0x0000000713c00000| Complete 
| 124|0x0000000713e00000, 0x0000000714000000, 0x0000000714000000|100%| E|CS|TAMS 0x0000000713e00000, 0x0000000713e00000| Complete 
| 125|0x0000000714000000, 0x0000000714200000, 0x0000000714200000|100%| E|CS|TAMS 0x0000000714000000, 0x0000000714000000| Complete 

Card table byte_map: [0x0000021f72ea0000,0x0000021f73680000] _byte_map_base: 0x0000021f6f67d000

Marking Bits (Prev, Next): (CMBitMap*) 0x0000021f59448dd0, (CMBitMap*) 0x0000021f59448e10
 Prev Bits: [0x0000021f73e60000, 0x0000021f77d48000)
 Next Bits: [0x0000021f77d50000, 0x0000021f7bc38000)

Polling page: 0x0000021f59490000

Metaspace:

Usage:
  Non-class:      9.16 MB used.
      Class:      1.05 MB used.
       Both:     10.21 MB used.

Virtual space:
  Non-class space:       64.00 MB reserved,       9.25 MB ( 14%) committed,  1 nodes.
      Class space:        1.00 GB reserved,       1.19 MB ( <1%) committed,  1 nodes.
             Both:        1.06 GB reserved,      10.44 MB ( <1%) committed. 

Chunk freelists:
   Non-Class:  6.39 MB
       Class:  14.71 MB
        Both:  21.11 MB

MaxMetaspaceSize: unlimited
CompressedClassSpaceSize: 1.00 GB
Initial GC threshold: 21.00 MB
Current GC threshold: 21.00 MB
CDS: on
MetaspaceReclaimPolicy: balanced
 - commit_granule_bytes: 65536.
 - commit_granule_words: 8192.
 - virtual_space_node_default_size: 8388608.
 - enlarge_chunks_in_place: 1.
 - new_chunks_are_fully_committed: 0.
 - uncommit_free_chunks: 1.
 - use_allocation_guard: 0.
 - handle_deallocations: 1.


Internal statistics:

num_allocs_failed_limit: 0.
num_arena_births: 170.
num_arena_deaths: 0.
num_vsnodes_births: 2.
num_vsnodes_deaths: 0.
num_space_committed: 167.
num_space_uncommitted: 0.
num_chunks_returned_to_freelist: 0.
num_chunks_taken_from_freelist: 272.
num_chunk_merges: 0.
num_chunk_splits: 135.
num_chunks_enlarged: 32.
num_inconsistent_stats: 0.

CodeHeap 'non-profiled nmethods': size=119168Kb used=793Kb max_used=793Kb free=118375Kb
 bounds [0x0000021f6a2b0000, 0x0000021f6a520000, 0x0000021f71710000]
CodeHeap 'profiled nmethods': size=119104Kb used=4645Kb max_used=4645Kb free=114458Kb
 bounds [0x0000021f62710000, 0x0000021f62ba0000, 0x0000021f69b60000]
CodeHeap 'non-nmethods': size=7488Kb used=1283Kb max_used=2986Kb free=6204Kb
 bounds [0x0000021f69b60000, 0x0000021f69e50000, 0x0000021f6a2b0000]
 total_blobs=3076 nmethods=2469 adapters=519
 compilation: enabled
              stopped_count=0, restarted_count=0
 full_count=0

Compilation events (20 events):
Event: 295.519 Thread 0x0000021f7f4551f0 2461       3       java.io.ObjectInputStream$BlockDataInputStream::currentBlockRemaining (41 bytes)
Event: 295.519 Thread 0x0000021f7ed0f990 2462   !   3       jdk.internal.reflect.GeneratedSerializationConstructorAccessor6::newInstance (49 bytes)
Event: 295.519 Thread 0x0000021f7f4551f0 nmethod 2461 0x0000021f62b96f10 code [0x0000021f62b970c0, 0x0000021f62b97348]
Event: 295.520 Thread 0x0000021f7f4551f0 2463       3       ServerManager$ClientHandler::handleDrawAction (44 bytes)
Event: 295.520 Thread 0x0000021f7ed0f990 nmethod 2462 0x0000021f62b97410 code [0x0000021f62b97600, 0x0000021f62b97a28]
Event: 295.520 Thread 0x0000021f7ed0f990 2464       3       GameMsg::<init> (15 bytes)
Event: 295.520 Thread 0x0000021f7ed0f990 nmethod 2464 0x0000021f62b97c90 code [0x0000021f62b97e20, 0x0000021f62b97ff8]
Event: 295.520 Thread 0x0000021f7f4551f0 nmethod 2463 0x0000021f62b98090 code [0x0000021f62b98260, 0x0000021f62b98668]
Event: 295.607 Thread 0x0000021f7ed06ed0 2465       4       java.io.ObjectOutputStream$BlockDataOutputStream::drain (45 bytes)
Event: 295.609 Thread 0x0000021f7ed06ed0 nmethod 2465 0x0000021f6a374490 code [0x0000021f6a374620, 0x0000021f6a374998]
Event: 295.699 Thread 0x0000021f7ed06ed0 2466   !   4       java.util.Vector$Itr::next (63 bytes)
Event: 295.702 Thread 0x0000021f7ed06ed0 nmethod 2466 0x0000021f6a374b90 code [0x0000021f6a374d20, 0x0000021f6a375018]
Event: 295.765 Thread 0x0000021f7ed0f990 2467   !   3       java.io.ObjectInputStream$ValidationList::doCallbacks (58 bytes)
Event: 295.765 Thread 0x0000021f7ed0f990 nmethod 2467 0x0000021f62b98810 code [0x0000021f62b98a20, 0x0000021f62b99238]
Event: 295.781 Thread 0x0000021f7ed06ed0 2468  s    4       java.io.BufferedOutputStream::write (67 bytes)
Event: 295.784 Thread 0x0000021f7ed06ed0 nmethod 2468 0x0000021f6a375210 code [0x0000021f6a3753a0, 0x0000021f6a375698]
Event: 295.784 Thread 0x0000021f7ed06ed0 2469       4       java.lang.String::getBytes (44 bytes)
Event: 295.786 Thread 0x0000021f7ed06ed0 nmethod 2469 0x0000021f6a375810 code [0x0000021f6a3759a0, 0x0000021f6a375bb8]
Event: 295.798 Thread 0x0000021f7ed06ed0 2470       4       java.lang.StringConcatHelper::prepend (37 bytes)
Event: 295.801 Thread 0x0000021f7ed06ed0 nmethod 2470 0x0000021f6a375d10 code [0x0000021f6a375ea0, 0x0000021f6a376238]

GC Heap History (2 events):
Event: 3.522 GC heap before
{Heap before GC invocations=0 (full 0):
 garbage-first heap   total 258048K, used 24576K [0x0000000704600000, 0x0000000800000000)
  region size 2048K, 11 young (22528K), 0 survivors (0K)
 Metaspace       used 9039K, committed 9216K, reserved 1114112K
  class space    used 947K, committed 1024K, reserved 1048576K
}
Event: 3.525 GC heap after
{Heap after GC invocations=1 (full 0):
 garbage-first heap   total 258048K, used 4593K [0x0000000704600000, 0x0000000800000000)
  region size 2048K, 2 young (4096K), 2 survivors (4096K)
 Metaspace       used 9039K, committed 9216K, reserved 1114112K
  class space    used 947K, committed 1024K, reserved 1048576K
}

Dll operation events (13 events):
Event: 0.004 Loaded shared library C:\Users\PC\.jdks\corretto-17.0.13\bin\java.dll
Event: 0.015 Loaded shared library C:\Users\PC\.jdks\corretto-17.0.13\bin\jsvml.dll
Event: 0.040 Loaded shared library C:\Users\PC\.jdks\corretto-17.0.13\bin\zip.dll
Event: 0.043 Loaded shared library C:\Users\PC\.jdks\corretto-17.0.13\bin\instrument.dll
Event: 0.049 Loaded shared library C:\Users\PC\.jdks\corretto-17.0.13\bin\net.dll
Event: 0.051 Loaded shared library C:\Users\PC\.jdks\corretto-17.0.13\bin\nio.dll
Event: 0.053 Loaded shared library C:\Users\PC\.jdks\corretto-17.0.13\bin\zip.dll
Event: 0.056 Loaded shared library C:\Program Files\JetBrains\IntelliJ IDEA 2024.2.4\bin\breakgen64.dll
Event: 0.062 Loaded shared library C:\Users\PC\.jdks\corretto-17.0.13\bin\jimage.dll
Event: 0.063 Loaded shared library C:\Users\PC\.jdks\corretto-17.0.13\bin\extnet.dll
Event: 0.076 Loaded shared library C:\Users\PC\.jdks\corretto-17.0.13\bin\awt.dll
Event: 0.210 Loaded shared library C:\Users\PC\.jdks\corretto-17.0.13\bin\freetype.dll
Event: 0.211 Loaded shared library C:\Users\PC\.jdks\corretto-17.0.13\bin\fontmanager.dll

Deoptimization events (20 events):
Event: 9.346 Thread 0x0000021f7f37aab0 DEOPT PACKING pc=0x0000021f6a340db0 sp=0x0000007433efeb80
Event: 9.346 Thread 0x0000021f7f37aab0 DEOPT UNPACKING pc=0x0000021f69bb69a3 sp=0x0000007433efeae0 mode 2
Event: 13.756 Thread 0x0000021f7f43fe50 DEOPT PACKING pc=0x0000021f6273ed43 sp=0x00000074349fd6e0
Event: 13.756 Thread 0x0000021f7f43fe50 DEOPT UNPACKING pc=0x0000021f69bb7143 sp=0x00000074349fcb00 mode 0
Event: 13.773 Thread 0x0000021f7f43fe50 Uncommon trap: trap_request=0xffffffc6 fr.pc=0x0000021f6a314580 relative=0x0000000000000620
Event: 13.773 Thread 0x0000021f7f43fe50 Uncommon trap: reason=bimorphic_or_optimized_type_check action=maybe_recompile pc=0x0000021f6a314580 method=java.util.concurrent.ConcurrentHashMap.get(Ljava/lang/Object;)Ljava/lang/Object; @ 149 c2
Event: 13.773 Thread 0x0000021f7f43fe50 DEOPT PACKING pc=0x0000021f6a314580 sp=0x00000074349fe2c0
Event: 13.773 Thread 0x0000021f7f43fe50 DEOPT UNPACKING pc=0x0000021f69bb69a3 sp=0x00000074349fe260 mode 2
Event: 13.775 Thread 0x0000021f7f43fe50 Uncommon trap: trap_request=0xffffffc6 fr.pc=0x0000021f6a314580 relative=0x0000000000000620
Event: 13.775 Thread 0x0000021f7f43fe50 Uncommon trap: reason=bimorphic_or_optimized_type_check action=maybe_recompile pc=0x0000021f6a314580 method=java.util.concurrent.ConcurrentHashMap.get(Ljava/lang/Object;)Ljava/lang/Object; @ 149 c2
Event: 13.775 Thread 0x0000021f7f43fe50 DEOPT PACKING pc=0x0000021f6a314580 sp=0x00000074349fbbf0
Event: 13.775 Thread 0x0000021f7f43fe50 DEOPT UNPACKING pc=0x0000021f69bb69a3 sp=0x00000074349fbb90 mode 2
Event: 53.122 Thread 0x0000021f7f43fe50 Uncommon trap: trap_request=0xffffff45 fr.pc=0x0000021f6a2df9b8 relative=0x0000000000000038
Event: 53.122 Thread 0x0000021f7f43fe50 Uncommon trap: reason=unstable_if action=reinterpret pc=0x0000021f6a2df9b8 method=java.lang.StringLatin1.canEncode(I)Z @ 4 c2
Event: 53.122 Thread 0x0000021f7f43fe50 DEOPT PACKING pc=0x0000021f6a2df9b8 sp=0x00000074349fe370
Event: 53.122 Thread 0x0000021f7f43fe50 DEOPT UNPACKING pc=0x0000021f69bb69a3 sp=0x00000074349fe300 mode 2
Event: 294.361 Thread 0x0000021f7f37aab0 Uncommon trap: trap_request=0xffffff45 fr.pc=0x0000021f6a365ff0 relative=0x0000000000000e90
Event: 294.361 Thread 0x0000021f7f37aab0 Uncommon trap: reason=unstable_if action=reinterpret pc=0x0000021f6a365ff0 method=java.awt.Container.getMouseEventTargetImpl(IIZLjava/awt/Container$EventTargetFilter;ZZ)Ljava/awt/Component; @ 218 c2
Event: 294.361 Thread 0x0000021f7f37aab0 DEOPT PACKING pc=0x0000021f6a365ff0 sp=0x0000007433efeb70
Event: 294.361 Thread 0x0000021f7f37aab0 DEOPT UNPACKING pc=0x0000021f69bb69a3 sp=0x0000007433efea78 mode 2

Classes loaded (20 events):
Event: 13.779 Loading class java/io/ObjectOutputStream$PutFieldImpl
Event: 13.779 Loading class java/io/ObjectOutputStream$PutField
Event: 13.779 Loading class java/io/ObjectOutputStream$PutField done
Event: 13.779 Loading class java/io/ObjectOutputStream$PutFieldImpl done
Event: 13.779 Loading class java/io/ObjectStreamClass$ExceptionInfo
Event: 13.779 Loading class java/io/ObjectStreamClass$ExceptionInfo done
Event: 31.233 Loading class sun/java2d/pipe/ShapeSpanIterator
Event: 31.233 Loading class sun/java2d/pipe/SpanIterator
Event: 31.233 Loading class sun/java2d/pipe/SpanIterator done
Event: 31.233 Loading class sun/awt/geom/PathConsumer2D
Event: 31.233 Loading class sun/awt/geom/PathConsumer2D done
Event: 31.233 Loading class sun/java2d/pipe/ShapeSpanIterator done
Event: 31.234 Loading class java/awt/geom/Path2D$Float$TxIterator
Event: 31.234 Loading class java/awt/geom/Path2D$Iterator
Event: 31.234 Loading class java/awt/geom/PathIterator
Event: 31.234 Loading class java/awt/geom/PathIterator done
Event: 31.234 Loading class java/awt/geom/Path2D$Iterator done
Event: 31.234 Loading class java/awt/geom/Path2D$Float$TxIterator done
Event: 69.610 Loading class java/lang/NumberFormatException
Event: 69.610 Loading class java/lang/NumberFormatException done

Classes unloaded (0 events):
No events

Classes redefined (0 events):
No events

Internal exceptions (20 events):
Event: 0.143 Thread 0x0000021f593db860 Exception <a 'java/lang/NoSuchMethodError'{0x0000000713d7c018}: 'void java.lang.invoke.DirectMethodHandle$Holder.invokeSpecial(java.lang.Object, java.lang.Object, java.lang.Object)'> (0x0000000713d7c018) 
thrown [s\src\hotspot\share\interpreter\linkResolver.cpp, line 759]
Event: 0.147 Thread 0x0000021f593db860 Exception <a 'java/lang/NoSuchMethodError'{0x0000000713da6100}: 'java.lang.Object java.lang.invoke.DirectMethodHandle$Holder.newInvokeSpecial(java.lang.Object, java.lang.Object, java.lang.Object, java.lang.Object, java.lang.Object)'> (0x0000000713da6100) 
thrown [s\src\hotspot\share\interpreter\linkResolver.cpp, line 759]
Event: 0.148 Thread 0x0000021f593db860 Exception <a 'java/lang/NoSuchMethodError'{0x0000000713db1a98}: 'java.lang.Object java.lang.invoke.DirectMethodHandle$Holder.invokeStatic(java.lang.Object, int, java.lang.Object, java.lang.Object, java.lang.Object, java.lang.Object)'> (0x0000000713db1a98) 
thrown [s\src\hotspot\share\interpreter\linkResolver.cpp, line 759]
Event: 0.151 Thread 0x0000021f593db860 Exception <a 'java/lang/NoSuchMethodError'{0x0000000713dd7488}: 'java.lang.Object java.lang.invoke.DirectMethodHandle$Holder.invokeStatic(java.lang.Object, int, java.lang.Object)'> (0x0000000713dd7488) 
thrown [s\src\hotspot\share\interpreter\linkResolver.cpp, line 759]
Event: 0.167 Thread 0x0000021f593db860 Exception <a 'java/lang/ClassNotFoundException'{0x0000000713a8f0b0}: com/sun/swing/internal/plaf/metal/resources/spi/metalProvider> (0x0000000713a8f0b0) 
thrown [s\src\hotspot\share\classfile\systemDictionary.cpp, line 256]
Event: 0.168 Thread 0x0000021f593db860 Exception <a 'java/lang/ClassNotFoundException'{0x0000000713a93aa8}: com/sun/swing/internal/plaf/basic/resources/spi/basicProvider> (0x0000000713a93aa8) 
thrown [s\src\hotspot\share\classfile\systemDictionary.cpp, line 256]
Event: 0.197 Thread 0x0000021f7f2c6110 Exception <a 'java/lang/NoSuchMethodError'{0x0000000713cf0b28}: 'void java.lang.invoke.DirectMethodHandle$Holder.invokeVirtual(java.lang.Object, java.lang.Object)'> (0x0000000713cf0b28) 
thrown [s\src\hotspot\share\interpreter\linkResolver.cpp, line 759]
Event: 0.207 Thread 0x0000021f593db860 Exception <a 'java/lang/NoSuchMethodError'{0x0000000713b76db0}: 'void java.lang.invoke.DirectMethodHandle$Holder.invokeStaticInit(java.lang.Object)'> (0x0000000713b76db0) 
thrown [s\src\hotspot\share\interpreter\linkResolver.cpp, line 759]
Event: 0.214 Thread 0x0000021f593db860 Exception <a 'java/io/FileNotFoundException'{0x0000000713b83b68}> (0x0000000713b83b68) 
thrown [s\src\hotspot\share\prims\jni.cpp, line 516]
Event: 9.342 Thread 0x0000021f7f43dae0 Implicit null exception at 0x0000021f6a324c99 to 0x0000021f6a325a78
Event: 9.342 Thread 0x0000021f7f43dae0 Implicit null exception at 0x0000021f6a30d149 to 0x0000021f6a30d404
Event: 9.342 Thread 0x0000021f7f43dae0 Implicit null exception at 0x0000021f6a31dfd2 to 0x0000021f6a31e19c
Event: 9.342 Thread 0x0000021f7f43dae0 Implicit null exception at 0x0000021f6a30df21 to 0x0000021f6a30e168
Event: 9.343 Thread 0x0000021f7f43dae0 Implicit null exception at 0x0000021f6a30ab86 to 0x0000021f6a30ac7c
Event: 13.759 Thread 0x0000021f7f43fe50 Exception <a 'java/lang/NoSuchMethodError'{0x0000000713aabd90}: 'java.lang.Object java.lang.invoke.DirectMethodHandle$Holder.invokeSpecial(java.lang.Object, java.lang.Object, java.lang.Object, java.lang.Object, int)'> (0x0000000713aabd90) 
thrown [s\src\hotspot\share\interpreter\linkResolver.cpp, line 759]
Event: 13.759 Thread 0x0000021f7f43fe50 Exception <a 'java/lang/NoSuchMethodError'{0x0000000713aaf6b0}: 'java.lang.Object java.lang.invoke.Invokers$Holder.linkToTargetMethod(java.lang.Object, java.lang.Object, int, java.lang.Object)'> (0x0000000713aaf6b0) 
thrown [s\src\hotspot\share\interpreter\linkResolver.cpp, line 759]
Event: 13.764 Thread 0x0000021f7f43fe50 Exception <a 'java/lang/NoSuchMethodError'{0x0000000713abf868}: static LRoom;.<clinit>()V> (0x0000000713abf868) 
thrown [s\src\hotspot\share\prims\jni.cpp, line 1112]
Event: 13.780 Thread 0x0000021f7f43fe50 Exception <a 'java/lang/NoSuchMethodError'{0x0000000713b14d00}: static [Ljava/lang/Object;.<clinit>()V> (0x0000000713b14d00) 
thrown [s\src\hotspot\share\prims\jni.cpp, line 1112]
Event: 55.906 Thread 0x0000021f7f43fe50 Exception <a 'java/lang/NoSuchMethodError'{0x0000000713b2f7a8}: 'java.lang.Object java.lang.invoke.DirectMethodHandle$Holder.newInvokeSpecial(java.lang.Object, java.lang.Object, int, java.lang.Object)'> (0x0000000713b2f7a8) 
thrown [s\src\hotspot\share\interpreter\linkResolver.cpp, line 759]
Event: 55.906 Thread 0x0000021f7f43fe50 Exception <a 'java/lang/NoSuchMethodError'{0x0000000713b33608}: 'java.lang.Object java.lang.invoke.DirectMethodHandle$Holder.invokeSpecial(java.lang.Object, java.lang.Object, java.lang.Object, int, java.lang.Object)'> (0x0000000713b33608) 
thrown [s\src\hotspot\share\interpreter\linkResolver.cpp, line 759]

VM Operations (20 events):
Event: 96.395 Executing VM operation: Cleanup
Event: 96.395 Executing VM operation: Cleanup done
Event: 101.420 Executing VM operation: Cleanup
Event: 101.420 Executing VM operation: Cleanup done
Event: 102.431 Executing VM operation: Cleanup
Event: 102.431 Executing VM operation: Cleanup done
Event: 120.303 Executing VM operation: HandshakeAllThreads
Event: 120.303 Executing VM operation: HandshakeAllThreads done
Event: 235.028 Executing VM operation: Cleanup
Event: 235.028 Executing VM operation: Cleanup done
Event: 293.417 Executing VM operation: Cleanup
Event: 293.417 Executing VM operation: Cleanup done
Event: 294.421 Executing VM operation: Cleanup
Event: 294.421 Executing VM operation: Cleanup done
Event: 295.425 Executing VM operation: Cleanup
Event: 295.425 Executing VM operation: Cleanup done
Event: 296.431 Executing VM operation: Cleanup
Event: 296.431 Executing VM operation: Cleanup done
Event: 300.553 Executing VM operation: HandshakeAllThreads
Event: 300.553 Executing VM operation: HandshakeAllThreads done

Memory protections (0 events):
No events

Nmethod flushes (0 events):
No events

Events (20 events):
Event: 0.819 Thread 0x0000021f7ee8f620 Thread exited: 0x0000021f7ee8f620
Event: 1.701 Thread 0x0000021f7f37aab0 Thread added: 0x0000021f7f43f940
Event: 1.794 Thread 0x0000021f7f37aab0 Thread added: 0x0000021f7f43dae0
Event: 2.986 Thread 0x0000021f7ee11e80 Thread exited: 0x0000021f7ee11e80
Event: 3.201 Thread 0x0000021f7ee118b0 Thread added: 0x0000021f7f7d6180
Event: 9.348 Thread 0x0000021f7f43dae0 Thread added: 0x0000021f7f43fe50
Event: 13.746 Thread 0x0000021f7f7d6180 Thread exited: 0x0000021f7f7d6180
Event: 13.747 Thread 0x0000021f7ee118b0 Thread exited: 0x0000021f7ee118b0
Event: 18.793 Thread 0x0000021f7ee112e0 Thread exited: 0x0000021f7ee112e0
Event: 24.025 Thread 0x0000021f7f43dae0 Thread added: 0x0000021f7f43e500
Event: 30.845 Thread 0x0000021f7f43dae0 Thread added: 0x0000021f7f440360
Event: 37.686 Thread 0x0000021f7f43dae0 Thread added: 0x0000021f7f43d5d0
Event: 37.693 Thread 0x0000021f7ed0f990 Thread added: 0x0000021f7fa03640
Event: 37.693 Thread 0x0000021f7ed0f990 Thread added: 0x0000021f7fa03b60
Event: 43.224 Thread 0x0000021f7fa03b60 Thread exited: 0x0000021f7fa03b60
Event: 43.224 Thread 0x0000021f7fa03640 Thread exited: 0x0000021f7fa03640
Event: 55.907 Thread 0x0000021f7f43fe50 Thread added: 0x0000021f7ed848f0
Event: 96.250 Thread 0x0000021f7ed848f0 Thread exited: 0x0000021f7ed848f0
Event: 294.896 Thread 0x0000021f7ed0f990 Thread added: 0x0000021f7f4551f0
Event: 300.798 Thread 0x0000021f7f4551f0 Thread exited: 0x0000021f7f4551f0


Dynamic libraries:
0x00007ff7df7e0000 - 0x00007ff7df7ee000 	C:\Users\PC\.jdks\corretto-17.0.13\bin\java.exe
0x00007ffd28990000 - 0x00007ffd28ba7000 	C:\Windows\SYSTEM32\ntdll.dll
0x00007ffd27f30000 - 0x00007ffd27ff4000 	C:\Windows\System32\KERNEL32.DLL
0x00007ffd25c90000 - 0x00007ffd26049000 	C:\Windows\System32\KERNELBASE.dll
0x00007ffd263f0000 - 0x00007ffd26501000 	C:\Windows\System32\ucrtbase.dll
0x00007ffd1e790000 - 0x00007ffd1e7a7000 	C:\Users\PC\.jdks\corretto-17.0.13\bin\jli.dll
0x00007ffd18960000 - 0x00007ffd1897b000 	C:\Users\PC\.jdks\corretto-17.0.13\bin\VCRUNTIME140.dll
0x00007ffd26760000 - 0x00007ffd2690e000 	C:\Windows\System32\USER32.dll
0x00007ffd26110000 - 0x00007ffd26136000 	C:\Windows\System32\win32u.dll
0x00007ffd282c0000 - 0x00007ffd282e9000 	C:\Windows\System32\GDI32.dll
0x00007ffcef090000 - 0x00007ffcef322000 	C:\Windows\WinSxS\amd64_microsoft.windows.common-controls_6595b64144ccf1df_6.0.22621.4391_none_2715d37f73803e96\COMCTL32.dll
0x00007ffd26510000 - 0x00007ffd2662b000 	C:\Windows\System32\gdi32full.dll
0x00007ffd26350000 - 0x00007ffd263ea000 	C:\Windows\System32\msvcp_win.dll
0x00007ffd266b0000 - 0x00007ffd26757000 	C:\Windows\System32\msvcrt.dll
0x00007ffd27d90000 - 0x00007ffd27dc1000 	C:\Windows\System32\IMM32.DLL
0x00007ffd1e200000 - 0x00007ffd1e20c000 	C:\Users\PC\.jdks\corretto-17.0.13\bin\vcruntime140_1.dll
0x00007ffd188d0000 - 0x00007ffd1895d000 	C:\Users\PC\.jdks\corretto-17.0.13\bin\msvcp140.dll
0x00007ffcc7a60000 - 0x00007ffcc86cc000 	C:\Users\PC\.jdks\corretto-17.0.13\bin\server\jvm.dll
0x00007ffd27cd0000 - 0x00007ffd27d82000 	C:\Windows\System32\ADVAPI32.dll
0x00007ffd288a0000 - 0x00007ffd28947000 	C:\Windows\System32\sechost.dll
0x00007ffd262b0000 - 0x00007ffd262d8000 	C:\Windows\System32\bcrypt.dll
0x00007ffd26fe0000 - 0x00007ffd270f4000 	C:\Windows\System32\RPCRT4.dll
0x00007ffd28820000 - 0x00007ffd28891000 	C:\Windows\System32\WS2_32.dll
0x00007ffd259b0000 - 0x00007ffd259fd000 	C:\Windows\SYSTEM32\POWRPROF.dll
0x00007ffd18ae0000 - 0x00007ffd18b14000 	C:\Windows\SYSTEM32\WINMM.dll
0x00007ffd15040000 - 0x00007ffd1504a000 	C:\Windows\SYSTEM32\VERSION.dll
0x00007ffd25990000 - 0x00007ffd259a3000 	C:\Windows\SYSTEM32\UMPDC.dll
0x00007ffd24c90000 - 0x00007ffd24ca8000 	C:\Windows\SYSTEM32\kernel.appcore.dll
0x00007ffd1ce00000 - 0x00007ffd1ce0a000 	C:\Users\PC\.jdks\corretto-17.0.13\bin\jimage.dll
0x00007ffd23540000 - 0x00007ffd23772000 	C:\Windows\SYSTEM32\DBGHELP.DLL
0x00007ffd28400000 - 0x00007ffd2878f000 	C:\Windows\System32\combase.dll
0x00007ffd27100000 - 0x00007ffd271d7000 	C:\Windows\System32\OLEAUT32.dll
0x00007ffd00140000 - 0x00007ffd00172000 	C:\Windows\SYSTEM32\dbgcore.DLL
0x00007ffd26630000 - 0x00007ffd266ab000 	C:\Windows\System32\bcryptPrimitives.dll
0x00007ffd1ccd0000 - 0x00007ffd1ccde000 	C:\Users\PC\.jdks\corretto-17.0.13\bin\instrument.dll
0x00007ffd188a0000 - 0x00007ffd188c5000 	C:\Users\PC\.jdks\corretto-17.0.13\bin\java.dll
0x00007ffcc9180000 - 0x00007ffcc9257000 	C:\Users\PC\.jdks\corretto-17.0.13\bin\jsvml.dll
0x00007ffd272e0000 - 0x00007ffd27b56000 	C:\Windows\System32\SHELL32.dll
0x00007ffd23b80000 - 0x00007ffd24483000 	C:\Windows\SYSTEM32\windows.storage.dll
0x00007ffd23a40000 - 0x00007ffd23b7f000 	C:\Windows\SYSTEM32\wintypes.dll
0x00007ffd27b60000 - 0x00007ffd27c59000 	C:\Windows\System32\SHCORE.dll
0x00007ffd282f0000 - 0x00007ffd2834e000 	C:\Windows\System32\shlwapi.dll
0x00007ffd25bc0000 - 0x00007ffd25beb000 	C:\Windows\SYSTEM32\profapi.dll
0x00007ffcfb6d0000 - 0x00007ffcfb6e8000 	C:\Users\PC\.jdks\corretto-17.0.13\bin\zip.dll
0x00007ffd18880000 - 0x00007ffd18899000 	C:\Users\PC\.jdks\corretto-17.0.13\bin\net.dll
0x00007ffd22250000 - 0x00007ffd22386000 	C:\Windows\SYSTEM32\WINHTTP.dll
0x00007ffd25100000 - 0x00007ffd25169000 	C:\Windows\system32\mswsock.dll
0x00007ffcfb710000 - 0x00007ffcfb726000 	C:\Users\PC\.jdks\corretto-17.0.13\bin\nio.dll
0x00007ffcf9300000 - 0x00007ffcf931a000 	C:\Program Files\JetBrains\IntelliJ IDEA 2024.2.4\bin\breakgen64.dll
0x00007ffcfd570000 - 0x00007ffcfd579000 	C:\Users\PC\.jdks\corretto-17.0.13\bin\extnet.dll
0x00007ffcc78d0000 - 0x00007ffcc7a60000 	C:\Users\PC\.jdks\corretto-17.0.13\bin\awt.dll
0x00007ffd1ecd0000 - 0x00007ffd1ed67000 	C:\Windows\SYSTEM32\apphelp.dll
0x00007ffd22d50000 - 0x00007ffd22d7b000 	C:\Windows\system32\DWMAPI.DLL
0x00007ffd22b00000 - 0x00007ffd22bb1000 	C:\Windows\system32\uxtheme.dll
0x00007ffd0f6a0000 - 0x00007ffd0f7a0000 	C:\Windows\system32\opengl32.dll
0x00007ffd002f0000 - 0x00007ffd0031d000 	C:\Windows\SYSTEM32\GLU32.dll
0x00007ffd22d80000 - 0x00007ffd22db7000 	C:\Windows\SYSTEM32\dxcore.dll
0x00007ffd27dd0000 - 0x00007ffd27f30000 	C:\Windows\System32\MSCTF.dll
0x00007ffd28110000 - 0x00007ffd282b5000 	C:\Windows\System32\ole32.dll
0x00007ffce88c0000 - 0x00007ffce8947000 	C:\Users\PC\.jdks\corretto-17.0.13\bin\freetype.dll
0x00007ffcc77f0000 - 0x00007ffcc78ca000 	C:\Users\PC\.jdks\corretto-17.0.13\bin\fontmanager.dll
0x00007ffd28350000 - 0x00007ffd28400000 	C:\Windows\System32\clbcatq.dll
0x00007ffd228a0000 - 0x00007ffd22a50000 	C:\Windows\SYSTEM32\WindowsCodecs.dll
0x00007ffcf8e70000 - 0x00007ffcf8ece000 	C:\Windows\system32\dataexchange.dll
0x00007ffd1a6c0000 - 0x00007ffd1a964000 	C:\Windows\system32\twinapi.appcore.dll
0x00007ffd1afd0000 - 0x00007ffd1b115000 	C:\Windows\SYSTEM32\textinputframework.dll
0x00007ffd00050000 - 0x00007ffd0009b000 	C:\Windows\system32\ApplicationTargetedFeatureDatabase.dll
0x00007ffd1e630000 - 0x00007ffd1e763000 	C:\Windows\SYSTEM32\CoreMessaging.dll
0x00007ffd1c430000 - 0x00007ffd1c79d000 	C:\Windows\SYSTEM32\CoreUIComponents.dll
0x00007ffd25430000 - 0x00007ffd2543c000 	C:\Windows\SYSTEM32\CRYPTBASE.DLL
0x00007ffce7e10000 - 0x00007ffce7edc000 	C:\Windows\HancomIME\x64\HCHangulIME.dll
0x00007ffd1d650000 - 0x00007ffd1d8c3000 	C:\Windows\SYSTEM32\DWrite.dll
0x00007ffd1d980000 - 0x00007ffd1df6e000 	C:\Windows\SYSTEM32\d2d1.dll
0x00007ffd0e300000 - 0x00007ffd0e7fe000 	C:\Windows\SYSTEM32\WININET.dll

dbghelp: loaded successfully - version: 4.0.5 - missing functions: none
symbol engine: initialized successfully - sym options: 0x614 - pdb path: .;C:\Users\PC\.jdks\corretto-17.0.13\bin;C:\Windows\SYSTEM32;C:\Windows\WinSxS\amd64_microsoft.windows.common-controls_6595b64144ccf1df_6.0.22621.4391_none_2715d37f73803e96;C:\Users\PC\.jdks\corretto-17.0.13\bin\server;C:\Program Files\JetBrains\IntelliJ IDEA 2024.2.4\bin;C:\Windows\HancomIME\x64

VM Arguments:
jvm_args: -javaagent:C:\Program Files\JetBrains\IntelliJ IDEA 2024.2.4\lib\idea_rt.jar=59501:C:\Program Files\JetBrains\IntelliJ IDEA 2024.2.4\bin -Dfile.encoding=UTF-8 
java_command: Server
java_class_path (initial): D:\KTstudy\CatchLiar\out\production\CatchLiar
Launcher Type: SUN_STANDARD

[Global flags]
     intx CICompilerCount                          = 12                                        {product} {ergonomic}
     uint ConcGCThreads                            = 3                                         {product} {ergonomic}
     uint G1ConcRefinementThreads                  = 13                                        {product} {ergonomic}
   size_t G1HeapRegionSize                         = 2097152                                   {product} {ergonomic}
    uintx GCDrainStackTargetSize                   = 64                                        {product} {ergonomic}
   size_t InitialHeapSize                          = 264241152                                 {product} {ergonomic}
   size_t MarkStackSize                            = 4194304                                   {product} {ergonomic}
   size_t MaxHeapSize                              = 4221566976                                {product} {ergonomic}
   size_t MaxNewSize                               = 2531262464                                {product} {ergonomic}
   size_t MinHeapDeltaBytes                        = 2097152                                   {product} {ergonomic}
   size_t MinHeapSize                              = 8388608                                   {product} {ergonomic}
    uintx NonNMethodCodeHeapSize                   = 7602480                                {pd product} {ergonomic}
    uintx NonProfiledCodeHeapSize                  = 122027880                              {pd product} {ergonomic}
    uintx ProfiledCodeHeapSize                     = 122027880                              {pd product} {ergonomic}
    uintx ReservedCodeCacheSize                    = 251658240                              {pd product} {ergonomic}
     bool SegmentedCodeCache                       = true                                      {product} {ergonomic}
   size_t SoftMaxHeapSize                          = 4221566976                             {manageable} {ergonomic}
     bool UseCompressedClassPointers               = true                           {product lp64_product} {ergonomic}
     bool UseCompressedOops                        = true                           {product lp64_product} {ergonomic}
     bool UseG1GC                                  = true                                      {product} {ergonomic}
     bool UseLargePagesIndividualAllocation        = false                                  {pd product} {ergonomic}

Logging:
Log output configuration:
 #0: stdout all=warning uptime,level,tags
 #1: stderr all=off uptime,level,tags

Environment Variables:
JAVA_HOME=C:\Program Files\Java\jdk-1.8\bin
PATH=C:\Program Files\Common Files\Oracle\Java\javapath;C:\Python312\Scripts\;C:\Python312\;C:\app\PC\product\21c\dbhomeXE\bin;"C:\Program Files\Java\jdk-1.8\bin;C:\Program Files (x86)\Common Files\Oracle\Java\javapath";C:\Windows\system32;C:\Windows;C:\Windows\System32\Wbem;C:\Windows\System32\WindowsPowerShell\v1.0\;C:\Windows\System32\OpenSSH\;C:\Program Files\Microsoft SQL Server\150\Tools\Binn\;C:\Program Files\Microsoft SQL Server\Client SDK\ODBC\170\Tools\Binn\;C:\Program Files\Git\cmd;C:\Program Files\Bandizip\;C:\Program Files\Go\bin;C:\Program Files\Common Files\Autodesk Shared\;C:\Program Files\Microsoft SQL Server\120\Tools\Binn\;C:\Users\PC\platform-tools-latest-windows\platform-tools;C:\ProgramData\chocolatey\bin;C:\Program Files\dotnet\;C:\Program Files (x86)\Windows Kits\10\Windows Performance Toolkit\;C:\Program Files\nodejs\;C:\Program Files\ffmpeg-7.1-full_build-shared\bin;C:\Program Files\MySQL\MySQL Shell 8.0\bin\;C:\Users\PC\AppData\Local\Programs\Python\Python37\Scripts\;C:\Users\PC\AppData\Local\Programs\Python\Python37\;C:\Users\PC\AppData\Local\Programs\Python\Python310\Scripts\;C:\Users\PC\AppData\Local\Programs\Python\Python310\;C:\Users\PC\AppData\Local\Microsoft\WindowsApps;C:\Users\PC\.dotnet\tools;C:\Users\PC\AppData\Local\Programs\Microsoft VS Code\bin;C:\Users\PC\go\bin;C:\Program Files\Java\jdk-1.8\bin;C:\Users\PC\AppData\Local\JetBrains\Toolbox\scripts;C:\Users\PC\.dotnet\tools;C:\Users\PC\AppData\Local\GitHubDesktop\bin;C:\Program Files\JetBrains\IntelliJ IDEA 2024.2.4\bin;;C:\Users\PC\AppData\Roaming\npm
USERNAME=PC
OS=Windows_NT
PROCESSOR_IDENTIFIER=Intel64 Family 6 Model 186 Stepping 2, GenuineIntel
TMP=C:\Users\PC\AppData\Local\Temp
TEMP=C:\Users\PC\AppData\Local\Temp



Periodic native trim disabled


---------------  S Y S T E M  ---------------

OS:
 Windows 11 , 64 bit Build 22621 (10.0.22621.4391)
OS uptime: 1 days 14:42 hours
Hyper-V role detected

CPU: total 16 (initial active 16) (8 cores per cpu, 2 threads per core) family 6 model 186 stepping 2 microcode 0x410e, cx8, cmov, fxsr, ht, mmx, 3dnowpref, sse, sse2, sse3, ssse3, sse4.1, sse4.2, popcnt, lzcnt, tsc, tscinvbit, avx, avx2, aes, erms, clmul, bmi1, bmi2, adx, sha, fma, vzeroupper, clflush, clflushopt, clwb, hv
Processor Information for processor 0
  Max Mhz: 1900, Current Mhz: 1900, Mhz Limit: 1900
Processor Information for processor 1
  Max Mhz: 1900, Current Mhz: 1900, Mhz Limit: 1900
Processor Information for processor 2
  Max Mhz: 1900, Current Mhz: 1900, Mhz Limit: 1900
Processor Information for processor 3
  Max Mhz: 1900, Current Mhz: 1900, Mhz Limit: 1900
Processor Information for processor 4
  Max Mhz: 1900, Current Mhz: 1900, Mhz Limit: 1900
Processor Information for processor 5
  Max Mhz: 1900, Current Mhz: 1900, Mhz Limit: 1900
Processor Information for processor 6
  Max Mhz: 1900, Current Mhz: 1900, Mhz Limit: 1900
Processor Information for processor 7
  Max Mhz: 1900, Current Mhz: 1900, Mhz Limit: 1900
Processor Information for processor 8
  Max Mhz: 1900, Current Mhz: 1400, Mhz Limit: 1387
Processor Information for processor 9
  Max Mhz: 1900, Current Mhz: 1400, Mhz Limit: 1387
Processor Information for processor 10
  Max Mhz: 1900, Current Mhz: 1400, Mhz Limit: 1387
Processor Information for processor 11
  Max Mhz: 1900, Current Mhz: 1400, Mhz Limit: 1387
Processor Information for processor 12
  Max Mhz: 1900, Current Mhz: 1400, Mhz Limit: 1387
Processor Information for processor 13
  Max Mhz: 1900, Current Mhz: 1400, Mhz Limit: 1387
Processor Information for processor 14
  Max Mhz: 1900, Current Mhz: 1400, Mhz Limit: 1387
Processor Information for processor 15
  Max Mhz: 1900, Current Mhz: 1400, Mhz Limit: 1387

Memory: 4k page, system-wide physical 16098M (3364M free)
TotalPageFile size 32482M (AvailPageFile size 15717M)
current process WorkingSet (physical memory assigned to process): 97M, peak: 108M
current process commit charge ("private bytes"): 374M, peak: 387M

vm_info: OpenJDK 64-Bit Server VM (17.0.13+11-LTS) for windows-amd64 JRE (17.0.13+11-LTS), built on Oct 10 2024 19:51:30 by "Administrator" with MS VC++ 16.10 / 16.11 (VS2019)

END.
