#
# A fatal error has been detected by the Java Runtime Environment:
#
#  EXCEPTION_ACCESS_VIOLATION (0xc0000005) at pc=0x00007ffcc79ac91c, pid=9756, tid=12516
#
# JRE version: OpenJDK Runtime Environment Corretto-17.0.13.11.1 (17.0.13+11) (build 17.0.13+11-LTS)
# Java VM: OpenJDK 64-Bit Server VM Corretto-17.0.13.11.1 (17.0.13+11-LTS, mixed mode, sharing, tiered, compressed oops, compressed class ptrs, g1 gc, windows-amd64)
# Problematic frame:
# C  [awt.dll+0xdc91c]
#
# No core dump will be written. Minidumps are not enabled by default on client versions of Windows
#
# If you would like to submit a bug report, please visit:
#   https://github.com/corretto/corretto-17/issues/
# The crash happened outside the Java Virtual Machine in native code.
# See problematic frame for where to report the bug.
#

---------------  S U M M A R Y ------------

Command Line: -javaagent:C:\Program Files\JetBrains\IntelliJ IDEA 2024.2.4\lib\idea_rt.jar=59504:C:\Program Files\JetBrains\IntelliJ IDEA 2024.2.4\bin -Dfile.encoding=UTF-8 Client

Host: 13th Gen Intel(R) Core(TM) i5-1340P, 16 cores, 15G,  Windows 11 , 64 bit Build 22621 (10.0.22621.4391)
Time: Thu Dec 12 22:11:38 2024  Windows 11 , 64 bit Build 22621 (10.0.22621.4391) elapsed time: 403.960050 seconds (0d 0h 6m 43s)

---------------  T H R E A D  ---------------

Current thread (0x000002162b06a610):  JavaThread "AWT-Windows" daemon [_thread_in_native, id=12516, stack(0x0000003abe700000,0x0000003abe800000)]

Stack: [0x0000003abe700000,0x0000003abe800000],  sp=0x0000003abe7feaa0,  free space=1018k
Native frames: (J=compiled Java code, j=interpreted, Vv=VM code, C=native code)
C  [awt.dll+0xdc91c]

Java frames: (J=compiled Java code, j=interpreted, Vv=VM code)
j  sun.awt.windows.WToolkit.eventLoop()V+0 java.desktop@17.0.13
j  sun.awt.windows.WToolkit.run()V+50 java.desktop@17.0.13
j  java.lang.Thread.run()V+11 java.base@17.0.13
v  ~StubRoutines::call_stub

siginfo: EXCEPTION_ACCESS_VIOLATION (0xc0000005), reading address 0x0000000000000004


Registers:
RAX=0x000002162b3d1cc0, RBX=0x000002162cdaa550, RCX=0x0000000000000000, RDX=0x0000000000000000
RSP=0x0000003abe7feaa0, RBP=0x0000003abe7feba9, RSI=0x000002162d9dc870, RDI=0x0000000000000000
R8 =0x0000000000000001, R9 =0x0000000000000000, R10=0x0000000000000000, R11=0x0000000000000246
R12=0x0000000000000000, R13=0x0000000000000310, R14=0x0000000000000000, R15=0x0000000000000000
RIP=0x00007ffcc79ac91c, EFLAGS=0x0000000000010246


Register to memory mapping:

RIP=0x00007ffcc79ac91c awt.dll
RAX=0x000002162b3d1cc0 points into unknown readable memory: 0x0000000000000000 | 00 00 00 00 00 00 00 00
RBX=0x000002162cdaa550 points into unknown readable memory: 0x000002162df13e30 | 30 3e f1 2d 16 02 00 00
RCX=0x0 is NULL
RDX=0x0 is NULL
RSP=0x0000003abe7feaa0 is pointing into the stack for thread: 0x000002162b06a610
RBP=0x0000003abe7feba9 is pointing into the stack for thread: 0x000002162b06a610
RSI=0x000002162d9dc870 points into unknown readable memory: 0x00007ffcc79dc880 | 80 c8 9d c7 fc 7f 00 00
RDI=0x0 is NULL
R8 =0x0000000000000001 is an unknown value
R9 =0x0 is NULL
R10=0x0 is NULL
R11=0x0000000000000246 is an unknown value
R12=0x0 is NULL
R13=0x0000000000000310 is an unknown value
R14=0x0 is NULL
R15=0x0 is NULL


Top of Stack: (sp=0x0000003abe7feaa0)
0x0000003abe7feaa0:   00007ffcc7a0c838 0000000000000000
0x0000003abe7feab0:   000000003f011199 0000000000000000
0x0000003abe7feac0:   0000000000000000 00007ffcc79682db
0x0000003abe7fead0:   0000000000000000 000002162cdaa550
0x0000003abe7feae0:   0000000000000000 000002162d9dc870
0x0000003abe7feaf0:   000002162d9dc870 00007ffcc7968326
0x0000003abe7feb00:   00007ffcc78d0000 0000000000000000
0x0000003abe7feb10:   000000000000c258 00007ffcc796885d
0x0000003abe7feb20:   000002162d9dc870 00007ffcc7965686
0x0000003abe7feb30:   000002162d9dc870 0000000000000000
0x0000003abe7feb40:   0000000000000001 00007ffd289b6b27
0x0000003abe7feb50:   0000003abe7fec10 00007ffd26778696
0x0000003abe7feb60:   00007ffcc7968800 0000000000000000
0x0000003abe7feb70:   0000000000000000 00007ffd289b8af3
0x0000003abe7feb80:   0000000000000000 0000003abe7fec10
0x0000003abe7feb90:   0000003abe7fec14 000002162b06a8c8
0x0000003abe7feba0:   000002162d9dc910 000000000000c258
0x0000003abe7febb0:   000000000000c258 00005b24eee194de
0x0000003abe7febc0:   000002162ce25490 0000000000000000
0x0000003abe7febd0:   0000000000000000 0000000000000000
0x0000003abe7febe0:   0000000000000000 0000000000000000
0x0000003abe7febf0:   0000000000000000 000002162d9dc870
0x0000003abe7fec00:   0000000000000310 00007ffcc79b174b
0x0000003abe7fec10:   0000000200000002 0000000000000000
0x0000003abe7fec20:   0000b03a210eee54 000068f771351693
0x0000003abe7fec30:   0000000000000000 000000000000c258
0x0000003abe7fec40:   0000000000000000 0000000000000000
0x0000003abe7fec50:   0000003abe7fee28 00007ffd26778696
0x0000003abe7fec60:   0000000000000070 00007ffd289b8af3
0x0000003abe7fec70:   ffffffffffffffeb 00007ffd2677acb9
0x0000003abe7fec80:   00007ffd26778696 00005b24eee193fe
0x0000003abe7fec90:   00000000001d07f2 0000000000000000 

Instructions: (pc=0x00007ffcc79ac91c)
0x00007ffcc79ac81c:   2b fe 66 90 8b 04 0f 89 01 48 8d 49 04 48 83 ea
0x00007ffcc79ac82c:   01 75 f1 45 85 ff 7e 11 4d 8b c7 33 d2 49 c1 e0
0x00007ffcc79ac83c:   02 49 8b ce e8 19 0b 01 00 48 8b 03 45 33 c9 4d
0x00007ffcc79ac84c:   8b c6 48 8b d5 48 8b cb ff 90 f8 06 00 00 48 8b
0x00007ffcc79ac85c:   03 45 33 c9 4c 8b c6 49 8b d4 48 8b cb ff 90 f8
0x00007ffcc79ac86c:   06 00 00 4c 8b 05 3a cb 06 00 48 8b cb 48 8b 15
0x00007ffcc79ac87c:   10 cb 06 00 e8 7b f5 fb ff e9 5d ff ff ff 48 8d
0x00007ffcc79ac88c:   15 af 41 03 00 48 8b cb e8 8d f3 00 00 e9 58 ff
0x00007ffcc79ac89c:   ff ff cc cc 48 89 5c 24 08 57 48 83 ec 20 8b f9
0x00007ffcc79ac8ac:   e8 ff bc f4 ff 48 8b d8 48 89 44 24 38 41 b8 01
0x00007ffcc79ac8bc:   00 00 00 8b d7 48 8b c8 e8 67 bc f4 ff 48 8b c8
0x00007ffcc79ac8cc:   e8 8f fd ff ff 90 48 8b cb e8 96 be f4 ff 90 48
0x00007ffcc79ac8dc:   8b 5c 24 30 48 83 c4 20 5f c3 cc cc cc cc cc cc
0x00007ffcc79ac8ec:   cc cc cc cc 48 89 5c 24 08 57 48 83 ec 20 8b f9
0x00007ffcc79ac8fc:   e8 af bc f4 ff 48 8b d8 48 89 44 24 38 41 b8 01
0x00007ffcc79ac90c:   00 00 00 8b d7 48 8b c8 e8 17 bc f4 ff 48 8b 08
0x00007ffcc79ac91c:   83 79 04 08 7e 04 33 ff eb 0b 48 8b 48 08 e8 81
0x00007ffcc79ac92c:   7b fe ff 8b f8 48 8b cb e8 37 be f4 ff 90 8b c7
0x00007ffcc79ac93c:   48 8b 5c 24 30 48 83 c4 20 5f c3 cc cc cc cc cc
0x00007ffcc79ac94c:   cc cc cc cc 48 89 5c 24 08 48 89 74 24 10 48 89
0x00007ffcc79ac95c:   7c 24 18 41 56 48 83 ec 30 41 8b f9 45 8b f0 48
0x00007ffcc79ac96c:   8b f2 48 8b d9 e8 ba 89 00 00 e8 15 ac ff ff 8b
0x00007ffcc79ac97c:   44 24 68 89 44 24 20 44 8b 4c 24 60 44 8b c7 41
0x00007ffcc79ac98c:   8b d6 48 8b cb e8 fa e5 ff ff 48 8b f8 48 85 c0
0x00007ffcc79ac99c:   74 7f 48 8b 03 48 8b d6 48 8b cb ff 90 f8 00 00
0x00007ffcc79ac9ac:   00 48 8b d0 48 8b cb 48 85 c0 75 0e 48 8d 15 09
0x00007ffcc79ac9bc:   42 03 00 e8 62 f2 00 00 eb 57 48 8b 03 4c 8d 0d
0x00007ffcc79ac9cc:   20 42 03 00 4c 8d 05 31 42 03 00 ff 90 08 01 00
0x00007ffcc79ac9dc:   00 48 8b cb 48 85 c0 75 1a 48 8b 03 ff 90 88 00
0x00007ffcc79ac9ec:   00 00 48 8d 15 1b 42 03 00 48 8b cb e8 29 f2 00
0x00007ffcc79ac9fc:   00 eb 1e 4c 8b cf 4c 8b c0 48 8b d6 e8 93 e0 fa
0x00007ffcc79aca0c:   ff 48 8b 03 48 8b d7 48 8b cb ff 90 b8 00 00 00 


Stack slot to memory mapping:
stack at sp + 0 slots: 0x00007ffcc7a0c838 awt.dll
stack at sp + 1 slots: 0x0 is NULL
stack at sp + 2 slots: 0x000000003f011199 is an unknown value
stack at sp + 3 slots: 0x0 is NULL
stack at sp + 4 slots: 0x0 is NULL
stack at sp + 5 slots: 0x00007ffcc79682db awt.dll
stack at sp + 6 slots: 0x0 is NULL
stack at sp + 7 slots: 0x000002162cdaa550 points into unknown readable memory: 0x000002162df13e30 | 30 3e f1 2d 16 02 00 00


---------------  P R O C E S S  ---------------

Threads class SMR info:
_java_thread_list=0x000002162b3e4040, length=19, elements={
0x00000215e57385c0, 0x00000215e5739440, 0x00000215e5753770, 0x00000215e5759350,
0x00000215e5759f10, 0x00000215e575c8e0, 0x00000215e575d5d0, 0x00000215e575eef0,
0x00000215e5776500, 0x00000215e55cda20, 0x00000215e5a0b400, 0x00000215e5a0f0c0,
0x000002162b05dae0, 0x000002162b0611d0, 0x000002162b06a610, 0x000002162b3b14b0,
0x000002162b3b19c0, 0x000002162b3b0070, 0x000002162b3ae720
}

Java Threads: ( => current thread )
  0x00000215e57385c0 JavaThread "Reference Handler" daemon [_thread_blocked, id=15344, stack(0x0000003abd400000,0x0000003abd500000)]
  0x00000215e5739440 JavaThread "Finalizer" daemon [_thread_blocked, id=26332, stack(0x0000003abd500000,0x0000003abd600000)]
  0x00000215e5753770 JavaThread "Signal Dispatcher" daemon [_thread_blocked, id=25260, stack(0x0000003abd600000,0x0000003abd700000)]
  0x00000215e5759350 JavaThread "Attach Listener" daemon [_thread_blocked, id=8088, stack(0x0000003abd700000,0x0000003abd800000)]
  0x00000215e5759f10 JavaThread "Service Thread" daemon [_thread_blocked, id=26996, stack(0x0000003abd800000,0x0000003abd900000)]
  0x00000215e575c8e0 JavaThread "Monitor Deflation Thread" daemon [_thread_blocked, id=21032, stack(0x0000003abd900000,0x0000003abda00000)]
  0x00000215e575d5d0 JavaThread "C2 CompilerThread0" daemon [_thread_blocked, id=17956, stack(0x0000003abda00000,0x0000003abdb00000)]
  0x00000215e575eef0 JavaThread "C1 CompilerThread0" daemon [_thread_blocked, id=2820, stack(0x0000003abdb00000,0x0000003abdc00000)]
  0x00000215e5776500 JavaThread "Sweeper thread" daemon [_thread_blocked, id=9812, stack(0x0000003abdc00000,0x0000003abdd00000)]
  0x00000215e55cda20 JavaThread "Common-Cleaner" daemon [_thread_blocked, id=14304, stack(0x0000003abdd00000,0x0000003abde00000)]
  0x00000215e5a0b400 JavaThread "Monitor Ctrl-Break" daemon [_thread_in_native, id=28248, stack(0x0000003abe200000,0x0000003abe300000)]
  0x00000215e5a0f0c0 JavaThread "Notification Thread" daemon [_thread_blocked, id=14128, stack(0x0000003abe300000,0x0000003abe400000)]
  0x000002162b05dae0 JavaThread "Java2D Disposer" daemon [_thread_blocked, id=21884, stack(0x0000003abe500000,0x0000003abe600000)]
  0x000002162b0611d0 JavaThread "AWT-Shutdown" [_thread_blocked, id=11636, stack(0x0000003abe600000,0x0000003abe700000)]
=>0x000002162b06a610 JavaThread "AWT-Windows" daemon [_thread_in_native, id=12516, stack(0x0000003abe700000,0x0000003abe800000)]
  0x000002162b3b14b0 JavaThread "AWT-EventQueue-0" [_thread_in_native, id=9420, stack(0x0000003abf400000,0x0000003abf500000)]
  0x000002162b3b19c0 JavaThread "DestroyJavaVM" [_thread_blocked, id=23596, stack(0x0000003abcd00000,0x0000003abce00000)]
  0x000002162b3b0070 JavaThread "TimerQueue" daemon [_thread_blocked, id=23336, stack(0x0000003abf800000,0x0000003abf900000)]
  0x000002162b3ae720 JavaThread "Thread-0" [_thread_in_native, id=8392, stack(0x0000003abe000000,0x0000003abe100000)]

Other Threads:
  0x00000215e5733010 VMThread "VM Thread" [stack: 0x0000003abd300000,0x0000003abd400000] [id=8948]
  0x00000215c1d0ec40 WatcherThread [stack: 0x0000003abe400000,0x0000003abe500000] [id=9092]
  0x00000215c1d78060 GCTaskThread "GC Thread#0" [stack: 0x0000003abce00000,0x0000003abcf00000] [id=12504]
  0x000002162ce27a50 GCTaskThread "GC Thread#1" [stack: 0x0000003abea00000,0x0000003abeb00000] [id=27064]
  0x000002162ce27d10 GCTaskThread "GC Thread#2" [stack: 0x0000003abeb00000,0x0000003abec00000] [id=2504]
  0x000002162ce27fd0 GCTaskThread "GC Thread#3" [stack: 0x0000003abec00000,0x0000003abed00000] [id=15236]
  0x000002162d0aed70 GCTaskThread "GC Thread#4" [stack: 0x0000003abed00000,0x0000003abee00000] [id=8684]
  0x000002162d0af030 GCTaskThread "GC Thread#5" [stack: 0x0000003abee00000,0x0000003abef00000] [id=7816]
  0x000002162b50afc0 GCTaskThread "GC Thread#6" [stack: 0x0000003abef00000,0x0000003abf000000] [id=14248]
  0x000002162b50c290 GCTaskThread "GC Thread#7" [stack: 0x0000003abf000000,0x0000003abf100000] [id=25136]
  0x000002162b50c550 GCTaskThread "GC Thread#8" [stack: 0x0000003abf100000,0x0000003abf200000] [id=14904]
  0x000002162d573cb0 GCTaskThread "GC Thread#9" [stack: 0x0000003abde00000,0x0000003abdf00000] [id=23732]
  0x000002162d5bc020 GCTaskThread "GC Thread#10" [stack: 0x0000003abe800000,0x0000003abe900000] [id=1244]
  0x000002162b3c5ad0 GCTaskThread "GC Thread#11" [stack: 0x0000003abe900000,0x0000003abea00000] [id=17316]
  0x00000215c1d88b40 ConcurrentGCThread "G1 Main Marker" [stack: 0x0000003abcf00000,0x0000003abd000000] [id=17892]
  0x00000215c1d8a570 ConcurrentGCThread "G1 Conc#0" [stack: 0x0000003abd000000,0x0000003abd100000] [id=19736]
  0x00000215e5498fd0 ConcurrentGCThread "G1 Refine#0" [stack: 0x0000003abd100000,0x0000003abd200000] [id=12436]
  0x00000215e5499a00 ConcurrentGCThread "G1 Service" [stack: 0x0000003abd200000,0x0000003abd300000] [id=16524]

Threads with active compile tasks:

VM state: not at safepoint (normal execution)

VM Mutex/Monitor currently owned by a thread: None

Heap address: 0x0000000704600000, size: 4026 MB, Compressed Oops mode: Zero based, Oop shift amount: 3

CDS archive(s) mapped at: [0x00000215e6000000-0x00000215e6bb0000-0x00000215e6bb0000), size 12255232, SharedBaseAddress: 0x00000215e6000000, ArchiveRelocationMode: 1.
Compressed class space mapped at: 0x00000215e7000000-0x0000021627000000, reserved size: 1073741824
Narrow klass base: 0x00000215e6000000, Narrow klass shift: 0, Narrow klass range: 0x100000000

GC Precious Log:
 CPUs: 16 total, 16 available
 Memory: 16098M
 Large Page Support: Disabled
 NUMA Support: Disabled
 Compressed Oops: Enabled (Zero based)
 Heap Region Size: 2M
 Heap Min Capacity: 8M
 Heap Initial Capacity: 252M
 Heap Max Capacity: 4026M
 Pre-touch: Disabled
 Parallel Workers: 13
 Concurrent Workers: 3
 Concurrent Refinement Workers: 13
 Periodic GC: Disabled

Heap:
 garbage-first heap   total 258048K, used 23147K [0x0000000704600000, 0x0000000800000000)
  region size 2048K, 6 young (12288K), 1 survivors (2048K)
 Metaspace       used 13435K, committed 13696K, reserved 1114112K
  class space    used 1406K, committed 1536K, reserved 1048576K

Heap Regions: E=young(eden), S=young(survivor), O=old, HS=humongous(starts), HC=humongous(continues), CS=collection set, F=free, OA=open archive, CA=closed archive, TAMS=top-at-mark-start (previous, next)
|   0|0x0000000704600000, 0x0000000704800000, 0x0000000704800000|100%|HS|  |TAMS 0x0000000704600000, 0x0000000704600000| Complete 
|   1|0x0000000704800000, 0x0000000704a00000, 0x0000000704a00000|100%|HC|  |TAMS 0x0000000704800000, 0x0000000704800000| Complete 
|   2|0x0000000704a00000, 0x0000000704c00000, 0x0000000704c00000|100%| O|  |TAMS 0x0000000704a00000, 0x0000000704a00000| Untracked 
|   3|0x0000000704c00000, 0x0000000704c98400, 0x0000000704e00000| 29%| O|  |TAMS 0x0000000704c00000, 0x0000000704c00000| Untracked 
|   4|0x0000000704e00000, 0x0000000704e00000, 0x0000000705000000|  0%| F|  |TAMS 0x0000000704e00000, 0x0000000704e00000| Untracked 
|   5|0x0000000705000000, 0x0000000705200000, 0x0000000705200000|100%| O|  |TAMS 0x0000000705000000, 0x0000000705000000| Untracked 
|   6|0x0000000705200000, 0x0000000705400000, 0x0000000705400000|100%| O|  |TAMS 0x0000000705200000, 0x0000000705200000| Untracked 
|   7|0x0000000705400000, 0x0000000705600000, 0x0000000705600000|100%|HS|  |TAMS 0x0000000705400000, 0x0000000705400000| Complete 
|   8|0x0000000705600000, 0x0000000705800000, 0x0000000705800000|100%|HC|  |TAMS 0x0000000705600000, 0x0000000705600000| Complete 
|   9|0x0000000705800000, 0x0000000705800000, 0x0000000705a00000|  0%| F|  |TAMS 0x0000000705800000, 0x0000000705800000| Untracked 
|  10|0x0000000705a00000, 0x0000000705a00000, 0x0000000705c00000|  0%| F|  |TAMS 0x0000000705a00000, 0x0000000705a00000| Untracked 
|  11|0x0000000705c00000, 0x0000000705c00000, 0x0000000705e00000|  0%| F|  |TAMS 0x0000000705c00000, 0x0000000705c00000| Untracked 
|  12|0x0000000705e00000, 0x0000000705e00000, 0x0000000706000000|  0%| F|  |TAMS 0x0000000705e00000, 0x0000000705e00000| Untracked 
|  13|0x0000000706000000, 0x0000000706000000, 0x0000000706200000|  0%| F|  |TAMS 0x0000000706000000, 0x0000000706000000| Untracked 
|  14|0x0000000706200000, 0x0000000706200000, 0x0000000706400000|  0%| F|  |TAMS 0x0000000706200000, 0x0000000706200000| Untracked 
|  15|0x0000000706400000, 0x0000000706400000, 0x0000000706600000|  0%| F|  |TAMS 0x0000000706400000, 0x0000000706400000| Untracked 
|  16|0x0000000706600000, 0x0000000706600000, 0x0000000706800000|  0%| F|  |TAMS 0x0000000706600000, 0x0000000706600000| Untracked 
|  17|0x0000000706800000, 0x0000000706800000, 0x0000000706a00000|  0%| F|  |TAMS 0x0000000706800000, 0x0000000706800000| Untracked 
|  18|0x0000000706a00000, 0x0000000706a00000, 0x0000000706c00000|  0%| F|  |TAMS 0x0000000706a00000, 0x0000000706a00000| Untracked 
|  19|0x0000000706c00000, 0x0000000706c00000, 0x0000000706e00000|  0%| F|  |TAMS 0x0000000706c00000, 0x0000000706c00000| Untracked 
|  20|0x0000000706e00000, 0x0000000706e00000, 0x0000000707000000|  0%| F|  |TAMS 0x0000000706e00000, 0x0000000706e00000| Untracked 
|  21|0x0000000707000000, 0x0000000707000000, 0x0000000707200000|  0%| F|  |TAMS 0x0000000707000000, 0x0000000707000000| Untracked 
|  22|0x0000000707200000, 0x0000000707200000, 0x0000000707400000|  0%| F|  |TAMS 0x0000000707200000, 0x0000000707200000| Untracked 
|  23|0x0000000707400000, 0x0000000707400000, 0x0000000707600000|  0%| F|  |TAMS 0x0000000707400000, 0x0000000707400000| Untracked 
|  24|0x0000000707600000, 0x0000000707600000, 0x0000000707800000|  0%| F|  |TAMS 0x0000000707600000, 0x0000000707600000| Untracked 
|  25|0x0000000707800000, 0x0000000707800000, 0x0000000707a00000|  0%| F|  |TAMS 0x0000000707800000, 0x0000000707800000| Untracked 
|  26|0x0000000707a00000, 0x0000000707a00000, 0x0000000707c00000|  0%| F|  |TAMS 0x0000000707a00000, 0x0000000707a00000| Untracked 
|  27|0x0000000707c00000, 0x0000000707c00000, 0x0000000707e00000|  0%| F|  |TAMS 0x0000000707c00000, 0x0000000707c00000| Untracked 
|  28|0x0000000707e00000, 0x0000000707e00000, 0x0000000708000000|  0%| F|  |TAMS 0x0000000707e00000, 0x0000000707e00000| Untracked 
|  29|0x0000000708000000, 0x0000000708000000, 0x0000000708200000|  0%| F|  |TAMS 0x0000000708000000, 0x0000000708000000| Untracked 
|  30|0x0000000708200000, 0x0000000708200000, 0x0000000708400000|  0%| F|  |TAMS 0x0000000708200000, 0x0000000708200000| Untracked 
|  31|0x0000000708400000, 0x0000000708400000, 0x0000000708600000|  0%| F|  |TAMS 0x0000000708400000, 0x0000000708400000| Untracked 
|  32|0x0000000708600000, 0x0000000708600000, 0x0000000708800000|  0%| F|  |TAMS 0x0000000708600000, 0x0000000708600000| Untracked 
|  33|0x0000000708800000, 0x0000000708800000, 0x0000000708a00000|  0%| F|  |TAMS 0x0000000708800000, 0x0000000708800000| Untracked 
|  34|0x0000000708a00000, 0x0000000708a00000, 0x0000000708c00000|  0%| F|  |TAMS 0x0000000708a00000, 0x0000000708a00000| Untracked 
|  35|0x0000000708c00000, 0x0000000708c00000, 0x0000000708e00000|  0%| F|  |TAMS 0x0000000708c00000, 0x0000000708c00000| Untracked 
|  36|0x0000000708e00000, 0x0000000708e00000, 0x0000000709000000|  0%| F|  |TAMS 0x0000000708e00000, 0x0000000708e00000| Untracked 
|  37|0x0000000709000000, 0x0000000709000000, 0x0000000709200000|  0%| F|  |TAMS 0x0000000709000000, 0x0000000709000000| Untracked 
|  38|0x0000000709200000, 0x0000000709200000, 0x0000000709400000|  0%| F|  |TAMS 0x0000000709200000, 0x0000000709200000| Untracked 
|  39|0x0000000709400000, 0x0000000709400000, 0x0000000709600000|  0%| F|  |TAMS 0x0000000709400000, 0x0000000709400000| Untracked 
|  40|0x0000000709600000, 0x0000000709600000, 0x0000000709800000|  0%| F|  |TAMS 0x0000000709600000, 0x0000000709600000| Untracked 
|  41|0x0000000709800000, 0x0000000709800000, 0x0000000709a00000|  0%| F|  |TAMS 0x0000000709800000, 0x0000000709800000| Untracked 
|  42|0x0000000709a00000, 0x0000000709a00000, 0x0000000709c00000|  0%| F|  |TAMS 0x0000000709a00000, 0x0000000709a00000| Untracked 
|  43|0x0000000709c00000, 0x0000000709c00000, 0x0000000709e00000|  0%| F|  |TAMS 0x0000000709c00000, 0x0000000709c00000| Untracked 
|  44|0x0000000709e00000, 0x0000000709e00000, 0x000000070a000000|  0%| F|  |TAMS 0x0000000709e00000, 0x0000000709e00000| Untracked 
|  45|0x000000070a000000, 0x000000070a000000, 0x000000070a200000|  0%| F|  |TAMS 0x000000070a000000, 0x000000070a000000| Untracked 
|  46|0x000000070a200000, 0x000000070a200000, 0x000000070a400000|  0%| F|  |TAMS 0x000000070a200000, 0x000000070a200000| Untracked 
|  47|0x000000070a400000, 0x000000070a400000, 0x000000070a600000|  0%| F|  |TAMS 0x000000070a400000, 0x000000070a400000| Untracked 
|  48|0x000000070a600000, 0x000000070a600000, 0x000000070a800000|  0%| F|  |TAMS 0x000000070a600000, 0x000000070a600000| Untracked 
|  49|0x000000070a800000, 0x000000070a800000, 0x000000070aa00000|  0%| F|  |TAMS 0x000000070a800000, 0x000000070a800000| Untracked 
|  50|0x000000070aa00000, 0x000000070aa00000, 0x000000070ac00000|  0%| F|  |TAMS 0x000000070aa00000, 0x000000070aa00000| Untracked 
|  51|0x000000070ac00000, 0x000000070ac029f0, 0x000000070ae00000|  0%| S|CS|TAMS 0x000000070ac00000, 0x000000070ac00000| Complete 
|  52|0x000000070ae00000, 0x000000070ae00000, 0x000000070b000000|  0%| F|  |TAMS 0x000000070ae00000, 0x000000070ae00000| Untracked 
|  53|0x000000070b000000, 0x000000070b000000, 0x000000070b200000|  0%| F|  |TAMS 0x000000070b000000, 0x000000070b000000| Untracked 
|  54|0x000000070b200000, 0x000000070b200000, 0x000000070b400000|  0%| F|  |TAMS 0x000000070b200000, 0x000000070b200000| Untracked 
|  55|0x000000070b400000, 0x000000070b400000, 0x000000070b600000|  0%| F|  |TAMS 0x000000070b400000, 0x000000070b400000| Untracked 
|  56|0x000000070b600000, 0x000000070b600000, 0x000000070b800000|  0%| F|  |TAMS 0x000000070b600000, 0x000000070b600000| Untracked 
|  57|0x000000070b800000, 0x000000070b800000, 0x000000070ba00000|  0%| F|  |TAMS 0x000000070b800000, 0x000000070b800000| Untracked 
|  58|0x000000070ba00000, 0x000000070ba00000, 0x000000070bc00000|  0%| F|  |TAMS 0x000000070ba00000, 0x000000070ba00000| Untracked 
|  59|0x000000070bc00000, 0x000000070bc00000, 0x000000070be00000|  0%| F|  |TAMS 0x000000070bc00000, 0x000000070bc00000| Untracked 
|  60|0x000000070be00000, 0x000000070be00000, 0x000000070c000000|  0%| F|  |TAMS 0x000000070be00000, 0x000000070be00000| Untracked 
|  61|0x000000070c000000, 0x000000070c000000, 0x000000070c200000|  0%| F|  |TAMS 0x000000070c000000, 0x000000070c000000| Untracked 
|  62|0x000000070c200000, 0x000000070c200000, 0x000000070c400000|  0%| F|  |TAMS 0x000000070c200000, 0x000000070c200000| Untracked 
|  63|0x000000070c400000, 0x000000070c400000, 0x000000070c600000|  0%| F|  |TAMS 0x000000070c400000, 0x000000070c400000| Untracked 
|  64|0x000000070c600000, 0x000000070c600000, 0x000000070c800000|  0%| F|  |TAMS 0x000000070c600000, 0x000000070c600000| Untracked 
|  65|0x000000070c800000, 0x000000070c800000, 0x000000070ca00000|  0%| F|  |TAMS 0x000000070c800000, 0x000000070c800000| Untracked 
|  66|0x000000070ca00000, 0x000000070ca00000, 0x000000070cc00000|  0%| F|  |TAMS 0x000000070ca00000, 0x000000070ca00000| Untracked 
|  67|0x000000070cc00000, 0x000000070cc00000, 0x000000070ce00000|  0%| F|  |TAMS 0x000000070cc00000, 0x000000070cc00000| Untracked 
|  68|0x000000070ce00000, 0x000000070ce00000, 0x000000070d000000|  0%| F|  |TAMS 0x000000070ce00000, 0x000000070ce00000| Untracked 
|  69|0x000000070d000000, 0x000000070d000000, 0x000000070d200000|  0%| F|  |TAMS 0x000000070d000000, 0x000000070d000000| Untracked 
|  70|0x000000070d200000, 0x000000070d200000, 0x000000070d400000|  0%| F|  |TAMS 0x000000070d200000, 0x000000070d200000| Untracked 
|  71|0x000000070d400000, 0x000000070d400000, 0x000000070d600000|  0%| F|  |TAMS 0x000000070d400000, 0x000000070d400000| Untracked 
|  72|0x000000070d600000, 0x000000070d600000, 0x000000070d800000|  0%| F|  |TAMS 0x000000070d600000, 0x000000070d600000| Untracked 
|  73|0x000000070d800000, 0x000000070d800000, 0x000000070da00000|  0%| F|  |TAMS 0x000000070d800000, 0x000000070d800000| Untracked 
|  74|0x000000070da00000, 0x000000070da00000, 0x000000070dc00000|  0%| F|  |TAMS 0x000000070da00000, 0x000000070da00000| Untracked 
|  75|0x000000070dc00000, 0x000000070dc00000, 0x000000070de00000|  0%| F|  |TAMS 0x000000070dc00000, 0x000000070dc00000| Untracked 
|  76|0x000000070de00000, 0x000000070de00000, 0x000000070e000000|  0%| F|  |TAMS 0x000000070de00000, 0x000000070de00000| Untracked 
|  77|0x000000070e000000, 0x000000070e000000, 0x000000070e200000|  0%| F|  |TAMS 0x000000070e000000, 0x000000070e000000| Untracked 
|  78|0x000000070e200000, 0x000000070e200000, 0x000000070e400000|  0%| F|  |TAMS 0x000000070e200000, 0x000000070e200000| Untracked 
|  79|0x000000070e400000, 0x000000070e400000, 0x000000070e600000|  0%| F|  |TAMS 0x000000070e400000, 0x000000070e400000| Untracked 
|  80|0x000000070e600000, 0x000000070e600000, 0x000000070e800000|  0%| F|  |TAMS 0x000000070e600000, 0x000000070e600000| Untracked 
|  81|0x000000070e800000, 0x000000070e800000, 0x000000070ea00000|  0%| F|  |TAMS 0x000000070e800000, 0x000000070e800000| Untracked 
|  82|0x000000070ea00000, 0x000000070ea00000, 0x000000070ec00000|  0%| F|  |TAMS 0x000000070ea00000, 0x000000070ea00000| Untracked 
|  83|0x000000070ec00000, 0x000000070ec00000, 0x000000070ee00000|  0%| F|  |TAMS 0x000000070ec00000, 0x000000070ec00000| Untracked 
|  84|0x000000070ee00000, 0x000000070ee00000, 0x000000070f000000|  0%| F|  |TAMS 0x000000070ee00000, 0x000000070ee00000| Untracked 
|  85|0x000000070f000000, 0x000000070f000000, 0x000000070f200000|  0%| F|  |TAMS 0x000000070f000000, 0x000000070f000000| Untracked 
|  86|0x000000070f200000, 0x000000070f200000, 0x000000070f400000|  0%| F|  |TAMS 0x000000070f200000, 0x000000070f200000| Untracked 
|  87|0x000000070f400000, 0x000000070f400000, 0x000000070f600000|  0%| F|  |TAMS 0x000000070f400000, 0x000000070f400000| Untracked 
|  88|0x000000070f600000, 0x000000070f600000, 0x000000070f800000|  0%| F|  |TAMS 0x000000070f600000, 0x000000070f600000| Untracked 
|  89|0x000000070f800000, 0x000000070f800000, 0x000000070fa00000|  0%| F|  |TAMS 0x000000070f800000, 0x000000070f800000| Untracked 
|  90|0x000000070fa00000, 0x000000070fa00000, 0x000000070fc00000|  0%| F|  |TAMS 0x000000070fa00000, 0x000000070fa00000| Untracked 
|  91|0x000000070fc00000, 0x000000070fc00000, 0x000000070fe00000|  0%| F|  |TAMS 0x000000070fc00000, 0x000000070fc00000| Untracked 
|  92|0x000000070fe00000, 0x000000070fe00000, 0x0000000710000000|  0%| F|  |TAMS 0x000000070fe00000, 0x000000070fe00000| Untracked 
|  93|0x0000000710000000, 0x0000000710000000, 0x0000000710200000|  0%| F|  |TAMS 0x0000000710000000, 0x0000000710000000| Untracked 
|  94|0x0000000710200000, 0x0000000710200000, 0x0000000710400000|  0%| F|  |TAMS 0x0000000710200000, 0x0000000710200000| Untracked 
|  95|0x0000000710400000, 0x0000000710400000, 0x0000000710600000|  0%| F|  |TAMS 0x0000000710400000, 0x0000000710400000| Untracked 
|  96|0x0000000710600000, 0x0000000710600000, 0x0000000710800000|  0%| F|  |TAMS 0x0000000710600000, 0x0000000710600000| Untracked 
|  97|0x0000000710800000, 0x0000000710800000, 0x0000000710a00000|  0%| F|  |TAMS 0x0000000710800000, 0x0000000710800000| Untracked 
|  98|0x0000000710a00000, 0x0000000710a00000, 0x0000000710c00000|  0%| F|  |TAMS 0x0000000710a00000, 0x0000000710a00000| Untracked 
|  99|0x0000000710c00000, 0x0000000710c00000, 0x0000000710e00000|  0%| F|  |TAMS 0x0000000710c00000, 0x0000000710c00000| Untracked 
| 100|0x0000000710e00000, 0x0000000710e00000, 0x0000000711000000|  0%| F|  |TAMS 0x0000000710e00000, 0x0000000710e00000| Untracked 
| 101|0x0000000711000000, 0x0000000711000000, 0x0000000711200000|  0%| F|  |TAMS 0x0000000711000000, 0x0000000711000000| Untracked 
| 102|0x0000000711200000, 0x0000000711200000, 0x0000000711400000|  0%| F|  |TAMS 0x0000000711200000, 0x0000000711200000| Untracked 
| 103|0x0000000711400000, 0x0000000711400000, 0x0000000711600000|  0%| F|  |TAMS 0x0000000711400000, 0x0000000711400000| Untracked 
| 104|0x0000000711600000, 0x0000000711600000, 0x0000000711800000|  0%| F|  |TAMS 0x0000000711600000, 0x0000000711600000| Untracked 
| 105|0x0000000711800000, 0x0000000711800000, 0x0000000711a00000|  0%| F|  |TAMS 0x0000000711800000, 0x0000000711800000| Untracked 
| 106|0x0000000711a00000, 0x0000000711a00000, 0x0000000711c00000|  0%| F|  |TAMS 0x0000000711a00000, 0x0000000711a00000| Untracked 
| 107|0x0000000711c00000, 0x0000000711c00000, 0x0000000711e00000|  0%| F|  |TAMS 0x0000000711c00000, 0x0000000711c00000| Untracked 
| 108|0x0000000711e00000, 0x0000000711e00000, 0x0000000712000000|  0%| F|  |TAMS 0x0000000711e00000, 0x0000000711e00000| Untracked 
| 109|0x0000000712000000, 0x0000000712000000, 0x0000000712200000|  0%| F|  |TAMS 0x0000000712000000, 0x0000000712000000| Untracked 
| 110|0x0000000712200000, 0x0000000712200000, 0x0000000712400000|  0%| F|  |TAMS 0x0000000712200000, 0x0000000712200000| Untracked 
| 111|0x0000000712400000, 0x0000000712400000, 0x0000000712600000|  0%| F|  |TAMS 0x0000000712400000, 0x0000000712400000| Untracked 
| 112|0x0000000712600000, 0x0000000712600000, 0x0000000712800000|  0%| F|  |TAMS 0x0000000712600000, 0x0000000712600000| Untracked 
| 113|0x0000000712800000, 0x0000000712800000, 0x0000000712a00000|  0%| F|  |TAMS 0x0000000712800000, 0x0000000712800000| Untracked 
| 114|0x0000000712a00000, 0x0000000712a00000, 0x0000000712c00000|  0%| F|  |TAMS 0x0000000712a00000, 0x0000000712a00000| Untracked 
| 115|0x0000000712c00000, 0x0000000712c00000, 0x0000000712e00000|  0%| F|  |TAMS 0x0000000712c00000, 0x0000000712c00000| Untracked 
| 116|0x0000000712e00000, 0x0000000712e00000, 0x0000000713000000|  0%| F|  |TAMS 0x0000000712e00000, 0x0000000712e00000| Untracked 
| 117|0x0000000713000000, 0x0000000713000000, 0x0000000713200000|  0%| F|  |TAMS 0x0000000713000000, 0x0000000713000000| Untracked 
| 118|0x0000000713200000, 0x0000000713200000, 0x0000000713400000|  0%| F|  |TAMS 0x0000000713200000, 0x0000000713200000| Untracked 
| 119|0x0000000713400000, 0x0000000713400000, 0x0000000713600000|  0%| F|  |TAMS 0x0000000713400000, 0x0000000713400000| Untracked 
| 120|0x0000000713600000, 0x0000000713600000, 0x0000000713800000|  0%| F|  |TAMS 0x0000000713600000, 0x0000000713600000| Untracked 
| 121|0x0000000713800000, 0x0000000713810030, 0x0000000713a00000|  3%| E|  |TAMS 0x0000000713800000, 0x0000000713800000| Complete 
| 122|0x0000000713a00000, 0x0000000713c00000, 0x0000000713c00000|100%| E|CS|TAMS 0x0000000713a00000, 0x0000000713a00000| Complete 
| 123|0x0000000713c00000, 0x0000000713e00000, 0x0000000713e00000|100%| E|CS|TAMS 0x0000000713c00000, 0x0000000713c00000| Complete 
| 124|0x0000000713e00000, 0x0000000714000000, 0x0000000714000000|100%| E|CS|TAMS 0x0000000713e00000, 0x0000000713e00000| Complete 
| 125|0x0000000714000000, 0x0000000714200000, 0x0000000714200000|100%| E|CS|TAMS 0x0000000714000000, 0x0000000714000000| Complete 

Card table byte_map: [0x00000215d98b0000,0x00000215da090000] _byte_map_base: 0x00000215d608d000

Marking Bits (Prev, Next): (CMBitMap*) 0x00000215c1d78680, (CMBitMap*) 0x00000215c1d786c0
 Prev Bits: [0x00000215da870000, 0x00000215de758000)
 Next Bits: [0x00000215de760000, 0x00000215e2648000)

Polling page: 0x00000215bfc60000

Metaspace:

Usage:
  Non-class:     11.75 MB used.
      Class:      1.37 MB used.
       Both:     13.12 MB used.

Virtual space:
  Non-class space:       64.00 MB reserved,      11.88 MB ( 19%) committed,  1 nodes.
      Class space:        1.00 GB reserved,       1.50 MB ( <1%) committed,  1 nodes.
             Both:        1.06 GB reserved,      13.38 MB (  1%) committed. 

Chunk freelists:
   Non-Class:  4.11 MB
       Class:  14.51 MB
        Both:  18.62 MB

MaxMetaspaceSize: unlimited
CompressedClassSpaceSize: 1.00 GB
Initial GC threshold: 21.00 MB
Current GC threshold: 21.00 MB
CDS: on
MetaspaceReclaimPolicy: balanced
 - commit_granule_bytes: 65536.
 - commit_granule_words: 8192.
 - virtual_space_node_default_size: 8388608.
 - enlarge_chunks_in_place: 1.
 - new_chunks_are_fully_committed: 0.
 - uncommit_free_chunks: 1.
 - use_allocation_guard: 0.
 - handle_deallocations: 1.


Internal statistics:

num_allocs_failed_limit: 0.
num_arena_births: 216.
num_arena_deaths: 0.
num_vsnodes_births: 2.
num_vsnodes_deaths: 0.
num_space_committed: 214.
num_space_uncommitted: 0.
num_chunks_returned_to_freelist: 0.
num_chunks_taken_from_freelist: 338.
num_chunk_merges: 0.
num_chunk_splits: 182.
num_chunks_enlarged: 64.
num_inconsistent_stats: 0.

CodeHeap 'non-profiled nmethods': size=119168Kb used=2442Kb max_used=3073Kb free=116725Kb
 bounds [0x00000215d13e0000, 0x00000215d16f0000, 0x00000215d8840000]
CodeHeap 'profiled nmethods': size=119104Kb used=5619Kb max_used=6654Kb free=113484Kb
 bounds [0x00000215c9840000, 0x00000215c9ee0000, 0x00000215d0c90000]
CodeHeap 'non-nmethods': size=7488Kb used=1321Kb max_used=3067Kb free=6167Kb
 bounds [0x00000215d0c90000, 0x00000215d1020000, 0x00000215d13e0000]
 total_blobs=3842 nmethods=3188 adapters=564
 compilation: enabled
              stopped_count=0, restarted_count=0
 full_count=0

Compilation events (20 events):
Event: 288.479 Thread 0x00000215e575eef0 3827       3       sun.nio.ch.SocketDispatcher::read (8 bytes)
Event: 288.479 Thread 0x00000215e575eef0 nmethod 3827 0x00000215c9b4d890 code [0x00000215c9b4da20, 0x00000215c9b4db68]
Event: 288.480 Thread 0x00000215e575eef0 3828   !   3       sun.nio.ch.NioSocketImpl::endRead (58 bytes)
Event: 288.480 Thread 0x00000215e575eef0 nmethod 3828 0x00000215c9849a10 code [0x00000215c9849be0, 0x00000215c9849fd8]
Event: 288.480 Thread 0x00000215e575eef0 3829   !   3       sun.nio.ch.NioSocketImpl::tryRead (87 bytes)
Event: 288.480 Thread 0x00000215e575eef0 nmethod 3829 0x00000215c9845710 code [0x00000215c9845920, 0x00000215c9845eb8]
Event: 288.485 Thread 0x00000215e575eef0 3830   !   3       ClientManager::sendGameMsg (53 bytes)
Event: 288.485 Thread 0x00000215e575eef0 nmethod 3830 0x00000215c9ae5310 code [0x00000215c9ae5540, 0x00000215c9ae5ad8]
Event: 288.488 Thread 0x00000215e575eef0 3831   !   3       GamePanel::receiveRemoteDrawing (54 bytes)
Event: 288.488 Thread 0x00000215e575eef0 nmethod 3831 0x00000215c9a66a10 code [0x00000215c9a66c40, 0x00000215c9a675c8]
Event: 288.546 Thread 0x00000215e575eef0 3832       3       java.awt.AWTEventMulticaster::mouseDragged (27 bytes)
Event: 288.547 Thread 0x00000215e575eef0 nmethod 3832 0x00000215c9a2ac90 code [0x00000215c9a2ae60, 0x00000215c9a2b358]
Event: 288.567 Thread 0x00000215e575eef0 3833   !   3       ClientManager::sendDrawingData (64 bytes)
Event: 288.567 Thread 0x00000215e575eef0 nmethod 3833 0x00000215c99f5610 code [0x00000215c99f5840, 0x00000215c99f5fa8]
Event: 288.739 Thread 0x00000215e575eef0 3834       3       java.awt.AWTEventMulticaster::mouseMoved (27 bytes)
Event: 288.739 Thread 0x00000215e575eef0 nmethod 3834 0x00000215c9b5c710 code [0x00000215c9b5c8e0, 0x00000215c9b5cdd8]
Event: 288.826 Thread 0x00000215e575d5d0 3835       4       java.awt.event.InputEvent::consume (6 bytes)
Event: 288.827 Thread 0x00000215e575d5d0 nmethod 3835 0x00000215d1699790 code [0x00000215d1699900, 0x00000215d1699978]
Event: 380.785 Thread 0x00000215e575d5d0 3836       4       java.awt.Component::contains (7 bytes)
Event: 380.786 Thread 0x00000215e575d5d0 nmethod 3836 0x00000215d1699490 code [0x00000215d1699600, 0x00000215d1699698]

GC Heap History (20 events):
Event: 381.455 GC heap before
{Heap before GC invocations=68 (full 0):
 garbage-first heap   total 258048K, used 166509K [0x0000000704600000, 0x0000000800000000)
  region size 2048K, 75 young (153600K), 1 survivors (2048K)
 Metaspace       used 13432K, committed 13696K, reserved 1114112K
  class space    used 1405K, committed 1536K, reserved 1048576K
}
Event: 381.455 GC heap after
{Heap after GC invocations=69 (full 0):
 garbage-first heap   total 258048K, used 14961K [0x0000000704600000, 0x0000000800000000)
  region size 2048K, 1 young (2048K), 1 survivors (2048K)
 Metaspace       used 13432K, committed 13696K, reserved 1114112K
  class space    used 1405K, committed 1536K, reserved 1048576K
}
Event: 384.041 GC heap before
{Heap before GC invocations=69 (full 0):
 garbage-first heap   total 258048K, used 166513K [0x0000000704600000, 0x0000000800000000)
  region size 2048K, 75 young (153600K), 1 survivors (2048K)
 Metaspace       used 13432K, committed 13696K, reserved 1114112K
  class space    used 1405K, committed 1536K, reserved 1048576K
}
Event: 384.042 GC heap after
{Heap after GC invocations=70 (full 0):
 garbage-first heap   total 258048K, used 14955K [0x0000000704600000, 0x0000000800000000)
  region size 2048K, 1 young (2048K), 1 survivors (2048K)
 Metaspace       used 13432K, committed 13696K, reserved 1114112K
  class space    used 1405K, committed 1536K, reserved 1048576K
}
Event: 386.907 GC heap before
{Heap before GC invocations=70 (full 0):
 garbage-first heap   total 258048K, used 166507K [0x0000000704600000, 0x0000000800000000)
  region size 2048K, 75 young (153600K), 1 survivors (2048K)
 Metaspace       used 13432K, committed 13696K, reserved 1114112K
  class space    used 1405K, committed 1536K, reserved 1048576K
}
Event: 386.908 GC heap after
{Heap after GC invocations=71 (full 0):
 garbage-first heap   total 258048K, used 14959K [0x0000000704600000, 0x0000000800000000)
  region size 2048K, 1 young (2048K), 1 survivors (2048K)
 Metaspace       used 13432K, committed 13696K, reserved 1114112K
  class space    used 1405K, committed 1536K, reserved 1048576K
}
Event: 389.753 GC heap before
{Heap before GC invocations=71 (full 0):
 garbage-first heap   total 258048K, used 166511K [0x0000000704600000, 0x0000000800000000)
  region size 2048K, 75 young (153600K), 1 survivors (2048K)
 Metaspace       used 13432K, committed 13696K, reserved 1114112K
  class space    used 1405K, committed 1536K, reserved 1048576K
}
Event: 389.754 GC heap after
{Heap after GC invocations=72 (full 0):
 garbage-first heap   total 258048K, used 14957K [0x0000000704600000, 0x0000000800000000)
  region size 2048K, 1 young (2048K), 1 survivors (2048K)
 Metaspace       used 13432K, committed 13696K, reserved 1114112K
  class space    used 1405K, committed 1536K, reserved 1048576K
}
Event: 392.355 GC heap before
{Heap before GC invocations=72 (full 0):
 garbage-first heap   total 258048K, used 166509K [0x0000000704600000, 0x0000000800000000)
  region size 2048K, 75 young (153600K), 1 survivors (2048K)
 Metaspace       used 13432K, committed 13696K, reserved 1114112K
  class space    used 1405K, committed 1536K, reserved 1048576K
}
Event: 392.356 GC heap after
{Heap after GC invocations=73 (full 0):
 garbage-first heap   total 258048K, used 14955K [0x0000000704600000, 0x0000000800000000)
  region size 2048K, 1 young (2048K), 1 survivors (2048K)
 Metaspace       used 13432K, committed 13696K, reserved 1114112K
  class space    used 1405K, committed 1536K, reserved 1048576K
}
Event: 394.896 GC heap before
{Heap before GC invocations=73 (full 0):
 garbage-first heap   total 258048K, used 166507K [0x0000000704600000, 0x0000000800000000)
  region size 2048K, 75 young (153600K), 1 survivors (2048K)
 Metaspace       used 13432K, committed 13696K, reserved 1114112K
  class space    used 1405K, committed 1536K, reserved 1048576K
}
Event: 394.896 GC heap after
{Heap after GC invocations=74 (full 0):
 garbage-first heap   total 258048K, used 14959K [0x0000000704600000, 0x0000000800000000)
  region size 2048K, 1 young (2048K), 1 survivors (2048K)
 Metaspace       used 13432K, committed 13696K, reserved 1114112K
  class space    used 1405K, committed 1536K, reserved 1048576K
}
Event: 397.035 GC heap before
{Heap before GC invocations=74 (full 0):
 garbage-first heap   total 258048K, used 166511K [0x0000000704600000, 0x0000000800000000)
  region size 2048K, 75 young (153600K), 1 survivors (2048K)
 Metaspace       used 13432K, committed 13696K, reserved 1114112K
  class space    used 1405K, committed 1536K, reserved 1048576K
}
Event: 397.036 GC heap after
{Heap after GC invocations=75 (full 0):
 garbage-first heap   total 258048K, used 14953K [0x0000000704600000, 0x0000000800000000)
  region size 2048K, 1 young (2048K), 1 survivors (2048K)
 Metaspace       used 13432K, committed 13696K, reserved 1114112K
  class space    used 1405K, committed 1536K, reserved 1048576K
}
Event: 399.116 GC heap before
{Heap before GC invocations=75 (full 0):
 garbage-first heap   total 258048K, used 166505K [0x0000000704600000, 0x0000000800000000)
  region size 2048K, 75 young (153600K), 1 survivors (2048K)
 Metaspace       used 13432K, committed 13696K, reserved 1114112K
  class space    used 1405K, committed 1536K, reserved 1048576K
}
Event: 399.116 GC heap after
{Heap after GC invocations=76 (full 0):
 garbage-first heap   total 258048K, used 14953K [0x0000000704600000, 0x0000000800000000)
  region size 2048K, 1 young (2048K), 1 survivors (2048K)
 Metaspace       used 13432K, committed 13696K, reserved 1114112K
  class space    used 1405K, committed 1536K, reserved 1048576K
}
Event: 401.185 GC heap before
{Heap before GC invocations=76 (full 0):
 garbage-first heap   total 258048K, used 166505K [0x0000000704600000, 0x0000000800000000)
  region size 2048K, 75 young (153600K), 1 survivors (2048K)
 Metaspace       used 13432K, committed 13696K, reserved 1114112K
  class space    used 1405K, committed 1536K, reserved 1048576K
}
Event: 401.186 GC heap after
{Heap after GC invocations=77 (full 0):
 garbage-first heap   total 258048K, used 14955K [0x0000000704600000, 0x0000000800000000)
  region size 2048K, 1 young (2048K), 1 survivors (2048K)
 Metaspace       used 13432K, committed 13696K, reserved 1114112K
  class space    used 1405K, committed 1536K, reserved 1048576K
}
Event: 403.516 GC heap before
{Heap before GC invocations=77 (full 0):
 garbage-first heap   total 258048K, used 166507K [0x0000000704600000, 0x0000000800000000)
  region size 2048K, 75 young (153600K), 1 survivors (2048K)
 Metaspace       used 13432K, committed 13696K, reserved 1114112K
  class space    used 1405K, committed 1536K, reserved 1048576K
}
Event: 403.516 GC heap after
{Heap after GC invocations=78 (full 0):
 garbage-first heap   total 258048K, used 14955K [0x0000000704600000, 0x0000000800000000)
  region size 2048K, 1 young (2048K), 1 survivors (2048K)
 Metaspace       used 13432K, committed 13696K, reserved 1114112K
  class space    used 1405K, committed 1536K, reserved 1048576K
}

Dll operation events (13 events):
Event: 0.005 Loaded shared library C:\Users\PC\.jdks\corretto-17.0.13\bin\java.dll
Event: 0.016 Loaded shared library C:\Users\PC\.jdks\corretto-17.0.13\bin\jsvml.dll
Event: 0.046 Loaded shared library C:\Users\PC\.jdks\corretto-17.0.13\bin\zip.dll
Event: 0.049 Loaded shared library C:\Users\PC\.jdks\corretto-17.0.13\bin\instrument.dll
Event: 0.052 Loaded shared library C:\Users\PC\.jdks\corretto-17.0.13\bin\net.dll
Event: 0.053 Loaded shared library C:\Users\PC\.jdks\corretto-17.0.13\bin\nio.dll
Event: 0.055 Loaded shared library C:\Users\PC\.jdks\corretto-17.0.13\bin\zip.dll
Event: 0.057 Loaded shared library C:\Program Files\JetBrains\IntelliJ IDEA 2024.2.4\bin\breakgen64.dll
Event: 0.066 Loaded shared library C:\Users\PC\.jdks\corretto-17.0.13\bin\extnet.dll
Event: 0.066 Loaded shared library C:\Users\PC\.jdks\corretto-17.0.13\bin\jimage.dll
Event: 0.077 Loaded shared library C:\Users\PC\.jdks\corretto-17.0.13\bin\awt.dll
Event: 0.251 Loaded shared library C:\Users\PC\.jdks\corretto-17.0.13\bin\freetype.dll
Event: 0.251 Loaded shared library C:\Users\PC\.jdks\corretto-17.0.13\bin\fontmanager.dll

Deoptimization events (20 events):
Event: 403.915 Thread 0x000002162b06a610 Uncommon trap: trap_request=0xffffffbe fr.pc=0x00000215d14de5f4 relative=0x0000000000001094
Event: 403.915 Thread 0x000002162b06a610 Uncommon trap: reason=profile_predicate action=maybe_recompile pc=0x00000215d14de5f4 method=jdk.internal.org.objectweb.asm.ByteVector.putUTF8(Ljava/lang/String;)Ljdk/internal/org/objectweb/asm/ByteVector; @ 79 c2
Event: 403.915 Thread 0x000002162b06a610 DEOPT PACKING pc=0x00000215d14de5f4 sp=0x0000003abe7fd4e0
Event: 403.915 Thread 0x000002162b06a610 DEOPT UNPACKING pc=0x00000215d0ce69a3 sp=0x0000003abe7fd448 mode 2
Event: 403.915 Thread 0x000002162b06a610 Uncommon trap: trap_request=0xffffffbe fr.pc=0x00000215d14de5f4 relative=0x0000000000001094
Event: 403.915 Thread 0x000002162b06a610 Uncommon trap: reason=profile_predicate action=maybe_recompile pc=0x00000215d14de5f4 method=jdk.internal.org.objectweb.asm.ByteVector.putUTF8(Ljava/lang/String;)Ljdk/internal/org/objectweb/asm/ByteVector; @ 79 c2
Event: 403.915 Thread 0x000002162b06a610 DEOPT PACKING pc=0x00000215d14de5f4 sp=0x0000003abe7fd4b0
Event: 403.915 Thread 0x000002162b06a610 DEOPT UNPACKING pc=0x00000215d0ce69a3 sp=0x0000003abe7fd418 mode 2
Event: 403.946 Thread 0x000002162b3b14b0 Uncommon trap: trap_request=0xffffff45 fr.pc=0x00000215d1656d94 relative=0x0000000000003bf4
Event: 403.946 Thread 0x000002162b3b14b0 Uncommon trap: reason=unstable_if action=reinterpret pc=0x00000215d1656d94 method=sun.java2d.pipe.DrawImage.tryCopyOrScale(Lsun/java2d/SunGraphics2D;Ljava/awt/Image;IIIILjava/awt/Color;I[D)Z @ 253 c2
Event: 403.946 Thread 0x000002162b3b14b0 DEOPT PACKING pc=0x00000215d1656d94 sp=0x0000003abf4fea80
Event: 403.946 Thread 0x000002162b3b14b0 DEOPT UNPACKING pc=0x00000215d0ce69a3 sp=0x0000003abf4fe9c0 mode 2
Event: 403.946 Thread 0x000002162b3b14b0 Uncommon trap: trap_request=0xffffff45 fr.pc=0x00000215d1606834 relative=0x0000000000000394
Event: 403.946 Thread 0x000002162b3b14b0 Uncommon trap: reason=unstable_if action=reinterpret pc=0x00000215d1606834 method=sun.java2d.loops.RenderCache$Entry.matches(Lsun/java2d/loops/SurfaceType;Lsun/java2d/loops/CompositeType;Lsun/java2d/loops/SurfaceType;)Z @ 5 c2
Event: 403.946 Thread 0x000002162b3b14b0 DEOPT PACKING pc=0x00000215d1606834 sp=0x0000003abf4fe840
Event: 403.946 Thread 0x000002162b3b14b0 DEOPT UNPACKING pc=0x00000215d0ce69a3 sp=0x0000003abf4fe798 mode 2
Event: 403.947 Thread 0x000002162b3b14b0 Uncommon trap: trap_request=0xffffff45 fr.pc=0x00000215d151b08c relative=0x000000000000054c
Event: 403.947 Thread 0x000002162b3b14b0 Uncommon trap: reason=unstable_if action=reinterpret pc=0x00000215d151b08c method=sun.java2d.SunGraphics2D.setDevClip(IIII)V @ 8 c2
Event: 403.947 Thread 0x000002162b3b14b0 DEOPT PACKING pc=0x00000215d151b08c sp=0x0000003abf4feb40
Event: 403.947 Thread 0x000002162b3b14b0 DEOPT UNPACKING pc=0x00000215d0ce69a3 sp=0x0000003abf4feaa8 mode 2

Classes loaded (20 events):
Event: 48.749 Loading class java/awt/WaitDispatchSupport$5
Event: 48.749 Loading class java/awt/WaitDispatchSupport$5 done
Event: 48.749 Loading class java/awt/WaitDispatchSupport$1
Event: 48.749 Loading class java/awt/WaitDispatchSupport$1 done
Event: 48.749 Loading class java/awt/WaitDispatchSupport$2
Event: 48.749 Loading class java/awt/WaitDispatchSupport$2 done
Event: 48.749 Loading class java/awt/WaitDispatchSupport$4
Event: 48.749 Loading class java/awt/WaitDispatchSupport$4 done
Event: 49.864 Loading class java/awt/Window$1DisposeAction
Event: 49.864 Loading class java/awt/Window$1DisposeAction done
Event: 50.489 Loading class java/awt/Canvas
Event: 50.489 Loading class java/awt/Canvas done
Event: 50.489 Loading class java/awt/Scrollbar
Event: 50.489 Loading class java/awt/Scrollbar done
Event: 57.769 Loading class jdk/internal/misc/ScopedMemoryAccess$Scope$Handle
Event: 57.769 Loading class jdk/internal/misc/ScopedMemoryAccess$Scope$Handle done
Event: 62.400 Loading class java/lang/NumberFormatException
Event: 62.400 Loading class java/lang/NumberFormatException done
Event: 287.576 Loading class java/util/Formatter$FixedString
Event: 287.576 Loading class java/util/Formatter$FixedString done

Classes unloaded (0 events):
No events

Classes redefined (0 events):
No events

Internal exceptions (20 events):
Event: 0.165 Thread 0x00000215c1d0ddc0 Exception <a 'java/lang/ClassNotFoundException'{0x0000000713aa6770}: com/sun/swing/internal/plaf/basic/resources/spi/basicProvider> (0x0000000713aa6770) 
thrown [s\src\hotspot\share\classfile\systemDictionary.cpp, line 256]
Event: 0.204 Thread 0x000002162b0a3790 Exception <a 'java/lang/NoSuchMethodError'{0x000000071386f268}: 'java.lang.Object java.lang.invoke.DirectMethodHandle$Holder.newInvokeSpecial(java.lang.Object, java.lang.Object, java.lang.Object, int, int, int, int, int)'> (0x000000071386f268) 
thrown [s\src\hotspot\share\interpreter\linkResolver.cpp, line 759]
Event: 0.254 Thread 0x00000215c1d0ddc0 Exception <a 'java/io/FileNotFoundException'{0x0000000713488f00}> (0x0000000713488f00) 
thrown [s\src\hotspot\share\prims\jni.cpp, line 516]
Event: 0.564 Thread 0x000002162b06a610 Exception <a 'java/lang/NoSuchMethodError'{0x00000007138d9008}: 'void java.lang.invoke.DirectMethodHandle$Holder.invokeVirtual(java.lang.Object, java.lang.Object)'> (0x00000007138d9008) 
thrown [s\src\hotspot\share\interpreter\linkResolver.cpp, line 759]
Event: 0.576 Thread 0x00000215c1d0ddc0 Exception <a 'java/lang/NoSuchMethodError'{0x00000007138a9ac8}: 'void java.lang.invoke.DirectMethodHandle$Holder.invokeStaticInit(java.lang.Object)'> (0x00000007138a9ac8) 
thrown [s\src\hotspot\share\interpreter\linkResolver.cpp, line 759]
Event: 2.129 Thread 0x000002162b3b14b0 Implicit null exception at 0x00000215d144aa5d to 0x00000215d144aaec
Event: 2.129 Thread 0x000002162b3b14b0 Implicit null exception at 0x00000215d144aef4 to 0x00000215d144af68
Event: 6.567 Thread 0x000002162b3ae720 Exception <a 'java/lang/NoSuchMethodError'{0x00000007136f8248}: static LRoom;.<clinit>()V> (0x00000007136f8248) 
thrown [s\src\hotspot\share\prims\jni.cpp, line 1112]
Event: 6.577 Thread 0x000002162b3b14b0 Exception <a 'java/lang/NoSuchMethodError'{0x0000000713557cc8}: 'java.lang.Object java.lang.invoke.DirectMethodHandle$Holder.invokeSpecial(java.lang.Object, java.lang.Object, int, java.lang.Object, java.lang.Object)'> (0x0000000713557cc8) 
thrown [s\src\hotspot\share\interpreter\linkResolver.cpp, line 759]
Event: 6.577 Thread 0x000002162b3b14b0 Exception <a 'java/lang/NoSuchMethodError'{0x000000071355baf8}: 'java.lang.Object java.lang.invoke.Invokers$Holder.linkToTargetMethod(int, java.lang.Object, java.lang.Object, java.lang.Object)'> (0x000000071355baf8) 
thrown [s\src\hotspot\share\interpreter\linkResolver.cpp, line 759]
Event: 6.591 Thread 0x000002162b3b14b0 Implicit null exception at 0x00000215d149125b to 0x00000215d1491528
Event: 43.656 Thread 0x000002162b3b14b0 Implicit null exception at 0x00000215d162c0b3 to 0x00000215d162cc30
Event: 45.908 Thread 0x000002162b3b14b0 Exception <a 'java/lang/NoSuchMethodError'{0x000000070d6e9f70}: static [Ljava/lang/Object;.<clinit>()V> (0x000000070d6e9f70) 
thrown [s\src\hotspot\share\prims\jni.cpp, line 1112]
Event: 48.748 Thread 0x000002162b3b14b0 Exception <a 'java/lang/NoSuchMethodError'{0x000000070c3ad318}: 'int java.lang.invoke.DirectMethodHandle$Holder.invokeStatic(java.lang.Object)'> (0x000000070c3ad318) 
thrown [s\src\hotspot\share\interpreter\linkResolver.cpp, line 759]
Event: 403.946 Thread 0x000002162b3b14b0 Exception <a 'sun/java2d/InvalidPipeException'{0x0000000713b7e8e8}: GDIWindowSurfaceData: bounds changed> (0x0000000713b7e8e8) 
thrown [s\src\hotspot\share\prims\jni.cpp, line 535]
Event: 403.946 Thread 0x000002162b3b14b0 Exception <a 'sun/java2d/InvalidPipeException'{0x0000000713b7eeb0}: GDIWindowSurfaceData: bounds changed> (0x0000000713b7eeb0) 
thrown [s\src\hotspot\share\prims\jni.cpp, line 535]
Event: 403.946 Thread 0x000002162b3b14b0 Exception <a 'sun/java2d/InvalidPipeException'{0x0000000713b7f590}: GDIWindowSurfaceData: bounds changed> (0x0000000713b7f590) 
thrown [s\src\hotspot\share\prims\jni.cpp, line 535]
Event: 403.947 Thread 0x000002162b3b14b0 Exception <a 'sun/java2d/InvalidPipeException'{0x0000000713b7fc00}: GDIWindowSurfaceData: bounds changed> (0x0000000713b7fc00) 
thrown [s\src\hotspot\share\prims\jni.cpp, line 535]
Event: 403.947 Thread 0x000002162b3b14b0 Exception <a 'sun/java2d/InvalidPipeException'{0x0000000713b801c8}: GDIWindowSurfaceData: bounds changed> (0x0000000713b801c8) 
thrown [s\src\hotspot\share\prims\jni.cpp, line 535]
Event: 403.947 Thread 0x000002162b3b14b0 Exception <a 'sun/java2d/InvalidPipeException'{0x0000000713b80868}: GDIWindowSurfaceData: bounds changed> (0x0000000713b80868) 
thrown [s\src\hotspot\share\prims\jni.cpp, line 535]

VM Operations (20 events):
Event: 381.455 Executing VM operation: G1CollectForAllocation
Event: 381.455 Executing VM operation: G1CollectForAllocation done
Event: 384.041 Executing VM operation: G1CollectForAllocation
Event: 384.042 Executing VM operation: G1CollectForAllocation done
Event: 386.907 Executing VM operation: G1CollectForAllocation
Event: 386.908 Executing VM operation: G1CollectForAllocation done
Event: 389.753 Executing VM operation: G1CollectForAllocation
Event: 389.754 Executing VM operation: G1CollectForAllocation done
Event: 392.355 Executing VM operation: G1CollectForAllocation
Event: 392.356 Executing VM operation: G1CollectForAllocation done
Event: 394.896 Executing VM operation: G1CollectForAllocation
Event: 394.896 Executing VM operation: G1CollectForAllocation done
Event: 397.035 Executing VM operation: G1CollectForAllocation
Event: 397.036 Executing VM operation: G1CollectForAllocation done
Event: 399.116 Executing VM operation: G1CollectForAllocation
Event: 399.116 Executing VM operation: G1CollectForAllocation done
Event: 401.185 Executing VM operation: G1CollectForAllocation
Event: 401.186 Executing VM operation: G1CollectForAllocation done
Event: 403.516 Executing VM operation: G1CollectForAllocation
Event: 403.517 Executing VM operation: G1CollectForAllocation done

Memory protections (0 events):
No events

Nmethod flushes (20 events):
Event: 49.896 Thread 0x00000215e5776500 flushing  nmethod 0x00000215c9d96490
Event: 49.896 Thread 0x00000215e5776500 flushing  nmethod 0x00000215c9d97a90
Event: 49.896 Thread 0x00000215e5776500 flushing  nmethod 0x00000215c9d9ca10
Event: 49.896 Thread 0x00000215e5776500 flushing  nmethod 0x00000215c9d9ce10
Event: 49.896 Thread 0x00000215e5776500 flushing  nmethod 0x00000215c9da7910
Event: 49.896 Thread 0x00000215e5776500 flushing  nmethod 0x00000215c9db6510
Event: 49.896 Thread 0x00000215e5776500 flushing  nmethod 0x00000215c9dcce90
Event: 49.896 Thread 0x00000215e5776500 flushing  nmethod 0x00000215c9dda790
Event: 49.896 Thread 0x00000215e5776500 flushing osr nmethod 0x00000215c9e52810
Event: 49.896 Thread 0x00000215e5776500 flushing  nmethod 0x00000215c9e53110
Event: 49.896 Thread 0x00000215e5776500 flushing  nmethod 0x00000215c9e57190
Event: 49.896 Thread 0x00000215e5776500 flushing  nmethod 0x00000215c9e58010
Event: 49.896 Thread 0x00000215e5776500 flushing  nmethod 0x00000215c9e58910
Event: 49.896 Thread 0x00000215e5776500 flushing  nmethod 0x00000215c9e59210
Event: 49.896 Thread 0x00000215e5776500 flushing  nmethod 0x00000215c9e73110
Event: 49.896 Thread 0x00000215e5776500 flushing  nmethod 0x00000215c9e74210
Event: 49.896 Thread 0x00000215e5776500 flushing  nmethod 0x00000215c9e80590
Event: 49.896 Thread 0x00000215e5776500 flushing  nmethod 0x00000215c9e81690
Event: 49.896 Thread 0x00000215e5776500 flushing  nmethod 0x00000215c9e87210
Event: 49.896 Thread 0x00000215e5776500 flushing  nmethod 0x00000215c9e88190

Events (20 events):
Event: 6.582 Thread 0x00000215e5884a90 Thread added: 0x000002162b30a660
Event: 7.285 Thread 0x000002162b30a660 Thread exited: 0x000002162b30a660
Event: 7.635 Thread 0x00000215e5884a90 Thread exited: 0x00000215e5884a90
Event: 8.045 Thread 0x00000215e575eef0 Thread added: 0x000002162e3c3700
Event: 8.435 Thread 0x00000215e575eef0 Thread added: 0x000002162e5e2010
Event: 8.475 Thread 0x000002162e5e2010 Thread added: 0x000002162b5ff550
Event: 8.475 Thread 0x000002162e5e2010 Thread added: 0x000002162d282f60
Event: 9.367 Thread 0x000002162d282f60 Thread exited: 0x000002162d282f60
Event: 9.367 Thread 0x000002162b5ff550 Thread exited: 0x000002162b5ff550
Event: 9.381 Thread 0x000002162e5e2010 Thread exited: 0x000002162e5e2010
Event: 9.561 Thread 0x000002162e3c3700 Thread exited: 0x000002162e3c3700
Event: 12.562 Thread 0x000002162b16e590 Thread exited: 0x000002162b16e590
Event: 48.837 Thread 0x00000215e575eef0 Thread added: 0x000002162b7ed050
Event: 49.030 Thread 0x000002162b7ed050 Thread added: 0x000002162e61a6e0
Event: 49.374 Thread 0x000002162e61a6e0 Thread exited: 0x000002162e61a6e0
Event: 49.374 Thread 0x000002162b7ed050 Thread exited: 0x000002162b7ed050
Event: 49.878 Thread 0x00000215e575eef0 Thread added: 0x000002162b4add70
Event: 49.878 Thread 0x00000215e575eef0 Thread added: 0x000002162b7ed050
Event: 50.658 Thread 0x000002162b7ed050 Thread exited: 0x000002162b7ed050
Event: 50.857 Thread 0x000002162b4add70 Thread exited: 0x000002162b4add70


Dynamic libraries:
0x00007ff7df7e0000 - 0x00007ff7df7ee000 	C:\Users\PC\.jdks\corretto-17.0.13\bin\java.exe
0x00007ffd28990000 - 0x00007ffd28ba7000 	C:\Windows\SYSTEM32\ntdll.dll
0x00007ffd27f30000 - 0x00007ffd27ff4000 	C:\Windows\System32\KERNEL32.DLL
0x00007ffd25c90000 - 0x00007ffd26049000 	C:\Windows\System32\KERNELBASE.dll
0x00007ffd263f0000 - 0x00007ffd26501000 	C:\Windows\System32\ucrtbase.dll
0x00007ffd1e790000 - 0x00007ffd1e7a7000 	C:\Users\PC\.jdks\corretto-17.0.13\bin\jli.dll
0x00007ffd26760000 - 0x00007ffd2690e000 	C:\Windows\System32\USER32.dll
0x00007ffd26110000 - 0x00007ffd26136000 	C:\Windows\System32\win32u.dll
0x00007ffd18960000 - 0x00007ffd1897b000 	C:\Users\PC\.jdks\corretto-17.0.13\bin\VCRUNTIME140.dll
0x00007ffd282c0000 - 0x00007ffd282e9000 	C:\Windows\System32\GDI32.dll
0x00007ffcef090000 - 0x00007ffcef322000 	C:\Windows\WinSxS\amd64_microsoft.windows.common-controls_6595b64144ccf1df_6.0.22621.4391_none_2715d37f73803e96\COMCTL32.dll
0x00007ffd26510000 - 0x00007ffd2662b000 	C:\Windows\System32\gdi32full.dll
0x00007ffd26350000 - 0x00007ffd263ea000 	C:\Windows\System32\msvcp_win.dll
0x00007ffd266b0000 - 0x00007ffd26757000 	C:\Windows\System32\msvcrt.dll
0x00007ffd27d90000 - 0x00007ffd27dc1000 	C:\Windows\System32\IMM32.DLL
0x00007ffd1e200000 - 0x00007ffd1e20c000 	C:\Users\PC\.jdks\corretto-17.0.13\bin\vcruntime140_1.dll
0x00007ffd188d0000 - 0x00007ffd1895d000 	C:\Users\PC\.jdks\corretto-17.0.13\bin\msvcp140.dll
0x00007ffcc7a60000 - 0x00007ffcc86cc000 	C:\Users\PC\.jdks\corretto-17.0.13\bin\server\jvm.dll
0x00007ffd27cd0000 - 0x00007ffd27d82000 	C:\Windows\System32\ADVAPI32.dll
0x00007ffd288a0000 - 0x00007ffd28947000 	C:\Windows\System32\sechost.dll
0x00007ffd262b0000 - 0x00007ffd262d8000 	C:\Windows\System32\bcrypt.dll
0x00007ffd26fe0000 - 0x00007ffd270f4000 	C:\Windows\System32\RPCRT4.dll
0x00007ffd28820000 - 0x00007ffd28891000 	C:\Windows\System32\WS2_32.dll
0x00007ffd259b0000 - 0x00007ffd259fd000 	C:\Windows\SYSTEM32\POWRPROF.dll
0x00007ffd18ae0000 - 0x00007ffd18b14000 	C:\Windows\SYSTEM32\WINMM.dll
0x00007ffd15040000 - 0x00007ffd1504a000 	C:\Windows\SYSTEM32\VERSION.dll
0x00007ffd25990000 - 0x00007ffd259a3000 	C:\Windows\SYSTEM32\UMPDC.dll
0x00007ffd24c90000 - 0x00007ffd24ca8000 	C:\Windows\SYSTEM32\kernel.appcore.dll
0x00007ffd1ce00000 - 0x00007ffd1ce0a000 	C:\Users\PC\.jdks\corretto-17.0.13\bin\jimage.dll
0x00007ffd23540000 - 0x00007ffd23772000 	C:\Windows\SYSTEM32\DBGHELP.DLL
0x00007ffd28400000 - 0x00007ffd2878f000 	C:\Windows\System32\combase.dll
0x00007ffd27100000 - 0x00007ffd271d7000 	C:\Windows\System32\OLEAUT32.dll
0x00007ffd00140000 - 0x00007ffd00172000 	C:\Windows\SYSTEM32\dbgcore.DLL
0x00007ffd26630000 - 0x00007ffd266ab000 	C:\Windows\System32\bcryptPrimitives.dll
0x00007ffd1ccd0000 - 0x00007ffd1ccde000 	C:\Users\PC\.jdks\corretto-17.0.13\bin\instrument.dll
0x00007ffd188a0000 - 0x00007ffd188c5000 	C:\Users\PC\.jdks\corretto-17.0.13\bin\java.dll
0x00007ffcc9180000 - 0x00007ffcc9257000 	C:\Users\PC\.jdks\corretto-17.0.13\bin\jsvml.dll
0x00007ffd272e0000 - 0x00007ffd27b56000 	C:\Windows\System32\SHELL32.dll
0x00007ffd23b80000 - 0x00007ffd24483000 	C:\Windows\SYSTEM32\windows.storage.dll
0x00007ffd23a40000 - 0x00007ffd23b7f000 	C:\Windows\SYSTEM32\wintypes.dll
0x00007ffd27b60000 - 0x00007ffd27c59000 	C:\Windows\System32\SHCORE.dll
0x00007ffd282f0000 - 0x00007ffd2834e000 	C:\Windows\System32\shlwapi.dll
0x00007ffd25bc0000 - 0x00007ffd25beb000 	C:\Windows\SYSTEM32\profapi.dll
0x00007ffcfb6d0000 - 0x00007ffcfb6e8000 	C:\Users\PC\.jdks\corretto-17.0.13\bin\zip.dll
0x00007ffd18880000 - 0x00007ffd18899000 	C:\Users\PC\.jdks\corretto-17.0.13\bin\net.dll
0x00007ffd22250000 - 0x00007ffd22386000 	C:\Windows\SYSTEM32\WINHTTP.dll
0x00007ffd25100000 - 0x00007ffd25169000 	C:\Windows\system32\mswsock.dll
0x00007ffcfb710000 - 0x00007ffcfb726000 	C:\Users\PC\.jdks\corretto-17.0.13\bin\nio.dll
0x00007ffcf9300000 - 0x00007ffcf931a000 	C:\Program Files\JetBrains\IntelliJ IDEA 2024.2.4\bin\breakgen64.dll
0x00007ffcfd570000 - 0x00007ffcfd579000 	C:\Users\PC\.jdks\corretto-17.0.13\bin\extnet.dll
0x00007ffcc78d0000 - 0x00007ffcc7a60000 	C:\Users\PC\.jdks\corretto-17.0.13\bin\awt.dll
0x00007ffd1ecd0000 - 0x00007ffd1ed67000 	C:\Windows\SYSTEM32\apphelp.dll
0x00007ffd22d50000 - 0x00007ffd22d7b000 	C:\Windows\system32\DWMAPI.DLL
0x00007ffd22b00000 - 0x00007ffd22bb1000 	C:\Windows\system32\uxtheme.dll
0x00007ffd0f6a0000 - 0x00007ffd0f7a0000 	C:\Windows\system32\opengl32.dll
0x00007ffd002f0000 - 0x00007ffd0031d000 	C:\Windows\SYSTEM32\GLU32.dll
0x00007ffd22d80000 - 0x00007ffd22db7000 	C:\Windows\SYSTEM32\dxcore.dll
0x00007ffd27dd0000 - 0x00007ffd27f30000 	C:\Windows\System32\MSCTF.dll
0x00007ffd28110000 - 0x00007ffd282b5000 	C:\Windows\System32\ole32.dll
0x00007ffce88c0000 - 0x00007ffce8947000 	C:\Users\PC\.jdks\corretto-17.0.13\bin\freetype.dll
0x00007ffcc77f0000 - 0x00007ffcc78ca000 	C:\Users\PC\.jdks\corretto-17.0.13\bin\fontmanager.dll
0x00007ffd28350000 - 0x00007ffd28400000 	C:\Windows\System32\clbcatq.dll
0x00007ffd228a0000 - 0x00007ffd22a50000 	C:\Windows\SYSTEM32\WindowsCodecs.dll
0x00007ffcf8e70000 - 0x00007ffcf8ece000 	C:\Windows\system32\dataexchange.dll
0x00007ffd1a6c0000 - 0x00007ffd1a964000 	C:\Windows\system32\twinapi.appcore.dll
0x00007ffd1afd0000 - 0x00007ffd1b115000 	C:\Windows\SYSTEM32\textinputframework.dll
0x00007ffd00050000 - 0x00007ffd0009b000 	C:\Windows\system32\ApplicationTargetedFeatureDatabase.dll
0x00007ffd1e630000 - 0x00007ffd1e763000 	C:\Windows\SYSTEM32\CoreMessaging.dll
0x00007ffd1c430000 - 0x00007ffd1c79d000 	C:\Windows\SYSTEM32\CoreUIComponents.dll
0x00007ffd25430000 - 0x00007ffd2543c000 	C:\Windows\SYSTEM32\CRYPTBASE.DLL
0x00007ffce7e10000 - 0x00007ffce7edc000 	C:\Windows\HancomIME\x64\HCHangulIME.dll
0x00007ffd1d980000 - 0x00007ffd1df6e000 	C:\Windows\SYSTEM32\d2d1.dll
0x00007ffd0e300000 - 0x00007ffd0e7fe000 	C:\Windows\SYSTEM32\WININET.dll
0x00007ffd1d650000 - 0x00007ffd1d8c3000 	C:\Windows\SYSTEM32\DWrite.dll
0x00007ffd24710000 - 0x00007ffd24812000 	C:\Windows\SYSTEM32\DNSAPI.dll
0x00007ffd246e0000 - 0x00007ffd2470d000 	C:\Windows\SYSTEM32\IPHLPAPI.DLL
0x00007ffd26920000 - 0x00007ffd26929000 	C:\Windows\System32\NSI.dll
0x00007ffd1ef50000 - 0x00007ffd1ef5a000 	C:\Windows\System32\rasadhlp.dll
0x00007ffd1e860000 - 0x00007ffd1e8e3000 	C:\Windows\System32\fwpuclnt.dll

dbghelp: loaded successfully - version: 4.0.5 - missing functions: none
symbol engine: initialized successfully - sym options: 0x614 - pdb path: .;C:\Users\PC\.jdks\corretto-17.0.13\bin;C:\Windows\SYSTEM32;C:\Windows\WinSxS\amd64_microsoft.windows.common-controls_6595b64144ccf1df_6.0.22621.4391_none_2715d37f73803e96;C:\Users\PC\.jdks\corretto-17.0.13\bin\server;C:\Program Files\JetBrains\IntelliJ IDEA 2024.2.4\bin;C:\Windows\HancomIME\x64

VM Arguments:
jvm_args: -javaagent:C:\Program Files\JetBrains\IntelliJ IDEA 2024.2.4\lib\idea_rt.jar=59504:C:\Program Files\JetBrains\IntelliJ IDEA 2024.2.4\bin -Dfile.encoding=UTF-8 
java_command: Client
java_class_path (initial): D:\KTstudy\CatchLiar\out\production\CatchLiar
Launcher Type: SUN_STANDARD

[Global flags]
     intx CICompilerCount                          = 12                                        {product} {ergonomic}
     uint ConcGCThreads                            = 3                                         {product} {ergonomic}
     uint G1ConcRefinementThreads                  = 13                                        {product} {ergonomic}
   size_t G1HeapRegionSize                         = 2097152                                   {product} {ergonomic}
    uintx GCDrainStackTargetSize                   = 64                                        {product} {ergonomic}
   size_t InitialHeapSize                          = 264241152                                 {product} {ergonomic}
   size_t MarkStackSize                            = 4194304                                   {product} {ergonomic}
   size_t MaxHeapSize                              = 4221566976                                {product} {ergonomic}
   size_t MaxNewSize                               = 2531262464                                {product} {ergonomic}
   size_t MinHeapDeltaBytes                        = 2097152                                   {product} {ergonomic}
   size_t MinHeapSize                              = 8388608                                   {product} {ergonomic}
    uintx NonNMethodCodeHeapSize                   = 7602480                                {pd product} {ergonomic}
    uintx NonProfiledCodeHeapSize                  = 122027880                              {pd product} {ergonomic}
    uintx ProfiledCodeHeapSize                     = 122027880                              {pd product} {ergonomic}
    uintx ReservedCodeCacheSize                    = 251658240                              {pd product} {ergonomic}
     bool SegmentedCodeCache                       = true                                      {product} {ergonomic}
   size_t SoftMaxHeapSize                          = 4221566976                             {manageable} {ergonomic}
     bool UseCompressedClassPointers               = true                           {product lp64_product} {ergonomic}
     bool UseCompressedOops                        = true                           {product lp64_product} {ergonomic}
     bool UseG1GC                                  = true                                      {product} {ergonomic}
     bool UseLargePagesIndividualAllocation        = false                                  {pd product} {ergonomic}

Logging:
Log output configuration:
 #0: stdout all=warning uptime,level,tags
 #1: stderr all=off uptime,level,tags

Environment Variables:
JAVA_HOME=C:\Program Files\Java\jdk-1.8\bin
PATH=C:\Program Files\Common Files\Oracle\Java\javapath;C:\Python312\Scripts\;C:\Python312\;C:\app\PC\product\21c\dbhomeXE\bin;"C:\Program Files\Java\jdk-1.8\bin;C:\Program Files (x86)\Common Files\Oracle\Java\javapath";C:\Windows\system32;C:\Windows;C:\Windows\System32\Wbem;C:\Windows\System32\WindowsPowerShell\v1.0\;C:\Windows\System32\OpenSSH\;C:\Program Files\Microsoft SQL Server\150\Tools\Binn\;C:\Program Files\Microsoft SQL Server\Client SDK\ODBC\170\Tools\Binn\;C:\Program Files\Git\cmd;C:\Program Files\Bandizip\;C:\Program Files\Go\bin;C:\Program Files\Common Files\Autodesk Shared\;C:\Program Files\Microsoft SQL Server\120\Tools\Binn\;C:\Users\PC\platform-tools-latest-windows\platform-tools;C:\ProgramData\chocolatey\bin;C:\Program Files\dotnet\;C:\Program Files (x86)\Windows Kits\10\Windows Performance Toolkit\;C:\Program Files\nodejs\;C:\Program Files\ffmpeg-7.1-full_build-shared\bin;C:\Program Files\MySQL\MySQL Shell 8.0\bin\;C:\Users\PC\AppData\Local\Programs\Python\Python37\Scripts\;C:\Users\PC\AppData\Local\Programs\Python\Python37\;C:\Users\PC\AppData\Local\Programs\Python\Python310\Scripts\;C:\Users\PC\AppData\Local\Programs\Python\Python310\;C:\Users\PC\AppData\Local\Microsoft\WindowsApps;C:\Users\PC\.dotnet\tools;C:\Users\PC\AppData\Local\Programs\Microsoft VS Code\bin;C:\Users\PC\go\bin;C:\Program Files\Java\jdk-1.8\bin;C:\Users\PC\AppData\Local\JetBrains\Toolbox\scripts;C:\Users\PC\.dotnet\tools;C:\Users\PC\AppData\Local\GitHubDesktop\bin;C:\Program Files\JetBrains\IntelliJ IDEA 2024.2.4\bin;;C:\Users\PC\AppData\Roaming\npm
USERNAME=PC
OS=Windows_NT
PROCESSOR_IDENTIFIER=Intel64 Family 6 Model 186 Stepping 2, GenuineIntel
TMP=C:\Users\PC\AppData\Local\Temp
TEMP=C:\Users\PC\AppData\Local\Temp



Periodic native trim disabled


---------------  S Y S T E M  ---------------

OS:
 Windows 11 , 64 bit Build 22621 (10.0.22621.4391)
OS uptime: 1 days 14:42 hours
Hyper-V role detected

CPU: total 16 (initial active 16) (8 cores per cpu, 2 threads per core) family 6 model 186 stepping 2 microcode 0x410e, cx8, cmov, fxsr, ht, mmx, 3dnowpref, sse, sse2, sse3, ssse3, sse4.1, sse4.2, popcnt, lzcnt, tsc, tscinvbit, avx, avx2, aes, erms, clmul, bmi1, bmi2, adx, sha, fma, vzeroupper, clflush, clflushopt, clwb, hv
Processor Information for processor 0
  Max Mhz: 1900, Current Mhz: 1900, Mhz Limit: 1900
Processor Information for processor 1
  Max Mhz: 1900, Current Mhz: 1900, Mhz Limit: 1900
Processor Information for processor 2
  Max Mhz: 1900, Current Mhz: 1900, Mhz Limit: 1900
Processor Information for processor 3
  Max Mhz: 1900, Current Mhz: 1900, Mhz Limit: 1900
Processor Information for processor 4
  Max Mhz: 1900, Current Mhz: 1900, Mhz Limit: 1900
Processor Information for processor 5
  Max Mhz: 1900, Current Mhz: 1900, Mhz Limit: 1900
Processor Information for processor 6
  Max Mhz: 1900, Current Mhz: 1900, Mhz Limit: 1900
Processor Information for processor 7
  Max Mhz: 1900, Current Mhz: 1900, Mhz Limit: 1900
Processor Information for processor 8
  Max Mhz: 1900, Current Mhz: 1400, Mhz Limit: 1387
Processor Information for processor 9
  Max Mhz: 1900, Current Mhz: 1400, Mhz Limit: 1387
Processor Information for processor 10
  Max Mhz: 1900, Current Mhz: 1400, Mhz Limit: 1387
Processor Information for processor 11
  Max Mhz: 1900, Current Mhz: 1400, Mhz Limit: 1387
Processor Information for processor 12
  Max Mhz: 1900, Current Mhz: 1400, Mhz Limit: 1387
Processor Information for processor 13
  Max Mhz: 1900, Current Mhz: 1400, Mhz Limit: 1387
Processor Information for processor 14
  Max Mhz: 1900, Current Mhz: 1400, Mhz Limit: 1387
Processor Information for processor 15
  Max Mhz: 1900, Current Mhz: 1400, Mhz Limit: 1387

Memory: 4k page, system-wide physical 16098M (3365M free)
TotalPageFile size 32482M (AvailPageFile size 15717M)
current process WorkingSet (physical memory assigned to process): 251M, peak: 275M
current process commit charge ("private bytes"): 384M, peak: 433M

vm_info: OpenJDK 64-Bit Server VM (17.0.13+11-LTS) for windows-amd64 JRE (17.0.13+11-LTS), built on Oct 10 2024 19:51:30 by "Administrator" with MS VC++ 16.10 / 16.11 (VS2019)

END.
